[2025-01-08T10:35:12.844+0000] {processor.py:186} INFO - Started process (PID=337) to work on /home/airflow/.local/lib/python3.12/site-packages/airflow/example_dags/example_external_task_marker_dag.py
[2025-01-08T10:35:12.845+0000] {processor.py:914} INFO - Processing file /home/airflow/.local/lib/python3.12/site-packages/airflow/example_dags/example_external_task_marker_dag.py for tasks to queue
[2025-01-08T10:35:12.848+0000] {logging_mixin.py:190} INFO - [2025-01-08T10:35:12.847+0000] {dagbag.py:588} INFO - Filling up the DagBag from /home/airflow/.local/lib/python3.12/site-packages/airflow/example_dags/example_external_task_marker_dag.py
[2025-01-08T10:35:12.862+0000] {processor.py:925} INFO - DAG(s) 'example_external_task_marker_child', 'example_external_task_marker_parent' retrieved from /home/airflow/.local/lib/python3.12/site-packages/airflow/example_dags/example_external_task_marker_dag.py
[2025-01-08T10:35:12.996+0000] {logging_mixin.py:190} INFO - [2025-01-08T10:35:12.994+0000] {override.py:1911} INFO - Created Permission View: can delete on DAG:example_external_task_marker_child
[2025-01-08T10:35:13.024+0000] {logging_mixin.py:190} INFO - [2025-01-08T10:35:13.023+0000] {override.py:1911} INFO - Created Permission View: can read on DAG:example_external_task_marker_child
[2025-01-08T10:35:13.034+0000] {logging_mixin.py:190} INFO - [2025-01-08T10:35:13.034+0000] {override.py:1911} INFO - Created Permission View: can edit on DAG:example_external_task_marker_child
[2025-01-08T10:35:13.049+0000] {logging_mixin.py:190} INFO - [2025-01-08T10:35:13.049+0000] {override.py:1911} INFO - Created Permission View: menu access on DAG Run:example_external_task_marker_child
[2025-01-08T10:35:13.059+0000] {logging_mixin.py:190} INFO - [2025-01-08T10:35:13.059+0000] {override.py:1911} INFO - Created Permission View: can create on DAG Run:example_external_task_marker_child
[2025-01-08T10:35:13.068+0000] {logging_mixin.py:190} INFO - [2025-01-08T10:35:13.068+0000] {override.py:1911} INFO - Created Permission View: can read on DAG Run:example_external_task_marker_child
[2025-01-08T10:35:13.077+0000] {logging_mixin.py:190} INFO - [2025-01-08T10:35:13.076+0000] {override.py:1911} INFO - Created Permission View: can delete on DAG Run:example_external_task_marker_child
[2025-01-08T10:35:13.093+0000] {logging_mixin.py:190} INFO - [2025-01-08T10:35:13.093+0000] {override.py:1911} INFO - Created Permission View: can delete on DAG:example_external_task_marker_parent
[2025-01-08T10:35:13.102+0000] {logging_mixin.py:190} INFO - [2025-01-08T10:35:13.102+0000] {override.py:1911} INFO - Created Permission View: can read on DAG:example_external_task_marker_parent
[2025-01-08T10:35:13.112+0000] {logging_mixin.py:190} INFO - [2025-01-08T10:35:13.112+0000] {override.py:1911} INFO - Created Permission View: can edit on DAG:example_external_task_marker_parent
[2025-01-08T10:35:13.127+0000] {logging_mixin.py:190} INFO - [2025-01-08T10:35:13.126+0000] {override.py:1911} INFO - Created Permission View: menu access on DAG Run:example_external_task_marker_parent
[2025-01-08T10:35:13.138+0000] {logging_mixin.py:190} INFO - [2025-01-08T10:35:13.137+0000] {override.py:1911} INFO - Created Permission View: can create on DAG Run:example_external_task_marker_parent
[2025-01-08T10:35:13.149+0000] {logging_mixin.py:190} INFO - [2025-01-08T10:35:13.149+0000] {override.py:1911} INFO - Created Permission View: can read on DAG Run:example_external_task_marker_parent
[2025-01-08T10:35:13.163+0000] {logging_mixin.py:190} INFO - [2025-01-08T10:35:13.163+0000] {override.py:1911} INFO - Created Permission View: can delete on DAG Run:example_external_task_marker_parent
[2025-01-08T10:35:13.164+0000] {logging_mixin.py:190} INFO - [2025-01-08T10:35:13.164+0000] {dag.py:3239} INFO - Sync 2 DAGs
[2025-01-08T10:35:13.189+0000] {logging_mixin.py:190} INFO - [2025-01-08T10:35:13.189+0000] {dag.py:3262} INFO - Creating ORM DAG for example_external_task_marker_child
[2025-01-08T10:35:13.190+0000] {logging_mixin.py:190} INFO - [2025-01-08T10:35:13.190+0000] {dag.py:3262} INFO - Creating ORM DAG for example_external_task_marker_parent
[2025-01-08T10:35:13.191+0000] {logging_mixin.py:190} INFO - [2025-01-08T10:35:13.191+0000] {dag.py:4180} INFO - Setting next_dagrun for example_external_task_marker_child to None, run_after=None
[2025-01-08T10:35:13.193+0000] {logging_mixin.py:190} INFO - [2025-01-08T10:35:13.192+0000] {dag.py:4180} INFO - Setting next_dagrun for example_external_task_marker_parent to None, run_after=None
[2025-01-08T10:35:13.226+0000] {processor.py:208} INFO - Processing /home/airflow/.local/lib/python3.12/site-packages/airflow/example_dags/example_external_task_marker_dag.py took 0.391 seconds
[2025-01-08T10:35:47.327+0000] {processor.py:186} INFO - Started process (PID=638) to work on /home/airflow/.local/lib/python3.12/site-packages/airflow/example_dags/example_external_task_marker_dag.py
[2025-01-08T10:35:47.331+0000] {processor.py:914} INFO - Processing file /home/airflow/.local/lib/python3.12/site-packages/airflow/example_dags/example_external_task_marker_dag.py for tasks to queue
[2025-01-08T10:35:47.335+0000] {logging_mixin.py:190} INFO - [2025-01-08T10:35:47.333+0000] {dagbag.py:588} INFO - Filling up the DagBag from /home/airflow/.local/lib/python3.12/site-packages/airflow/example_dags/example_external_task_marker_dag.py
[2025-01-08T10:35:47.356+0000] {processor.py:925} INFO - DAG(s) 'example_external_task_marker_parent', 'example_external_task_marker_child' retrieved from /home/airflow/.local/lib/python3.12/site-packages/airflow/example_dags/example_external_task_marker_dag.py
[2025-01-08T10:35:47.419+0000] {logging_mixin.py:190} INFO - [2025-01-08T10:35:47.419+0000] {dag.py:3239} INFO - Sync 2 DAGs
[2025-01-08T10:35:47.483+0000] {logging_mixin.py:190} INFO - [2025-01-08T10:35:47.479+0000] {dag.py:4180} INFO - Setting next_dagrun for example_external_task_marker_child to None, run_after=None
[2025-01-08T10:35:47.496+0000] {logging_mixin.py:190} INFO - [2025-01-08T10:35:47.496+0000] {dag.py:4180} INFO - Setting next_dagrun for example_external_task_marker_parent to None, run_after=None
[2025-01-08T10:35:47.594+0000] {processor.py:208} INFO - Processing /home/airflow/.local/lib/python3.12/site-packages/airflow/example_dags/example_external_task_marker_dag.py took 0.280 seconds
[2025-01-08T10:36:18.194+0000] {processor.py:186} INFO - Started process (PID=939) to work on /home/airflow/.local/lib/python3.12/site-packages/airflow/example_dags/example_external_task_marker_dag.py
[2025-01-08T10:36:18.198+0000] {processor.py:914} INFO - Processing file /home/airflow/.local/lib/python3.12/site-packages/airflow/example_dags/example_external_task_marker_dag.py for tasks to queue
[2025-01-08T10:36:18.202+0000] {logging_mixin.py:190} INFO - [2025-01-08T10:36:18.201+0000] {dagbag.py:588} INFO - Filling up the DagBag from /home/airflow/.local/lib/python3.12/site-packages/airflow/example_dags/example_external_task_marker_dag.py
[2025-01-08T10:36:18.221+0000] {processor.py:925} INFO - DAG(s) 'example_external_task_marker_parent', 'example_external_task_marker_child' retrieved from /home/airflow/.local/lib/python3.12/site-packages/airflow/example_dags/example_external_task_marker_dag.py
[2025-01-08T10:36:18.277+0000] {logging_mixin.py:190} INFO - [2025-01-08T10:36:18.276+0000] {dag.py:3239} INFO - Sync 2 DAGs
[2025-01-08T10:36:18.326+0000] {logging_mixin.py:190} INFO - [2025-01-08T10:36:18.326+0000] {dag.py:4180} INFO - Setting next_dagrun for example_external_task_marker_child to None, run_after=None
[2025-01-08T10:36:18.339+0000] {logging_mixin.py:190} INFO - [2025-01-08T10:36:18.338+0000] {dag.py:4180} INFO - Setting next_dagrun for example_external_task_marker_parent to None, run_after=None
[2025-01-08T10:36:18.381+0000] {processor.py:208} INFO - Processing /home/airflow/.local/lib/python3.12/site-packages/airflow/example_dags/example_external_task_marker_dag.py took 0.197 seconds
[2025-01-08T10:36:48.804+0000] {processor.py:186} INFO - Started process (PID=1237) to work on /home/airflow/.local/lib/python3.12/site-packages/airflow/example_dags/example_external_task_marker_dag.py
[2025-01-08T10:36:48.805+0000] {processor.py:914} INFO - Processing file /home/airflow/.local/lib/python3.12/site-packages/airflow/example_dags/example_external_task_marker_dag.py for tasks to queue
[2025-01-08T10:36:48.808+0000] {logging_mixin.py:190} INFO - [2025-01-08T10:36:48.807+0000] {dagbag.py:588} INFO - Filling up the DagBag from /home/airflow/.local/lib/python3.12/site-packages/airflow/example_dags/example_external_task_marker_dag.py
[2025-01-08T10:36:48.819+0000] {processor.py:925} INFO - DAG(s) 'example_external_task_marker_parent', 'example_external_task_marker_child' retrieved from /home/airflow/.local/lib/python3.12/site-packages/airflow/example_dags/example_external_task_marker_dag.py
[2025-01-08T10:36:48.852+0000] {logging_mixin.py:190} INFO - [2025-01-08T10:36:48.851+0000] {dag.py:3239} INFO - Sync 2 DAGs
[2025-01-08T10:36:48.877+0000] {logging_mixin.py:190} INFO - [2025-01-08T10:36:48.877+0000] {dag.py:4180} INFO - Setting next_dagrun for example_external_task_marker_child to None, run_after=None
[2025-01-08T10:36:48.884+0000] {logging_mixin.py:190} INFO - [2025-01-08T10:36:48.883+0000] {dag.py:4180} INFO - Setting next_dagrun for example_external_task_marker_parent to None, run_after=None
[2025-01-08T10:36:48.907+0000] {processor.py:208} INFO - Processing /home/airflow/.local/lib/python3.12/site-packages/airflow/example_dags/example_external_task_marker_dag.py took 0.111 seconds
[2025-01-08T10:37:18.969+0000] {processor.py:186} INFO - Started process (PID=1538) to work on /home/airflow/.local/lib/python3.12/site-packages/airflow/example_dags/example_external_task_marker_dag.py
[2025-01-08T10:37:18.970+0000] {processor.py:914} INFO - Processing file /home/airflow/.local/lib/python3.12/site-packages/airflow/example_dags/example_external_task_marker_dag.py for tasks to queue
[2025-01-08T10:37:18.973+0000] {logging_mixin.py:190} INFO - [2025-01-08T10:37:18.972+0000] {dagbag.py:588} INFO - Filling up the DagBag from /home/airflow/.local/lib/python3.12/site-packages/airflow/example_dags/example_external_task_marker_dag.py
[2025-01-08T10:37:18.982+0000] {processor.py:925} INFO - DAG(s) 'example_external_task_marker_child', 'example_external_task_marker_parent' retrieved from /home/airflow/.local/lib/python3.12/site-packages/airflow/example_dags/example_external_task_marker_dag.py
[2025-01-08T10:37:19.010+0000] {logging_mixin.py:190} INFO - [2025-01-08T10:37:19.010+0000] {dag.py:3239} INFO - Sync 2 DAGs
[2025-01-08T10:37:19.029+0000] {logging_mixin.py:190} INFO - [2025-01-08T10:37:19.029+0000] {dag.py:4180} INFO - Setting next_dagrun for example_external_task_marker_child to None, run_after=None
[2025-01-08T10:37:19.035+0000] {logging_mixin.py:190} INFO - [2025-01-08T10:37:19.035+0000] {dag.py:4180} INFO - Setting next_dagrun for example_external_task_marker_parent to None, run_after=None
[2025-01-08T10:37:19.062+0000] {processor.py:208} INFO - Processing /home/airflow/.local/lib/python3.12/site-packages/airflow/example_dags/example_external_task_marker_dag.py took 0.100 seconds
[2025-01-08T10:37:49.978+0000] {processor.py:186} INFO - Started process (PID=1837) to work on /home/airflow/.local/lib/python3.12/site-packages/airflow/example_dags/example_external_task_marker_dag.py
[2025-01-08T10:37:49.979+0000] {processor.py:914} INFO - Processing file /home/airflow/.local/lib/python3.12/site-packages/airflow/example_dags/example_external_task_marker_dag.py for tasks to queue
[2025-01-08T10:37:49.982+0000] {logging_mixin.py:190} INFO - [2025-01-08T10:37:49.982+0000] {dagbag.py:588} INFO - Filling up the DagBag from /home/airflow/.local/lib/python3.12/site-packages/airflow/example_dags/example_external_task_marker_dag.py
[2025-01-08T10:37:49.997+0000] {processor.py:925} INFO - DAG(s) 'example_external_task_marker_parent', 'example_external_task_marker_child' retrieved from /home/airflow/.local/lib/python3.12/site-packages/airflow/example_dags/example_external_task_marker_dag.py
[2025-01-08T10:37:50.027+0000] {logging_mixin.py:190} INFO - [2025-01-08T10:37:50.027+0000] {dag.py:3239} INFO - Sync 2 DAGs
[2025-01-08T10:37:50.060+0000] {logging_mixin.py:190} INFO - [2025-01-08T10:37:50.060+0000] {dag.py:4180} INFO - Setting next_dagrun for example_external_task_marker_child to None, run_after=None
[2025-01-08T10:37:50.067+0000] {logging_mixin.py:190} INFO - [2025-01-08T10:37:50.066+0000] {dag.py:4180} INFO - Setting next_dagrun for example_external_task_marker_parent to None, run_after=None
[2025-01-08T10:37:50.158+0000] {processor.py:208} INFO - Processing /home/airflow/.local/lib/python3.12/site-packages/airflow/example_dags/example_external_task_marker_dag.py took 0.191 seconds
[2025-01-08T10:38:20.330+0000] {processor.py:186} INFO - Started process (PID=2138) to work on /home/airflow/.local/lib/python3.12/site-packages/airflow/example_dags/example_external_task_marker_dag.py
[2025-01-08T10:38:20.334+0000] {processor.py:914} INFO - Processing file /home/airflow/.local/lib/python3.12/site-packages/airflow/example_dags/example_external_task_marker_dag.py for tasks to queue
[2025-01-08T10:38:20.340+0000] {logging_mixin.py:190} INFO - [2025-01-08T10:38:20.339+0000] {dagbag.py:588} INFO - Filling up the DagBag from /home/airflow/.local/lib/python3.12/site-packages/airflow/example_dags/example_external_task_marker_dag.py
[2025-01-08T10:38:20.362+0000] {processor.py:925} INFO - DAG(s) 'example_external_task_marker_parent', 'example_external_task_marker_child' retrieved from /home/airflow/.local/lib/python3.12/site-packages/airflow/example_dags/example_external_task_marker_dag.py
[2025-01-08T10:38:20.448+0000] {logging_mixin.py:190} INFO - [2025-01-08T10:38:20.448+0000] {dag.py:3239} INFO - Sync 2 DAGs
[2025-01-08T10:38:20.489+0000] {logging_mixin.py:190} INFO - [2025-01-08T10:38:20.487+0000] {dag.py:4180} INFO - Setting next_dagrun for example_external_task_marker_child to None, run_after=None
[2025-01-08T10:38:20.503+0000] {logging_mixin.py:190} INFO - [2025-01-08T10:38:20.502+0000] {dag.py:4180} INFO - Setting next_dagrun for example_external_task_marker_parent to None, run_after=None
[2025-01-08T10:38:20.542+0000] {processor.py:208} INFO - Processing /home/airflow/.local/lib/python3.12/site-packages/airflow/example_dags/example_external_task_marker_dag.py took 0.235 seconds
[2025-01-08T10:38:51.056+0000] {processor.py:186} INFO - Started process (PID=2438) to work on /home/airflow/.local/lib/python3.12/site-packages/airflow/example_dags/example_external_task_marker_dag.py
[2025-01-08T10:38:51.057+0000] {processor.py:914} INFO - Processing file /home/airflow/.local/lib/python3.12/site-packages/airflow/example_dags/example_external_task_marker_dag.py for tasks to queue
[2025-01-08T10:38:51.061+0000] {logging_mixin.py:190} INFO - [2025-01-08T10:38:51.060+0000] {dagbag.py:588} INFO - Filling up the DagBag from /home/airflow/.local/lib/python3.12/site-packages/airflow/example_dags/example_external_task_marker_dag.py
[2025-01-08T10:38:51.074+0000] {processor.py:925} INFO - DAG(s) 'example_external_task_marker_child', 'example_external_task_marker_parent' retrieved from /home/airflow/.local/lib/python3.12/site-packages/airflow/example_dags/example_external_task_marker_dag.py
[2025-01-08T10:38:51.111+0000] {logging_mixin.py:190} INFO - [2025-01-08T10:38:51.111+0000] {dag.py:3239} INFO - Sync 2 DAGs
[2025-01-08T10:38:51.141+0000] {logging_mixin.py:190} INFO - [2025-01-08T10:38:51.141+0000] {dag.py:4180} INFO - Setting next_dagrun for example_external_task_marker_child to None, run_after=None
[2025-01-08T10:38:51.148+0000] {logging_mixin.py:190} INFO - [2025-01-08T10:38:51.148+0000] {dag.py:4180} INFO - Setting next_dagrun for example_external_task_marker_parent to None, run_after=None
[2025-01-08T10:38:51.182+0000] {processor.py:208} INFO - Processing /home/airflow/.local/lib/python3.12/site-packages/airflow/example_dags/example_external_task_marker_dag.py took 0.135 seconds
[2025-01-08T10:39:21.772+0000] {processor.py:186} INFO - Started process (PID=2739) to work on /home/airflow/.local/lib/python3.12/site-packages/airflow/example_dags/example_external_task_marker_dag.py
[2025-01-08T10:39:21.774+0000] {processor.py:914} INFO - Processing file /home/airflow/.local/lib/python3.12/site-packages/airflow/example_dags/example_external_task_marker_dag.py for tasks to queue
[2025-01-08T10:39:21.778+0000] {logging_mixin.py:190} INFO - [2025-01-08T10:39:21.778+0000] {dagbag.py:588} INFO - Filling up the DagBag from /home/airflow/.local/lib/python3.12/site-packages/airflow/example_dags/example_external_task_marker_dag.py
[2025-01-08T10:39:21.799+0000] {processor.py:925} INFO - DAG(s) 'example_external_task_marker_parent', 'example_external_task_marker_child' retrieved from /home/airflow/.local/lib/python3.12/site-packages/airflow/example_dags/example_external_task_marker_dag.py
[2025-01-08T10:39:21.892+0000] {logging_mixin.py:190} INFO - [2025-01-08T10:39:21.891+0000] {dag.py:3239} INFO - Sync 2 DAGs
[2025-01-08T10:39:22.019+0000] {logging_mixin.py:190} INFO - [2025-01-08T10:39:22.018+0000] {dag.py:4180} INFO - Setting next_dagrun for example_external_task_marker_child to None, run_after=None
[2025-01-08T10:39:22.032+0000] {logging_mixin.py:190} INFO - [2025-01-08T10:39:22.032+0000] {dag.py:4180} INFO - Setting next_dagrun for example_external_task_marker_parent to None, run_after=None
[2025-01-08T10:39:22.121+0000] {processor.py:208} INFO - Processing /home/airflow/.local/lib/python3.12/site-packages/airflow/example_dags/example_external_task_marker_dag.py took 0.365 seconds
[2025-01-08T10:39:52.535+0000] {processor.py:186} INFO - Started process (PID=3040) to work on /home/airflow/.local/lib/python3.12/site-packages/airflow/example_dags/example_external_task_marker_dag.py
[2025-01-08T10:39:52.539+0000] {processor.py:914} INFO - Processing file /home/airflow/.local/lib/python3.12/site-packages/airflow/example_dags/example_external_task_marker_dag.py for tasks to queue
[2025-01-08T10:39:52.542+0000] {logging_mixin.py:190} INFO - [2025-01-08T10:39:52.542+0000] {dagbag.py:588} INFO - Filling up the DagBag from /home/airflow/.local/lib/python3.12/site-packages/airflow/example_dags/example_external_task_marker_dag.py
[2025-01-08T10:39:52.565+0000] {processor.py:925} INFO - DAG(s) 'example_external_task_marker_child', 'example_external_task_marker_parent' retrieved from /home/airflow/.local/lib/python3.12/site-packages/airflow/example_dags/example_external_task_marker_dag.py
[2025-01-08T10:39:52.621+0000] {logging_mixin.py:190} INFO - [2025-01-08T10:39:52.620+0000] {dag.py:3239} INFO - Sync 2 DAGs
[2025-01-08T10:39:52.663+0000] {logging_mixin.py:190} INFO - [2025-01-08T10:39:52.662+0000] {dag.py:4180} INFO - Setting next_dagrun for example_external_task_marker_child to None, run_after=None
[2025-01-08T10:39:52.676+0000] {logging_mixin.py:190} INFO - [2025-01-08T10:39:52.676+0000] {dag.py:4180} INFO - Setting next_dagrun for example_external_task_marker_parent to None, run_after=None
[2025-01-08T10:39:52.711+0000] {processor.py:208} INFO - Processing /home/airflow/.local/lib/python3.12/site-packages/airflow/example_dags/example_external_task_marker_dag.py took 0.191 seconds
[2025-01-08T10:40:22.873+0000] {processor.py:186} INFO - Started process (PID=3342) to work on /home/airflow/.local/lib/python3.12/site-packages/airflow/example_dags/example_external_task_marker_dag.py
[2025-01-08T10:40:22.875+0000] {processor.py:914} INFO - Processing file /home/airflow/.local/lib/python3.12/site-packages/airflow/example_dags/example_external_task_marker_dag.py for tasks to queue
[2025-01-08T10:40:22.879+0000] {logging_mixin.py:190} INFO - [2025-01-08T10:40:22.878+0000] {dagbag.py:588} INFO - Filling up the DagBag from /home/airflow/.local/lib/python3.12/site-packages/airflow/example_dags/example_external_task_marker_dag.py
[2025-01-08T10:40:22.908+0000] {processor.py:925} INFO - DAG(s) 'example_external_task_marker_child', 'example_external_task_marker_parent' retrieved from /home/airflow/.local/lib/python3.12/site-packages/airflow/example_dags/example_external_task_marker_dag.py
[2025-01-08T10:40:22.966+0000] {logging_mixin.py:190} INFO - [2025-01-08T10:40:22.966+0000] {dag.py:3239} INFO - Sync 2 DAGs
[2025-01-08T10:40:23.016+0000] {logging_mixin.py:190} INFO - [2025-01-08T10:40:23.016+0000] {dag.py:4180} INFO - Setting next_dagrun for example_external_task_marker_child to None, run_after=None
[2025-01-08T10:40:23.035+0000] {logging_mixin.py:190} INFO - [2025-01-08T10:40:23.035+0000] {dag.py:4180} INFO - Setting next_dagrun for example_external_task_marker_parent to None, run_after=None
[2025-01-08T10:40:23.703+0000] {processor.py:208} INFO - Processing /home/airflow/.local/lib/python3.12/site-packages/airflow/example_dags/example_external_task_marker_dag.py took 0.850 seconds
[2025-01-08T10:43:18.983+0000] {processor.py:186} INFO - Started process (PID=340) to work on /home/airflow/.local/lib/python3.12/site-packages/airflow/example_dags/example_external_task_marker_dag.py
[2025-01-08T10:43:18.985+0000] {processor.py:914} INFO - Processing file /home/airflow/.local/lib/python3.12/site-packages/airflow/example_dags/example_external_task_marker_dag.py for tasks to queue
[2025-01-08T10:43:18.987+0000] {logging_mixin.py:190} INFO - [2025-01-08T10:43:18.987+0000] {dagbag.py:588} INFO - Filling up the DagBag from /home/airflow/.local/lib/python3.12/site-packages/airflow/example_dags/example_external_task_marker_dag.py
[2025-01-08T10:43:18.999+0000] {processor.py:925} INFO - DAG(s) 'example_external_task_marker_parent', 'example_external_task_marker_child' retrieved from /home/airflow/.local/lib/python3.12/site-packages/airflow/example_dags/example_external_task_marker_dag.py
[2025-01-08T10:43:19.030+0000] {logging_mixin.py:190} INFO - [2025-01-08T10:43:19.029+0000] {dag.py:3239} INFO - Sync 2 DAGs
[2025-01-08T10:43:19.054+0000] {logging_mixin.py:190} INFO - [2025-01-08T10:43:19.053+0000] {dag.py:4180} INFO - Setting next_dagrun for example_external_task_marker_child to None, run_after=None
[2025-01-08T10:43:19.060+0000] {logging_mixin.py:190} INFO - [2025-01-08T10:43:19.059+0000] {dag.py:4180} INFO - Setting next_dagrun for example_external_task_marker_parent to None, run_after=None
[2025-01-08T10:43:19.081+0000] {processor.py:208} INFO - Processing /home/airflow/.local/lib/python3.12/site-packages/airflow/example_dags/example_external_task_marker_dag.py took 0.108 seconds
[2025-01-08T10:43:49.822+0000] {processor.py:186} INFO - Started process (PID=639) to work on /home/airflow/.local/lib/python3.12/site-packages/airflow/example_dags/example_external_task_marker_dag.py
[2025-01-08T10:43:49.823+0000] {processor.py:914} INFO - Processing file /home/airflow/.local/lib/python3.12/site-packages/airflow/example_dags/example_external_task_marker_dag.py for tasks to queue
[2025-01-08T10:43:49.825+0000] {logging_mixin.py:190} INFO - [2025-01-08T10:43:49.825+0000] {dagbag.py:588} INFO - Filling up the DagBag from /home/airflow/.local/lib/python3.12/site-packages/airflow/example_dags/example_external_task_marker_dag.py
[2025-01-08T10:43:49.834+0000] {processor.py:925} INFO - DAG(s) 'example_external_task_marker_child', 'example_external_task_marker_parent' retrieved from /home/airflow/.local/lib/python3.12/site-packages/airflow/example_dags/example_external_task_marker_dag.py
[2025-01-08T10:43:49.859+0000] {logging_mixin.py:190} INFO - [2025-01-08T10:43:49.859+0000] {dag.py:3239} INFO - Sync 2 DAGs
[2025-01-08T10:43:49.877+0000] {logging_mixin.py:190} INFO - [2025-01-08T10:43:49.877+0000] {dag.py:4180} INFO - Setting next_dagrun for example_external_task_marker_child to None, run_after=None
[2025-01-08T10:43:49.882+0000] {logging_mixin.py:190} INFO - [2025-01-08T10:43:49.882+0000] {dag.py:4180} INFO - Setting next_dagrun for example_external_task_marker_parent to None, run_after=None
[2025-01-08T10:43:49.906+0000] {processor.py:208} INFO - Processing /home/airflow/.local/lib/python3.12/site-packages/airflow/example_dags/example_external_task_marker_dag.py took 0.091 seconds
[2025-01-08T10:44:20.950+0000] {processor.py:186} INFO - Started process (PID=939) to work on /home/airflow/.local/lib/python3.12/site-packages/airflow/example_dags/example_external_task_marker_dag.py
[2025-01-08T10:44:20.951+0000] {processor.py:914} INFO - Processing file /home/airflow/.local/lib/python3.12/site-packages/airflow/example_dags/example_external_task_marker_dag.py for tasks to queue
[2025-01-08T10:44:20.953+0000] {logging_mixin.py:190} INFO - [2025-01-08T10:44:20.953+0000] {dagbag.py:588} INFO - Filling up the DagBag from /home/airflow/.local/lib/python3.12/site-packages/airflow/example_dags/example_external_task_marker_dag.py
[2025-01-08T10:44:20.961+0000] {processor.py:925} INFO - DAG(s) 'example_external_task_marker_parent', 'example_external_task_marker_child' retrieved from /home/airflow/.local/lib/python3.12/site-packages/airflow/example_dags/example_external_task_marker_dag.py
[2025-01-08T10:44:20.983+0000] {logging_mixin.py:190} INFO - [2025-01-08T10:44:20.983+0000] {dag.py:3239} INFO - Sync 2 DAGs
[2025-01-08T10:44:20.998+0000] {logging_mixin.py:190} INFO - [2025-01-08T10:44:20.998+0000] {dag.py:4180} INFO - Setting next_dagrun for example_external_task_marker_child to None, run_after=None
[2025-01-08T10:44:21.002+0000] {logging_mixin.py:190} INFO - [2025-01-08T10:44:21.002+0000] {dag.py:4180} INFO - Setting next_dagrun for example_external_task_marker_parent to None, run_after=None
[2025-01-08T10:44:21.021+0000] {processor.py:208} INFO - Processing /home/airflow/.local/lib/python3.12/site-packages/airflow/example_dags/example_external_task_marker_dag.py took 0.077 seconds
[2025-01-08T10:44:51.614+0000] {processor.py:186} INFO - Started process (PID=1240) to work on /home/airflow/.local/lib/python3.12/site-packages/airflow/example_dags/example_external_task_marker_dag.py
[2025-01-08T10:44:51.615+0000] {processor.py:914} INFO - Processing file /home/airflow/.local/lib/python3.12/site-packages/airflow/example_dags/example_external_task_marker_dag.py for tasks to queue
[2025-01-08T10:44:51.618+0000] {logging_mixin.py:190} INFO - [2025-01-08T10:44:51.617+0000] {dagbag.py:588} INFO - Filling up the DagBag from /home/airflow/.local/lib/python3.12/site-packages/airflow/example_dags/example_external_task_marker_dag.py
[2025-01-08T10:44:51.626+0000] {processor.py:925} INFO - DAG(s) 'example_external_task_marker_parent', 'example_external_task_marker_child' retrieved from /home/airflow/.local/lib/python3.12/site-packages/airflow/example_dags/example_external_task_marker_dag.py
[2025-01-08T10:44:51.651+0000] {logging_mixin.py:190} INFO - [2025-01-08T10:44:51.651+0000] {dag.py:3239} INFO - Sync 2 DAGs
[2025-01-08T10:44:51.668+0000] {logging_mixin.py:190} INFO - [2025-01-08T10:44:51.668+0000] {dag.py:4180} INFO - Setting next_dagrun for example_external_task_marker_child to None, run_after=None
[2025-01-08T10:44:51.672+0000] {logging_mixin.py:190} INFO - [2025-01-08T10:44:51.672+0000] {dag.py:4180} INFO - Setting next_dagrun for example_external_task_marker_parent to None, run_after=None
[2025-01-08T10:44:51.693+0000] {processor.py:208} INFO - Processing /home/airflow/.local/lib/python3.12/site-packages/airflow/example_dags/example_external_task_marker_dag.py took 0.085 seconds
[2025-01-08T10:45:22.441+0000] {processor.py:186} INFO - Started process (PID=1541) to work on /home/airflow/.local/lib/python3.12/site-packages/airflow/example_dags/example_external_task_marker_dag.py
[2025-01-08T10:45:22.442+0000] {processor.py:914} INFO - Processing file /home/airflow/.local/lib/python3.12/site-packages/airflow/example_dags/example_external_task_marker_dag.py for tasks to queue
[2025-01-08T10:45:22.445+0000] {logging_mixin.py:190} INFO - [2025-01-08T10:45:22.444+0000] {dagbag.py:588} INFO - Filling up the DagBag from /home/airflow/.local/lib/python3.12/site-packages/airflow/example_dags/example_external_task_marker_dag.py
[2025-01-08T10:45:22.456+0000] {processor.py:925} INFO - DAG(s) 'example_external_task_marker_child', 'example_external_task_marker_parent' retrieved from /home/airflow/.local/lib/python3.12/site-packages/airflow/example_dags/example_external_task_marker_dag.py
[2025-01-08T10:45:22.479+0000] {logging_mixin.py:190} INFO - [2025-01-08T10:45:22.478+0000] {dag.py:3239} INFO - Sync 2 DAGs
[2025-01-08T10:45:22.494+0000] {logging_mixin.py:190} INFO - [2025-01-08T10:45:22.494+0000] {dag.py:4180} INFO - Setting next_dagrun for example_external_task_marker_child to None, run_after=None
[2025-01-08T10:45:22.498+0000] {logging_mixin.py:190} INFO - [2025-01-08T10:45:22.497+0000] {dag.py:4180} INFO - Setting next_dagrun for example_external_task_marker_parent to None, run_after=None
[2025-01-08T10:45:22.515+0000] {processor.py:208} INFO - Processing /home/airflow/.local/lib/python3.12/site-packages/airflow/example_dags/example_external_task_marker_dag.py took 0.081 seconds
[2025-01-08T10:45:53.172+0000] {processor.py:186} INFO - Started process (PID=1842) to work on /home/airflow/.local/lib/python3.12/site-packages/airflow/example_dags/example_external_task_marker_dag.py
[2025-01-08T10:45:53.173+0000] {processor.py:914} INFO - Processing file /home/airflow/.local/lib/python3.12/site-packages/airflow/example_dags/example_external_task_marker_dag.py for tasks to queue
[2025-01-08T10:45:53.175+0000] {logging_mixin.py:190} INFO - [2025-01-08T10:45:53.175+0000] {dagbag.py:588} INFO - Filling up the DagBag from /home/airflow/.local/lib/python3.12/site-packages/airflow/example_dags/example_external_task_marker_dag.py
[2025-01-08T10:45:53.182+0000] {processor.py:925} INFO - DAG(s) 'example_external_task_marker_child', 'example_external_task_marker_parent' retrieved from /home/airflow/.local/lib/python3.12/site-packages/airflow/example_dags/example_external_task_marker_dag.py
[2025-01-08T10:45:53.204+0000] {logging_mixin.py:190} INFO - [2025-01-08T10:45:53.204+0000] {dag.py:3239} INFO - Sync 2 DAGs
[2025-01-08T10:45:53.221+0000] {logging_mixin.py:190} INFO - [2025-01-08T10:45:53.221+0000] {dag.py:4180} INFO - Setting next_dagrun for example_external_task_marker_child to None, run_after=None
[2025-01-08T10:45:53.226+0000] {logging_mixin.py:190} INFO - [2025-01-08T10:45:53.226+0000] {dag.py:4180} INFO - Setting next_dagrun for example_external_task_marker_parent to None, run_after=None
[2025-01-08T10:45:53.246+0000] {processor.py:208} INFO - Processing /home/airflow/.local/lib/python3.12/site-packages/airflow/example_dags/example_external_task_marker_dag.py took 0.079 seconds
[2025-01-08T10:46:23.613+0000] {processor.py:186} INFO - Started process (PID=2138) to work on /home/airflow/.local/lib/python3.12/site-packages/airflow/example_dags/example_external_task_marker_dag.py
[2025-01-08T10:46:23.614+0000] {processor.py:914} INFO - Processing file /home/airflow/.local/lib/python3.12/site-packages/airflow/example_dags/example_external_task_marker_dag.py for tasks to queue
[2025-01-08T10:46:23.617+0000] {logging_mixin.py:190} INFO - [2025-01-08T10:46:23.616+0000] {dagbag.py:588} INFO - Filling up the DagBag from /home/airflow/.local/lib/python3.12/site-packages/airflow/example_dags/example_external_task_marker_dag.py
[2025-01-08T10:46:23.624+0000] {processor.py:925} INFO - DAG(s) 'example_external_task_marker_child', 'example_external_task_marker_parent' retrieved from /home/airflow/.local/lib/python3.12/site-packages/airflow/example_dags/example_external_task_marker_dag.py
[2025-01-08T10:46:23.646+0000] {logging_mixin.py:190} INFO - [2025-01-08T10:46:23.645+0000] {dag.py:3239} INFO - Sync 2 DAGs
[2025-01-08T10:46:23.660+0000] {logging_mixin.py:190} INFO - [2025-01-08T10:46:23.660+0000] {dag.py:4180} INFO - Setting next_dagrun for example_external_task_marker_child to None, run_after=None
[2025-01-08T10:46:23.664+0000] {logging_mixin.py:190} INFO - [2025-01-08T10:46:23.664+0000] {dag.py:4180} INFO - Setting next_dagrun for example_external_task_marker_parent to None, run_after=None
[2025-01-08T10:46:23.681+0000] {processor.py:208} INFO - Processing /home/airflow/.local/lib/python3.12/site-packages/airflow/example_dags/example_external_task_marker_dag.py took 0.074 seconds
[2025-01-08T10:46:53.767+0000] {processor.py:186} INFO - Started process (PID=2436) to work on /home/airflow/.local/lib/python3.12/site-packages/airflow/example_dags/example_external_task_marker_dag.py
[2025-01-08T10:46:53.768+0000] {processor.py:914} INFO - Processing file /home/airflow/.local/lib/python3.12/site-packages/airflow/example_dags/example_external_task_marker_dag.py for tasks to queue
[2025-01-08T10:46:53.770+0000] {logging_mixin.py:190} INFO - [2025-01-08T10:46:53.770+0000] {dagbag.py:588} INFO - Filling up the DagBag from /home/airflow/.local/lib/python3.12/site-packages/airflow/example_dags/example_external_task_marker_dag.py
[2025-01-08T10:46:53.778+0000] {processor.py:925} INFO - DAG(s) 'example_external_task_marker_child', 'example_external_task_marker_parent' retrieved from /home/airflow/.local/lib/python3.12/site-packages/airflow/example_dags/example_external_task_marker_dag.py
[2025-01-08T10:46:53.799+0000] {logging_mixin.py:190} INFO - [2025-01-08T10:46:53.799+0000] {dag.py:3239} INFO - Sync 2 DAGs
[2025-01-08T10:46:53.815+0000] {logging_mixin.py:190} INFO - [2025-01-08T10:46:53.814+0000] {dag.py:4180} INFO - Setting next_dagrun for example_external_task_marker_child to None, run_after=None
[2025-01-08T10:46:53.818+0000] {logging_mixin.py:190} INFO - [2025-01-08T10:46:53.818+0000] {dag.py:4180} INFO - Setting next_dagrun for example_external_task_marker_parent to None, run_after=None
[2025-01-08T10:46:53.836+0000] {processor.py:208} INFO - Processing /home/airflow/.local/lib/python3.12/site-packages/airflow/example_dags/example_external_task_marker_dag.py took 0.074 seconds
[2025-01-08T10:47:24.216+0000] {processor.py:186} INFO - Started process (PID=2737) to work on /home/airflow/.local/lib/python3.12/site-packages/airflow/example_dags/example_external_task_marker_dag.py
[2025-01-08T10:47:24.217+0000] {processor.py:914} INFO - Processing file /home/airflow/.local/lib/python3.12/site-packages/airflow/example_dags/example_external_task_marker_dag.py for tasks to queue
[2025-01-08T10:47:24.219+0000] {logging_mixin.py:190} INFO - [2025-01-08T10:47:24.219+0000] {dagbag.py:588} INFO - Filling up the DagBag from /home/airflow/.local/lib/python3.12/site-packages/airflow/example_dags/example_external_task_marker_dag.py
[2025-01-08T10:47:24.228+0000] {processor.py:925} INFO - DAG(s) 'example_external_task_marker_child', 'example_external_task_marker_parent' retrieved from /home/airflow/.local/lib/python3.12/site-packages/airflow/example_dags/example_external_task_marker_dag.py
[2025-01-08T10:47:24.248+0000] {logging_mixin.py:190} INFO - [2025-01-08T10:47:24.248+0000] {dag.py:3239} INFO - Sync 2 DAGs
[2025-01-08T10:47:24.263+0000] {logging_mixin.py:190} INFO - [2025-01-08T10:47:24.263+0000] {dag.py:4180} INFO - Setting next_dagrun for example_external_task_marker_child to None, run_after=None
[2025-01-08T10:47:24.267+0000] {logging_mixin.py:190} INFO - [2025-01-08T10:47:24.267+0000] {dag.py:4180} INFO - Setting next_dagrun for example_external_task_marker_parent to None, run_after=None
[2025-01-08T10:47:24.285+0000] {processor.py:208} INFO - Processing /home/airflow/.local/lib/python3.12/site-packages/airflow/example_dags/example_external_task_marker_dag.py took 0.075 seconds
[2025-01-08T10:47:54.795+0000] {processor.py:186} INFO - Started process (PID=3038) to work on /home/airflow/.local/lib/python3.12/site-packages/airflow/example_dags/example_external_task_marker_dag.py
[2025-01-08T10:47:54.796+0000] {processor.py:914} INFO - Processing file /home/airflow/.local/lib/python3.12/site-packages/airflow/example_dags/example_external_task_marker_dag.py for tasks to queue
[2025-01-08T10:47:54.798+0000] {logging_mixin.py:190} INFO - [2025-01-08T10:47:54.798+0000] {dagbag.py:588} INFO - Filling up the DagBag from /home/airflow/.local/lib/python3.12/site-packages/airflow/example_dags/example_external_task_marker_dag.py
[2025-01-08T10:47:54.806+0000] {processor.py:925} INFO - DAG(s) 'example_external_task_marker_child', 'example_external_task_marker_parent' retrieved from /home/airflow/.local/lib/python3.12/site-packages/airflow/example_dags/example_external_task_marker_dag.py
[2025-01-08T10:47:54.827+0000] {logging_mixin.py:190} INFO - [2025-01-08T10:47:54.827+0000] {dag.py:3239} INFO - Sync 2 DAGs
[2025-01-08T10:47:54.844+0000] {logging_mixin.py:190} INFO - [2025-01-08T10:47:54.844+0000] {dag.py:4180} INFO - Setting next_dagrun for example_external_task_marker_child to None, run_after=None
[2025-01-08T10:47:54.848+0000] {logging_mixin.py:190} INFO - [2025-01-08T10:47:54.847+0000] {dag.py:4180} INFO - Setting next_dagrun for example_external_task_marker_parent to None, run_after=None
[2025-01-08T10:47:54.868+0000] {processor.py:208} INFO - Processing /home/airflow/.local/lib/python3.12/site-packages/airflow/example_dags/example_external_task_marker_dag.py took 0.078 seconds
