[2025-01-08T10:35:14.178+0000] {processor.py:186} INFO - Started process (PID=367) to work on /home/airflow/.local/lib/python3.12/site-packages/airflow/example_dags/example_dataset_alias_with_no_taskflow.py
[2025-01-08T10:35:14.179+0000] {processor.py:914} INFO - Processing file /home/airflow/.local/lib/python3.12/site-packages/airflow/example_dags/example_dataset_alias_with_no_taskflow.py for tasks to queue
[2025-01-08T10:35:14.183+0000] {logging_mixin.py:190} INFO - [2025-01-08T10:35:14.182+0000] {dagbag.py:588} INFO - Filling up the DagBag from /home/airflow/.local/lib/python3.12/site-packages/airflow/example_dags/example_dataset_alias_with_no_taskflow.py
[2025-01-08T10:35:15.292+0000] {processor.py:925} INFO - DAG(s) 'dataset_s3_bucket_consumer_with_no_taskflow', 'dataset_alias_example_alias_producer_with_no_taskflow', 'dataset_s3_bucket_producer_with_no_taskflow', 'dataset_alias_example_alias_consumer_with_no_taskflow' retrieved from /home/airflow/.local/lib/python3.12/site-packages/airflow/example_dags/example_dataset_alias_with_no_taskflow.py
[2025-01-08T10:35:15.468+0000] {logging_mixin.py:190} INFO - [2025-01-08T10:35:15.467+0000] {override.py:1911} INFO - Created Permission View: can delete on DAG:dataset_s3_bucket_consumer_with_no_taskflow
[2025-01-08T10:35:15.484+0000] {logging_mixin.py:190} INFO - [2025-01-08T10:35:15.483+0000] {override.py:1911} INFO - Created Permission View: can read on DAG:dataset_s3_bucket_consumer_with_no_taskflow
[2025-01-08T10:35:15.495+0000] {logging_mixin.py:190} INFO - [2025-01-08T10:35:15.495+0000] {override.py:1911} INFO - Created Permission View: can edit on DAG:dataset_s3_bucket_consumer_with_no_taskflow
[2025-01-08T10:35:15.510+0000] {logging_mixin.py:190} INFO - [2025-01-08T10:35:15.510+0000] {override.py:1911} INFO - Created Permission View: menu access on DAG Run:dataset_s3_bucket_consumer_with_no_taskflow
[2025-01-08T10:35:15.521+0000] {logging_mixin.py:190} INFO - [2025-01-08T10:35:15.521+0000] {override.py:1911} INFO - Created Permission View: can create on DAG Run:dataset_s3_bucket_consumer_with_no_taskflow
[2025-01-08T10:35:15.534+0000] {logging_mixin.py:190} INFO - [2025-01-08T10:35:15.534+0000] {override.py:1911} INFO - Created Permission View: can read on DAG Run:dataset_s3_bucket_consumer_with_no_taskflow
[2025-01-08T10:35:15.544+0000] {logging_mixin.py:190} INFO - [2025-01-08T10:35:15.543+0000] {override.py:1911} INFO - Created Permission View: can delete on DAG Run:dataset_s3_bucket_consumer_with_no_taskflow
[2025-01-08T10:35:15.566+0000] {logging_mixin.py:190} INFO - [2025-01-08T10:35:15.566+0000] {override.py:1911} INFO - Created Permission View: can delete on DAG:dataset_alias_example_alias_producer_with_no_taskflow
[2025-01-08T10:35:15.578+0000] {logging_mixin.py:190} INFO - [2025-01-08T10:35:15.578+0000] {override.py:1911} INFO - Created Permission View: can read on DAG:dataset_alias_example_alias_producer_with_no_taskflow
[2025-01-08T10:35:15.590+0000] {logging_mixin.py:190} INFO - [2025-01-08T10:35:15.589+0000] {override.py:1911} INFO - Created Permission View: can edit on DAG:dataset_alias_example_alias_producer_with_no_taskflow
[2025-01-08T10:35:15.605+0000] {logging_mixin.py:190} INFO - [2025-01-08T10:35:15.605+0000] {override.py:1911} INFO - Created Permission View: menu access on DAG Run:dataset_alias_example_alias_producer_with_no_taskflow
[2025-01-08T10:35:15.620+0000] {logging_mixin.py:190} INFO - [2025-01-08T10:35:15.620+0000] {override.py:1911} INFO - Created Permission View: can create on DAG Run:dataset_alias_example_alias_producer_with_no_taskflow
[2025-01-08T10:35:15.672+0000] {logging_mixin.py:190} INFO - [2025-01-08T10:35:15.672+0000] {override.py:1911} INFO - Created Permission View: can read on DAG Run:dataset_alias_example_alias_producer_with_no_taskflow
[2025-01-08T10:35:15.687+0000] {logging_mixin.py:190} INFO - [2025-01-08T10:35:15.687+0000] {override.py:1911} INFO - Created Permission View: can delete on DAG Run:dataset_alias_example_alias_producer_with_no_taskflow
[2025-01-08T10:35:15.709+0000] {logging_mixin.py:190} INFO - [2025-01-08T10:35:15.708+0000] {override.py:1911} INFO - Created Permission View: can delete on DAG:dataset_s3_bucket_producer_with_no_taskflow
[2025-01-08T10:35:15.722+0000] {logging_mixin.py:190} INFO - [2025-01-08T10:35:15.722+0000] {override.py:1911} INFO - Created Permission View: can read on DAG:dataset_s3_bucket_producer_with_no_taskflow
[2025-01-08T10:35:15.735+0000] {logging_mixin.py:190} INFO - [2025-01-08T10:35:15.735+0000] {override.py:1911} INFO - Created Permission View: can edit on DAG:dataset_s3_bucket_producer_with_no_taskflow
[2025-01-08T10:35:15.751+0000] {logging_mixin.py:190} INFO - [2025-01-08T10:35:15.750+0000] {override.py:1911} INFO - Created Permission View: menu access on DAG Run:dataset_s3_bucket_producer_with_no_taskflow
[2025-01-08T10:35:15.766+0000] {logging_mixin.py:190} INFO - [2025-01-08T10:35:15.765+0000] {override.py:1911} INFO - Created Permission View: can create on DAG Run:dataset_s3_bucket_producer_with_no_taskflow
[2025-01-08T10:35:15.779+0000] {logging_mixin.py:190} INFO - [2025-01-08T10:35:15.779+0000] {override.py:1911} INFO - Created Permission View: can read on DAG Run:dataset_s3_bucket_producer_with_no_taskflow
[2025-01-08T10:35:15.791+0000] {logging_mixin.py:190} INFO - [2025-01-08T10:35:15.790+0000] {override.py:1911} INFO - Created Permission View: can delete on DAG Run:dataset_s3_bucket_producer_with_no_taskflow
[2025-01-08T10:35:15.815+0000] {logging_mixin.py:190} INFO - [2025-01-08T10:35:15.814+0000] {override.py:1911} INFO - Created Permission View: can delete on DAG:dataset_alias_example_alias_consumer_with_no_taskflow
[2025-01-08T10:35:15.831+0000] {logging_mixin.py:190} INFO - [2025-01-08T10:35:15.830+0000] {override.py:1911} INFO - Created Permission View: can read on DAG:dataset_alias_example_alias_consumer_with_no_taskflow
[2025-01-08T10:35:15.843+0000] {logging_mixin.py:190} INFO - [2025-01-08T10:35:15.843+0000] {override.py:1911} INFO - Created Permission View: can edit on DAG:dataset_alias_example_alias_consumer_with_no_taskflow
[2025-01-08T10:35:15.857+0000] {logging_mixin.py:190} INFO - [2025-01-08T10:35:15.857+0000] {override.py:1911} INFO - Created Permission View: menu access on DAG Run:dataset_alias_example_alias_consumer_with_no_taskflow
[2025-01-08T10:35:15.869+0000] {logging_mixin.py:190} INFO - [2025-01-08T10:35:15.868+0000] {override.py:1911} INFO - Created Permission View: can create on DAG Run:dataset_alias_example_alias_consumer_with_no_taskflow
[2025-01-08T10:35:15.880+0000] {logging_mixin.py:190} INFO - [2025-01-08T10:35:15.880+0000] {override.py:1911} INFO - Created Permission View: can read on DAG Run:dataset_alias_example_alias_consumer_with_no_taskflow
[2025-01-08T10:35:15.891+0000] {logging_mixin.py:190} INFO - [2025-01-08T10:35:15.891+0000] {override.py:1911} INFO - Created Permission View: can delete on DAG Run:dataset_alias_example_alias_consumer_with_no_taskflow
[2025-01-08T10:35:15.892+0000] {logging_mixin.py:190} INFO - [2025-01-08T10:35:15.891+0000] {dag.py:3239} INFO - Sync 4 DAGs
[2025-01-08T10:35:15.910+0000] {logging_mixin.py:190} INFO - [2025-01-08T10:35:15.909+0000] {dag.py:3262} INFO - Creating ORM DAG for dataset_s3_bucket_producer_with_no_taskflow
[2025-01-08T10:35:15.911+0000] {logging_mixin.py:190} INFO - [2025-01-08T10:35:15.911+0000] {dag.py:3262} INFO - Creating ORM DAG for dataset_s3_bucket_consumer_with_no_taskflow
[2025-01-08T10:35:15.912+0000] {logging_mixin.py:190} INFO - [2025-01-08T10:35:15.912+0000] {dag.py:3262} INFO - Creating ORM DAG for dataset_alias_example_alias_consumer_with_no_taskflow
[2025-01-08T10:35:15.913+0000] {logging_mixin.py:190} INFO - [2025-01-08T10:35:15.912+0000] {dag.py:3262} INFO - Creating ORM DAG for dataset_alias_example_alias_producer_with_no_taskflow
[2025-01-08T10:35:15.928+0000] {logging_mixin.py:190} INFO - [2025-01-08T10:35:15.927+0000] {dag.py:4180} INFO - Setting next_dagrun for dataset_alias_example_alias_consumer_with_no_taskflow to None, run_after=None
[2025-01-08T10:35:15.931+0000] {logging_mixin.py:190} INFO - [2025-01-08T10:35:15.930+0000] {dag.py:4180} INFO - Setting next_dagrun for dataset_alias_example_alias_producer_with_no_taskflow to None, run_after=None
[2025-01-08T10:35:15.932+0000] {logging_mixin.py:190} INFO - [2025-01-08T10:35:15.932+0000] {dag.py:4180} INFO - Setting next_dagrun for dataset_s3_bucket_consumer_with_no_taskflow to None, run_after=None
[2025-01-08T10:35:15.933+0000] {logging_mixin.py:190} INFO - [2025-01-08T10:35:15.933+0000] {dag.py:4180} INFO - Setting next_dagrun for dataset_s3_bucket_producer_with_no_taskflow to None, run_after=None
[2025-01-08T10:35:15.976+0000] {processor.py:208} INFO - Processing /home/airflow/.local/lib/python3.12/site-packages/airflow/example_dags/example_dataset_alias_with_no_taskflow.py took 1.808 seconds
[2025-01-08T10:35:48.583+0000] {processor.py:186} INFO - Started process (PID=673) to work on /home/airflow/.local/lib/python3.12/site-packages/airflow/example_dags/example_dataset_alias_with_no_taskflow.py
[2025-01-08T10:35:48.587+0000] {processor.py:914} INFO - Processing file /home/airflow/.local/lib/python3.12/site-packages/airflow/example_dags/example_dataset_alias_with_no_taskflow.py for tasks to queue
[2025-01-08T10:35:48.593+0000] {logging_mixin.py:190} INFO - [2025-01-08T10:35:48.593+0000] {dagbag.py:588} INFO - Filling up the DagBag from /home/airflow/.local/lib/python3.12/site-packages/airflow/example_dags/example_dataset_alias_with_no_taskflow.py
[2025-01-08T10:35:50.297+0000] {processor.py:925} INFO - DAG(s) 'dataset_s3_bucket_consumer_with_no_taskflow', 'dataset_alias_example_alias_producer_with_no_taskflow', 'dataset_alias_example_alias_consumer_with_no_taskflow', 'dataset_s3_bucket_producer_with_no_taskflow' retrieved from /home/airflow/.local/lib/python3.12/site-packages/airflow/example_dags/example_dataset_alias_with_no_taskflow.py
[2025-01-08T10:35:50.362+0000] {logging_mixin.py:190} INFO - [2025-01-08T10:35:50.361+0000] {dag.py:3239} INFO - Sync 4 DAGs
[2025-01-08T10:35:50.446+0000] {logging_mixin.py:190} INFO - [2025-01-08T10:35:50.446+0000] {dag.py:4180} INFO - Setting next_dagrun for dataset_alias_example_alias_consumer_with_no_taskflow to None, run_after=None
[2025-01-08T10:35:50.451+0000] {logging_mixin.py:190} INFO - [2025-01-08T10:35:50.451+0000] {dag.py:4180} INFO - Setting next_dagrun for dataset_alias_example_alias_producer_with_no_taskflow to None, run_after=None
[2025-01-08T10:35:50.454+0000] {logging_mixin.py:190} INFO - [2025-01-08T10:35:50.454+0000] {dag.py:4180} INFO - Setting next_dagrun for dataset_s3_bucket_consumer_with_no_taskflow to None, run_after=None
[2025-01-08T10:35:50.459+0000] {logging_mixin.py:190} INFO - [2025-01-08T10:35:50.459+0000] {dag.py:4180} INFO - Setting next_dagrun for dataset_s3_bucket_producer_with_no_taskflow to None, run_after=None
[2025-01-08T10:35:50.581+0000] {processor.py:208} INFO - Processing /home/airflow/.local/lib/python3.12/site-packages/airflow/example_dags/example_dataset_alias_with_no_taskflow.py took 2.013 seconds
[2025-01-08T10:36:23.124+0000] {processor.py:186} INFO - Started process (PID=980) to work on /home/airflow/.local/lib/python3.12/site-packages/airflow/example_dags/example_dataset_alias_with_no_taskflow.py
[2025-01-08T10:36:23.128+0000] {processor.py:914} INFO - Processing file /home/airflow/.local/lib/python3.12/site-packages/airflow/example_dags/example_dataset_alias_with_no_taskflow.py for tasks to queue
[2025-01-08T10:36:23.132+0000] {logging_mixin.py:190} INFO - [2025-01-08T10:36:23.131+0000] {dagbag.py:588} INFO - Filling up the DagBag from /home/airflow/.local/lib/python3.12/site-packages/airflow/example_dags/example_dataset_alias_with_no_taskflow.py
[2025-01-08T10:36:24.825+0000] {processor.py:925} INFO - DAG(s) 'dataset_alias_example_alias_producer_with_no_taskflow', 'dataset_s3_bucket_producer_with_no_taskflow', 'dataset_alias_example_alias_consumer_with_no_taskflow', 'dataset_s3_bucket_consumer_with_no_taskflow' retrieved from /home/airflow/.local/lib/python3.12/site-packages/airflow/example_dags/example_dataset_alias_with_no_taskflow.py
[2025-01-08T10:36:24.921+0000] {logging_mixin.py:190} INFO - [2025-01-08T10:36:24.920+0000] {dag.py:3239} INFO - Sync 4 DAGs
[2025-01-08T10:36:24.998+0000] {logging_mixin.py:190} INFO - [2025-01-08T10:36:24.998+0000] {dag.py:4180} INFO - Setting next_dagrun for dataset_alias_example_alias_consumer_with_no_taskflow to None, run_after=None
[2025-01-08T10:36:25.004+0000] {logging_mixin.py:190} INFO - [2025-01-08T10:36:25.003+0000] {dag.py:4180} INFO - Setting next_dagrun for dataset_alias_example_alias_producer_with_no_taskflow to None, run_after=None
[2025-01-08T10:36:25.017+0000] {logging_mixin.py:190} INFO - [2025-01-08T10:36:25.016+0000] {dag.py:4180} INFO - Setting next_dagrun for dataset_s3_bucket_consumer_with_no_taskflow to None, run_after=None
[2025-01-08T10:36:25.020+0000] {logging_mixin.py:190} INFO - [2025-01-08T10:36:25.019+0000] {dag.py:4180} INFO - Setting next_dagrun for dataset_s3_bucket_producer_with_no_taskflow to None, run_after=None
[2025-01-08T10:36:25.082+0000] {processor.py:208} INFO - Processing /home/airflow/.local/lib/python3.12/site-packages/airflow/example_dags/example_dataset_alias_with_no_taskflow.py took 1.972 seconds
[2025-01-08T10:36:55.459+0000] {processor.py:186} INFO - Started process (PID=1283) to work on /home/airflow/.local/lib/python3.12/site-packages/airflow/example_dags/example_dataset_alias_with_no_taskflow.py
[2025-01-08T10:36:55.461+0000] {processor.py:914} INFO - Processing file /home/airflow/.local/lib/python3.12/site-packages/airflow/example_dags/example_dataset_alias_with_no_taskflow.py for tasks to queue
[2025-01-08T10:36:55.464+0000] {logging_mixin.py:190} INFO - [2025-01-08T10:36:55.464+0000] {dagbag.py:588} INFO - Filling up the DagBag from /home/airflow/.local/lib/python3.12/site-packages/airflow/example_dags/example_dataset_alias_with_no_taskflow.py
[2025-01-08T10:36:56.458+0000] {processor.py:925} INFO - DAG(s) 'dataset_alias_example_alias_consumer_with_no_taskflow', 'dataset_s3_bucket_producer_with_no_taskflow', 'dataset_s3_bucket_consumer_with_no_taskflow', 'dataset_alias_example_alias_producer_with_no_taskflow' retrieved from /home/airflow/.local/lib/python3.12/site-packages/airflow/example_dags/example_dataset_alias_with_no_taskflow.py
[2025-01-08T10:36:56.503+0000] {logging_mixin.py:190} INFO - [2025-01-08T10:36:56.502+0000] {dag.py:3239} INFO - Sync 4 DAGs
[2025-01-08T10:36:56.550+0000] {logging_mixin.py:190} INFO - [2025-01-08T10:36:56.549+0000] {dag.py:4180} INFO - Setting next_dagrun for dataset_alias_example_alias_consumer_with_no_taskflow to None, run_after=None
[2025-01-08T10:36:56.559+0000] {logging_mixin.py:190} INFO - [2025-01-08T10:36:56.558+0000] {dag.py:4180} INFO - Setting next_dagrun for dataset_alias_example_alias_producer_with_no_taskflow to None, run_after=None
[2025-01-08T10:36:56.562+0000] {logging_mixin.py:190} INFO - [2025-01-08T10:36:56.561+0000] {dag.py:4180} INFO - Setting next_dagrun for dataset_s3_bucket_consumer_with_no_taskflow to None, run_after=None
[2025-01-08T10:36:56.564+0000] {logging_mixin.py:190} INFO - [2025-01-08T10:36:56.563+0000] {dag.py:4180} INFO - Setting next_dagrun for dataset_s3_bucket_producer_with_no_taskflow to None, run_after=None
[2025-01-08T10:36:56.601+0000] {processor.py:208} INFO - Processing /home/airflow/.local/lib/python3.12/site-packages/airflow/example_dags/example_dataset_alias_with_no_taskflow.py took 1.154 seconds
[2025-01-08T10:37:26.833+0000] {processor.py:186} INFO - Started process (PID=1584) to work on /home/airflow/.local/lib/python3.12/site-packages/airflow/example_dags/example_dataset_alias_with_no_taskflow.py
[2025-01-08T10:37:26.834+0000] {processor.py:914} INFO - Processing file /home/airflow/.local/lib/python3.12/site-packages/airflow/example_dags/example_dataset_alias_with_no_taskflow.py for tasks to queue
[2025-01-08T10:37:26.838+0000] {logging_mixin.py:190} INFO - [2025-01-08T10:37:26.837+0000] {dagbag.py:588} INFO - Filling up the DagBag from /home/airflow/.local/lib/python3.12/site-packages/airflow/example_dags/example_dataset_alias_with_no_taskflow.py
[2025-01-08T10:37:27.884+0000] {processor.py:925} INFO - DAG(s) 'dataset_s3_bucket_producer_with_no_taskflow', 'dataset_alias_example_alias_producer_with_no_taskflow', 'dataset_alias_example_alias_consumer_with_no_taskflow', 'dataset_s3_bucket_consumer_with_no_taskflow' retrieved from /home/airflow/.local/lib/python3.12/site-packages/airflow/example_dags/example_dataset_alias_with_no_taskflow.py
[2025-01-08T10:37:27.928+0000] {logging_mixin.py:190} INFO - [2025-01-08T10:37:27.927+0000] {dag.py:3239} INFO - Sync 4 DAGs
[2025-01-08T10:37:27.959+0000] {logging_mixin.py:190} INFO - [2025-01-08T10:37:27.958+0000] {dag.py:4180} INFO - Setting next_dagrun for dataset_alias_example_alias_consumer_with_no_taskflow to None, run_after=None
[2025-01-08T10:37:27.963+0000] {logging_mixin.py:190} INFO - [2025-01-08T10:37:27.963+0000] {dag.py:4180} INFO - Setting next_dagrun for dataset_alias_example_alias_producer_with_no_taskflow to None, run_after=None
[2025-01-08T10:37:27.966+0000] {logging_mixin.py:190} INFO - [2025-01-08T10:37:27.966+0000] {dag.py:4180} INFO - Setting next_dagrun for dataset_s3_bucket_consumer_with_no_taskflow to None, run_after=None
[2025-01-08T10:37:27.969+0000] {logging_mixin.py:190} INFO - [2025-01-08T10:37:27.968+0000] {dag.py:4180} INFO - Setting next_dagrun for dataset_s3_bucket_producer_with_no_taskflow to None, run_after=None
[2025-01-08T10:37:27.996+0000] {processor.py:208} INFO - Processing /home/airflow/.local/lib/python3.12/site-packages/airflow/example_dags/example_dataset_alias_with_no_taskflow.py took 1.178 seconds
[2025-01-08T10:37:58.683+0000] {processor.py:186} INFO - Started process (PID=1885) to work on /home/airflow/.local/lib/python3.12/site-packages/airflow/example_dags/example_dataset_alias_with_no_taskflow.py
[2025-01-08T10:37:58.686+0000] {processor.py:914} INFO - Processing file /home/airflow/.local/lib/python3.12/site-packages/airflow/example_dags/example_dataset_alias_with_no_taskflow.py for tasks to queue
[2025-01-08T10:37:58.691+0000] {logging_mixin.py:190} INFO - [2025-01-08T10:37:58.690+0000] {dagbag.py:588} INFO - Filling up the DagBag from /home/airflow/.local/lib/python3.12/site-packages/airflow/example_dags/example_dataset_alias_with_no_taskflow.py
[2025-01-08T10:38:00.379+0000] {processor.py:925} INFO - DAG(s) 'dataset_s3_bucket_producer_with_no_taskflow', 'dataset_alias_example_alias_consumer_with_no_taskflow', 'dataset_s3_bucket_consumer_with_no_taskflow', 'dataset_alias_example_alias_producer_with_no_taskflow' retrieved from /home/airflow/.local/lib/python3.12/site-packages/airflow/example_dags/example_dataset_alias_with_no_taskflow.py
[2025-01-08T10:38:00.438+0000] {logging_mixin.py:190} INFO - [2025-01-08T10:38:00.437+0000] {dag.py:3239} INFO - Sync 4 DAGs
[2025-01-08T10:38:00.529+0000] {logging_mixin.py:190} INFO - [2025-01-08T10:38:00.528+0000] {dag.py:4180} INFO - Setting next_dagrun for dataset_alias_example_alias_consumer_with_no_taskflow to None, run_after=None
[2025-01-08T10:38:00.534+0000] {logging_mixin.py:190} INFO - [2025-01-08T10:38:00.534+0000] {dag.py:4180} INFO - Setting next_dagrun for dataset_alias_example_alias_producer_with_no_taskflow to None, run_after=None
[2025-01-08T10:38:00.540+0000] {logging_mixin.py:190} INFO - [2025-01-08T10:38:00.539+0000] {dag.py:4180} INFO - Setting next_dagrun for dataset_s3_bucket_consumer_with_no_taskflow to None, run_after=None
[2025-01-08T10:38:00.542+0000] {logging_mixin.py:190} INFO - [2025-01-08T10:38:00.542+0000] {dag.py:4180} INFO - Setting next_dagrun for dataset_s3_bucket_producer_with_no_taskflow to None, run_after=None
[2025-01-08T10:38:00.670+0000] {processor.py:208} INFO - Processing /home/airflow/.local/lib/python3.12/site-packages/airflow/example_dags/example_dataset_alias_with_no_taskflow.py took 2.003 seconds
[2025-01-08T10:38:30.905+0000] {processor.py:186} INFO - Started process (PID=2185) to work on /home/airflow/.local/lib/python3.12/site-packages/airflow/example_dags/example_dataset_alias_with_no_taskflow.py
[2025-01-08T10:38:30.911+0000] {processor.py:914} INFO - Processing file /home/airflow/.local/lib/python3.12/site-packages/airflow/example_dags/example_dataset_alias_with_no_taskflow.py for tasks to queue
[2025-01-08T10:38:30.919+0000] {logging_mixin.py:190} INFO - [2025-01-08T10:38:30.918+0000] {dagbag.py:588} INFO - Filling up the DagBag from /home/airflow/.local/lib/python3.12/site-packages/airflow/example_dags/example_dataset_alias_with_no_taskflow.py
[2025-01-08T10:38:32.656+0000] {processor.py:925} INFO - DAG(s) 'dataset_alias_example_alias_producer_with_no_taskflow', 'dataset_s3_bucket_producer_with_no_taskflow', 'dataset_alias_example_alias_consumer_with_no_taskflow', 'dataset_s3_bucket_consumer_with_no_taskflow' retrieved from /home/airflow/.local/lib/python3.12/site-packages/airflow/example_dags/example_dataset_alias_with_no_taskflow.py
[2025-01-08T10:38:32.729+0000] {logging_mixin.py:190} INFO - [2025-01-08T10:38:32.728+0000] {dag.py:3239} INFO - Sync 4 DAGs
[2025-01-08T10:38:32.821+0000] {logging_mixin.py:190} INFO - [2025-01-08T10:38:32.821+0000] {dag.py:4180} INFO - Setting next_dagrun for dataset_alias_example_alias_consumer_with_no_taskflow to None, run_after=None
[2025-01-08T10:38:32.839+0000] {logging_mixin.py:190} INFO - [2025-01-08T10:38:32.839+0000] {dag.py:4180} INFO - Setting next_dagrun for dataset_alias_example_alias_producer_with_no_taskflow to None, run_after=None
[2025-01-08T10:38:32.843+0000] {logging_mixin.py:190} INFO - [2025-01-08T10:38:32.842+0000] {dag.py:4180} INFO - Setting next_dagrun for dataset_s3_bucket_consumer_with_no_taskflow to None, run_after=None
[2025-01-08T10:38:32.849+0000] {logging_mixin.py:190} INFO - [2025-01-08T10:38:32.848+0000] {dag.py:4180} INFO - Setting next_dagrun for dataset_s3_bucket_producer_with_no_taskflow to None, run_after=None
[2025-01-08T10:38:32.928+0000] {processor.py:208} INFO - Processing /home/airflow/.local/lib/python3.12/site-packages/airflow/example_dags/example_dataset_alias_with_no_taskflow.py took 2.034 seconds
[2025-01-08T10:39:03.758+0000] {processor.py:186} INFO - Started process (PID=2486) to work on /home/airflow/.local/lib/python3.12/site-packages/airflow/example_dags/example_dataset_alias_with_no_taskflow.py
[2025-01-08T10:39:03.761+0000] {processor.py:914} INFO - Processing file /home/airflow/.local/lib/python3.12/site-packages/airflow/example_dags/example_dataset_alias_with_no_taskflow.py for tasks to queue
[2025-01-08T10:39:03.764+0000] {logging_mixin.py:190} INFO - [2025-01-08T10:39:03.764+0000] {dagbag.py:588} INFO - Filling up the DagBag from /home/airflow/.local/lib/python3.12/site-packages/airflow/example_dags/example_dataset_alias_with_no_taskflow.py
[2025-01-08T10:39:04.589+0000] {processor.py:925} INFO - DAG(s) 'dataset_alias_example_alias_consumer_with_no_taskflow', 'dataset_s3_bucket_producer_with_no_taskflow', 'dataset_alias_example_alias_producer_with_no_taskflow', 'dataset_s3_bucket_consumer_with_no_taskflow' retrieved from /home/airflow/.local/lib/python3.12/site-packages/airflow/example_dags/example_dataset_alias_with_no_taskflow.py
[2025-01-08T10:39:04.625+0000] {logging_mixin.py:190} INFO - [2025-01-08T10:39:04.624+0000] {dag.py:3239} INFO - Sync 4 DAGs
[2025-01-08T10:39:04.660+0000] {logging_mixin.py:190} INFO - [2025-01-08T10:39:04.660+0000] {dag.py:4180} INFO - Setting next_dagrun for dataset_alias_example_alias_consumer_with_no_taskflow to None, run_after=None
[2025-01-08T10:39:04.665+0000] {logging_mixin.py:190} INFO - [2025-01-08T10:39:04.665+0000] {dag.py:4180} INFO - Setting next_dagrun for dataset_alias_example_alias_producer_with_no_taskflow to None, run_after=None
[2025-01-08T10:39:04.668+0000] {logging_mixin.py:190} INFO - [2025-01-08T10:39:04.667+0000] {dag.py:4180} INFO - Setting next_dagrun for dataset_s3_bucket_consumer_with_no_taskflow to None, run_after=None
[2025-01-08T10:39:04.670+0000] {logging_mixin.py:190} INFO - [2025-01-08T10:39:04.669+0000] {dag.py:4180} INFO - Setting next_dagrun for dataset_s3_bucket_producer_with_no_taskflow to None, run_after=None
[2025-01-08T10:39:04.704+0000] {processor.py:208} INFO - Processing /home/airflow/.local/lib/python3.12/site-packages/airflow/example_dags/example_dataset_alias_with_no_taskflow.py took 0.953 seconds
[2025-01-08T10:39:35.355+0000] {processor.py:186} INFO - Started process (PID=2787) to work on /home/airflow/.local/lib/python3.12/site-packages/airflow/example_dags/example_dataset_alias_with_no_taskflow.py
[2025-01-08T10:39:35.368+0000] {processor.py:914} INFO - Processing file /home/airflow/.local/lib/python3.12/site-packages/airflow/example_dags/example_dataset_alias_with_no_taskflow.py for tasks to queue
[2025-01-08T10:39:35.373+0000] {logging_mixin.py:190} INFO - [2025-01-08T10:39:35.373+0000] {dagbag.py:588} INFO - Filling up the DagBag from /home/airflow/.local/lib/python3.12/site-packages/airflow/example_dags/example_dataset_alias_with_no_taskflow.py
[2025-01-08T10:39:38.198+0000] {processor.py:925} INFO - DAG(s) 'dataset_alias_example_alias_producer_with_no_taskflow', 'dataset_s3_bucket_producer_with_no_taskflow', 'dataset_alias_example_alias_consumer_with_no_taskflow', 'dataset_s3_bucket_consumer_with_no_taskflow' retrieved from /home/airflow/.local/lib/python3.12/site-packages/airflow/example_dags/example_dataset_alias_with_no_taskflow.py
[2025-01-08T10:39:38.272+0000] {logging_mixin.py:190} INFO - [2025-01-08T10:39:38.269+0000] {dag.py:3239} INFO - Sync 4 DAGs
[2025-01-08T10:39:38.373+0000] {logging_mixin.py:190} INFO - [2025-01-08T10:39:38.372+0000] {dag.py:4180} INFO - Setting next_dagrun for dataset_alias_example_alias_consumer_with_no_taskflow to None, run_after=None
[2025-01-08T10:39:38.388+0000] {logging_mixin.py:190} INFO - [2025-01-08T10:39:38.388+0000] {dag.py:4180} INFO - Setting next_dagrun for dataset_alias_example_alias_producer_with_no_taskflow to None, run_after=None
[2025-01-08T10:39:38.399+0000] {logging_mixin.py:190} INFO - [2025-01-08T10:39:38.398+0000] {dag.py:4180} INFO - Setting next_dagrun for dataset_s3_bucket_consumer_with_no_taskflow to None, run_after=None
[2025-01-08T10:39:38.402+0000] {logging_mixin.py:190} INFO - [2025-01-08T10:39:38.402+0000] {dag.py:4180} INFO - Setting next_dagrun for dataset_s3_bucket_producer_with_no_taskflow to None, run_after=None
[2025-01-08T10:39:38.480+0000] {processor.py:208} INFO - Processing /home/airflow/.local/lib/python3.12/site-packages/airflow/example_dags/example_dataset_alias_with_no_taskflow.py took 3.159 seconds
[2025-01-08T10:40:09.624+0000] {processor.py:186} INFO - Started process (PID=3088) to work on /home/airflow/.local/lib/python3.12/site-packages/airflow/example_dags/example_dataset_alias_with_no_taskflow.py
[2025-01-08T10:40:12.729+0000] {processor.py:914} INFO - Processing file /home/airflow/.local/lib/python3.12/site-packages/airflow/example_dags/example_dataset_alias_with_no_taskflow.py for tasks to queue
[2025-01-08T10:40:12.732+0000] {logging_mixin.py:190} INFO - [2025-01-08T10:40:12.732+0000] {dagbag.py:588} INFO - Filling up the DagBag from /home/airflow/.local/lib/python3.12/site-packages/airflow/example_dags/example_dataset_alias_with_no_taskflow.py
[2025-01-08T10:40:13.910+0000] {processor.py:925} INFO - DAG(s) 'dataset_s3_bucket_producer_with_no_taskflow', 'dataset_alias_example_alias_consumer_with_no_taskflow', 'dataset_alias_example_alias_producer_with_no_taskflow', 'dataset_s3_bucket_consumer_with_no_taskflow' retrieved from /home/airflow/.local/lib/python3.12/site-packages/airflow/example_dags/example_dataset_alias_with_no_taskflow.py
[2025-01-08T10:40:13.982+0000] {logging_mixin.py:190} INFO - [2025-01-08T10:40:13.981+0000] {dag.py:3239} INFO - Sync 4 DAGs
[2025-01-08T10:40:14.032+0000] {logging_mixin.py:190} INFO - [2025-01-08T10:40:14.032+0000] {dag.py:4180} INFO - Setting next_dagrun for dataset_alias_example_alias_consumer_with_no_taskflow to None, run_after=None
[2025-01-08T10:40:14.037+0000] {logging_mixin.py:190} INFO - [2025-01-08T10:40:14.037+0000] {dag.py:4180} INFO - Setting next_dagrun for dataset_alias_example_alias_producer_with_no_taskflow to None, run_after=None
[2025-01-08T10:40:14.042+0000] {logging_mixin.py:190} INFO - [2025-01-08T10:40:14.042+0000] {dag.py:4180} INFO - Setting next_dagrun for dataset_s3_bucket_consumer_with_no_taskflow to None, run_after=None
[2025-01-08T10:40:14.045+0000] {logging_mixin.py:190} INFO - [2025-01-08T10:40:14.044+0000] {dag.py:4180} INFO - Setting next_dagrun for dataset_s3_bucket_producer_with_no_taskflow to None, run_after=None
[2025-01-08T10:40:14.098+0000] {processor.py:208} INFO - Processing /home/airflow/.local/lib/python3.12/site-packages/airflow/example_dags/example_dataset_alias_with_no_taskflow.py took 4.485 seconds
[2025-01-08T10:43:19.523+0000] {processor.py:186} INFO - Started process (PID=368) to work on /home/airflow/.local/lib/python3.12/site-packages/airflow/example_dags/example_dataset_alias_with_no_taskflow.py
[2025-01-08T10:43:19.525+0000] {processor.py:914} INFO - Processing file /home/airflow/.local/lib/python3.12/site-packages/airflow/example_dags/example_dataset_alias_with_no_taskflow.py for tasks to queue
[2025-01-08T10:43:19.527+0000] {logging_mixin.py:190} INFO - [2025-01-08T10:43:19.527+0000] {dagbag.py:588} INFO - Filling up the DagBag from /home/airflow/.local/lib/python3.12/site-packages/airflow/example_dags/example_dataset_alias_with_no_taskflow.py
[2025-01-08T10:43:20.232+0000] {processor.py:925} INFO - DAG(s) 'dataset_alias_example_alias_consumer_with_no_taskflow', 'dataset_alias_example_alias_producer_with_no_taskflow', 'dataset_s3_bucket_consumer_with_no_taskflow', 'dataset_s3_bucket_producer_with_no_taskflow' retrieved from /home/airflow/.local/lib/python3.12/site-packages/airflow/example_dags/example_dataset_alias_with_no_taskflow.py
[2025-01-08T10:43:20.260+0000] {logging_mixin.py:190} INFO - [2025-01-08T10:43:20.259+0000] {dag.py:3239} INFO - Sync 4 DAGs
[2025-01-08T10:43:20.287+0000] {logging_mixin.py:190} INFO - [2025-01-08T10:43:20.287+0000] {dag.py:4180} INFO - Setting next_dagrun for dataset_alias_example_alias_consumer_with_no_taskflow to None, run_after=None
[2025-01-08T10:43:20.291+0000] {logging_mixin.py:190} INFO - [2025-01-08T10:43:20.291+0000] {dag.py:4180} INFO - Setting next_dagrun for dataset_alias_example_alias_producer_with_no_taskflow to None, run_after=None
[2025-01-08T10:43:20.293+0000] {logging_mixin.py:190} INFO - [2025-01-08T10:43:20.293+0000] {dag.py:4180} INFO - Setting next_dagrun for dataset_s3_bucket_consumer_with_no_taskflow to None, run_after=None
[2025-01-08T10:43:20.295+0000] {logging_mixin.py:190} INFO - [2025-01-08T10:43:20.295+0000] {dag.py:4180} INFO - Setting next_dagrun for dataset_s3_bucket_producer_with_no_taskflow to None, run_after=None
[2025-01-08T10:43:20.323+0000] {processor.py:208} INFO - Processing /home/airflow/.local/lib/python3.12/site-packages/airflow/example_dags/example_dataset_alias_with_no_taskflow.py took 0.805 seconds
[2025-01-08T10:43:51.272+0000] {processor.py:186} INFO - Started process (PID=676) to work on /home/airflow/.local/lib/python3.12/site-packages/airflow/example_dags/example_dataset_alias_with_no_taskflow.py
[2025-01-08T10:43:51.273+0000] {processor.py:914} INFO - Processing file /home/airflow/.local/lib/python3.12/site-packages/airflow/example_dags/example_dataset_alias_with_no_taskflow.py for tasks to queue
[2025-01-08T10:43:51.275+0000] {logging_mixin.py:190} INFO - [2025-01-08T10:43:51.275+0000] {dagbag.py:588} INFO - Filling up the DagBag from /home/airflow/.local/lib/python3.12/site-packages/airflow/example_dags/example_dataset_alias_with_no_taskflow.py
[2025-01-08T10:43:51.921+0000] {processor.py:925} INFO - DAG(s) 'dataset_alias_example_alias_consumer_with_no_taskflow', 'dataset_alias_example_alias_producer_with_no_taskflow', 'dataset_s3_bucket_consumer_with_no_taskflow', 'dataset_s3_bucket_producer_with_no_taskflow' retrieved from /home/airflow/.local/lib/python3.12/site-packages/airflow/example_dags/example_dataset_alias_with_no_taskflow.py
[2025-01-08T10:43:51.946+0000] {logging_mixin.py:190} INFO - [2025-01-08T10:43:51.945+0000] {dag.py:3239} INFO - Sync 4 DAGs
[2025-01-08T10:43:51.971+0000] {logging_mixin.py:190} INFO - [2025-01-08T10:43:51.971+0000] {dag.py:4180} INFO - Setting next_dagrun for dataset_alias_example_alias_consumer_with_no_taskflow to None, run_after=None
[2025-01-08T10:43:51.974+0000] {logging_mixin.py:190} INFO - [2025-01-08T10:43:51.974+0000] {dag.py:4180} INFO - Setting next_dagrun for dataset_alias_example_alias_producer_with_no_taskflow to None, run_after=None
[2025-01-08T10:43:51.975+0000] {logging_mixin.py:190} INFO - [2025-01-08T10:43:51.975+0000] {dag.py:4180} INFO - Setting next_dagrun for dataset_s3_bucket_consumer_with_no_taskflow to None, run_after=None
[2025-01-08T10:43:51.976+0000] {logging_mixin.py:190} INFO - [2025-01-08T10:43:51.976+0000] {dag.py:4180} INFO - Setting next_dagrun for dataset_s3_bucket_producer_with_no_taskflow to None, run_after=None
[2025-01-08T10:43:52.002+0000] {processor.py:208} INFO - Processing /home/airflow/.local/lib/python3.12/site-packages/airflow/example_dags/example_dataset_alias_with_no_taskflow.py took 0.735 seconds
[2025-01-08T10:44:22.392+0000] {processor.py:186} INFO - Started process (PID=976) to work on /home/airflow/.local/lib/python3.12/site-packages/airflow/example_dags/example_dataset_alias_with_no_taskflow.py
[2025-01-08T10:44:22.393+0000] {processor.py:914} INFO - Processing file /home/airflow/.local/lib/python3.12/site-packages/airflow/example_dags/example_dataset_alias_with_no_taskflow.py for tasks to queue
[2025-01-08T10:44:22.395+0000] {logging_mixin.py:190} INFO - [2025-01-08T10:44:22.395+0000] {dagbag.py:588} INFO - Filling up the DagBag from /home/airflow/.local/lib/python3.12/site-packages/airflow/example_dags/example_dataset_alias_with_no_taskflow.py
[2025-01-08T10:44:22.954+0000] {processor.py:925} INFO - DAG(s) 'dataset_s3_bucket_consumer_with_no_taskflow', 'dataset_alias_example_alias_consumer_with_no_taskflow', 'dataset_s3_bucket_producer_with_no_taskflow', 'dataset_alias_example_alias_producer_with_no_taskflow' retrieved from /home/airflow/.local/lib/python3.12/site-packages/airflow/example_dags/example_dataset_alias_with_no_taskflow.py
[2025-01-08T10:44:22.984+0000] {logging_mixin.py:190} INFO - [2025-01-08T10:44:22.983+0000] {dag.py:3239} INFO - Sync 4 DAGs
[2025-01-08T10:44:23.010+0000] {logging_mixin.py:190} INFO - [2025-01-08T10:44:23.009+0000] {dag.py:4180} INFO - Setting next_dagrun for dataset_alias_example_alias_consumer_with_no_taskflow to None, run_after=None
[2025-01-08T10:44:23.012+0000] {logging_mixin.py:190} INFO - [2025-01-08T10:44:23.012+0000] {dag.py:4180} INFO - Setting next_dagrun for dataset_alias_example_alias_producer_with_no_taskflow to None, run_after=None
[2025-01-08T10:44:23.014+0000] {logging_mixin.py:190} INFO - [2025-01-08T10:44:23.013+0000] {dag.py:4180} INFO - Setting next_dagrun for dataset_s3_bucket_consumer_with_no_taskflow to None, run_after=None
[2025-01-08T10:44:23.015+0000] {logging_mixin.py:190} INFO - [2025-01-08T10:44:23.015+0000] {dag.py:4180} INFO - Setting next_dagrun for dataset_s3_bucket_producer_with_no_taskflow to None, run_after=None
[2025-01-08T10:44:23.044+0000] {processor.py:208} INFO - Processing /home/airflow/.local/lib/python3.12/site-packages/airflow/example_dags/example_dataset_alias_with_no_taskflow.py took 0.656 seconds
[2025-01-08T10:44:53.186+0000] {processor.py:186} INFO - Started process (PID=1277) to work on /home/airflow/.local/lib/python3.12/site-packages/airflow/example_dags/example_dataset_alias_with_no_taskflow.py
[2025-01-08T10:44:53.187+0000] {processor.py:914} INFO - Processing file /home/airflow/.local/lib/python3.12/site-packages/airflow/example_dags/example_dataset_alias_with_no_taskflow.py for tasks to queue
[2025-01-08T10:44:53.189+0000] {logging_mixin.py:190} INFO - [2025-01-08T10:44:53.189+0000] {dagbag.py:588} INFO - Filling up the DagBag from /home/airflow/.local/lib/python3.12/site-packages/airflow/example_dags/example_dataset_alias_with_no_taskflow.py
[2025-01-08T10:44:53.761+0000] {processor.py:925} INFO - DAG(s) 'dataset_s3_bucket_producer_with_no_taskflow', 'dataset_s3_bucket_consumer_with_no_taskflow', 'dataset_alias_example_alias_consumer_with_no_taskflow', 'dataset_alias_example_alias_producer_with_no_taskflow' retrieved from /home/airflow/.local/lib/python3.12/site-packages/airflow/example_dags/example_dataset_alias_with_no_taskflow.py
[2025-01-08T10:44:53.784+0000] {logging_mixin.py:190} INFO - [2025-01-08T10:44:53.783+0000] {dag.py:3239} INFO - Sync 4 DAGs
[2025-01-08T10:44:53.809+0000] {logging_mixin.py:190} INFO - [2025-01-08T10:44:53.809+0000] {dag.py:4180} INFO - Setting next_dagrun for dataset_alias_example_alias_consumer_with_no_taskflow to None, run_after=None
[2025-01-08T10:44:53.812+0000] {logging_mixin.py:190} INFO - [2025-01-08T10:44:53.812+0000] {dag.py:4180} INFO - Setting next_dagrun for dataset_alias_example_alias_producer_with_no_taskflow to None, run_after=None
[2025-01-08T10:44:53.814+0000] {logging_mixin.py:190} INFO - [2025-01-08T10:44:53.814+0000] {dag.py:4180} INFO - Setting next_dagrun for dataset_s3_bucket_consumer_with_no_taskflow to None, run_after=None
[2025-01-08T10:44:53.815+0000] {logging_mixin.py:190} INFO - [2025-01-08T10:44:53.815+0000] {dag.py:4180} INFO - Setting next_dagrun for dataset_s3_bucket_producer_with_no_taskflow to None, run_after=None
[2025-01-08T10:44:53.840+0000] {processor.py:208} INFO - Processing /home/airflow/.local/lib/python3.12/site-packages/airflow/example_dags/example_dataset_alias_with_no_taskflow.py took 0.660 seconds
[2025-01-08T10:45:23.970+0000] {processor.py:186} INFO - Started process (PID=1578) to work on /home/airflow/.local/lib/python3.12/site-packages/airflow/example_dags/example_dataset_alias_with_no_taskflow.py
[2025-01-08T10:45:23.972+0000] {processor.py:914} INFO - Processing file /home/airflow/.local/lib/python3.12/site-packages/airflow/example_dags/example_dataset_alias_with_no_taskflow.py for tasks to queue
[2025-01-08T10:45:23.974+0000] {logging_mixin.py:190} INFO - [2025-01-08T10:45:23.974+0000] {dagbag.py:588} INFO - Filling up the DagBag from /home/airflow/.local/lib/python3.12/site-packages/airflow/example_dags/example_dataset_alias_with_no_taskflow.py
[2025-01-08T10:45:24.507+0000] {processor.py:925} INFO - DAG(s) 'dataset_alias_example_alias_consumer_with_no_taskflow', 'dataset_s3_bucket_producer_with_no_taskflow', 'dataset_alias_example_alias_producer_with_no_taskflow', 'dataset_s3_bucket_consumer_with_no_taskflow' retrieved from /home/airflow/.local/lib/python3.12/site-packages/airflow/example_dags/example_dataset_alias_with_no_taskflow.py
[2025-01-08T10:45:24.536+0000] {logging_mixin.py:190} INFO - [2025-01-08T10:45:24.536+0000] {dag.py:3239} INFO - Sync 4 DAGs
[2025-01-08T10:45:24.566+0000] {logging_mixin.py:190} INFO - [2025-01-08T10:45:24.565+0000] {dag.py:4180} INFO - Setting next_dagrun for dataset_alias_example_alias_consumer_with_no_taskflow to None, run_after=None
[2025-01-08T10:45:24.569+0000] {logging_mixin.py:190} INFO - [2025-01-08T10:45:24.569+0000] {dag.py:4180} INFO - Setting next_dagrun for dataset_alias_example_alias_producer_with_no_taskflow to None, run_after=None
[2025-01-08T10:45:24.571+0000] {logging_mixin.py:190} INFO - [2025-01-08T10:45:24.571+0000] {dag.py:4180} INFO - Setting next_dagrun for dataset_s3_bucket_consumer_with_no_taskflow to None, run_after=None
[2025-01-08T10:45:24.573+0000] {logging_mixin.py:190} INFO - [2025-01-08T10:45:24.572+0000] {dag.py:4180} INFO - Setting next_dagrun for dataset_s3_bucket_producer_with_no_taskflow to None, run_after=None
[2025-01-08T10:45:24.607+0000] {processor.py:208} INFO - Processing /home/airflow/.local/lib/python3.12/site-packages/airflow/example_dags/example_dataset_alias_with_no_taskflow.py took 0.642 seconds
[2025-01-08T10:45:54.768+0000] {processor.py:186} INFO - Started process (PID=1879) to work on /home/airflow/.local/lib/python3.12/site-packages/airflow/example_dags/example_dataset_alias_with_no_taskflow.py
[2025-01-08T10:45:54.769+0000] {processor.py:914} INFO - Processing file /home/airflow/.local/lib/python3.12/site-packages/airflow/example_dags/example_dataset_alias_with_no_taskflow.py for tasks to queue
[2025-01-08T10:45:54.771+0000] {logging_mixin.py:190} INFO - [2025-01-08T10:45:54.770+0000] {dagbag.py:588} INFO - Filling up the DagBag from /home/airflow/.local/lib/python3.12/site-packages/airflow/example_dags/example_dataset_alias_with_no_taskflow.py
[2025-01-08T10:45:55.363+0000] {processor.py:925} INFO - DAG(s) 'dataset_s3_bucket_producer_with_no_taskflow', 'dataset_alias_example_alias_producer_with_no_taskflow', 'dataset_s3_bucket_consumer_with_no_taskflow', 'dataset_alias_example_alias_consumer_with_no_taskflow' retrieved from /home/airflow/.local/lib/python3.12/site-packages/airflow/example_dags/example_dataset_alias_with_no_taskflow.py
[2025-01-08T10:45:55.385+0000] {logging_mixin.py:190} INFO - [2025-01-08T10:45:55.385+0000] {dag.py:3239} INFO - Sync 4 DAGs
[2025-01-08T10:45:55.410+0000] {logging_mixin.py:190} INFO - [2025-01-08T10:45:55.410+0000] {dag.py:4180} INFO - Setting next_dagrun for dataset_alias_example_alias_consumer_with_no_taskflow to None, run_after=None
[2025-01-08T10:45:55.413+0000] {logging_mixin.py:190} INFO - [2025-01-08T10:45:55.412+0000] {dag.py:4180} INFO - Setting next_dagrun for dataset_alias_example_alias_producer_with_no_taskflow to None, run_after=None
[2025-01-08T10:45:55.414+0000] {logging_mixin.py:190} INFO - [2025-01-08T10:45:55.414+0000] {dag.py:4180} INFO - Setting next_dagrun for dataset_s3_bucket_consumer_with_no_taskflow to None, run_after=None
[2025-01-08T10:45:55.416+0000] {logging_mixin.py:190} INFO - [2025-01-08T10:45:55.415+0000] {dag.py:4180} INFO - Setting next_dagrun for dataset_s3_bucket_producer_with_no_taskflow to None, run_after=None
[2025-01-08T10:45:55.440+0000] {processor.py:208} INFO - Processing /home/airflow/.local/lib/python3.12/site-packages/airflow/example_dags/example_dataset_alias_with_no_taskflow.py took 0.677 seconds
[2025-01-08T10:46:25.488+0000] {processor.py:186} INFO - Started process (PID=2180) to work on /home/airflow/.local/lib/python3.12/site-packages/airflow/example_dags/example_dataset_alias_with_no_taskflow.py
[2025-01-08T10:46:25.490+0000] {processor.py:914} INFO - Processing file /home/airflow/.local/lib/python3.12/site-packages/airflow/example_dags/example_dataset_alias_with_no_taskflow.py for tasks to queue
[2025-01-08T10:46:25.493+0000] {logging_mixin.py:190} INFO - [2025-01-08T10:46:25.492+0000] {dagbag.py:588} INFO - Filling up the DagBag from /home/airflow/.local/lib/python3.12/site-packages/airflow/example_dags/example_dataset_alias_with_no_taskflow.py
[2025-01-08T10:46:26.169+0000] {processor.py:925} INFO - DAG(s) 'dataset_alias_example_alias_consumer_with_no_taskflow', 'dataset_alias_example_alias_producer_with_no_taskflow', 'dataset_s3_bucket_producer_with_no_taskflow', 'dataset_s3_bucket_consumer_with_no_taskflow' retrieved from /home/airflow/.local/lib/python3.12/site-packages/airflow/example_dags/example_dataset_alias_with_no_taskflow.py
[2025-01-08T10:46:26.204+0000] {logging_mixin.py:190} INFO - [2025-01-08T10:46:26.203+0000] {dag.py:3239} INFO - Sync 4 DAGs
[2025-01-08T10:46:26.237+0000] {logging_mixin.py:190} INFO - [2025-01-08T10:46:26.237+0000] {dag.py:4180} INFO - Setting next_dagrun for dataset_alias_example_alias_consumer_with_no_taskflow to None, run_after=None
[2025-01-08T10:46:26.240+0000] {logging_mixin.py:190} INFO - [2025-01-08T10:46:26.240+0000] {dag.py:4180} INFO - Setting next_dagrun for dataset_alias_example_alias_producer_with_no_taskflow to None, run_after=None
[2025-01-08T10:46:26.242+0000] {logging_mixin.py:190} INFO - [2025-01-08T10:46:26.242+0000] {dag.py:4180} INFO - Setting next_dagrun for dataset_s3_bucket_consumer_with_no_taskflow to None, run_after=None
[2025-01-08T10:46:26.243+0000] {logging_mixin.py:190} INFO - [2025-01-08T10:46:26.243+0000] {dag.py:4180} INFO - Setting next_dagrun for dataset_s3_bucket_producer_with_no_taskflow to None, run_after=None
[2025-01-08T10:46:26.268+0000] {processor.py:208} INFO - Processing /home/airflow/.local/lib/python3.12/site-packages/airflow/example_dags/example_dataset_alias_with_no_taskflow.py took 0.786 seconds
[2025-01-08T10:46:56.480+0000] {processor.py:186} INFO - Started process (PID=2481) to work on /home/airflow/.local/lib/python3.12/site-packages/airflow/example_dags/example_dataset_alias_with_no_taskflow.py
[2025-01-08T10:46:56.482+0000] {processor.py:914} INFO - Processing file /home/airflow/.local/lib/python3.12/site-packages/airflow/example_dags/example_dataset_alias_with_no_taskflow.py for tasks to queue
[2025-01-08T10:46:56.484+0000] {logging_mixin.py:190} INFO - [2025-01-08T10:46:56.484+0000] {dagbag.py:588} INFO - Filling up the DagBag from /home/airflow/.local/lib/python3.12/site-packages/airflow/example_dags/example_dataset_alias_with_no_taskflow.py
[2025-01-08T10:46:56.984+0000] {processor.py:925} INFO - DAG(s) 'dataset_alias_example_alias_consumer_with_no_taskflow', 'dataset_s3_bucket_producer_with_no_taskflow', 'dataset_s3_bucket_consumer_with_no_taskflow', 'dataset_alias_example_alias_producer_with_no_taskflow' retrieved from /home/airflow/.local/lib/python3.12/site-packages/airflow/example_dags/example_dataset_alias_with_no_taskflow.py
[2025-01-08T10:46:57.010+0000] {logging_mixin.py:190} INFO - [2025-01-08T10:46:57.009+0000] {dag.py:3239} INFO - Sync 4 DAGs
[2025-01-08T10:46:57.034+0000] {logging_mixin.py:190} INFO - [2025-01-08T10:46:57.033+0000] {dag.py:4180} INFO - Setting next_dagrun for dataset_alias_example_alias_consumer_with_no_taskflow to None, run_after=None
[2025-01-08T10:46:57.036+0000] {logging_mixin.py:190} INFO - [2025-01-08T10:46:57.036+0000] {dag.py:4180} INFO - Setting next_dagrun for dataset_alias_example_alias_producer_with_no_taskflow to None, run_after=None
[2025-01-08T10:46:57.037+0000] {logging_mixin.py:190} INFO - [2025-01-08T10:46:57.037+0000] {dag.py:4180} INFO - Setting next_dagrun for dataset_s3_bucket_consumer_with_no_taskflow to None, run_after=None
[2025-01-08T10:46:57.038+0000] {logging_mixin.py:190} INFO - [2025-01-08T10:46:57.038+0000] {dag.py:4180} INFO - Setting next_dagrun for dataset_s3_bucket_producer_with_no_taskflow to None, run_after=None
[2025-01-08T10:46:57.059+0000] {processor.py:208} INFO - Processing /home/airflow/.local/lib/python3.12/site-packages/airflow/example_dags/example_dataset_alias_with_no_taskflow.py took 0.584 seconds
[2025-01-08T10:47:27.650+0000] {processor.py:186} INFO - Started process (PID=2782) to work on /home/airflow/.local/lib/python3.12/site-packages/airflow/example_dags/example_dataset_alias_with_no_taskflow.py
[2025-01-08T10:47:27.651+0000] {processor.py:914} INFO - Processing file /home/airflow/.local/lib/python3.12/site-packages/airflow/example_dags/example_dataset_alias_with_no_taskflow.py for tasks to queue
[2025-01-08T10:47:27.653+0000] {logging_mixin.py:190} INFO - [2025-01-08T10:47:27.653+0000] {dagbag.py:588} INFO - Filling up the DagBag from /home/airflow/.local/lib/python3.12/site-packages/airflow/example_dags/example_dataset_alias_with_no_taskflow.py
[2025-01-08T10:47:28.196+0000] {processor.py:925} INFO - DAG(s) 'dataset_alias_example_alias_producer_with_no_taskflow', 'dataset_alias_example_alias_consumer_with_no_taskflow', 'dataset_s3_bucket_consumer_with_no_taskflow', 'dataset_s3_bucket_producer_with_no_taskflow' retrieved from /home/airflow/.local/lib/python3.12/site-packages/airflow/example_dags/example_dataset_alias_with_no_taskflow.py
[2025-01-08T10:47:28.216+0000] {logging_mixin.py:190} INFO - [2025-01-08T10:47:28.216+0000] {dag.py:3239} INFO - Sync 4 DAGs
[2025-01-08T10:47:28.237+0000] {logging_mixin.py:190} INFO - [2025-01-08T10:47:28.237+0000] {dag.py:4180} INFO - Setting next_dagrun for dataset_alias_example_alias_consumer_with_no_taskflow to None, run_after=None
[2025-01-08T10:47:28.240+0000] {logging_mixin.py:190} INFO - [2025-01-08T10:47:28.239+0000] {dag.py:4180} INFO - Setting next_dagrun for dataset_alias_example_alias_producer_with_no_taskflow to None, run_after=None
[2025-01-08T10:47:28.242+0000] {logging_mixin.py:190} INFO - [2025-01-08T10:47:28.242+0000] {dag.py:4180} INFO - Setting next_dagrun for dataset_s3_bucket_consumer_with_no_taskflow to None, run_after=None
[2025-01-08T10:47:28.243+0000] {logging_mixin.py:190} INFO - [2025-01-08T10:47:28.243+0000] {dag.py:4180} INFO - Setting next_dagrun for dataset_s3_bucket_producer_with_no_taskflow to None, run_after=None
[2025-01-08T10:47:28.265+0000] {processor.py:208} INFO - Processing /home/airflow/.local/lib/python3.12/site-packages/airflow/example_dags/example_dataset_alias_with_no_taskflow.py took 0.620 seconds
[2025-01-08T10:47:58.371+0000] {processor.py:186} INFO - Started process (PID=3083) to work on /home/airflow/.local/lib/python3.12/site-packages/airflow/example_dags/example_dataset_alias_with_no_taskflow.py
[2025-01-08T10:47:58.372+0000] {processor.py:914} INFO - Processing file /home/airflow/.local/lib/python3.12/site-packages/airflow/example_dags/example_dataset_alias_with_no_taskflow.py for tasks to queue
[2025-01-08T10:47:58.376+0000] {logging_mixin.py:190} INFO - [2025-01-08T10:47:58.375+0000] {dagbag.py:588} INFO - Filling up the DagBag from /home/airflow/.local/lib/python3.12/site-packages/airflow/example_dags/example_dataset_alias_with_no_taskflow.py
[2025-01-08T10:47:59.145+0000] {processor.py:925} INFO - DAG(s) 'dataset_s3_bucket_producer_with_no_taskflow', 'dataset_alias_example_alias_producer_with_no_taskflow', 'dataset_s3_bucket_consumer_with_no_taskflow', 'dataset_alias_example_alias_consumer_with_no_taskflow' retrieved from /home/airflow/.local/lib/python3.12/site-packages/airflow/example_dags/example_dataset_alias_with_no_taskflow.py
[2025-01-08T10:47:59.166+0000] {logging_mixin.py:190} INFO - [2025-01-08T10:47:59.165+0000] {dag.py:3239} INFO - Sync 4 DAGs
[2025-01-08T10:47:59.189+0000] {logging_mixin.py:190} INFO - [2025-01-08T10:47:59.188+0000] {dag.py:4180} INFO - Setting next_dagrun for dataset_alias_example_alias_consumer_with_no_taskflow to None, run_after=None
[2025-01-08T10:47:59.192+0000] {logging_mixin.py:190} INFO - [2025-01-08T10:47:59.192+0000] {dag.py:4180} INFO - Setting next_dagrun for dataset_alias_example_alias_producer_with_no_taskflow to None, run_after=None
[2025-01-08T10:47:59.197+0000] {logging_mixin.py:190} INFO - [2025-01-08T10:47:59.196+0000] {dag.py:4180} INFO - Setting next_dagrun for dataset_s3_bucket_consumer_with_no_taskflow to None, run_after=None
[2025-01-08T10:47:59.200+0000] {logging_mixin.py:190} INFO - [2025-01-08T10:47:59.199+0000] {dag.py:4180} INFO - Setting next_dagrun for dataset_s3_bucket_producer_with_no_taskflow to None, run_after=None
[2025-01-08T10:47:59.229+0000] {processor.py:208} INFO - Processing /home/airflow/.local/lib/python3.12/site-packages/airflow/example_dags/example_dataset_alias_with_no_taskflow.py took 0.869 seconds
