[2025-01-08T10:35:12.259+0000] {processor.py:186} INFO - Started process (PID=322) to work on /home/airflow/.local/lib/python3.12/site-packages/airflow/example_dags/example_python_decorator.py
[2025-01-08T10:35:12.260+0000] {processor.py:914} INFO - Processing file /home/airflow/.local/lib/python3.12/site-packages/airflow/example_dags/example_python_decorator.py for tasks to queue
[2025-01-08T10:35:12.265+0000] {logging_mixin.py:190} INFO - [2025-01-08T10:35:12.265+0000] {dagbag.py:588} INFO - Filling up the DagBag from /home/airflow/.local/lib/python3.12/site-packages/airflow/example_dags/example_python_decorator.py
[2025-01-08T10:35:12.293+0000] {processor.py:925} INFO - DAG(s) 'example_python_decorator' retrieved from /home/airflow/.local/lib/python3.12/site-packages/airflow/example_dags/example_python_decorator.py
[2025-01-08T10:35:12.611+0000] {logging_mixin.py:190} INFO - [2025-01-08T10:35:12.611+0000] {override.py:1911} INFO - Created Permission View: can delete on DAG:example_python_decorator
[2025-01-08T10:35:12.636+0000] {logging_mixin.py:190} INFO - [2025-01-08T10:35:12.636+0000] {override.py:1911} INFO - Created Permission View: can read on DAG:example_python_decorator
[2025-01-08T10:35:12.653+0000] {logging_mixin.py:190} INFO - [2025-01-08T10:35:12.652+0000] {override.py:1911} INFO - Created Permission View: can edit on DAG:example_python_decorator
[2025-01-08T10:35:12.675+0000] {logging_mixin.py:190} INFO - [2025-01-08T10:35:12.675+0000] {override.py:1911} INFO - Created Permission View: menu access on DAG Run:example_python_decorator
[2025-01-08T10:35:12.691+0000] {logging_mixin.py:190} INFO - [2025-01-08T10:35:12.691+0000] {override.py:1911} INFO - Created Permission View: can create on DAG Run:example_python_decorator
[2025-01-08T10:35:12.706+0000] {logging_mixin.py:190} INFO - [2025-01-08T10:35:12.706+0000] {override.py:1911} INFO - Created Permission View: can read on DAG Run:example_python_decorator
[2025-01-08T10:35:12.723+0000] {logging_mixin.py:190} INFO - [2025-01-08T10:35:12.723+0000] {override.py:1911} INFO - Created Permission View: can delete on DAG Run:example_python_decorator
[2025-01-08T10:35:12.724+0000] {logging_mixin.py:190} INFO - [2025-01-08T10:35:12.724+0000] {dag.py:3239} INFO - Sync 1 DAGs
[2025-01-08T10:35:12.738+0000] {logging_mixin.py:190} INFO - [2025-01-08T10:35:12.738+0000] {dag.py:3262} INFO - Creating ORM DAG for example_python_decorator
[2025-01-08T10:35:12.739+0000] {logging_mixin.py:190} INFO - [2025-01-08T10:35:12.739+0000] {dag.py:4180} INFO - Setting next_dagrun for example_python_decorator to None, run_after=None
[2025-01-08T10:35:12.767+0000] {processor.py:208} INFO - Processing /home/airflow/.local/lib/python3.12/site-packages/airflow/example_dags/example_python_decorator.py took 0.515 seconds
[2025-01-08T10:35:46.757+0000] {processor.py:186} INFO - Started process (PID=623) to work on /home/airflow/.local/lib/python3.12/site-packages/airflow/example_dags/example_python_decorator.py
[2025-01-08T10:35:46.759+0000] {processor.py:914} INFO - Processing file /home/airflow/.local/lib/python3.12/site-packages/airflow/example_dags/example_python_decorator.py for tasks to queue
[2025-01-08T10:35:46.762+0000] {logging_mixin.py:190} INFO - [2025-01-08T10:35:46.761+0000] {dagbag.py:588} INFO - Filling up the DagBag from /home/airflow/.local/lib/python3.12/site-packages/airflow/example_dags/example_python_decorator.py
[2025-01-08T10:35:46.783+0000] {processor.py:925} INFO - DAG(s) 'example_python_decorator' retrieved from /home/airflow/.local/lib/python3.12/site-packages/airflow/example_dags/example_python_decorator.py
[2025-01-08T10:35:46.808+0000] {logging_mixin.py:190} INFO - [2025-01-08T10:35:46.808+0000] {dag.py:3239} INFO - Sync 1 DAGs
[2025-01-08T10:35:46.828+0000] {logging_mixin.py:190} INFO - [2025-01-08T10:35:46.827+0000] {dag.py:4180} INFO - Setting next_dagrun for example_python_decorator to None, run_after=None
[2025-01-08T10:35:46.907+0000] {processor.py:208} INFO - Processing /home/airflow/.local/lib/python3.12/site-packages/airflow/example_dags/example_python_decorator.py took 0.159 seconds
[2025-01-08T10:36:17.386+0000] {processor.py:186} INFO - Started process (PID=924) to work on /home/airflow/.local/lib/python3.12/site-packages/airflow/example_dags/example_python_decorator.py
[2025-01-08T10:36:17.388+0000] {processor.py:914} INFO - Processing file /home/airflow/.local/lib/python3.12/site-packages/airflow/example_dags/example_python_decorator.py for tasks to queue
[2025-01-08T10:36:17.391+0000] {logging_mixin.py:190} INFO - [2025-01-08T10:36:17.391+0000] {dagbag.py:588} INFO - Filling up the DagBag from /home/airflow/.local/lib/python3.12/site-packages/airflow/example_dags/example_python_decorator.py
[2025-01-08T10:36:17.435+0000] {processor.py:925} INFO - DAG(s) 'example_python_decorator' retrieved from /home/airflow/.local/lib/python3.12/site-packages/airflow/example_dags/example_python_decorator.py
[2025-01-08T10:36:17.500+0000] {logging_mixin.py:190} INFO - [2025-01-08T10:36:17.499+0000] {dag.py:3239} INFO - Sync 1 DAGs
[2025-01-08T10:36:17.538+0000] {logging_mixin.py:190} INFO - [2025-01-08T10:36:17.536+0000] {dag.py:4180} INFO - Setting next_dagrun for example_python_decorator to None, run_after=None
[2025-01-08T10:36:17.586+0000] {processor.py:208} INFO - Processing /home/airflow/.local/lib/python3.12/site-packages/airflow/example_dags/example_python_decorator.py took 0.214 seconds
[2025-01-08T10:36:48.323+0000] {processor.py:186} INFO - Started process (PID=1220) to work on /home/airflow/.local/lib/python3.12/site-packages/airflow/example_dags/example_python_decorator.py
[2025-01-08T10:36:48.324+0000] {processor.py:914} INFO - Processing file /home/airflow/.local/lib/python3.12/site-packages/airflow/example_dags/example_python_decorator.py for tasks to queue
[2025-01-08T10:36:48.327+0000] {logging_mixin.py:190} INFO - [2025-01-08T10:36:48.327+0000] {dagbag.py:588} INFO - Filling up the DagBag from /home/airflow/.local/lib/python3.12/site-packages/airflow/example_dags/example_python_decorator.py
[2025-01-08T10:36:48.356+0000] {processor.py:925} INFO - DAG(s) 'example_python_decorator' retrieved from /home/airflow/.local/lib/python3.12/site-packages/airflow/example_dags/example_python_decorator.py
[2025-01-08T10:36:48.389+0000] {logging_mixin.py:190} INFO - [2025-01-08T10:36:48.389+0000] {dag.py:3239} INFO - Sync 1 DAGs
[2025-01-08T10:36:48.413+0000] {logging_mixin.py:190} INFO - [2025-01-08T10:36:48.413+0000] {dag.py:4180} INFO - Setting next_dagrun for example_python_decorator to None, run_after=None
[2025-01-08T10:36:48.443+0000] {processor.py:208} INFO - Processing /home/airflow/.local/lib/python3.12/site-packages/airflow/example_dags/example_python_decorator.py took 0.129 seconds
[2025-01-08T10:37:18.597+0000] {processor.py:186} INFO - Started process (PID=1521) to work on /home/airflow/.local/lib/python3.12/site-packages/airflow/example_dags/example_python_decorator.py
[2025-01-08T10:37:18.599+0000] {processor.py:914} INFO - Processing file /home/airflow/.local/lib/python3.12/site-packages/airflow/example_dags/example_python_decorator.py for tasks to queue
[2025-01-08T10:37:18.601+0000] {logging_mixin.py:190} INFO - [2025-01-08T10:37:18.601+0000] {dagbag.py:588} INFO - Filling up the DagBag from /home/airflow/.local/lib/python3.12/site-packages/airflow/example_dags/example_python_decorator.py
[2025-01-08T10:37:18.620+0000] {processor.py:925} INFO - DAG(s) 'example_python_decorator' retrieved from /home/airflow/.local/lib/python3.12/site-packages/airflow/example_dags/example_python_decorator.py
[2025-01-08T10:37:18.646+0000] {logging_mixin.py:190} INFO - [2025-01-08T10:37:18.646+0000] {dag.py:3239} INFO - Sync 1 DAGs
[2025-01-08T10:37:18.667+0000] {logging_mixin.py:190} INFO - [2025-01-08T10:37:18.667+0000] {dag.py:4180} INFO - Setting next_dagrun for example_python_decorator to None, run_after=None
[2025-01-08T10:37:18.695+0000] {processor.py:208} INFO - Processing /home/airflow/.local/lib/python3.12/site-packages/airflow/example_dags/example_python_decorator.py took 0.105 seconds
[2025-01-08T10:37:49.255+0000] {processor.py:186} INFO - Started process (PID=1822) to work on /home/airflow/.local/lib/python3.12/site-packages/airflow/example_dags/example_python_decorator.py
[2025-01-08T10:37:49.256+0000] {processor.py:914} INFO - Processing file /home/airflow/.local/lib/python3.12/site-packages/airflow/example_dags/example_python_decorator.py for tasks to queue
[2025-01-08T10:37:49.269+0000] {logging_mixin.py:190} INFO - [2025-01-08T10:37:49.268+0000] {dagbag.py:588} INFO - Filling up the DagBag from /home/airflow/.local/lib/python3.12/site-packages/airflow/example_dags/example_python_decorator.py
[2025-01-08T10:37:49.313+0000] {processor.py:925} INFO - DAG(s) 'example_python_decorator' retrieved from /home/airflow/.local/lib/python3.12/site-packages/airflow/example_dags/example_python_decorator.py
[2025-01-08T10:37:49.465+0000] {logging_mixin.py:190} INFO - [2025-01-08T10:37:49.464+0000] {dag.py:3239} INFO - Sync 1 DAGs
[2025-01-08T10:37:49.540+0000] {logging_mixin.py:190} INFO - [2025-01-08T10:37:49.540+0000] {dag.py:4180} INFO - Setting next_dagrun for example_python_decorator to None, run_after=None
[2025-01-08T10:37:49.671+0000] {processor.py:208} INFO - Processing /home/airflow/.local/lib/python3.12/site-packages/airflow/example_dags/example_python_decorator.py took 0.434 seconds
[2025-01-08T10:38:19.814+0000] {processor.py:186} INFO - Started process (PID=2123) to work on /home/airflow/.local/lib/python3.12/site-packages/airflow/example_dags/example_python_decorator.py
[2025-01-08T10:38:19.817+0000] {processor.py:914} INFO - Processing file /home/airflow/.local/lib/python3.12/site-packages/airflow/example_dags/example_python_decorator.py for tasks to queue
[2025-01-08T10:38:19.822+0000] {logging_mixin.py:190} INFO - [2025-01-08T10:38:19.822+0000] {dagbag.py:588} INFO - Filling up the DagBag from /home/airflow/.local/lib/python3.12/site-packages/airflow/example_dags/example_python_decorator.py
[2025-01-08T10:38:19.858+0000] {processor.py:925} INFO - DAG(s) 'example_python_decorator' retrieved from /home/airflow/.local/lib/python3.12/site-packages/airflow/example_dags/example_python_decorator.py
[2025-01-08T10:38:19.906+0000] {logging_mixin.py:190} INFO - [2025-01-08T10:38:19.905+0000] {dag.py:3239} INFO - Sync 1 DAGs
[2025-01-08T10:38:19.940+0000] {logging_mixin.py:190} INFO - [2025-01-08T10:38:19.939+0000] {dag.py:4180} INFO - Setting next_dagrun for example_python_decorator to None, run_after=None
[2025-01-08T10:38:19.984+0000] {processor.py:208} INFO - Processing /home/airflow/.local/lib/python3.12/site-packages/airflow/example_dags/example_python_decorator.py took 0.182 seconds
[2025-01-08T10:38:50.721+0000] {processor.py:186} INFO - Started process (PID=2423) to work on /home/airflow/.local/lib/python3.12/site-packages/airflow/example_dags/example_python_decorator.py
[2025-01-08T10:38:50.722+0000] {processor.py:914} INFO - Processing file /home/airflow/.local/lib/python3.12/site-packages/airflow/example_dags/example_python_decorator.py for tasks to queue
[2025-01-08T10:38:50.726+0000] {logging_mixin.py:190} INFO - [2025-01-08T10:38:50.726+0000] {dagbag.py:588} INFO - Filling up the DagBag from /home/airflow/.local/lib/python3.12/site-packages/airflow/example_dags/example_python_decorator.py
[2025-01-08T10:38:50.751+0000] {processor.py:925} INFO - DAG(s) 'example_python_decorator' retrieved from /home/airflow/.local/lib/python3.12/site-packages/airflow/example_dags/example_python_decorator.py
[2025-01-08T10:38:50.792+0000] {logging_mixin.py:190} INFO - [2025-01-08T10:38:50.792+0000] {dag.py:3239} INFO - Sync 1 DAGs
[2025-01-08T10:38:50.833+0000] {logging_mixin.py:190} INFO - [2025-01-08T10:38:50.833+0000] {dag.py:4180} INFO - Setting next_dagrun for example_python_decorator to None, run_after=None
[2025-01-08T10:38:50.866+0000] {processor.py:208} INFO - Processing /home/airflow/.local/lib/python3.12/site-packages/airflow/example_dags/example_python_decorator.py took 0.154 seconds
[2025-01-08T10:39:21.217+0000] {processor.py:186} INFO - Started process (PID=2724) to work on /home/airflow/.local/lib/python3.12/site-packages/airflow/example_dags/example_python_decorator.py
[2025-01-08T10:39:21.218+0000] {processor.py:914} INFO - Processing file /home/airflow/.local/lib/python3.12/site-packages/airflow/example_dags/example_python_decorator.py for tasks to queue
[2025-01-08T10:39:21.222+0000] {logging_mixin.py:190} INFO - [2025-01-08T10:39:21.221+0000] {dagbag.py:588} INFO - Filling up the DagBag from /home/airflow/.local/lib/python3.12/site-packages/airflow/example_dags/example_python_decorator.py
[2025-01-08T10:39:21.260+0000] {processor.py:925} INFO - DAG(s) 'example_python_decorator' retrieved from /home/airflow/.local/lib/python3.12/site-packages/airflow/example_dags/example_python_decorator.py
[2025-01-08T10:39:21.307+0000] {logging_mixin.py:190} INFO - [2025-01-08T10:39:21.306+0000] {dag.py:3239} INFO - Sync 1 DAGs
[2025-01-08T10:39:21.342+0000] {logging_mixin.py:190} INFO - [2025-01-08T10:39:21.341+0000] {dag.py:4180} INFO - Setting next_dagrun for example_python_decorator to None, run_after=None
[2025-01-08T10:39:21.389+0000] {processor.py:208} INFO - Processing /home/airflow/.local/lib/python3.12/site-packages/airflow/example_dags/example_python_decorator.py took 0.188 seconds
[2025-01-08T10:39:51.767+0000] {processor.py:186} INFO - Started process (PID=3025) to work on /home/airflow/.local/lib/python3.12/site-packages/airflow/example_dags/example_python_decorator.py
[2025-01-08T10:39:51.775+0000] {processor.py:914} INFO - Processing file /home/airflow/.local/lib/python3.12/site-packages/airflow/example_dags/example_python_decorator.py for tasks to queue
[2025-01-08T10:39:51.778+0000] {logging_mixin.py:190} INFO - [2025-01-08T10:39:51.778+0000] {dagbag.py:588} INFO - Filling up the DagBag from /home/airflow/.local/lib/python3.12/site-packages/airflow/example_dags/example_python_decorator.py
[2025-01-08T10:39:51.818+0000] {processor.py:925} INFO - DAG(s) 'example_python_decorator' retrieved from /home/airflow/.local/lib/python3.12/site-packages/airflow/example_dags/example_python_decorator.py
[2025-01-08T10:39:51.893+0000] {logging_mixin.py:190} INFO - [2025-01-08T10:39:51.892+0000] {dag.py:3239} INFO - Sync 1 DAGs
[2025-01-08T10:39:51.926+0000] {logging_mixin.py:190} INFO - [2025-01-08T10:39:51.926+0000] {dag.py:4180} INFO - Setting next_dagrun for example_python_decorator to None, run_after=None
[2025-01-08T10:39:51.980+0000] {processor.py:208} INFO - Processing /home/airflow/.local/lib/python3.12/site-packages/airflow/example_dags/example_python_decorator.py took 0.228 seconds
[2025-01-08T10:40:22.602+0000] {processor.py:186} INFO - Started process (PID=3321) to work on /home/airflow/.local/lib/python3.12/site-packages/airflow/example_dags/example_python_decorator.py
[2025-01-08T10:40:22.604+0000] {processor.py:914} INFO - Processing file /home/airflow/.local/lib/python3.12/site-packages/airflow/example_dags/example_python_decorator.py for tasks to queue
[2025-01-08T10:40:22.607+0000] {logging_mixin.py:190} INFO - [2025-01-08T10:40:22.606+0000] {dagbag.py:588} INFO - Filling up the DagBag from /home/airflow/.local/lib/python3.12/site-packages/airflow/example_dags/example_python_decorator.py
[2025-01-08T10:40:22.625+0000] {processor.py:925} INFO - DAG(s) 'example_python_decorator' retrieved from /home/airflow/.local/lib/python3.12/site-packages/airflow/example_dags/example_python_decorator.py
[2025-01-08T10:40:22.657+0000] {logging_mixin.py:190} INFO - [2025-01-08T10:40:22.657+0000] {dag.py:3239} INFO - Sync 1 DAGs
[2025-01-08T10:40:22.683+0000] {logging_mixin.py:190} INFO - [2025-01-08T10:40:22.683+0000] {dag.py:4180} INFO - Setting next_dagrun for example_python_decorator to None, run_after=None
[2025-01-08T10:40:22.715+0000] {processor.py:208} INFO - Processing /home/airflow/.local/lib/python3.12/site-packages/airflow/example_dags/example_python_decorator.py took 0.122 seconds
[2025-01-08T10:43:18.446+0000] {processor.py:186} INFO - Started process (PID=323) to work on /home/airflow/.local/lib/python3.12/site-packages/airflow/example_dags/example_python_decorator.py
[2025-01-08T10:43:18.453+0000] {processor.py:914} INFO - Processing file /home/airflow/.local/lib/python3.12/site-packages/airflow/example_dags/example_python_decorator.py for tasks to queue
[2025-01-08T10:43:18.457+0000] {logging_mixin.py:190} INFO - [2025-01-08T10:43:18.456+0000] {dagbag.py:588} INFO - Filling up the DagBag from /home/airflow/.local/lib/python3.12/site-packages/airflow/example_dags/example_python_decorator.py
[2025-01-08T10:43:18.502+0000] {processor.py:925} INFO - DAG(s) 'example_python_decorator' retrieved from /home/airflow/.local/lib/python3.12/site-packages/airflow/example_dags/example_python_decorator.py
[2025-01-08T10:43:18.734+0000] {logging_mixin.py:190} INFO - [2025-01-08T10:43:18.734+0000] {dag.py:3239} INFO - Sync 1 DAGs
[2025-01-08T10:43:18.749+0000] {logging_mixin.py:190} INFO - [2025-01-08T10:43:18.749+0000] {dag.py:4180} INFO - Setting next_dagrun for example_python_decorator to None, run_after=None
[2025-01-08T10:43:18.774+0000] {processor.py:208} INFO - Processing /home/airflow/.local/lib/python3.12/site-packages/airflow/example_dags/example_python_decorator.py took 0.358 seconds
[2025-01-08T10:43:49.674+0000] {processor.py:186} INFO - Started process (PID=624) to work on /home/airflow/.local/lib/python3.12/site-packages/airflow/example_dags/example_python_decorator.py
[2025-01-08T10:43:49.675+0000] {processor.py:914} INFO - Processing file /home/airflow/.local/lib/python3.12/site-packages/airflow/example_dags/example_python_decorator.py for tasks to queue
[2025-01-08T10:43:49.677+0000] {logging_mixin.py:190} INFO - [2025-01-08T10:43:49.677+0000] {dagbag.py:588} INFO - Filling up the DagBag from /home/airflow/.local/lib/python3.12/site-packages/airflow/example_dags/example_python_decorator.py
[2025-01-08T10:43:49.692+0000] {processor.py:925} INFO - DAG(s) 'example_python_decorator' retrieved from /home/airflow/.local/lib/python3.12/site-packages/airflow/example_dags/example_python_decorator.py
[2025-01-08T10:43:49.712+0000] {logging_mixin.py:190} INFO - [2025-01-08T10:43:49.712+0000] {dag.py:3239} INFO - Sync 1 DAGs
[2025-01-08T10:43:49.726+0000] {logging_mixin.py:190} INFO - [2025-01-08T10:43:49.726+0000] {dag.py:4180} INFO - Setting next_dagrun for example_python_decorator to None, run_after=None
[2025-01-08T10:43:49.749+0000] {processor.py:208} INFO - Processing /home/airflow/.local/lib/python3.12/site-packages/airflow/example_dags/example_python_decorator.py took 0.082 seconds
[2025-01-08T10:44:20.728+0000] {processor.py:186} INFO - Started process (PID=924) to work on /home/airflow/.local/lib/python3.12/site-packages/airflow/example_dags/example_python_decorator.py
[2025-01-08T10:44:20.729+0000] {processor.py:914} INFO - Processing file /home/airflow/.local/lib/python3.12/site-packages/airflow/example_dags/example_python_decorator.py for tasks to queue
[2025-01-08T10:44:20.732+0000] {logging_mixin.py:190} INFO - [2025-01-08T10:44:20.731+0000] {dagbag.py:588} INFO - Filling up the DagBag from /home/airflow/.local/lib/python3.12/site-packages/airflow/example_dags/example_python_decorator.py
[2025-01-08T10:44:20.749+0000] {processor.py:925} INFO - DAG(s) 'example_python_decorator' retrieved from /home/airflow/.local/lib/python3.12/site-packages/airflow/example_dags/example_python_decorator.py
[2025-01-08T10:44:20.773+0000] {logging_mixin.py:190} INFO - [2025-01-08T10:44:20.773+0000] {dag.py:3239} INFO - Sync 1 DAGs
[2025-01-08T10:44:20.791+0000] {logging_mixin.py:190} INFO - [2025-01-08T10:44:20.790+0000] {dag.py:4180} INFO - Setting next_dagrun for example_python_decorator to None, run_after=None
[2025-01-08T10:44:20.814+0000] {processor.py:208} INFO - Processing /home/airflow/.local/lib/python3.12/site-packages/airflow/example_dags/example_python_decorator.py took 0.093 seconds
[2025-01-08T10:44:51.245+0000] {processor.py:186} INFO - Started process (PID=1225) to work on /home/airflow/.local/lib/python3.12/site-packages/airflow/example_dags/example_python_decorator.py
[2025-01-08T10:44:51.246+0000] {processor.py:914} INFO - Processing file /home/airflow/.local/lib/python3.12/site-packages/airflow/example_dags/example_python_decorator.py for tasks to queue
[2025-01-08T10:44:51.248+0000] {logging_mixin.py:190} INFO - [2025-01-08T10:44:51.248+0000] {dagbag.py:588} INFO - Filling up the DagBag from /home/airflow/.local/lib/python3.12/site-packages/airflow/example_dags/example_python_decorator.py
[2025-01-08T10:44:51.264+0000] {processor.py:925} INFO - DAG(s) 'example_python_decorator' retrieved from /home/airflow/.local/lib/python3.12/site-packages/airflow/example_dags/example_python_decorator.py
[2025-01-08T10:44:51.289+0000] {logging_mixin.py:190} INFO - [2025-01-08T10:44:51.289+0000] {dag.py:3239} INFO - Sync 1 DAGs
[2025-01-08T10:44:51.313+0000] {logging_mixin.py:190} INFO - [2025-01-08T10:44:51.312+0000] {dag.py:4180} INFO - Setting next_dagrun for example_python_decorator to None, run_after=None
[2025-01-08T10:44:51.341+0000] {processor.py:208} INFO - Processing /home/airflow/.local/lib/python3.12/site-packages/airflow/example_dags/example_python_decorator.py took 0.103 seconds
[2025-01-08T10:45:22.151+0000] {processor.py:186} INFO - Started process (PID=1521) to work on /home/airflow/.local/lib/python3.12/site-packages/airflow/example_dags/example_python_decorator.py
[2025-01-08T10:45:22.152+0000] {processor.py:914} INFO - Processing file /home/airflow/.local/lib/python3.12/site-packages/airflow/example_dags/example_python_decorator.py for tasks to queue
[2025-01-08T10:45:22.154+0000] {logging_mixin.py:190} INFO - [2025-01-08T10:45:22.154+0000] {dagbag.py:588} INFO - Filling up the DagBag from /home/airflow/.local/lib/python3.12/site-packages/airflow/example_dags/example_python_decorator.py
[2025-01-08T10:45:22.169+0000] {processor.py:925} INFO - DAG(s) 'example_python_decorator' retrieved from /home/airflow/.local/lib/python3.12/site-packages/airflow/example_dags/example_python_decorator.py
[2025-01-08T10:45:22.191+0000] {logging_mixin.py:190} INFO - [2025-01-08T10:45:22.190+0000] {dag.py:3239} INFO - Sync 1 DAGs
[2025-01-08T10:45:22.206+0000] {logging_mixin.py:190} INFO - [2025-01-08T10:45:22.205+0000] {dag.py:4180} INFO - Setting next_dagrun for example_python_decorator to None, run_after=None
[2025-01-08T10:45:22.228+0000] {processor.py:208} INFO - Processing /home/airflow/.local/lib/python3.12/site-packages/airflow/example_dags/example_python_decorator.py took 0.082 seconds
[2025-01-08T10:45:52.994+0000] {processor.py:186} INFO - Started process (PID=1822) to work on /home/airflow/.local/lib/python3.12/site-packages/airflow/example_dags/example_python_decorator.py
[2025-01-08T10:45:52.995+0000] {processor.py:914} INFO - Processing file /home/airflow/.local/lib/python3.12/site-packages/airflow/example_dags/example_python_decorator.py for tasks to queue
[2025-01-08T10:45:52.997+0000] {logging_mixin.py:190} INFO - [2025-01-08T10:45:52.996+0000] {dagbag.py:588} INFO - Filling up the DagBag from /home/airflow/.local/lib/python3.12/site-packages/airflow/example_dags/example_python_decorator.py
[2025-01-08T10:45:53.011+0000] {processor.py:925} INFO - DAG(s) 'example_python_decorator' retrieved from /home/airflow/.local/lib/python3.12/site-packages/airflow/example_dags/example_python_decorator.py
[2025-01-08T10:45:53.032+0000] {logging_mixin.py:190} INFO - [2025-01-08T10:45:53.032+0000] {dag.py:3239} INFO - Sync 1 DAGs
[2025-01-08T10:45:53.045+0000] {logging_mixin.py:190} INFO - [2025-01-08T10:45:53.045+0000] {dag.py:4180} INFO - Setting next_dagrun for example_python_decorator to None, run_after=None
[2025-01-08T10:45:53.065+0000] {processor.py:208} INFO - Processing /home/airflow/.local/lib/python3.12/site-packages/airflow/example_dags/example_python_decorator.py took 0.078 seconds
[2025-01-08T10:46:23.296+0000] {processor.py:186} INFO - Started process (PID=2123) to work on /home/airflow/.local/lib/python3.12/site-packages/airflow/example_dags/example_python_decorator.py
[2025-01-08T10:46:23.297+0000] {processor.py:914} INFO - Processing file /home/airflow/.local/lib/python3.12/site-packages/airflow/example_dags/example_python_decorator.py for tasks to queue
[2025-01-08T10:46:23.300+0000] {logging_mixin.py:190} INFO - [2025-01-08T10:46:23.299+0000] {dagbag.py:588} INFO - Filling up the DagBag from /home/airflow/.local/lib/python3.12/site-packages/airflow/example_dags/example_python_decorator.py
[2025-01-08T10:46:23.317+0000] {processor.py:925} INFO - DAG(s) 'example_python_decorator' retrieved from /home/airflow/.local/lib/python3.12/site-packages/airflow/example_dags/example_python_decorator.py
[2025-01-08T10:46:23.344+0000] {logging_mixin.py:190} INFO - [2025-01-08T10:46:23.344+0000] {dag.py:3239} INFO - Sync 1 DAGs
[2025-01-08T10:46:23.370+0000] {logging_mixin.py:190} INFO - [2025-01-08T10:46:23.369+0000] {dag.py:4180} INFO - Setting next_dagrun for example_python_decorator to None, run_after=None
[2025-01-08T10:46:23.392+0000] {processor.py:208} INFO - Processing /home/airflow/.local/lib/python3.12/site-packages/airflow/example_dags/example_python_decorator.py took 0.101 seconds
[2025-01-08T10:46:53.580+0000] {processor.py:186} INFO - Started process (PID=2419) to work on /home/airflow/.local/lib/python3.12/site-packages/airflow/example_dags/example_python_decorator.py
[2025-01-08T10:46:53.581+0000] {processor.py:914} INFO - Processing file /home/airflow/.local/lib/python3.12/site-packages/airflow/example_dags/example_python_decorator.py for tasks to queue
[2025-01-08T10:46:53.583+0000] {logging_mixin.py:190} INFO - [2025-01-08T10:46:53.582+0000] {dagbag.py:588} INFO - Filling up the DagBag from /home/airflow/.local/lib/python3.12/site-packages/airflow/example_dags/example_python_decorator.py
[2025-01-08T10:46:53.596+0000] {processor.py:925} INFO - DAG(s) 'example_python_decorator' retrieved from /home/airflow/.local/lib/python3.12/site-packages/airflow/example_dags/example_python_decorator.py
[2025-01-08T10:46:53.616+0000] {logging_mixin.py:190} INFO - [2025-01-08T10:46:53.616+0000] {dag.py:3239} INFO - Sync 1 DAGs
[2025-01-08T10:46:53.629+0000] {logging_mixin.py:190} INFO - [2025-01-08T10:46:53.629+0000] {dag.py:4180} INFO - Setting next_dagrun for example_python_decorator to None, run_after=None
[2025-01-08T10:46:53.649+0000] {processor.py:208} INFO - Processing /home/airflow/.local/lib/python3.12/site-packages/airflow/example_dags/example_python_decorator.py took 0.074 seconds
[2025-01-08T10:47:24.026+0000] {processor.py:186} INFO - Started process (PID=2720) to work on /home/airflow/.local/lib/python3.12/site-packages/airflow/example_dags/example_python_decorator.py
[2025-01-08T10:47:24.027+0000] {processor.py:914} INFO - Processing file /home/airflow/.local/lib/python3.12/site-packages/airflow/example_dags/example_python_decorator.py for tasks to queue
[2025-01-08T10:47:24.029+0000] {logging_mixin.py:190} INFO - [2025-01-08T10:47:24.028+0000] {dagbag.py:588} INFO - Filling up the DagBag from /home/airflow/.local/lib/python3.12/site-packages/airflow/example_dags/example_python_decorator.py
[2025-01-08T10:47:24.043+0000] {processor.py:925} INFO - DAG(s) 'example_python_decorator' retrieved from /home/airflow/.local/lib/python3.12/site-packages/airflow/example_dags/example_python_decorator.py
[2025-01-08T10:47:24.064+0000] {logging_mixin.py:190} INFO - [2025-01-08T10:47:24.063+0000] {dag.py:3239} INFO - Sync 1 DAGs
[2025-01-08T10:47:24.078+0000] {logging_mixin.py:190} INFO - [2025-01-08T10:47:24.078+0000] {dag.py:4180} INFO - Setting next_dagrun for example_python_decorator to None, run_after=None
[2025-01-08T10:47:24.097+0000] {processor.py:208} INFO - Processing /home/airflow/.local/lib/python3.12/site-packages/airflow/example_dags/example_python_decorator.py took 0.076 seconds
[2025-01-08T10:47:54.579+0000] {processor.py:186} INFO - Started process (PID=3023) to work on /home/airflow/.local/lib/python3.12/site-packages/airflow/example_dags/example_python_decorator.py
[2025-01-08T10:47:54.580+0000] {processor.py:914} INFO - Processing file /home/airflow/.local/lib/python3.12/site-packages/airflow/example_dags/example_python_decorator.py for tasks to queue
[2025-01-08T10:47:54.583+0000] {logging_mixin.py:190} INFO - [2025-01-08T10:47:54.583+0000] {dagbag.py:588} INFO - Filling up the DagBag from /home/airflow/.local/lib/python3.12/site-packages/airflow/example_dags/example_python_decorator.py
[2025-01-08T10:47:54.599+0000] {processor.py:925} INFO - DAG(s) 'example_python_decorator' retrieved from /home/airflow/.local/lib/python3.12/site-packages/airflow/example_dags/example_python_decorator.py
[2025-01-08T10:47:54.624+0000] {logging_mixin.py:190} INFO - [2025-01-08T10:47:54.623+0000] {dag.py:3239} INFO - Sync 1 DAGs
[2025-01-08T10:47:54.640+0000] {logging_mixin.py:190} INFO - [2025-01-08T10:47:54.640+0000] {dag.py:4180} INFO - Setting next_dagrun for example_python_decorator to None, run_after=None
[2025-01-08T10:47:54.663+0000] {processor.py:208} INFO - Processing /home/airflow/.local/lib/python3.12/site-packages/airflow/example_dags/example_python_decorator.py took 0.090 seconds
