[2025-01-08T10:35:10.278+0000] {processor.py:186} INFO - Started process (PID=292) to work on /home/airflow/.local/lib/python3.12/site-packages/airflow/example_dags/example_dataset_alias.py
[2025-01-08T10:35:10.279+0000] {processor.py:914} INFO - Processing file /home/airflow/.local/lib/python3.12/site-packages/airflow/example_dags/example_dataset_alias.py for tasks to queue
[2025-01-08T10:35:10.283+0000] {logging_mixin.py:190} INFO - [2025-01-08T10:35:10.282+0000] {dagbag.py:588} INFO - Filling up the DagBag from /home/airflow/.local/lib/python3.12/site-packages/airflow/example_dags/example_dataset_alias.py
[2025-01-08T10:35:11.088+0000] {processor.py:925} INFO - DAG(s) 'dataset_alias_example_alias_consumer', 'dataset_s3_bucket_producer', 'dataset_s3_bucket_consumer', 'dataset_alias_example_alias_producer' retrieved from /home/airflow/.local/lib/python3.12/site-packages/airflow/example_dags/example_dataset_alias.py
[2025-01-08T10:35:11.264+0000] {logging_mixin.py:190} INFO - [2025-01-08T10:35:11.263+0000] {override.py:1911} INFO - Created Permission View: can delete on DAG:dataset_alias_example_alias_consumer
[2025-01-08T10:35:11.280+0000] {logging_mixin.py:190} INFO - [2025-01-08T10:35:11.280+0000] {override.py:1911} INFO - Created Permission View: can read on DAG:dataset_alias_example_alias_consumer
[2025-01-08T10:35:11.292+0000] {logging_mixin.py:190} INFO - [2025-01-08T10:35:11.291+0000] {override.py:1911} INFO - Created Permission View: can edit on DAG:dataset_alias_example_alias_consumer
[2025-01-08T10:35:11.307+0000] {logging_mixin.py:190} INFO - [2025-01-08T10:35:11.307+0000] {override.py:1911} INFO - Created Permission View: menu access on DAG Run:dataset_alias_example_alias_consumer
[2025-01-08T10:35:11.321+0000] {logging_mixin.py:190} INFO - [2025-01-08T10:35:11.321+0000] {override.py:1911} INFO - Created Permission View: can create on DAG Run:dataset_alias_example_alias_consumer
[2025-01-08T10:35:11.334+0000] {logging_mixin.py:190} INFO - [2025-01-08T10:35:11.334+0000] {override.py:1911} INFO - Created Permission View: can read on DAG Run:dataset_alias_example_alias_consumer
[2025-01-08T10:35:11.349+0000] {logging_mixin.py:190} INFO - [2025-01-08T10:35:11.349+0000] {override.py:1911} INFO - Created Permission View: can delete on DAG Run:dataset_alias_example_alias_consumer
[2025-01-08T10:35:11.374+0000] {logging_mixin.py:190} INFO - [2025-01-08T10:35:11.373+0000] {override.py:1911} INFO - Created Permission View: can delete on DAG:dataset_s3_bucket_producer
[2025-01-08T10:35:11.388+0000] {logging_mixin.py:190} INFO - [2025-01-08T10:35:11.387+0000] {override.py:1911} INFO - Created Permission View: can read on DAG:dataset_s3_bucket_producer
[2025-01-08T10:35:11.400+0000] {logging_mixin.py:190} INFO - [2025-01-08T10:35:11.400+0000] {override.py:1911} INFO - Created Permission View: can edit on DAG:dataset_s3_bucket_producer
[2025-01-08T10:35:11.418+0000] {logging_mixin.py:190} INFO - [2025-01-08T10:35:11.417+0000] {override.py:1911} INFO - Created Permission View: menu access on DAG Run:dataset_s3_bucket_producer
[2025-01-08T10:35:11.430+0000] {logging_mixin.py:190} INFO - [2025-01-08T10:35:11.429+0000] {override.py:1911} INFO - Created Permission View: can create on DAG Run:dataset_s3_bucket_producer
[2025-01-08T10:35:11.446+0000] {logging_mixin.py:190} INFO - [2025-01-08T10:35:11.446+0000] {override.py:1911} INFO - Created Permission View: can read on DAG Run:dataset_s3_bucket_producer
[2025-01-08T10:35:11.462+0000] {logging_mixin.py:190} INFO - [2025-01-08T10:35:11.461+0000] {override.py:1911} INFO - Created Permission View: can delete on DAG Run:dataset_s3_bucket_producer
[2025-01-08T10:35:11.495+0000] {logging_mixin.py:190} INFO - [2025-01-08T10:35:11.495+0000] {override.py:1911} INFO - Created Permission View: can delete on DAG:dataset_s3_bucket_consumer
[2025-01-08T10:35:11.516+0000] {logging_mixin.py:190} INFO - [2025-01-08T10:35:11.515+0000] {override.py:1911} INFO - Created Permission View: can read on DAG:dataset_s3_bucket_consumer
[2025-01-08T10:35:11.530+0000] {logging_mixin.py:190} INFO - [2025-01-08T10:35:11.529+0000] {override.py:1911} INFO - Created Permission View: can edit on DAG:dataset_s3_bucket_consumer
[2025-01-08T10:35:11.547+0000] {logging_mixin.py:190} INFO - [2025-01-08T10:35:11.546+0000] {override.py:1911} INFO - Created Permission View: menu access on DAG Run:dataset_s3_bucket_consumer
[2025-01-08T10:35:11.563+0000] {logging_mixin.py:190} INFO - [2025-01-08T10:35:11.562+0000] {override.py:1911} INFO - Created Permission View: can create on DAG Run:dataset_s3_bucket_consumer
[2025-01-08T10:35:11.578+0000] {logging_mixin.py:190} INFO - [2025-01-08T10:35:11.577+0000] {override.py:1911} INFO - Created Permission View: can read on DAG Run:dataset_s3_bucket_consumer
[2025-01-08T10:35:11.593+0000] {logging_mixin.py:190} INFO - [2025-01-08T10:35:11.592+0000] {override.py:1911} INFO - Created Permission View: can delete on DAG Run:dataset_s3_bucket_consumer
[2025-01-08T10:35:11.623+0000] {logging_mixin.py:190} INFO - [2025-01-08T10:35:11.622+0000] {override.py:1911} INFO - Created Permission View: can delete on DAG:dataset_alias_example_alias_producer
[2025-01-08T10:35:11.633+0000] {logging_mixin.py:190} INFO - [2025-01-08T10:35:11.632+0000] {override.py:1911} INFO - Created Permission View: can read on DAG:dataset_alias_example_alias_producer
[2025-01-08T10:35:11.643+0000] {logging_mixin.py:190} INFO - [2025-01-08T10:35:11.642+0000] {override.py:1911} INFO - Created Permission View: can edit on DAG:dataset_alias_example_alias_producer
[2025-01-08T10:35:11.657+0000] {logging_mixin.py:190} INFO - [2025-01-08T10:35:11.657+0000] {override.py:1911} INFO - Created Permission View: menu access on DAG Run:dataset_alias_example_alias_producer
[2025-01-08T10:35:11.667+0000] {logging_mixin.py:190} INFO - [2025-01-08T10:35:11.667+0000] {override.py:1911} INFO - Created Permission View: can create on DAG Run:dataset_alias_example_alias_producer
[2025-01-08T10:35:11.679+0000] {logging_mixin.py:190} INFO - [2025-01-08T10:35:11.679+0000] {override.py:1911} INFO - Created Permission View: can read on DAG Run:dataset_alias_example_alias_producer
[2025-01-08T10:35:11.691+0000] {logging_mixin.py:190} INFO - [2025-01-08T10:35:11.691+0000] {override.py:1911} INFO - Created Permission View: can delete on DAG Run:dataset_alias_example_alias_producer
[2025-01-08T10:35:11.693+0000] {logging_mixin.py:190} INFO - [2025-01-08T10:35:11.692+0000] {dag.py:3239} INFO - Sync 4 DAGs
[2025-01-08T10:35:11.715+0000] {logging_mixin.py:190} INFO - [2025-01-08T10:35:11.714+0000] {dag.py:3262} INFO - Creating ORM DAG for dataset_s3_bucket_producer
[2025-01-08T10:35:11.717+0000] {logging_mixin.py:190} INFO - [2025-01-08T10:35:11.716+0000] {dag.py:3262} INFO - Creating ORM DAG for dataset_s3_bucket_consumer
[2025-01-08T10:35:11.718+0000] {logging_mixin.py:190} INFO - [2025-01-08T10:35:11.718+0000] {dag.py:3262} INFO - Creating ORM DAG for dataset_alias_example_alias_consumer
[2025-01-08T10:35:11.719+0000] {logging_mixin.py:190} INFO - [2025-01-08T10:35:11.719+0000] {dag.py:3262} INFO - Creating ORM DAG for dataset_alias_example_alias_producer
[2025-01-08T10:35:11.732+0000] {logging_mixin.py:190} INFO - [2025-01-08T10:35:11.732+0000] {dag.py:4180} INFO - Setting next_dagrun for dataset_alias_example_alias_consumer to None, run_after=None
[2025-01-08T10:35:11.734+0000] {logging_mixin.py:190} INFO - [2025-01-08T10:35:11.733+0000] {dag.py:4180} INFO - Setting next_dagrun for dataset_alias_example_alias_producer to None, run_after=None
[2025-01-08T10:35:11.734+0000] {logging_mixin.py:190} INFO - [2025-01-08T10:35:11.734+0000] {dag.py:4180} INFO - Setting next_dagrun for dataset_s3_bucket_consumer to None, run_after=None
[2025-01-08T10:35:11.735+0000] {logging_mixin.py:190} INFO - [2025-01-08T10:35:11.735+0000] {dag.py:4180} INFO - Setting next_dagrun for dataset_s3_bucket_producer to None, run_after=None
[2025-01-08T10:35:11.785+0000] {processor.py:208} INFO - Processing /home/airflow/.local/lib/python3.12/site-packages/airflow/example_dags/example_dataset_alias.py took 1.516 seconds
[2025-01-08T10:35:45.427+0000] {processor.py:186} INFO - Started process (PID=605) to work on /home/airflow/.local/lib/python3.12/site-packages/airflow/example_dags/example_dataset_alias.py
[2025-01-08T10:35:45.432+0000] {processor.py:914} INFO - Processing file /home/airflow/.local/lib/python3.12/site-packages/airflow/example_dags/example_dataset_alias.py for tasks to queue
[2025-01-08T10:35:45.437+0000] {logging_mixin.py:190} INFO - [2025-01-08T10:35:45.436+0000] {dagbag.py:588} INFO - Filling up the DagBag from /home/airflow/.local/lib/python3.12/site-packages/airflow/example_dags/example_dataset_alias.py
[2025-01-08T10:35:46.802+0000] {processor.py:925} INFO - DAG(s) 'dataset_alias_example_alias_producer', 'dataset_s3_bucket_producer', 'dataset_alias_example_alias_consumer', 'dataset_s3_bucket_consumer' retrieved from /home/airflow/.local/lib/python3.12/site-packages/airflow/example_dags/example_dataset_alias.py
[2025-01-08T10:35:46.832+0000] {logging_mixin.py:190} INFO - [2025-01-08T10:35:46.831+0000] {dag.py:3239} INFO - Sync 4 DAGs
[2025-01-08T10:35:46.893+0000] {logging_mixin.py:190} INFO - [2025-01-08T10:35:46.893+0000] {dag.py:4180} INFO - Setting next_dagrun for dataset_alias_example_alias_consumer to None, run_after=None
[2025-01-08T10:35:46.898+0000] {logging_mixin.py:190} INFO - [2025-01-08T10:35:46.898+0000] {dag.py:4180} INFO - Setting next_dagrun for dataset_alias_example_alias_producer to None, run_after=None
[2025-01-08T10:35:46.904+0000] {logging_mixin.py:190} INFO - [2025-01-08T10:35:46.903+0000] {dag.py:4180} INFO - Setting next_dagrun for dataset_s3_bucket_consumer to None, run_after=None
[2025-01-08T10:35:46.908+0000] {logging_mixin.py:190} INFO - [2025-01-08T10:35:46.908+0000] {dag.py:4180} INFO - Setting next_dagrun for dataset_s3_bucket_producer to None, run_after=None
[2025-01-08T10:35:47.045+0000] {processor.py:208} INFO - Processing /home/airflow/.local/lib/python3.12/site-packages/airflow/example_dags/example_dataset_alias.py took 1.642 seconds
[2025-01-08T10:36:17.368+0000] {processor.py:186} INFO - Started process (PID=921) to work on /home/airflow/.local/lib/python3.12/site-packages/airflow/example_dags/example_dataset_alias.py
[2025-01-08T10:36:17.370+0000] {processor.py:914} INFO - Processing file /home/airflow/.local/lib/python3.12/site-packages/airflow/example_dags/example_dataset_alias.py for tasks to queue
[2025-01-08T10:36:17.373+0000] {logging_mixin.py:190} INFO - [2025-01-08T10:36:17.373+0000] {dagbag.py:588} INFO - Filling up the DagBag from /home/airflow/.local/lib/python3.12/site-packages/airflow/example_dags/example_dataset_alias.py
[2025-01-08T10:36:18.964+0000] {processor.py:925} INFO - DAG(s) 'dataset_alias_example_alias_producer', 'dataset_alias_example_alias_consumer', 'dataset_s3_bucket_producer', 'dataset_s3_bucket_consumer' retrieved from /home/airflow/.local/lib/python3.12/site-packages/airflow/example_dags/example_dataset_alias.py
[2025-01-08T10:36:19.030+0000] {logging_mixin.py:190} INFO - [2025-01-08T10:36:19.029+0000] {dag.py:3239} INFO - Sync 4 DAGs
[2025-01-08T10:36:19.103+0000] {logging_mixin.py:190} INFO - [2025-01-08T10:36:19.103+0000] {dag.py:4180} INFO - Setting next_dagrun for dataset_alias_example_alias_consumer to None, run_after=None
[2025-01-08T10:36:19.115+0000] {logging_mixin.py:190} INFO - [2025-01-08T10:36:19.114+0000] {dag.py:4180} INFO - Setting next_dagrun for dataset_alias_example_alias_producer to None, run_after=None
[2025-01-08T10:36:19.118+0000] {logging_mixin.py:190} INFO - [2025-01-08T10:36:19.117+0000] {dag.py:4180} INFO - Setting next_dagrun for dataset_s3_bucket_consumer to None, run_after=None
[2025-01-08T10:36:19.120+0000] {logging_mixin.py:190} INFO - [2025-01-08T10:36:19.120+0000] {dag.py:4180} INFO - Setting next_dagrun for dataset_s3_bucket_producer to None, run_after=None
[2025-01-08T10:36:19.187+0000] {processor.py:208} INFO - Processing /home/airflow/.local/lib/python3.12/site-packages/airflow/example_dags/example_dataset_alias.py took 1.836 seconds
[2025-01-08T10:36:49.953+0000] {processor.py:186} INFO - Started process (PID=1247) to work on /home/airflow/.local/lib/python3.12/site-packages/airflow/example_dags/example_dataset_alias.py
[2025-01-08T10:36:49.954+0000] {processor.py:914} INFO - Processing file /home/airflow/.local/lib/python3.12/site-packages/airflow/example_dags/example_dataset_alias.py for tasks to queue
[2025-01-08T10:36:49.957+0000] {logging_mixin.py:190} INFO - [2025-01-08T10:36:49.957+0000] {dagbag.py:588} INFO - Filling up the DagBag from /home/airflow/.local/lib/python3.12/site-packages/airflow/example_dags/example_dataset_alias.py
[2025-01-08T10:36:50.691+0000] {processor.py:925} INFO - DAG(s) 'dataset_s3_bucket_producer', 'dataset_alias_example_alias_producer', 'dataset_s3_bucket_consumer', 'dataset_alias_example_alias_consumer' retrieved from /home/airflow/.local/lib/python3.12/site-packages/airflow/example_dags/example_dataset_alias.py
[2025-01-08T10:36:50.723+0000] {logging_mixin.py:190} INFO - [2025-01-08T10:36:50.723+0000] {dag.py:3239} INFO - Sync 4 DAGs
[2025-01-08T10:36:50.759+0000] {logging_mixin.py:190} INFO - [2025-01-08T10:36:50.759+0000] {dag.py:4180} INFO - Setting next_dagrun for dataset_alias_example_alias_consumer to None, run_after=None
[2025-01-08T10:36:50.762+0000] {logging_mixin.py:190} INFO - [2025-01-08T10:36:50.762+0000] {dag.py:4180} INFO - Setting next_dagrun for dataset_alias_example_alias_producer to None, run_after=None
[2025-01-08T10:36:50.764+0000] {logging_mixin.py:190} INFO - [2025-01-08T10:36:50.764+0000] {dag.py:4180} INFO - Setting next_dagrun for dataset_s3_bucket_consumer to None, run_after=None
[2025-01-08T10:36:50.765+0000] {logging_mixin.py:190} INFO - [2025-01-08T10:36:50.765+0000] {dag.py:4180} INFO - Setting next_dagrun for dataset_s3_bucket_producer to None, run_after=None
[2025-01-08T10:36:50.799+0000] {processor.py:208} INFO - Processing /home/airflow/.local/lib/python3.12/site-packages/airflow/example_dags/example_dataset_alias.py took 0.858 seconds
[2025-01-08T10:37:21.359+0000] {processor.py:186} INFO - Started process (PID=1558) to work on /home/airflow/.local/lib/python3.12/site-packages/airflow/example_dags/example_dataset_alias.py
[2025-01-08T10:37:21.361+0000] {processor.py:914} INFO - Processing file /home/airflow/.local/lib/python3.12/site-packages/airflow/example_dags/example_dataset_alias.py for tasks to queue
[2025-01-08T10:37:21.365+0000] {logging_mixin.py:190} INFO - [2025-01-08T10:37:21.364+0000] {dagbag.py:588} INFO - Filling up the DagBag from /home/airflow/.local/lib/python3.12/site-packages/airflow/example_dags/example_dataset_alias.py
[2025-01-08T10:37:22.174+0000] {processor.py:925} INFO - DAG(s) 'dataset_s3_bucket_producer', 'dataset_s3_bucket_consumer', 'dataset_alias_example_alias_producer', 'dataset_alias_example_alias_consumer' retrieved from /home/airflow/.local/lib/python3.12/site-packages/airflow/example_dags/example_dataset_alias.py
[2025-01-08T10:37:22.212+0000] {logging_mixin.py:190} INFO - [2025-01-08T10:37:22.212+0000] {dag.py:3239} INFO - Sync 4 DAGs
[2025-01-08T10:37:22.252+0000] {logging_mixin.py:190} INFO - [2025-01-08T10:37:22.251+0000] {dag.py:4180} INFO - Setting next_dagrun for dataset_alias_example_alias_consumer to None, run_after=None
[2025-01-08T10:37:22.256+0000] {logging_mixin.py:190} INFO - [2025-01-08T10:37:22.256+0000] {dag.py:4180} INFO - Setting next_dagrun for dataset_alias_example_alias_producer to None, run_after=None
[2025-01-08T10:37:22.258+0000] {logging_mixin.py:190} INFO - [2025-01-08T10:37:22.258+0000] {dag.py:4180} INFO - Setting next_dagrun for dataset_s3_bucket_consumer to None, run_after=None
[2025-01-08T10:37:22.261+0000] {logging_mixin.py:190} INFO - [2025-01-08T10:37:22.261+0000] {dag.py:4180} INFO - Setting next_dagrun for dataset_s3_bucket_producer to None, run_after=None
[2025-01-08T10:37:22.294+0000] {processor.py:208} INFO - Processing /home/airflow/.local/lib/python3.12/site-packages/airflow/example_dags/example_dataset_alias.py took 0.941 seconds
[2025-01-08T10:37:52.373+0000] {processor.py:186} INFO - Started process (PID=1859) to work on /home/airflow/.local/lib/python3.12/site-packages/airflow/example_dags/example_dataset_alias.py
[2025-01-08T10:37:52.374+0000] {processor.py:914} INFO - Processing file /home/airflow/.local/lib/python3.12/site-packages/airflow/example_dags/example_dataset_alias.py for tasks to queue
[2025-01-08T10:37:52.376+0000] {logging_mixin.py:190} INFO - [2025-01-08T10:37:52.376+0000] {dagbag.py:588} INFO - Filling up the DagBag from /home/airflow/.local/lib/python3.12/site-packages/airflow/example_dags/example_dataset_alias.py
[2025-01-08T10:37:53.173+0000] {processor.py:925} INFO - DAG(s) 'dataset_s3_bucket_producer', 'dataset_alias_example_alias_producer', 'dataset_alias_example_alias_consumer', 'dataset_s3_bucket_consumer' retrieved from /home/airflow/.local/lib/python3.12/site-packages/airflow/example_dags/example_dataset_alias.py
[2025-01-08T10:37:53.209+0000] {logging_mixin.py:190} INFO - [2025-01-08T10:37:53.208+0000] {dag.py:3239} INFO - Sync 4 DAGs
[2025-01-08T10:37:53.246+0000] {logging_mixin.py:190} INFO - [2025-01-08T10:37:53.246+0000] {dag.py:4180} INFO - Setting next_dagrun for dataset_alias_example_alias_consumer to None, run_after=None
[2025-01-08T10:37:53.251+0000] {logging_mixin.py:190} INFO - [2025-01-08T10:37:53.251+0000] {dag.py:4180} INFO - Setting next_dagrun for dataset_alias_example_alias_producer to None, run_after=None
[2025-01-08T10:37:53.255+0000] {logging_mixin.py:190} INFO - [2025-01-08T10:37:53.254+0000] {dag.py:4180} INFO - Setting next_dagrun for dataset_s3_bucket_consumer to None, run_after=None
[2025-01-08T10:37:53.259+0000] {logging_mixin.py:190} INFO - [2025-01-08T10:37:53.258+0000] {dag.py:4180} INFO - Setting next_dagrun for dataset_s3_bucket_producer to None, run_after=None
[2025-01-08T10:37:53.349+0000] {processor.py:208} INFO - Processing /home/airflow/.local/lib/python3.12/site-packages/airflow/example_dags/example_dataset_alias.py took 0.983 seconds
[2025-01-08T10:38:23.925+0000] {processor.py:186} INFO - Started process (PID=2165) to work on /home/airflow/.local/lib/python3.12/site-packages/airflow/example_dags/example_dataset_alias.py
[2025-01-08T10:38:23.928+0000] {processor.py:914} INFO - Processing file /home/airflow/.local/lib/python3.12/site-packages/airflow/example_dags/example_dataset_alias.py for tasks to queue
[2025-01-08T10:38:23.936+0000] {logging_mixin.py:190} INFO - [2025-01-08T10:38:23.935+0000] {dagbag.py:588} INFO - Filling up the DagBag from /home/airflow/.local/lib/python3.12/site-packages/airflow/example_dags/example_dataset_alias.py
[2025-01-08T10:38:25.582+0000] {processor.py:925} INFO - DAG(s) 'dataset_s3_bucket_consumer', 'dataset_s3_bucket_producer', 'dataset_alias_example_alias_producer', 'dataset_alias_example_alias_consumer' retrieved from /home/airflow/.local/lib/python3.12/site-packages/airflow/example_dags/example_dataset_alias.py
[2025-01-08T10:38:25.644+0000] {logging_mixin.py:190} INFO - [2025-01-08T10:38:25.643+0000] {dag.py:3239} INFO - Sync 4 DAGs
[2025-01-08T10:38:25.724+0000] {logging_mixin.py:190} INFO - [2025-01-08T10:38:25.723+0000] {dag.py:4180} INFO - Setting next_dagrun for dataset_alias_example_alias_consumer to None, run_after=None
[2025-01-08T10:38:25.734+0000] {logging_mixin.py:190} INFO - [2025-01-08T10:38:25.733+0000] {dag.py:4180} INFO - Setting next_dagrun for dataset_alias_example_alias_producer to None, run_after=None
[2025-01-08T10:38:25.739+0000] {logging_mixin.py:190} INFO - [2025-01-08T10:38:25.739+0000] {dag.py:4180} INFO - Setting next_dagrun for dataset_s3_bucket_consumer to None, run_after=None
[2025-01-08T10:38:25.742+0000] {logging_mixin.py:190} INFO - [2025-01-08T10:38:25.741+0000] {dag.py:4180} INFO - Setting next_dagrun for dataset_s3_bucket_producer to None, run_after=None
[2025-01-08T10:38:25.812+0000] {processor.py:208} INFO - Processing /home/airflow/.local/lib/python3.12/site-packages/airflow/example_dags/example_dataset_alias.py took 1.899 seconds
[2025-01-08T10:38:56.590+0000] {processor.py:186} INFO - Started process (PID=2476) to work on /home/airflow/.local/lib/python3.12/site-packages/airflow/example_dags/example_dataset_alias.py
[2025-01-08T10:38:56.591+0000] {processor.py:914} INFO - Processing file /home/airflow/.local/lib/python3.12/site-packages/airflow/example_dags/example_dataset_alias.py for tasks to queue
[2025-01-08T10:38:56.594+0000] {logging_mixin.py:190} INFO - [2025-01-08T10:38:56.593+0000] {dagbag.py:588} INFO - Filling up the DagBag from /home/airflow/.local/lib/python3.12/site-packages/airflow/example_dags/example_dataset_alias.py
[2025-01-08T10:38:57.594+0000] {processor.py:925} INFO - DAG(s) 'dataset_alias_example_alias_producer', 'dataset_s3_bucket_consumer', 'dataset_alias_example_alias_consumer', 'dataset_s3_bucket_producer' retrieved from /home/airflow/.local/lib/python3.12/site-packages/airflow/example_dags/example_dataset_alias.py
[2025-01-08T10:38:57.641+0000] {logging_mixin.py:190} INFO - [2025-01-08T10:38:57.640+0000] {dag.py:3239} INFO - Sync 4 DAGs
[2025-01-08T10:38:57.690+0000] {logging_mixin.py:190} INFO - [2025-01-08T10:38:57.690+0000] {dag.py:4180} INFO - Setting next_dagrun for dataset_alias_example_alias_consumer to None, run_after=None
[2025-01-08T10:38:57.695+0000] {logging_mixin.py:190} INFO - [2025-01-08T10:38:57.695+0000] {dag.py:4180} INFO - Setting next_dagrun for dataset_alias_example_alias_producer to None, run_after=None
[2025-01-08T10:38:57.698+0000] {logging_mixin.py:190} INFO - [2025-01-08T10:38:57.697+0000] {dag.py:4180} INFO - Setting next_dagrun for dataset_s3_bucket_consumer to None, run_after=None
[2025-01-08T10:38:57.700+0000] {logging_mixin.py:190} INFO - [2025-01-08T10:38:57.700+0000] {dag.py:4180} INFO - Setting next_dagrun for dataset_s3_bucket_producer to None, run_after=None
[2025-01-08T10:38:57.737+0000] {processor.py:208} INFO - Processing /home/airflow/.local/lib/python3.12/site-packages/airflow/example_dags/example_dataset_alias.py took 1.154 seconds
[2025-01-08T10:39:28.254+0000] {processor.py:186} INFO - Started process (PID=2782) to work on /home/airflow/.local/lib/python3.12/site-packages/airflow/example_dags/example_dataset_alias.py
[2025-01-08T10:39:28.259+0000] {processor.py:914} INFO - Processing file /home/airflow/.local/lib/python3.12/site-packages/airflow/example_dags/example_dataset_alias.py for tasks to queue
[2025-01-08T10:39:28.269+0000] {logging_mixin.py:190} INFO - [2025-01-08T10:39:28.268+0000] {dagbag.py:588} INFO - Filling up the DagBag from /home/airflow/.local/lib/python3.12/site-packages/airflow/example_dags/example_dataset_alias.py
[2025-01-08T10:39:31.102+0000] {processor.py:925} INFO - DAG(s) 'dataset_s3_bucket_producer', 'dataset_alias_example_alias_producer', 'dataset_s3_bucket_consumer', 'dataset_alias_example_alias_consumer' retrieved from /home/airflow/.local/lib/python3.12/site-packages/airflow/example_dags/example_dataset_alias.py
[2025-01-08T10:39:31.216+0000] {logging_mixin.py:190} INFO - [2025-01-08T10:39:31.215+0000] {dag.py:3239} INFO - Sync 4 DAGs
[2025-01-08T10:39:31.345+0000] {logging_mixin.py:190} INFO - [2025-01-08T10:39:31.344+0000] {dag.py:4180} INFO - Setting next_dagrun for dataset_alias_example_alias_consumer to None, run_after=None
[2025-01-08T10:39:31.363+0000] {logging_mixin.py:190} INFO - [2025-01-08T10:39:31.363+0000] {dag.py:4180} INFO - Setting next_dagrun for dataset_alias_example_alias_producer to None, run_after=None
[2025-01-08T10:39:31.367+0000] {logging_mixin.py:190} INFO - [2025-01-08T10:39:31.367+0000] {dag.py:4180} INFO - Setting next_dagrun for dataset_s3_bucket_consumer to None, run_after=None
[2025-01-08T10:39:31.371+0000] {logging_mixin.py:190} INFO - [2025-01-08T10:39:31.370+0000] {dag.py:4180} INFO - Setting next_dagrun for dataset_s3_bucket_producer to None, run_after=None
[2025-01-08T10:39:31.480+0000] {processor.py:208} INFO - Processing /home/airflow/.local/lib/python3.12/site-packages/airflow/example_dags/example_dataset_alias.py took 3.261 seconds
[2025-01-08T10:40:01.654+0000] {processor.py:186} INFO - Started process (PID=3083) to work on /home/airflow/.local/lib/python3.12/site-packages/airflow/example_dags/example_dataset_alias.py
[2025-01-08T10:40:01.657+0000] {processor.py:914} INFO - Processing file /home/airflow/.local/lib/python3.12/site-packages/airflow/example_dags/example_dataset_alias.py for tasks to queue
[2025-01-08T10:40:01.663+0000] {logging_mixin.py:190} INFO - [2025-01-08T10:40:01.662+0000] {dagbag.py:588} INFO - Filling up the DagBag from /home/airflow/.local/lib/python3.12/site-packages/airflow/example_dags/example_dataset_alias.py
[2025-01-08T10:40:02.671+0000] {processor.py:925} INFO - DAG(s) 'dataset_alias_example_alias_producer', 'dataset_s3_bucket_consumer', 'dataset_alias_example_alias_consumer', 'dataset_s3_bucket_producer' retrieved from /home/airflow/.local/lib/python3.12/site-packages/airflow/example_dags/example_dataset_alias.py
[2025-01-08T10:40:02.730+0000] {logging_mixin.py:190} INFO - [2025-01-08T10:40:02.728+0000] {dag.py:3239} INFO - Sync 4 DAGs
[2025-01-08T10:40:02.790+0000] {logging_mixin.py:190} INFO - [2025-01-08T10:40:02.789+0000] {dag.py:4180} INFO - Setting next_dagrun for dataset_alias_example_alias_consumer to None, run_after=None
[2025-01-08T10:40:02.796+0000] {logging_mixin.py:190} INFO - [2025-01-08T10:40:02.796+0000] {dag.py:4180} INFO - Setting next_dagrun for dataset_alias_example_alias_producer to None, run_after=None
[2025-01-08T10:40:02.798+0000] {logging_mixin.py:190} INFO - [2025-01-08T10:40:02.798+0000] {dag.py:4180} INFO - Setting next_dagrun for dataset_s3_bucket_consumer to None, run_after=None
[2025-01-08T10:40:02.801+0000] {logging_mixin.py:190} INFO - [2025-01-08T10:40:02.800+0000] {dag.py:4180} INFO - Setting next_dagrun for dataset_s3_bucket_producer to None, run_after=None
[2025-01-08T10:40:02.863+0000] {processor.py:208} INFO - Processing /home/airflow/.local/lib/python3.12/site-packages/airflow/example_dags/example_dataset_alias.py took 1.221 seconds
[2025-01-08T10:40:33.061+0000] {processor.py:186} INFO - Started process (PID=3384) to work on /home/airflow/.local/lib/python3.12/site-packages/airflow/example_dags/example_dataset_alias.py
[2025-01-08T10:40:33.062+0000] {processor.py:914} INFO - Processing file /home/airflow/.local/lib/python3.12/site-packages/airflow/example_dags/example_dataset_alias.py for tasks to queue
[2025-01-08T10:40:33.065+0000] {logging_mixin.py:190} INFO - [2025-01-08T10:40:33.064+0000] {dagbag.py:588} INFO - Filling up the DagBag from /home/airflow/.local/lib/python3.12/site-packages/airflow/example_dags/example_dataset_alias.py
[2025-01-08T10:40:33.874+0000] {processor.py:925} INFO - DAG(s) 'dataset_s3_bucket_producer', 'dataset_s3_bucket_consumer', 'dataset_alias_example_alias_producer', 'dataset_alias_example_alias_consumer' retrieved from /home/airflow/.local/lib/python3.12/site-packages/airflow/example_dags/example_dataset_alias.py
[2025-01-08T10:40:33.909+0000] {logging_mixin.py:190} INFO - [2025-01-08T10:40:33.909+0000] {dag.py:3239} INFO - Sync 4 DAGs
[2025-01-08T10:40:33.947+0000] {logging_mixin.py:190} INFO - [2025-01-08T10:40:33.947+0000] {dag.py:4180} INFO - Setting next_dagrun for dataset_alias_example_alias_consumer to None, run_after=None
[2025-01-08T10:40:33.952+0000] {logging_mixin.py:190} INFO - [2025-01-08T10:40:33.952+0000] {dag.py:4180} INFO - Setting next_dagrun for dataset_alias_example_alias_producer to None, run_after=None
[2025-01-08T10:40:33.955+0000] {logging_mixin.py:190} INFO - [2025-01-08T10:40:33.954+0000] {dag.py:4180} INFO - Setting next_dagrun for dataset_s3_bucket_consumer to None, run_after=None
[2025-01-08T10:40:33.957+0000] {logging_mixin.py:190} INFO - [2025-01-08T10:40:33.957+0000] {dag.py:4180} INFO - Setting next_dagrun for dataset_s3_bucket_producer to None, run_after=None
[2025-01-08T10:40:34.021+0000] {processor.py:208} INFO - Processing /home/airflow/.local/lib/python3.12/site-packages/airflow/example_dags/example_dataset_alias.py took 0.966 seconds
[2025-01-08T10:43:17.137+0000] {processor.py:186} INFO - Started process (PID=287) to work on /home/airflow/.local/lib/python3.12/site-packages/airflow/example_dags/example_dataset_alias.py
[2025-01-08T10:43:17.138+0000] {processor.py:914} INFO - Processing file /home/airflow/.local/lib/python3.12/site-packages/airflow/example_dags/example_dataset_alias.py for tasks to queue
[2025-01-08T10:43:17.141+0000] {logging_mixin.py:190} INFO - [2025-01-08T10:43:17.140+0000] {dagbag.py:588} INFO - Filling up the DagBag from /home/airflow/.local/lib/python3.12/site-packages/airflow/example_dags/example_dataset_alias.py
[2025-01-08T10:43:17.969+0000] {processor.py:925} INFO - DAG(s) 'dataset_s3_bucket_producer', 'dataset_alias_example_alias_producer', 'dataset_alias_example_alias_consumer', 'dataset_s3_bucket_consumer' retrieved from /home/airflow/.local/lib/python3.12/site-packages/airflow/example_dags/example_dataset_alias.py
[2025-01-08T10:43:18.000+0000] {logging_mixin.py:190} INFO - [2025-01-08T10:43:18.000+0000] {dag.py:3239} INFO - Sync 4 DAGs
[2025-01-08T10:43:18.033+0000] {logging_mixin.py:190} INFO - [2025-01-08T10:43:18.033+0000] {dag.py:4180} INFO - Setting next_dagrun for dataset_alias_example_alias_consumer to None, run_after=None
[2025-01-08T10:43:18.038+0000] {logging_mixin.py:190} INFO - [2025-01-08T10:43:18.037+0000] {dag.py:4180} INFO - Setting next_dagrun for dataset_alias_example_alias_producer to None, run_after=None
[2025-01-08T10:43:18.040+0000] {logging_mixin.py:190} INFO - [2025-01-08T10:43:18.040+0000] {dag.py:4180} INFO - Setting next_dagrun for dataset_s3_bucket_consumer to None, run_after=None
[2025-01-08T10:43:18.043+0000] {logging_mixin.py:190} INFO - [2025-01-08T10:43:18.042+0000] {dag.py:4180} INFO - Setting next_dagrun for dataset_s3_bucket_producer to None, run_after=None
[2025-01-08T10:43:18.073+0000] {processor.py:208} INFO - Processing /home/airflow/.local/lib/python3.12/site-packages/airflow/example_dags/example_dataset_alias.py took 0.943 seconds
[2025-01-08T10:43:48.473+0000] {processor.py:186} INFO - Started process (PID=594) to work on /home/airflow/.local/lib/python3.12/site-packages/airflow/example_dags/example_dataset_alias.py
[2025-01-08T10:43:48.474+0000] {processor.py:914} INFO - Processing file /home/airflow/.local/lib/python3.12/site-packages/airflow/example_dags/example_dataset_alias.py for tasks to queue
[2025-01-08T10:43:48.476+0000] {logging_mixin.py:190} INFO - [2025-01-08T10:43:48.476+0000] {dagbag.py:588} INFO - Filling up the DagBag from /home/airflow/.local/lib/python3.12/site-packages/airflow/example_dags/example_dataset_alias.py
[2025-01-08T10:43:49.206+0000] {processor.py:925} INFO - DAG(s) 'dataset_alias_example_alias_producer', 'dataset_s3_bucket_consumer', 'dataset_s3_bucket_producer', 'dataset_alias_example_alias_consumer' retrieved from /home/airflow/.local/lib/python3.12/site-packages/airflow/example_dags/example_dataset_alias.py
[2025-01-08T10:43:49.234+0000] {logging_mixin.py:190} INFO - [2025-01-08T10:43:49.233+0000] {dag.py:3239} INFO - Sync 4 DAGs
[2025-01-08T10:43:49.280+0000] {logging_mixin.py:190} INFO - [2025-01-08T10:43:49.280+0000] {dag.py:4180} INFO - Setting next_dagrun for dataset_alias_example_alias_consumer to None, run_after=None
[2025-01-08T10:43:49.284+0000] {logging_mixin.py:190} INFO - [2025-01-08T10:43:49.284+0000] {dag.py:4180} INFO - Setting next_dagrun for dataset_alias_example_alias_producer to None, run_after=None
[2025-01-08T10:43:49.287+0000] {logging_mixin.py:190} INFO - [2025-01-08T10:43:49.287+0000] {dag.py:4180} INFO - Setting next_dagrun for dataset_s3_bucket_consumer to None, run_after=None
[2025-01-08T10:43:49.290+0000] {logging_mixin.py:190} INFO - [2025-01-08T10:43:49.290+0000] {dag.py:4180} INFO - Setting next_dagrun for dataset_s3_bucket_producer to None, run_after=None
[2025-01-08T10:43:49.327+0000] {processor.py:208} INFO - Processing /home/airflow/.local/lib/python3.12/site-packages/airflow/example_dags/example_dataset_alias.py took 0.860 seconds
[2025-01-08T10:44:20.029+0000] {processor.py:186} INFO - Started process (PID=896) to work on /home/airflow/.local/lib/python3.12/site-packages/airflow/example_dags/example_dataset_alias.py
[2025-01-08T10:44:20.030+0000] {processor.py:914} INFO - Processing file /home/airflow/.local/lib/python3.12/site-packages/airflow/example_dags/example_dataset_alias.py for tasks to queue
[2025-01-08T10:44:20.033+0000] {logging_mixin.py:190} INFO - [2025-01-08T10:44:20.032+0000] {dagbag.py:588} INFO - Filling up the DagBag from /home/airflow/.local/lib/python3.12/site-packages/airflow/example_dags/example_dataset_alias.py
[2025-01-08T10:44:20.709+0000] {processor.py:925} INFO - DAG(s) 'dataset_s3_bucket_consumer', 'dataset_alias_example_alias_consumer', 'dataset_s3_bucket_producer', 'dataset_alias_example_alias_producer' retrieved from /home/airflow/.local/lib/python3.12/site-packages/airflow/example_dags/example_dataset_alias.py
[2025-01-08T10:44:20.737+0000] {logging_mixin.py:190} INFO - [2025-01-08T10:44:20.736+0000] {dag.py:3239} INFO - Sync 4 DAGs
[2025-01-08T10:44:20.769+0000] {logging_mixin.py:190} INFO - [2025-01-08T10:44:20.768+0000] {dag.py:4180} INFO - Setting next_dagrun for dataset_alias_example_alias_consumer to None, run_after=None
[2025-01-08T10:44:20.772+0000] {logging_mixin.py:190} INFO - [2025-01-08T10:44:20.772+0000] {dag.py:4180} INFO - Setting next_dagrun for dataset_alias_example_alias_producer to None, run_after=None
[2025-01-08T10:44:20.774+0000] {logging_mixin.py:190} INFO - [2025-01-08T10:44:20.774+0000] {dag.py:4180} INFO - Setting next_dagrun for dataset_s3_bucket_consumer to None, run_after=None
[2025-01-08T10:44:20.776+0000] {logging_mixin.py:190} INFO - [2025-01-08T10:44:20.776+0000] {dag.py:4180} INFO - Setting next_dagrun for dataset_s3_bucket_producer to None, run_after=None
[2025-01-08T10:44:20.802+0000] {processor.py:208} INFO - Processing /home/airflow/.local/lib/python3.12/site-packages/airflow/example_dags/example_dataset_alias.py took 0.779 seconds
[2025-01-08T10:44:51.240+0000] {processor.py:186} INFO - Started process (PID=1222) to work on /home/airflow/.local/lib/python3.12/site-packages/airflow/example_dags/example_dataset_alias.py
[2025-01-08T10:44:51.242+0000] {processor.py:914} INFO - Processing file /home/airflow/.local/lib/python3.12/site-packages/airflow/example_dags/example_dataset_alias.py for tasks to queue
[2025-01-08T10:44:51.245+0000] {logging_mixin.py:190} INFO - [2025-01-08T10:44:51.244+0000] {dagbag.py:588} INFO - Filling up the DagBag from /home/airflow/.local/lib/python3.12/site-packages/airflow/example_dags/example_dataset_alias.py
[2025-01-08T10:44:51.924+0000] {processor.py:925} INFO - DAG(s) 'dataset_alias_example_alias_producer', 'dataset_alias_example_alias_consumer', 'dataset_s3_bucket_consumer', 'dataset_s3_bucket_producer' retrieved from /home/airflow/.local/lib/python3.12/site-packages/airflow/example_dags/example_dataset_alias.py
[2025-01-08T10:44:51.949+0000] {logging_mixin.py:190} INFO - [2025-01-08T10:44:51.949+0000] {dag.py:3239} INFO - Sync 4 DAGs
[2025-01-08T10:44:51.980+0000] {logging_mixin.py:190} INFO - [2025-01-08T10:44:51.979+0000] {dag.py:4180} INFO - Setting next_dagrun for dataset_alias_example_alias_consumer to None, run_after=None
[2025-01-08T10:44:51.983+0000] {logging_mixin.py:190} INFO - [2025-01-08T10:44:51.982+0000] {dag.py:4180} INFO - Setting next_dagrun for dataset_alias_example_alias_producer to None, run_after=None
[2025-01-08T10:44:51.985+0000] {logging_mixin.py:190} INFO - [2025-01-08T10:44:51.984+0000] {dag.py:4180} INFO - Setting next_dagrun for dataset_s3_bucket_consumer to None, run_after=None
[2025-01-08T10:44:51.986+0000] {logging_mixin.py:190} INFO - [2025-01-08T10:44:51.986+0000] {dag.py:4180} INFO - Setting next_dagrun for dataset_s3_bucket_producer to None, run_after=None
[2025-01-08T10:44:52.011+0000] {processor.py:208} INFO - Processing /home/airflow/.local/lib/python3.12/site-packages/airflow/example_dags/example_dataset_alias.py took 0.780 seconds
[2025-01-08T10:45:22.257+0000] {processor.py:186} INFO - Started process (PID=1531) to work on /home/airflow/.local/lib/python3.12/site-packages/airflow/example_dags/example_dataset_alias.py
[2025-01-08T10:45:22.258+0000] {processor.py:914} INFO - Processing file /home/airflow/.local/lib/python3.12/site-packages/airflow/example_dags/example_dataset_alias.py for tasks to queue
[2025-01-08T10:45:22.260+0000] {logging_mixin.py:190} INFO - [2025-01-08T10:45:22.260+0000] {dagbag.py:588} INFO - Filling up the DagBag from /home/airflow/.local/lib/python3.12/site-packages/airflow/example_dags/example_dataset_alias.py
[2025-01-08T10:45:22.823+0000] {processor.py:925} INFO - DAG(s) 'dataset_s3_bucket_consumer', 'dataset_s3_bucket_producer', 'dataset_alias_example_alias_consumer', 'dataset_alias_example_alias_producer' retrieved from /home/airflow/.local/lib/python3.12/site-packages/airflow/example_dags/example_dataset_alias.py
[2025-01-08T10:45:22.850+0000] {logging_mixin.py:190} INFO - [2025-01-08T10:45:22.850+0000] {dag.py:3239} INFO - Sync 4 DAGs
[2025-01-08T10:45:22.877+0000] {logging_mixin.py:190} INFO - [2025-01-08T10:45:22.877+0000] {dag.py:4180} INFO - Setting next_dagrun for dataset_alias_example_alias_consumer to None, run_after=None
[2025-01-08T10:45:22.879+0000] {logging_mixin.py:190} INFO - [2025-01-08T10:45:22.879+0000] {dag.py:4180} INFO - Setting next_dagrun for dataset_alias_example_alias_producer to None, run_after=None
[2025-01-08T10:45:22.881+0000] {logging_mixin.py:190} INFO - [2025-01-08T10:45:22.881+0000] {dag.py:4180} INFO - Setting next_dagrun for dataset_s3_bucket_consumer to None, run_after=None
[2025-01-08T10:45:22.882+0000] {logging_mixin.py:190} INFO - [2025-01-08T10:45:22.882+0000] {dag.py:4180} INFO - Setting next_dagrun for dataset_s3_bucket_producer to None, run_after=None
[2025-01-08T10:45:22.904+0000] {processor.py:208} INFO - Processing /home/airflow/.local/lib/python3.12/site-packages/airflow/example_dags/example_dataset_alias.py took 0.653 seconds
[2025-01-08T10:45:53.144+0000] {processor.py:186} INFO - Started process (PID=1837) to work on /home/airflow/.local/lib/python3.12/site-packages/airflow/example_dags/example_dataset_alias.py
[2025-01-08T10:45:53.145+0000] {processor.py:914} INFO - Processing file /home/airflow/.local/lib/python3.12/site-packages/airflow/example_dags/example_dataset_alias.py for tasks to queue
[2025-01-08T10:45:53.147+0000] {logging_mixin.py:190} INFO - [2025-01-08T10:45:53.146+0000] {dagbag.py:588} INFO - Filling up the DagBag from /home/airflow/.local/lib/python3.12/site-packages/airflow/example_dags/example_dataset_alias.py
[2025-01-08T10:45:53.661+0000] {processor.py:925} INFO - DAG(s) 'dataset_s3_bucket_producer', 'dataset_alias_example_alias_consumer', 'dataset_s3_bucket_consumer', 'dataset_alias_example_alias_producer' retrieved from /home/airflow/.local/lib/python3.12/site-packages/airflow/example_dags/example_dataset_alias.py
[2025-01-08T10:45:53.682+0000] {logging_mixin.py:190} INFO - [2025-01-08T10:45:53.682+0000] {dag.py:3239} INFO - Sync 4 DAGs
[2025-01-08T10:45:53.704+0000] {logging_mixin.py:190} INFO - [2025-01-08T10:45:53.703+0000] {dag.py:4180} INFO - Setting next_dagrun for dataset_alias_example_alias_consumer to None, run_after=None
[2025-01-08T10:45:53.706+0000] {logging_mixin.py:190} INFO - [2025-01-08T10:45:53.706+0000] {dag.py:4180} INFO - Setting next_dagrun for dataset_alias_example_alias_producer to None, run_after=None
[2025-01-08T10:45:53.707+0000] {logging_mixin.py:190} INFO - [2025-01-08T10:45:53.707+0000] {dag.py:4180} INFO - Setting next_dagrun for dataset_s3_bucket_consumer to None, run_after=None
[2025-01-08T10:45:53.708+0000] {logging_mixin.py:190} INFO - [2025-01-08T10:45:53.708+0000] {dag.py:4180} INFO - Setting next_dagrun for dataset_s3_bucket_producer to None, run_after=None
[2025-01-08T10:45:53.731+0000] {processor.py:208} INFO - Processing /home/airflow/.local/lib/python3.12/site-packages/airflow/example_dags/example_dataset_alias.py took 0.591 seconds
[2025-01-08T10:46:23.890+0000] {processor.py:186} INFO - Started process (PID=2158) to work on /home/airflow/.local/lib/python3.12/site-packages/airflow/example_dags/example_dataset_alias.py
[2025-01-08T10:46:23.891+0000] {processor.py:914} INFO - Processing file /home/airflow/.local/lib/python3.12/site-packages/airflow/example_dags/example_dataset_alias.py for tasks to queue
[2025-01-08T10:46:23.893+0000] {logging_mixin.py:190} INFO - [2025-01-08T10:46:23.893+0000] {dagbag.py:588} INFO - Filling up the DagBag from /home/airflow/.local/lib/python3.12/site-packages/airflow/example_dags/example_dataset_alias.py
[2025-01-08T10:46:24.394+0000] {processor.py:925} INFO - DAG(s) 'dataset_s3_bucket_producer', 'dataset_alias_example_alias_consumer', 'dataset_alias_example_alias_producer', 'dataset_s3_bucket_consumer' retrieved from /home/airflow/.local/lib/python3.12/site-packages/airflow/example_dags/example_dataset_alias.py
[2025-01-08T10:46:24.413+0000] {logging_mixin.py:190} INFO - [2025-01-08T10:46:24.412+0000] {dag.py:3239} INFO - Sync 4 DAGs
[2025-01-08T10:46:24.433+0000] {logging_mixin.py:190} INFO - [2025-01-08T10:46:24.433+0000] {dag.py:4180} INFO - Setting next_dagrun for dataset_alias_example_alias_consumer to None, run_after=None
[2025-01-08T10:46:24.435+0000] {logging_mixin.py:190} INFO - [2025-01-08T10:46:24.435+0000] {dag.py:4180} INFO - Setting next_dagrun for dataset_alias_example_alias_producer to None, run_after=None
[2025-01-08T10:46:24.436+0000] {logging_mixin.py:190} INFO - [2025-01-08T10:46:24.436+0000] {dag.py:4180} INFO - Setting next_dagrun for dataset_s3_bucket_consumer to None, run_after=None
[2025-01-08T10:46:24.437+0000] {logging_mixin.py:190} INFO - [2025-01-08T10:46:24.437+0000] {dag.py:4180} INFO - Setting next_dagrun for dataset_s3_bucket_producer to None, run_after=None
[2025-01-08T10:46:24.456+0000] {processor.py:208} INFO - Processing /home/airflow/.local/lib/python3.12/site-packages/airflow/example_dags/example_dataset_alias.py took 0.570 seconds
[2025-01-08T10:46:55.461+0000] {processor.py:186} INFO - Started process (PID=2476) to work on /home/airflow/.local/lib/python3.12/site-packages/airflow/example_dags/example_dataset_alias.py
[2025-01-08T10:46:55.462+0000] {processor.py:914} INFO - Processing file /home/airflow/.local/lib/python3.12/site-packages/airflow/example_dags/example_dataset_alias.py for tasks to queue
[2025-01-08T10:46:55.464+0000] {logging_mixin.py:190} INFO - [2025-01-08T10:46:55.464+0000] {dagbag.py:588} INFO - Filling up the DagBag from /home/airflow/.local/lib/python3.12/site-packages/airflow/example_dags/example_dataset_alias.py
[2025-01-08T10:46:55.941+0000] {processor.py:925} INFO - DAG(s) 'dataset_alias_example_alias_producer', 'dataset_alias_example_alias_consumer', 'dataset_s3_bucket_producer', 'dataset_s3_bucket_consumer' retrieved from /home/airflow/.local/lib/python3.12/site-packages/airflow/example_dags/example_dataset_alias.py
[2025-01-08T10:46:55.968+0000] {logging_mixin.py:190} INFO - [2025-01-08T10:46:55.967+0000] {dag.py:3239} INFO - Sync 4 DAGs
[2025-01-08T10:46:55.993+0000] {logging_mixin.py:190} INFO - [2025-01-08T10:46:55.993+0000] {dag.py:4180} INFO - Setting next_dagrun for dataset_alias_example_alias_consumer to None, run_after=None
[2025-01-08T10:46:55.997+0000] {logging_mixin.py:190} INFO - [2025-01-08T10:46:55.996+0000] {dag.py:4180} INFO - Setting next_dagrun for dataset_alias_example_alias_producer to None, run_after=None
[2025-01-08T10:46:55.999+0000] {logging_mixin.py:190} INFO - [2025-01-08T10:46:55.998+0000] {dag.py:4180} INFO - Setting next_dagrun for dataset_s3_bucket_consumer to None, run_after=None
[2025-01-08T10:46:56.000+0000] {logging_mixin.py:190} INFO - [2025-01-08T10:46:56.000+0000] {dag.py:4180} INFO - Setting next_dagrun for dataset_s3_bucket_producer to None, run_after=None
[2025-01-08T10:46:56.027+0000] {processor.py:208} INFO - Processing /home/airflow/.local/lib/python3.12/site-packages/airflow/example_dags/example_dataset_alias.py took 0.571 seconds
[2025-01-08T10:47:26.062+0000] {processor.py:186} INFO - Started process (PID=2777) to work on /home/airflow/.local/lib/python3.12/site-packages/airflow/example_dags/example_dataset_alias.py
[2025-01-08T10:47:26.063+0000] {processor.py:914} INFO - Processing file /home/airflow/.local/lib/python3.12/site-packages/airflow/example_dags/example_dataset_alias.py for tasks to queue
[2025-01-08T10:47:26.065+0000] {logging_mixin.py:190} INFO - [2025-01-08T10:47:26.065+0000] {dagbag.py:588} INFO - Filling up the DagBag from /home/airflow/.local/lib/python3.12/site-packages/airflow/example_dags/example_dataset_alias.py
[2025-01-08T10:47:26.551+0000] {processor.py:925} INFO - DAG(s) 'dataset_alias_example_alias_producer', 'dataset_s3_bucket_producer', 'dataset_s3_bucket_consumer', 'dataset_alias_example_alias_consumer' retrieved from /home/airflow/.local/lib/python3.12/site-packages/airflow/example_dags/example_dataset_alias.py
[2025-01-08T10:47:26.570+0000] {logging_mixin.py:190} INFO - [2025-01-08T10:47:26.569+0000] {dag.py:3239} INFO - Sync 4 DAGs
[2025-01-08T10:47:26.589+0000] {logging_mixin.py:190} INFO - [2025-01-08T10:47:26.589+0000] {dag.py:4180} INFO - Setting next_dagrun for dataset_alias_example_alias_consumer to None, run_after=None
[2025-01-08T10:47:26.592+0000] {logging_mixin.py:190} INFO - [2025-01-08T10:47:26.592+0000] {dag.py:4180} INFO - Setting next_dagrun for dataset_alias_example_alias_producer to None, run_after=None
[2025-01-08T10:47:26.594+0000] {logging_mixin.py:190} INFO - [2025-01-08T10:47:26.593+0000] {dag.py:4180} INFO - Setting next_dagrun for dataset_s3_bucket_consumer to None, run_after=None
[2025-01-08T10:47:26.595+0000] {logging_mixin.py:190} INFO - [2025-01-08T10:47:26.594+0000] {dag.py:4180} INFO - Setting next_dagrun for dataset_s3_bucket_producer to None, run_after=None
[2025-01-08T10:47:26.615+0000] {processor.py:208} INFO - Processing /home/airflow/.local/lib/python3.12/site-packages/airflow/example_dags/example_dataset_alias.py took 0.558 seconds
[2025-01-08T10:47:56.942+0000] {processor.py:186} INFO - Started process (PID=3078) to work on /home/airflow/.local/lib/python3.12/site-packages/airflow/example_dags/example_dataset_alias.py
[2025-01-08T10:47:56.943+0000] {processor.py:914} INFO - Processing file /home/airflow/.local/lib/python3.12/site-packages/airflow/example_dags/example_dataset_alias.py for tasks to queue
[2025-01-08T10:47:56.945+0000] {logging_mixin.py:190} INFO - [2025-01-08T10:47:56.945+0000] {dagbag.py:588} INFO - Filling up the DagBag from /home/airflow/.local/lib/python3.12/site-packages/airflow/example_dags/example_dataset_alias.py
[2025-01-08T10:47:57.520+0000] {processor.py:925} INFO - DAG(s) 'dataset_s3_bucket_consumer', 'dataset_s3_bucket_producer', 'dataset_alias_example_alias_consumer', 'dataset_alias_example_alias_producer' retrieved from /home/airflow/.local/lib/python3.12/site-packages/airflow/example_dags/example_dataset_alias.py
[2025-01-08T10:47:57.541+0000] {logging_mixin.py:190} INFO - [2025-01-08T10:47:57.540+0000] {dag.py:3239} INFO - Sync 4 DAGs
[2025-01-08T10:47:57.566+0000] {logging_mixin.py:190} INFO - [2025-01-08T10:47:57.565+0000] {dag.py:4180} INFO - Setting next_dagrun for dataset_alias_example_alias_consumer to None, run_after=None
[2025-01-08T10:47:57.570+0000] {logging_mixin.py:190} INFO - [2025-01-08T10:47:57.570+0000] {dag.py:4180} INFO - Setting next_dagrun for dataset_alias_example_alias_producer to None, run_after=None
[2025-01-08T10:47:57.572+0000] {logging_mixin.py:190} INFO - [2025-01-08T10:47:57.572+0000] {dag.py:4180} INFO - Setting next_dagrun for dataset_s3_bucket_consumer to None, run_after=None
[2025-01-08T10:47:57.574+0000] {logging_mixin.py:190} INFO - [2025-01-08T10:47:57.573+0000] {dag.py:4180} INFO - Setting next_dagrun for dataset_s3_bucket_producer to None, run_after=None
[2025-01-08T10:47:57.597+0000] {processor.py:208} INFO - Processing /home/airflow/.local/lib/python3.12/site-packages/airflow/example_dags/example_dataset_alias.py took 0.661 seconds
