[2025-01-08T10:35:10.067+0000] {processor.py:186} INFO - Started process (PID=287) to work on /home/airflow/.local/lib/python3.12/site-packages/airflow/example_dags/example_latest_only_with_trigger.py
[2025-01-08T10:35:10.068+0000] {processor.py:914} INFO - Processing file /home/airflow/.local/lib/python3.12/site-packages/airflow/example_dags/example_latest_only_with_trigger.py for tasks to queue
[2025-01-08T10:35:10.071+0000] {logging_mixin.py:190} INFO - [2025-01-08T10:35:10.071+0000] {dagbag.py:588} INFO - Filling up the DagBag from /home/airflow/.local/lib/python3.12/site-packages/airflow/example_dags/example_latest_only_with_trigger.py
[2025-01-08T10:35:10.086+0000] {processor.py:925} INFO - DAG(s) 'latest_only_with_trigger' retrieved from /home/airflow/.local/lib/python3.12/site-packages/airflow/example_dags/example_latest_only_with_trigger.py
[2025-01-08T10:35:10.273+0000] {logging_mixin.py:190} INFO - [2025-01-08T10:35:10.272+0000] {override.py:1911} INFO - Created Permission View: can delete on DAG:latest_only_with_trigger
[2025-01-08T10:35:10.289+0000] {logging_mixin.py:190} INFO - [2025-01-08T10:35:10.289+0000] {override.py:1911} INFO - Created Permission View: can read on DAG:latest_only_with_trigger
[2025-01-08T10:35:10.300+0000] {logging_mixin.py:190} INFO - [2025-01-08T10:35:10.300+0000] {override.py:1911} INFO - Created Permission View: can edit on DAG:latest_only_with_trigger
[2025-01-08T10:35:10.317+0000] {logging_mixin.py:190} INFO - [2025-01-08T10:35:10.316+0000] {override.py:1911} INFO - Created Permission View: menu access on DAG Run:latest_only_with_trigger
[2025-01-08T10:35:10.328+0000] {logging_mixin.py:190} INFO - [2025-01-08T10:35:10.328+0000] {override.py:1911} INFO - Created Permission View: can create on DAG Run:latest_only_with_trigger
[2025-01-08T10:35:10.342+0000] {logging_mixin.py:190} INFO - [2025-01-08T10:35:10.342+0000] {override.py:1911} INFO - Created Permission View: can read on DAG Run:latest_only_with_trigger
[2025-01-08T10:35:10.355+0000] {logging_mixin.py:190} INFO - [2025-01-08T10:35:10.355+0000] {override.py:1911} INFO - Created Permission View: can delete on DAG Run:latest_only_with_trigger
[2025-01-08T10:35:10.356+0000] {logging_mixin.py:190} INFO - [2025-01-08T10:35:10.356+0000] {dag.py:3239} INFO - Sync 1 DAGs
[2025-01-08T10:35:10.380+0000] {logging_mixin.py:190} INFO - [2025-01-08T10:35:10.379+0000] {dag.py:3262} INFO - Creating ORM DAG for latest_only_with_trigger
[2025-01-08T10:35:10.396+0000] {logging_mixin.py:190} INFO - [2025-01-08T10:35:10.396+0000] {dag.py:4180} INFO - Setting next_dagrun for latest_only_with_trigger to 2025-01-08 04:00:00+00:00, run_after=2025-01-08 08:00:00+00:00
[2025-01-08T10:35:10.429+0000] {processor.py:208} INFO - Processing /home/airflow/.local/lib/python3.12/site-packages/airflow/example_dags/example_latest_only_with_trigger.py took 0.372 seconds
[2025-01-08T10:35:40.596+0000] {processor.py:186} INFO - Started process (PID=588) to work on /home/airflow/.local/lib/python3.12/site-packages/airflow/example_dags/example_latest_only_with_trigger.py
[2025-01-08T10:35:40.602+0000] {processor.py:914} INFO - Processing file /home/airflow/.local/lib/python3.12/site-packages/airflow/example_dags/example_latest_only_with_trigger.py for tasks to queue
[2025-01-08T10:35:40.605+0000] {logging_mixin.py:190} INFO - [2025-01-08T10:35:40.604+0000] {dagbag.py:588} INFO - Filling up the DagBag from /home/airflow/.local/lib/python3.12/site-packages/airflow/example_dags/example_latest_only_with_trigger.py
[2025-01-08T10:35:40.617+0000] {processor.py:925} INFO - DAG(s) 'latest_only_with_trigger' retrieved from /home/airflow/.local/lib/python3.12/site-packages/airflow/example_dags/example_latest_only_with_trigger.py
[2025-01-08T10:35:40.656+0000] {logging_mixin.py:190} INFO - [2025-01-08T10:35:40.656+0000] {dag.py:3239} INFO - Sync 1 DAGs
[2025-01-08T10:35:40.693+0000] {logging_mixin.py:190} INFO - [2025-01-08T10:35:40.693+0000] {dag.py:4180} INFO - Setting next_dagrun for latest_only_with_trigger to 2025-01-08 04:00:00+00:00, run_after=2025-01-08 08:00:00+00:00
[2025-01-08T10:35:40.775+0000] {processor.py:208} INFO - Processing /home/airflow/.local/lib/python3.12/site-packages/airflow/example_dags/example_latest_only_with_trigger.py took 0.189 seconds
[2025-01-08T10:36:11.258+0000] {processor.py:186} INFO - Started process (PID=889) to work on /home/airflow/.local/lib/python3.12/site-packages/airflow/example_dags/example_latest_only_with_trigger.py
[2025-01-08T10:36:11.261+0000] {processor.py:914} INFO - Processing file /home/airflow/.local/lib/python3.12/site-packages/airflow/example_dags/example_latest_only_with_trigger.py for tasks to queue
[2025-01-08T10:36:11.270+0000] {logging_mixin.py:190} INFO - [2025-01-08T10:36:11.269+0000] {dagbag.py:588} INFO - Filling up the DagBag from /home/airflow/.local/lib/python3.12/site-packages/airflow/example_dags/example_latest_only_with_trigger.py
[2025-01-08T10:36:11.296+0000] {processor.py:925} INFO - DAG(s) 'latest_only_with_trigger' retrieved from /home/airflow/.local/lib/python3.12/site-packages/airflow/example_dags/example_latest_only_with_trigger.py
[2025-01-08T10:36:11.341+0000] {logging_mixin.py:190} INFO - [2025-01-08T10:36:11.341+0000] {dag.py:3239} INFO - Sync 1 DAGs
[2025-01-08T10:36:11.421+0000] {logging_mixin.py:190} INFO - [2025-01-08T10:36:11.420+0000] {dag.py:4180} INFO - Setting next_dagrun for latest_only_with_trigger to 2025-01-08 04:00:00+00:00, run_after=2025-01-08 08:00:00+00:00
[2025-01-08T10:36:11.547+0000] {processor.py:208} INFO - Processing /home/airflow/.local/lib/python3.12/site-packages/airflow/example_dags/example_latest_only_with_trigger.py took 0.311 seconds
[2025-01-08T10:36:41.806+0000] {processor.py:186} INFO - Started process (PID=1190) to work on /home/airflow/.local/lib/python3.12/site-packages/airflow/example_dags/example_latest_only_with_trigger.py
[2025-01-08T10:36:41.807+0000] {processor.py:914} INFO - Processing file /home/airflow/.local/lib/python3.12/site-packages/airflow/example_dags/example_latest_only_with_trigger.py for tasks to queue
[2025-01-08T10:36:41.810+0000] {logging_mixin.py:190} INFO - [2025-01-08T10:36:41.810+0000] {dagbag.py:588} INFO - Filling up the DagBag from /home/airflow/.local/lib/python3.12/site-packages/airflow/example_dags/example_latest_only_with_trigger.py
[2025-01-08T10:36:41.820+0000] {processor.py:925} INFO - DAG(s) 'latest_only_with_trigger' retrieved from /home/airflow/.local/lib/python3.12/site-packages/airflow/example_dags/example_latest_only_with_trigger.py
[2025-01-08T10:36:41.849+0000] {logging_mixin.py:190} INFO - [2025-01-08T10:36:41.848+0000] {dag.py:3239} INFO - Sync 1 DAGs
[2025-01-08T10:36:41.889+0000] {logging_mixin.py:190} INFO - [2025-01-08T10:36:41.889+0000] {dag.py:4180} INFO - Setting next_dagrun for latest_only_with_trigger to 2025-01-08 04:00:00+00:00, run_after=2025-01-08 08:00:00+00:00
[2025-01-08T10:36:41.924+0000] {processor.py:208} INFO - Processing /home/airflow/.local/lib/python3.12/site-packages/airflow/example_dags/example_latest_only_with_trigger.py took 0.126 seconds
[2025-01-08T10:37:12.000+0000] {processor.py:186} INFO - Started process (PID=1488) to work on /home/airflow/.local/lib/python3.12/site-packages/airflow/example_dags/example_latest_only_with_trigger.py
[2025-01-08T10:37:12.001+0000] {processor.py:914} INFO - Processing file /home/airflow/.local/lib/python3.12/site-packages/airflow/example_dags/example_latest_only_with_trigger.py for tasks to queue
[2025-01-08T10:37:12.004+0000] {logging_mixin.py:190} INFO - [2025-01-08T10:37:12.004+0000] {dagbag.py:588} INFO - Filling up the DagBag from /home/airflow/.local/lib/python3.12/site-packages/airflow/example_dags/example_latest_only_with_trigger.py
[2025-01-08T10:37:12.013+0000] {processor.py:925} INFO - DAG(s) 'latest_only_with_trigger' retrieved from /home/airflow/.local/lib/python3.12/site-packages/airflow/example_dags/example_latest_only_with_trigger.py
[2025-01-08T10:37:12.039+0000] {logging_mixin.py:190} INFO - [2025-01-08T10:37:12.039+0000] {dag.py:3239} INFO - Sync 1 DAGs
[2025-01-08T10:37:12.072+0000] {logging_mixin.py:190} INFO - [2025-01-08T10:37:12.071+0000] {dag.py:4180} INFO - Setting next_dagrun for latest_only_with_trigger to 2025-01-08 04:00:00+00:00, run_after=2025-01-08 08:00:00+00:00
[2025-01-08T10:37:12.103+0000] {processor.py:208} INFO - Processing /home/airflow/.local/lib/python3.12/site-packages/airflow/example_dags/example_latest_only_with_trigger.py took 0.111 seconds
[2025-01-08T10:37:42.779+0000] {processor.py:186} INFO - Started process (PID=1787) to work on /home/airflow/.local/lib/python3.12/site-packages/airflow/example_dags/example_latest_only_with_trigger.py
[2025-01-08T10:37:42.780+0000] {processor.py:914} INFO - Processing file /home/airflow/.local/lib/python3.12/site-packages/airflow/example_dags/example_latest_only_with_trigger.py for tasks to queue
[2025-01-08T10:37:42.783+0000] {logging_mixin.py:190} INFO - [2025-01-08T10:37:42.783+0000] {dagbag.py:588} INFO - Filling up the DagBag from /home/airflow/.local/lib/python3.12/site-packages/airflow/example_dags/example_latest_only_with_trigger.py
[2025-01-08T10:37:42.793+0000] {processor.py:925} INFO - DAG(s) 'latest_only_with_trigger' retrieved from /home/airflow/.local/lib/python3.12/site-packages/airflow/example_dags/example_latest_only_with_trigger.py
[2025-01-08T10:37:42.818+0000] {logging_mixin.py:190} INFO - [2025-01-08T10:37:42.818+0000] {dag.py:3239} INFO - Sync 1 DAGs
[2025-01-08T10:37:42.851+0000] {logging_mixin.py:190} INFO - [2025-01-08T10:37:42.851+0000] {dag.py:4180} INFO - Setting next_dagrun for latest_only_with_trigger to 2025-01-08 04:00:00+00:00, run_after=2025-01-08 08:00:00+00:00
[2025-01-08T10:37:42.913+0000] {processor.py:208} INFO - Processing /home/airflow/.local/lib/python3.12/site-packages/airflow/example_dags/example_latest_only_with_trigger.py took 0.142 seconds
[2025-01-08T10:38:13.952+0000] {processor.py:186} INFO - Started process (PID=2090) to work on /home/airflow/.local/lib/python3.12/site-packages/airflow/example_dags/example_latest_only_with_trigger.py
[2025-01-08T10:38:13.955+0000] {processor.py:914} INFO - Processing file /home/airflow/.local/lib/python3.12/site-packages/airflow/example_dags/example_latest_only_with_trigger.py for tasks to queue
[2025-01-08T10:38:13.963+0000] {logging_mixin.py:190} INFO - [2025-01-08T10:38:13.961+0000] {dagbag.py:588} INFO - Filling up the DagBag from /home/airflow/.local/lib/python3.12/site-packages/airflow/example_dags/example_latest_only_with_trigger.py
[2025-01-08T10:38:13.986+0000] {processor.py:925} INFO - DAG(s) 'latest_only_with_trigger' retrieved from /home/airflow/.local/lib/python3.12/site-packages/airflow/example_dags/example_latest_only_with_trigger.py
[2025-01-08T10:38:14.033+0000] {logging_mixin.py:190} INFO - [2025-01-08T10:38:14.032+0000] {dag.py:3239} INFO - Sync 1 DAGs
[2025-01-08T10:38:14.104+0000] {logging_mixin.py:190} INFO - [2025-01-08T10:38:14.104+0000] {dag.py:4180} INFO - Setting next_dagrun for latest_only_with_trigger to 2025-01-08 04:00:00+00:00, run_after=2025-01-08 08:00:00+00:00
[2025-01-08T10:38:14.179+0000] {processor.py:208} INFO - Processing /home/airflow/.local/lib/python3.12/site-packages/airflow/example_dags/example_latest_only_with_trigger.py took 0.241 seconds
[2025-01-08T10:38:44.319+0000] {processor.py:186} INFO - Started process (PID=2390) to work on /home/airflow/.local/lib/python3.12/site-packages/airflow/example_dags/example_latest_only_with_trigger.py
[2025-01-08T10:38:44.323+0000] {processor.py:914} INFO - Processing file /home/airflow/.local/lib/python3.12/site-packages/airflow/example_dags/example_latest_only_with_trigger.py for tasks to queue
[2025-01-08T10:38:44.330+0000] {logging_mixin.py:190} INFO - [2025-01-08T10:38:44.329+0000] {dagbag.py:588} INFO - Filling up the DagBag from /home/airflow/.local/lib/python3.12/site-packages/airflow/example_dags/example_latest_only_with_trigger.py
[2025-01-08T10:38:44.346+0000] {processor.py:925} INFO - DAG(s) 'latest_only_with_trigger' retrieved from /home/airflow/.local/lib/python3.12/site-packages/airflow/example_dags/example_latest_only_with_trigger.py
[2025-01-08T10:38:44.374+0000] {logging_mixin.py:190} INFO - [2025-01-08T10:38:44.374+0000] {dag.py:3239} INFO - Sync 1 DAGs
[2025-01-08T10:38:44.406+0000] {logging_mixin.py:190} INFO - [2025-01-08T10:38:44.406+0000] {dag.py:4180} INFO - Setting next_dagrun for latest_only_with_trigger to 2025-01-08 04:00:00+00:00, run_after=2025-01-08 08:00:00+00:00
[2025-01-08T10:38:44.431+0000] {processor.py:208} INFO - Processing /home/airflow/.local/lib/python3.12/site-packages/airflow/example_dags/example_latest_only_with_trigger.py took 0.127 seconds
[2025-01-08T10:39:14.986+0000] {processor.py:186} INFO - Started process (PID=2689) to work on /home/airflow/.local/lib/python3.12/site-packages/airflow/example_dags/example_latest_only_with_trigger.py
[2025-01-08T10:39:14.994+0000] {processor.py:914} INFO - Processing file /home/airflow/.local/lib/python3.12/site-packages/airflow/example_dags/example_latest_only_with_trigger.py for tasks to queue
[2025-01-08T10:39:15.001+0000] {logging_mixin.py:190} INFO - [2025-01-08T10:39:15.000+0000] {dagbag.py:588} INFO - Filling up the DagBag from /home/airflow/.local/lib/python3.12/site-packages/airflow/example_dags/example_latest_only_with_trigger.py
[2025-01-08T10:39:15.020+0000] {processor.py:925} INFO - DAG(s) 'latest_only_with_trigger' retrieved from /home/airflow/.local/lib/python3.12/site-packages/airflow/example_dags/example_latest_only_with_trigger.py
[2025-01-08T10:39:15.072+0000] {logging_mixin.py:190} INFO - [2025-01-08T10:39:15.072+0000] {dag.py:3239} INFO - Sync 1 DAGs
[2025-01-08T10:39:15.137+0000] {logging_mixin.py:190} INFO - [2025-01-08T10:39:15.137+0000] {dag.py:4180} INFO - Setting next_dagrun for latest_only_with_trigger to 2025-01-08 04:00:00+00:00, run_after=2025-01-08 08:00:00+00:00
[2025-01-08T10:39:15.218+0000] {processor.py:208} INFO - Processing /home/airflow/.local/lib/python3.12/site-packages/airflow/example_dags/example_latest_only_with_trigger.py took 0.243 seconds
[2025-01-08T10:39:46.561+0000] {processor.py:186} INFO - Started process (PID=2990) to work on /home/airflow/.local/lib/python3.12/site-packages/airflow/example_dags/example_latest_only_with_trigger.py
[2025-01-08T10:39:46.564+0000] {processor.py:914} INFO - Processing file /home/airflow/.local/lib/python3.12/site-packages/airflow/example_dags/example_latest_only_with_trigger.py for tasks to queue
[2025-01-08T10:39:46.568+0000] {logging_mixin.py:190} INFO - [2025-01-08T10:39:46.568+0000] {dagbag.py:588} INFO - Filling up the DagBag from /home/airflow/.local/lib/python3.12/site-packages/airflow/example_dags/example_latest_only_with_trigger.py
[2025-01-08T10:39:46.589+0000] {processor.py:925} INFO - DAG(s) 'latest_only_with_trigger' retrieved from /home/airflow/.local/lib/python3.12/site-packages/airflow/example_dags/example_latest_only_with_trigger.py
[2025-01-08T10:39:46.640+0000] {logging_mixin.py:190} INFO - [2025-01-08T10:39:46.639+0000] {dag.py:3239} INFO - Sync 1 DAGs
[2025-01-08T10:39:46.709+0000] {logging_mixin.py:190} INFO - [2025-01-08T10:39:46.709+0000] {dag.py:4180} INFO - Setting next_dagrun for latest_only_with_trigger to 2025-01-08 04:00:00+00:00, run_after=2025-01-08 08:00:00+00:00
[2025-01-08T10:39:46.758+0000] {processor.py:208} INFO - Processing /home/airflow/.local/lib/python3.12/site-packages/airflow/example_dags/example_latest_only_with_trigger.py took 0.217 seconds
[2025-01-08T10:40:20.146+0000] {processor.py:186} INFO - Started process (PID=3288) to work on /home/airflow/.local/lib/python3.12/site-packages/airflow/example_dags/example_latest_only_with_trigger.py
[2025-01-08T10:40:20.148+0000] {processor.py:914} INFO - Processing file /home/airflow/.local/lib/python3.12/site-packages/airflow/example_dags/example_latest_only_with_trigger.py for tasks to queue
[2025-01-08T10:40:20.151+0000] {logging_mixin.py:190} INFO - [2025-01-08T10:40:20.151+0000] {dagbag.py:588} INFO - Filling up the DagBag from /home/airflow/.local/lib/python3.12/site-packages/airflow/example_dags/example_latest_only_with_trigger.py
[2025-01-08T10:40:20.162+0000] {processor.py:925} INFO - DAG(s) 'latest_only_with_trigger' retrieved from /home/airflow/.local/lib/python3.12/site-packages/airflow/example_dags/example_latest_only_with_trigger.py
[2025-01-08T10:40:20.195+0000] {logging_mixin.py:190} INFO - [2025-01-08T10:40:20.194+0000] {dag.py:3239} INFO - Sync 1 DAGs
[2025-01-08T10:40:20.234+0000] {logging_mixin.py:190} INFO - [2025-01-08T10:40:20.234+0000] {dag.py:4180} INFO - Setting next_dagrun for latest_only_with_trigger to 2025-01-08 04:00:00+00:00, run_after=2025-01-08 08:00:00+00:00
[2025-01-08T10:40:20.263+0000] {processor.py:208} INFO - Processing /home/airflow/.local/lib/python3.12/site-packages/airflow/example_dags/example_latest_only_with_trigger.py took 0.126 seconds
[2025-01-08T10:43:17.002+0000] {processor.py:186} INFO - Started process (PID=282) to work on /home/airflow/.local/lib/python3.12/site-packages/airflow/example_dags/example_latest_only_with_trigger.py
[2025-01-08T10:43:17.004+0000] {processor.py:914} INFO - Processing file /home/airflow/.local/lib/python3.12/site-packages/airflow/example_dags/example_latest_only_with_trigger.py for tasks to queue
[2025-01-08T10:43:17.006+0000] {logging_mixin.py:190} INFO - [2025-01-08T10:43:17.006+0000] {dagbag.py:588} INFO - Filling up the DagBag from /home/airflow/.local/lib/python3.12/site-packages/airflow/example_dags/example_latest_only_with_trigger.py
[2025-01-08T10:43:17.019+0000] {processor.py:925} INFO - DAG(s) 'latest_only_with_trigger' retrieved from /home/airflow/.local/lib/python3.12/site-packages/airflow/example_dags/example_latest_only_with_trigger.py
[2025-01-08T10:43:17.052+0000] {logging_mixin.py:190} INFO - [2025-01-08T10:43:17.052+0000] {dag.py:3239} INFO - Sync 1 DAGs
[2025-01-08T10:43:17.079+0000] {logging_mixin.py:190} INFO - [2025-01-08T10:43:17.079+0000] {dag.py:4180} INFO - Setting next_dagrun for latest_only_with_trigger to 2025-01-08 04:00:00+00:00, run_after=2025-01-08 08:00:00+00:00
[2025-01-08T10:43:17.104+0000] {processor.py:208} INFO - Processing /home/airflow/.local/lib/python3.12/site-packages/airflow/example_dags/example_latest_only_with_trigger.py took 0.110 seconds
[2025-01-08T10:43:47.400+0000] {processor.py:186} INFO - Started process (PID=578) to work on /home/airflow/.local/lib/python3.12/site-packages/airflow/example_dags/example_latest_only_with_trigger.py
[2025-01-08T10:43:47.401+0000] {processor.py:914} INFO - Processing file /home/airflow/.local/lib/python3.12/site-packages/airflow/example_dags/example_latest_only_with_trigger.py for tasks to queue
[2025-01-08T10:43:47.404+0000] {logging_mixin.py:190} INFO - [2025-01-08T10:43:47.404+0000] {dagbag.py:588} INFO - Filling up the DagBag from /home/airflow/.local/lib/python3.12/site-packages/airflow/example_dags/example_latest_only_with_trigger.py
[2025-01-08T10:43:47.414+0000] {processor.py:925} INFO - DAG(s) 'latest_only_with_trigger' retrieved from /home/airflow/.local/lib/python3.12/site-packages/airflow/example_dags/example_latest_only_with_trigger.py
[2025-01-08T10:43:47.442+0000] {logging_mixin.py:190} INFO - [2025-01-08T10:43:47.442+0000] {dag.py:3239} INFO - Sync 1 DAGs
[2025-01-08T10:43:47.477+0000] {logging_mixin.py:190} INFO - [2025-01-08T10:43:47.477+0000] {dag.py:4180} INFO - Setting next_dagrun for latest_only_with_trigger to 2025-01-08 04:00:00+00:00, run_after=2025-01-08 08:00:00+00:00
[2025-01-08T10:43:47.502+0000] {processor.py:208} INFO - Processing /home/airflow/.local/lib/python3.12/site-packages/airflow/example_dags/example_latest_only_with_trigger.py took 0.113 seconds
[2025-01-08T10:44:18.210+0000] {processor.py:186} INFO - Started process (PID=879) to work on /home/airflow/.local/lib/python3.12/site-packages/airflow/example_dags/example_latest_only_with_trigger.py
[2025-01-08T10:44:18.212+0000] {processor.py:914} INFO - Processing file /home/airflow/.local/lib/python3.12/site-packages/airflow/example_dags/example_latest_only_with_trigger.py for tasks to queue
[2025-01-08T10:44:18.215+0000] {logging_mixin.py:190} INFO - [2025-01-08T10:44:18.215+0000] {dagbag.py:588} INFO - Filling up the DagBag from /home/airflow/.local/lib/python3.12/site-packages/airflow/example_dags/example_latest_only_with_trigger.py
[2025-01-08T10:44:18.225+0000] {processor.py:925} INFO - DAG(s) 'latest_only_with_trigger' retrieved from /home/airflow/.local/lib/python3.12/site-packages/airflow/example_dags/example_latest_only_with_trigger.py
[2025-01-08T10:44:18.251+0000] {logging_mixin.py:190} INFO - [2025-01-08T10:44:18.251+0000] {dag.py:3239} INFO - Sync 1 DAGs
[2025-01-08T10:44:18.276+0000] {logging_mixin.py:190} INFO - [2025-01-08T10:44:18.276+0000] {dag.py:4180} INFO - Setting next_dagrun for latest_only_with_trigger to 2025-01-08 04:00:00+00:00, run_after=2025-01-08 08:00:00+00:00
[2025-01-08T10:44:18.296+0000] {processor.py:208} INFO - Processing /home/airflow/.local/lib/python3.12/site-packages/airflow/example_dags/example_latest_only_with_trigger.py took 0.095 seconds
[2025-01-08T10:44:48.933+0000] {processor.py:186} INFO - Started process (PID=1185) to work on /home/airflow/.local/lib/python3.12/site-packages/airflow/example_dags/example_latest_only_with_trigger.py
[2025-01-08T10:44:48.934+0000] {processor.py:914} INFO - Processing file /home/airflow/.local/lib/python3.12/site-packages/airflow/example_dags/example_latest_only_with_trigger.py for tasks to queue
[2025-01-08T10:44:48.936+0000] {logging_mixin.py:190} INFO - [2025-01-08T10:44:48.935+0000] {dagbag.py:588} INFO - Filling up the DagBag from /home/airflow/.local/lib/python3.12/site-packages/airflow/example_dags/example_latest_only_with_trigger.py
[2025-01-08T10:44:48.943+0000] {processor.py:925} INFO - DAG(s) 'latest_only_with_trigger' retrieved from /home/airflow/.local/lib/python3.12/site-packages/airflow/example_dags/example_latest_only_with_trigger.py
[2025-01-08T10:44:48.962+0000] {logging_mixin.py:190} INFO - [2025-01-08T10:44:48.962+0000] {dag.py:3239} INFO - Sync 1 DAGs
[2025-01-08T10:44:48.989+0000] {logging_mixin.py:190} INFO - [2025-01-08T10:44:48.988+0000] {dag.py:4180} INFO - Setting next_dagrun for latest_only_with_trigger to 2025-01-08 04:00:00+00:00, run_after=2025-01-08 08:00:00+00:00
[2025-01-08T10:44:49.010+0000] {processor.py:208} INFO - Processing /home/airflow/.local/lib/python3.12/site-packages/airflow/example_dags/example_latest_only_with_trigger.py took 0.083 seconds
[2025-01-08T10:45:19.465+0000] {processor.py:186} INFO - Started process (PID=1486) to work on /home/airflow/.local/lib/python3.12/site-packages/airflow/example_dags/example_latest_only_with_trigger.py
[2025-01-08T10:45:19.466+0000] {processor.py:914} INFO - Processing file /home/airflow/.local/lib/python3.12/site-packages/airflow/example_dags/example_latest_only_with_trigger.py for tasks to queue
[2025-01-08T10:45:19.468+0000] {logging_mixin.py:190} INFO - [2025-01-08T10:45:19.468+0000] {dagbag.py:588} INFO - Filling up the DagBag from /home/airflow/.local/lib/python3.12/site-packages/airflow/example_dags/example_latest_only_with_trigger.py
[2025-01-08T10:45:19.476+0000] {processor.py:925} INFO - DAG(s) 'latest_only_with_trigger' retrieved from /home/airflow/.local/lib/python3.12/site-packages/airflow/example_dags/example_latest_only_with_trigger.py
[2025-01-08T10:45:19.497+0000] {logging_mixin.py:190} INFO - [2025-01-08T10:45:19.497+0000] {dag.py:3239} INFO - Sync 1 DAGs
[2025-01-08T10:45:19.522+0000] {logging_mixin.py:190} INFO - [2025-01-08T10:45:19.521+0000] {dag.py:4180} INFO - Setting next_dagrun for latest_only_with_trigger to 2025-01-08 04:00:00+00:00, run_after=2025-01-08 08:00:00+00:00
[2025-01-08T10:45:19.542+0000] {processor.py:208} INFO - Processing /home/airflow/.local/lib/python3.12/site-packages/airflow/example_dags/example_latest_only_with_trigger.py took 0.083 seconds
[2025-01-08T10:45:50.415+0000] {processor.py:186} INFO - Started process (PID=1787) to work on /home/airflow/.local/lib/python3.12/site-packages/airflow/example_dags/example_latest_only_with_trigger.py
[2025-01-08T10:45:50.416+0000] {processor.py:914} INFO - Processing file /home/airflow/.local/lib/python3.12/site-packages/airflow/example_dags/example_latest_only_with_trigger.py for tasks to queue
[2025-01-08T10:45:50.417+0000] {logging_mixin.py:190} INFO - [2025-01-08T10:45:50.417+0000] {dagbag.py:588} INFO - Filling up the DagBag from /home/airflow/.local/lib/python3.12/site-packages/airflow/example_dags/example_latest_only_with_trigger.py
[2025-01-08T10:45:50.423+0000] {processor.py:925} INFO - DAG(s) 'latest_only_with_trigger' retrieved from /home/airflow/.local/lib/python3.12/site-packages/airflow/example_dags/example_latest_only_with_trigger.py
[2025-01-08T10:45:50.439+0000] {logging_mixin.py:190} INFO - [2025-01-08T10:45:50.438+0000] {dag.py:3239} INFO - Sync 1 DAGs
[2025-01-08T10:45:50.458+0000] {logging_mixin.py:190} INFO - [2025-01-08T10:45:50.457+0000] {dag.py:4180} INFO - Setting next_dagrun for latest_only_with_trigger to 2025-01-08 04:00:00+00:00, run_after=2025-01-08 08:00:00+00:00
[2025-01-08T10:45:50.474+0000] {processor.py:208} INFO - Processing /home/airflow/.local/lib/python3.12/site-packages/airflow/example_dags/example_latest_only_with_trigger.py took 0.064 seconds
[2025-01-08T10:46:20.944+0000] {processor.py:186} INFO - Started process (PID=2088) to work on /home/airflow/.local/lib/python3.12/site-packages/airflow/example_dags/example_latest_only_with_trigger.py
[2025-01-08T10:46:20.945+0000] {processor.py:914} INFO - Processing file /home/airflow/.local/lib/python3.12/site-packages/airflow/example_dags/example_latest_only_with_trigger.py for tasks to queue
[2025-01-08T10:46:20.947+0000] {logging_mixin.py:190} INFO - [2025-01-08T10:46:20.946+0000] {dagbag.py:588} INFO - Filling up the DagBag from /home/airflow/.local/lib/python3.12/site-packages/airflow/example_dags/example_latest_only_with_trigger.py
[2025-01-08T10:46:20.954+0000] {processor.py:925} INFO - DAG(s) 'latest_only_with_trigger' retrieved from /home/airflow/.local/lib/python3.12/site-packages/airflow/example_dags/example_latest_only_with_trigger.py
[2025-01-08T10:46:20.972+0000] {logging_mixin.py:190} INFO - [2025-01-08T10:46:20.971+0000] {dag.py:3239} INFO - Sync 1 DAGs
[2025-01-08T10:46:20.991+0000] {logging_mixin.py:190} INFO - [2025-01-08T10:46:20.991+0000] {dag.py:4180} INFO - Setting next_dagrun for latest_only_with_trigger to 2025-01-08 04:00:00+00:00, run_after=2025-01-08 08:00:00+00:00
[2025-01-08T10:46:21.007+0000] {processor.py:208} INFO - Processing /home/airflow/.local/lib/python3.12/site-packages/airflow/example_dags/example_latest_only_with_trigger.py took 0.069 seconds
[2025-01-08T10:46:51.321+0000] {processor.py:186} INFO - Started process (PID=2389) to work on /home/airflow/.local/lib/python3.12/site-packages/airflow/example_dags/example_latest_only_with_trigger.py
[2025-01-08T10:46:51.322+0000] {processor.py:914} INFO - Processing file /home/airflow/.local/lib/python3.12/site-packages/airflow/example_dags/example_latest_only_with_trigger.py for tasks to queue
[2025-01-08T10:46:51.324+0000] {logging_mixin.py:190} INFO - [2025-01-08T10:46:51.324+0000] {dagbag.py:588} INFO - Filling up the DagBag from /home/airflow/.local/lib/python3.12/site-packages/airflow/example_dags/example_latest_only_with_trigger.py
[2025-01-08T10:46:51.332+0000] {processor.py:925} INFO - DAG(s) 'latest_only_with_trigger' retrieved from /home/airflow/.local/lib/python3.12/site-packages/airflow/example_dags/example_latest_only_with_trigger.py
[2025-01-08T10:46:51.352+0000] {logging_mixin.py:190} INFO - [2025-01-08T10:46:51.351+0000] {dag.py:3239} INFO - Sync 1 DAGs
[2025-01-08T10:46:51.375+0000] {logging_mixin.py:190} INFO - [2025-01-08T10:46:51.375+0000] {dag.py:4180} INFO - Setting next_dagrun for latest_only_with_trigger to 2025-01-08 04:00:00+00:00, run_after=2025-01-08 08:00:00+00:00
[2025-01-08T10:46:51.394+0000] {processor.py:208} INFO - Processing /home/airflow/.local/lib/python3.12/site-packages/airflow/example_dags/example_latest_only_with_trigger.py took 0.079 seconds
[2025-01-08T10:47:21.766+0000] {processor.py:186} INFO - Started process (PID=2690) to work on /home/airflow/.local/lib/python3.12/site-packages/airflow/example_dags/example_latest_only_with_trigger.py
[2025-01-08T10:47:21.767+0000] {processor.py:914} INFO - Processing file /home/airflow/.local/lib/python3.12/site-packages/airflow/example_dags/example_latest_only_with_trigger.py for tasks to queue
[2025-01-08T10:47:21.768+0000] {logging_mixin.py:190} INFO - [2025-01-08T10:47:21.768+0000] {dagbag.py:588} INFO - Filling up the DagBag from /home/airflow/.local/lib/python3.12/site-packages/airflow/example_dags/example_latest_only_with_trigger.py
[2025-01-08T10:47:21.775+0000] {processor.py:925} INFO - DAG(s) 'latest_only_with_trigger' retrieved from /home/airflow/.local/lib/python3.12/site-packages/airflow/example_dags/example_latest_only_with_trigger.py
[2025-01-08T10:47:21.793+0000] {logging_mixin.py:190} INFO - [2025-01-08T10:47:21.793+0000] {dag.py:3239} INFO - Sync 1 DAGs
[2025-01-08T10:47:21.816+0000] {logging_mixin.py:190} INFO - [2025-01-08T10:47:21.816+0000] {dag.py:4180} INFO - Setting next_dagrun for latest_only_with_trigger to 2025-01-08 04:00:00+00:00, run_after=2025-01-08 08:00:00+00:00
[2025-01-08T10:47:21.835+0000] {processor.py:208} INFO - Processing /home/airflow/.local/lib/python3.12/site-packages/airflow/example_dags/example_latest_only_with_trigger.py took 0.074 seconds
[2025-01-08T10:47:52.146+0000] {processor.py:186} INFO - Started process (PID=2991) to work on /home/airflow/.local/lib/python3.12/site-packages/airflow/example_dags/example_latest_only_with_trigger.py
[2025-01-08T10:47:52.147+0000] {processor.py:914} INFO - Processing file /home/airflow/.local/lib/python3.12/site-packages/airflow/example_dags/example_latest_only_with_trigger.py for tasks to queue
[2025-01-08T10:47:52.149+0000] {logging_mixin.py:190} INFO - [2025-01-08T10:47:52.149+0000] {dagbag.py:588} INFO - Filling up the DagBag from /home/airflow/.local/lib/python3.12/site-packages/airflow/example_dags/example_latest_only_with_trigger.py
[2025-01-08T10:47:52.157+0000] {processor.py:925} INFO - DAG(s) 'latest_only_with_trigger' retrieved from /home/airflow/.local/lib/python3.12/site-packages/airflow/example_dags/example_latest_only_with_trigger.py
[2025-01-08T10:47:52.176+0000] {logging_mixin.py:190} INFO - [2025-01-08T10:47:52.176+0000] {dag.py:3239} INFO - Sync 1 DAGs
[2025-01-08T10:47:52.200+0000] {logging_mixin.py:190} INFO - [2025-01-08T10:47:52.200+0000] {dag.py:4180} INFO - Setting next_dagrun for latest_only_with_trigger to 2025-01-08 04:00:00+00:00, run_after=2025-01-08 08:00:00+00:00
[2025-01-08T10:47:52.221+0000] {processor.py:208} INFO - Processing /home/airflow/.local/lib/python3.12/site-packages/airflow/example_dags/example_latest_only_with_trigger.py took 0.080 seconds
