[2025-01-08T10:35:05.027+0000] {processor.py:186} INFO - Started process (PID=237) to work on /home/airflow/.local/lib/python3.12/site-packages/airflow/example_dags/example_python_operator.py
[2025-01-08T10:35:05.029+0000] {processor.py:914} INFO - Processing file /home/airflow/.local/lib/python3.12/site-packages/airflow/example_dags/example_python_operator.py for tasks to queue
[2025-01-08T10:35:05.031+0000] {logging_mixin.py:190} INFO - [2025-01-08T10:35:05.031+0000] {dagbag.py:588} INFO - Filling up the DagBag from /home/airflow/.local/lib/python3.12/site-packages/airflow/example_dags/example_python_operator.py
[2025-01-08T10:35:05.051+0000] {processor.py:925} INFO - DAG(s) 'example_python_operator' retrieved from /home/airflow/.local/lib/python3.12/site-packages/airflow/example_dags/example_python_operator.py
[2025-01-08T10:35:05.319+0000] {logging_mixin.py:190} INFO - [2025-01-08T10:35:05.318+0000] {override.py:1911} INFO - Created Permission View: can delete on DAG:example_python_operator
[2025-01-08T10:35:05.390+0000] {logging_mixin.py:190} INFO - [2025-01-08T10:35:05.389+0000] {override.py:1911} INFO - Created Permission View: can read on DAG:example_python_operator
[2025-01-08T10:35:05.527+0000] {logging_mixin.py:190} INFO - [2025-01-08T10:35:05.526+0000] {override.py:1911} INFO - Created Permission View: can edit on DAG:example_python_operator
[2025-01-08T10:35:05.691+0000] {logging_mixin.py:190} INFO - [2025-01-08T10:35:05.691+0000] {override.py:1911} INFO - Created Permission View: menu access on DAG Run:example_python_operator
[2025-01-08T10:35:05.741+0000] {logging_mixin.py:190} INFO - [2025-01-08T10:35:05.741+0000] {override.py:1911} INFO - Created Permission View: can create on DAG Run:example_python_operator
[2025-01-08T10:35:05.785+0000] {logging_mixin.py:190} INFO - [2025-01-08T10:35:05.785+0000] {override.py:1911} INFO - Created Permission View: can read on DAG Run:example_python_operator
[2025-01-08T10:35:05.819+0000] {logging_mixin.py:190} INFO - [2025-01-08T10:35:05.819+0000] {override.py:1911} INFO - Created Permission View: can delete on DAG Run:example_python_operator
[2025-01-08T10:35:05.820+0000] {logging_mixin.py:190} INFO - [2025-01-08T10:35:05.820+0000] {dag.py:3239} INFO - Sync 1 DAGs
[2025-01-08T10:35:05.837+0000] {logging_mixin.py:190} INFO - [2025-01-08T10:35:05.836+0000] {dag.py:3262} INFO - Creating ORM DAG for example_python_operator
[2025-01-08T10:35:05.838+0000] {logging_mixin.py:190} INFO - [2025-01-08T10:35:05.837+0000] {dag.py:4180} INFO - Setting next_dagrun for example_python_operator to None, run_after=None
[2025-01-08T10:35:05.902+0000] {processor.py:208} INFO - Processing /home/airflow/.local/lib/python3.12/site-packages/airflow/example_dags/example_python_operator.py took 0.883 seconds
[2025-01-08T10:35:35.949+0000] {processor.py:186} INFO - Started process (PID=540) to work on /home/airflow/.local/lib/python3.12/site-packages/airflow/example_dags/example_python_operator.py
[2025-01-08T10:35:35.950+0000] {processor.py:914} INFO - Processing file /home/airflow/.local/lib/python3.12/site-packages/airflow/example_dags/example_python_operator.py for tasks to queue
[2025-01-08T10:35:35.953+0000] {logging_mixin.py:190} INFO - [2025-01-08T10:35:35.953+0000] {dagbag.py:588} INFO - Filling up the DagBag from /home/airflow/.local/lib/python3.12/site-packages/airflow/example_dags/example_python_operator.py
[2025-01-08T10:35:35.970+0000] {processor.py:925} INFO - DAG(s) 'example_python_operator' retrieved from /home/airflow/.local/lib/python3.12/site-packages/airflow/example_dags/example_python_operator.py
[2025-01-08T10:35:35.997+0000] {logging_mixin.py:190} INFO - [2025-01-08T10:35:35.997+0000] {dag.py:3239} INFO - Sync 1 DAGs
[2025-01-08T10:35:36.015+0000] {logging_mixin.py:190} INFO - [2025-01-08T10:35:36.015+0000] {dag.py:4180} INFO - Setting next_dagrun for example_python_operator to None, run_after=None
[2025-01-08T10:35:36.041+0000] {processor.py:208} INFO - Processing /home/airflow/.local/lib/python3.12/site-packages/airflow/example_dags/example_python_operator.py took 0.099 seconds
[2025-01-08T10:36:06.774+0000] {processor.py:186} INFO - Started process (PID=841) to work on /home/airflow/.local/lib/python3.12/site-packages/airflow/example_dags/example_python_operator.py
[2025-01-08T10:36:06.776+0000] {processor.py:914} INFO - Processing file /home/airflow/.local/lib/python3.12/site-packages/airflow/example_dags/example_python_operator.py for tasks to queue
[2025-01-08T10:36:06.780+0000] {logging_mixin.py:190} INFO - [2025-01-08T10:36:06.779+0000] {dagbag.py:588} INFO - Filling up the DagBag from /home/airflow/.local/lib/python3.12/site-packages/airflow/example_dags/example_python_operator.py
[2025-01-08T10:36:06.812+0000] {processor.py:925} INFO - DAG(s) 'example_python_operator' retrieved from /home/airflow/.local/lib/python3.12/site-packages/airflow/example_dags/example_python_operator.py
[2025-01-08T10:36:06.872+0000] {logging_mixin.py:190} INFO - [2025-01-08T10:36:06.871+0000] {dag.py:3239} INFO - Sync 1 DAGs
[2025-01-08T10:36:06.924+0000] {logging_mixin.py:190} INFO - [2025-01-08T10:36:06.923+0000] {dag.py:4180} INFO - Setting next_dagrun for example_python_operator to None, run_after=None
[2025-01-08T10:36:06.965+0000] {processor.py:208} INFO - Processing /home/airflow/.local/lib/python3.12/site-packages/airflow/example_dags/example_python_operator.py took 0.205 seconds
[2025-01-08T10:36:37.926+0000] {processor.py:186} INFO - Started process (PID=1142) to work on /home/airflow/.local/lib/python3.12/site-packages/airflow/example_dags/example_python_operator.py
[2025-01-08T10:36:37.927+0000] {processor.py:914} INFO - Processing file /home/airflow/.local/lib/python3.12/site-packages/airflow/example_dags/example_python_operator.py for tasks to queue
[2025-01-08T10:36:37.931+0000] {logging_mixin.py:190} INFO - [2025-01-08T10:36:37.930+0000] {dagbag.py:588} INFO - Filling up the DagBag from /home/airflow/.local/lib/python3.12/site-packages/airflow/example_dags/example_python_operator.py
[2025-01-08T10:36:37.952+0000] {processor.py:925} INFO - DAG(s) 'example_python_operator' retrieved from /home/airflow/.local/lib/python3.12/site-packages/airflow/example_dags/example_python_operator.py
[2025-01-08T10:36:37.987+0000] {logging_mixin.py:190} INFO - [2025-01-08T10:36:37.987+0000] {dag.py:3239} INFO - Sync 1 DAGs
[2025-01-08T10:36:38.015+0000] {logging_mixin.py:190} INFO - [2025-01-08T10:36:38.015+0000] {dag.py:4180} INFO - Setting next_dagrun for example_python_operator to None, run_after=None
[2025-01-08T10:36:38.049+0000] {processor.py:208} INFO - Processing /home/airflow/.local/lib/python3.12/site-packages/airflow/example_dags/example_python_operator.py took 0.135 seconds
[2025-01-08T10:37:08.266+0000] {processor.py:186} INFO - Started process (PID=1443) to work on /home/airflow/.local/lib/python3.12/site-packages/airflow/example_dags/example_python_operator.py
[2025-01-08T10:37:08.266+0000] {processor.py:914} INFO - Processing file /home/airflow/.local/lib/python3.12/site-packages/airflow/example_dags/example_python_operator.py for tasks to queue
[2025-01-08T10:37:08.270+0000] {logging_mixin.py:190} INFO - [2025-01-08T10:37:08.269+0000] {dagbag.py:588} INFO - Filling up the DagBag from /home/airflow/.local/lib/python3.12/site-packages/airflow/example_dags/example_python_operator.py
[2025-01-08T10:37:08.289+0000] {processor.py:925} INFO - DAG(s) 'example_python_operator' retrieved from /home/airflow/.local/lib/python3.12/site-packages/airflow/example_dags/example_python_operator.py
[2025-01-08T10:37:08.318+0000] {logging_mixin.py:190} INFO - [2025-01-08T10:37:08.317+0000] {dag.py:3239} INFO - Sync 1 DAGs
[2025-01-08T10:37:08.336+0000] {logging_mixin.py:190} INFO - [2025-01-08T10:37:08.336+0000] {dag.py:4180} INFO - Setting next_dagrun for example_python_operator to None, run_after=None
[2025-01-08T10:37:08.376+0000] {processor.py:208} INFO - Processing /home/airflow/.local/lib/python3.12/site-packages/airflow/example_dags/example_python_operator.py took 0.118 seconds
[2025-01-08T10:37:38.959+0000] {processor.py:186} INFO - Started process (PID=1744) to work on /home/airflow/.local/lib/python3.12/site-packages/airflow/example_dags/example_python_operator.py
[2025-01-08T10:37:38.960+0000] {processor.py:914} INFO - Processing file /home/airflow/.local/lib/python3.12/site-packages/airflow/example_dags/example_python_operator.py for tasks to queue
[2025-01-08T10:37:38.964+0000] {logging_mixin.py:190} INFO - [2025-01-08T10:37:38.963+0000] {dagbag.py:588} INFO - Filling up the DagBag from /home/airflow/.local/lib/python3.12/site-packages/airflow/example_dags/example_python_operator.py
[2025-01-08T10:37:38.980+0000] {processor.py:925} INFO - DAG(s) 'example_python_operator' retrieved from /home/airflow/.local/lib/python3.12/site-packages/airflow/example_dags/example_python_operator.py
[2025-01-08T10:37:39.016+0000] {logging_mixin.py:190} INFO - [2025-01-08T10:37:39.015+0000] {dag.py:3239} INFO - Sync 1 DAGs
[2025-01-08T10:37:39.045+0000] {logging_mixin.py:190} INFO - [2025-01-08T10:37:39.045+0000] {dag.py:4180} INFO - Setting next_dagrun for example_python_operator to None, run_after=None
[2025-01-08T10:37:39.082+0000] {processor.py:208} INFO - Processing /home/airflow/.local/lib/python3.12/site-packages/airflow/example_dags/example_python_operator.py took 0.133 seconds
[2025-01-08T10:38:09.783+0000] {processor.py:186} INFO - Started process (PID=2045) to work on /home/airflow/.local/lib/python3.12/site-packages/airflow/example_dags/example_python_operator.py
[2025-01-08T10:38:09.785+0000] {processor.py:914} INFO - Processing file /home/airflow/.local/lib/python3.12/site-packages/airflow/example_dags/example_python_operator.py for tasks to queue
[2025-01-08T10:38:09.797+0000] {logging_mixin.py:190} INFO - [2025-01-08T10:38:09.796+0000] {dagbag.py:588} INFO - Filling up the DagBag from /home/airflow/.local/lib/python3.12/site-packages/airflow/example_dags/example_python_operator.py
[2025-01-08T10:38:09.834+0000] {processor.py:925} INFO - DAG(s) 'example_python_operator' retrieved from /home/airflow/.local/lib/python3.12/site-packages/airflow/example_dags/example_python_operator.py
[2025-01-08T10:38:09.897+0000] {logging_mixin.py:190} INFO - [2025-01-08T10:38:09.897+0000] {dag.py:3239} INFO - Sync 1 DAGs
[2025-01-08T10:38:09.951+0000] {logging_mixin.py:190} INFO - [2025-01-08T10:38:09.951+0000] {dag.py:4180} INFO - Setting next_dagrun for example_python_operator to None, run_after=None
[2025-01-08T10:38:10.006+0000] {processor.py:208} INFO - Processing /home/airflow/.local/lib/python3.12/site-packages/airflow/example_dags/example_python_operator.py took 0.241 seconds
[2025-01-08T10:38:40.160+0000] {processor.py:186} INFO - Started process (PID=2345) to work on /home/airflow/.local/lib/python3.12/site-packages/airflow/example_dags/example_python_operator.py
[2025-01-08T10:38:40.168+0000] {processor.py:914} INFO - Processing file /home/airflow/.local/lib/python3.12/site-packages/airflow/example_dags/example_python_operator.py for tasks to queue
[2025-01-08T10:38:40.172+0000] {logging_mixin.py:190} INFO - [2025-01-08T10:38:40.171+0000] {dagbag.py:588} INFO - Filling up the DagBag from /home/airflow/.local/lib/python3.12/site-packages/airflow/example_dags/example_python_operator.py
[2025-01-08T10:38:40.208+0000] {processor.py:925} INFO - DAG(s) 'example_python_operator' retrieved from /home/airflow/.local/lib/python3.12/site-packages/airflow/example_dags/example_python_operator.py
[2025-01-08T10:38:40.283+0000] {logging_mixin.py:190} INFO - [2025-01-08T10:38:40.282+0000] {dag.py:3239} INFO - Sync 1 DAGs
[2025-01-08T10:38:40.336+0000] {logging_mixin.py:190} INFO - [2025-01-08T10:38:40.335+0000] {dag.py:4180} INFO - Setting next_dagrun for example_python_operator to None, run_after=None
[2025-01-08T10:38:40.398+0000] {processor.py:208} INFO - Processing /home/airflow/.local/lib/python3.12/site-packages/airflow/example_dags/example_python_operator.py took 0.249 seconds
[2025-01-08T10:39:11.377+0000] {processor.py:186} INFO - Started process (PID=2644) to work on /home/airflow/.local/lib/python3.12/site-packages/airflow/example_dags/example_python_operator.py
[2025-01-08T10:39:11.379+0000] {processor.py:914} INFO - Processing file /home/airflow/.local/lib/python3.12/site-packages/airflow/example_dags/example_python_operator.py for tasks to queue
[2025-01-08T10:39:11.383+0000] {logging_mixin.py:190} INFO - [2025-01-08T10:39:11.382+0000] {dagbag.py:588} INFO - Filling up the DagBag from /home/airflow/.local/lib/python3.12/site-packages/airflow/example_dags/example_python_operator.py
[2025-01-08T10:39:11.418+0000] {processor.py:925} INFO - DAG(s) 'example_python_operator' retrieved from /home/airflow/.local/lib/python3.12/site-packages/airflow/example_dags/example_python_operator.py
[2025-01-08T10:39:11.476+0000] {logging_mixin.py:190} INFO - [2025-01-08T10:39:11.475+0000] {dag.py:3239} INFO - Sync 1 DAGs
[2025-01-08T10:39:11.521+0000] {logging_mixin.py:190} INFO - [2025-01-08T10:39:11.521+0000] {dag.py:4180} INFO - Setting next_dagrun for example_python_operator to None, run_after=None
[2025-01-08T10:39:11.585+0000] {processor.py:208} INFO - Processing /home/airflow/.local/lib/python3.12/site-packages/airflow/example_dags/example_python_operator.py took 0.224 seconds
[2025-01-08T10:39:43.865+0000] {processor.py:186} INFO - Started process (PID=2940) to work on /home/airflow/.local/lib/python3.12/site-packages/airflow/example_dags/example_python_operator.py
[2025-01-08T10:39:43.868+0000] {processor.py:914} INFO - Processing file /home/airflow/.local/lib/python3.12/site-packages/airflow/example_dags/example_python_operator.py for tasks to queue
[2025-01-08T10:39:43.875+0000] {logging_mixin.py:190} INFO - [2025-01-08T10:39:43.873+0000] {dagbag.py:588} INFO - Filling up the DagBag from /home/airflow/.local/lib/python3.12/site-packages/airflow/example_dags/example_python_operator.py
[2025-01-08T10:39:43.920+0000] {processor.py:925} INFO - DAG(s) 'example_python_operator' retrieved from /home/airflow/.local/lib/python3.12/site-packages/airflow/example_dags/example_python_operator.py
[2025-01-08T10:39:43.980+0000] {logging_mixin.py:190} INFO - [2025-01-08T10:39:43.979+0000] {dag.py:3239} INFO - Sync 1 DAGs
[2025-01-08T10:39:44.038+0000] {logging_mixin.py:190} INFO - [2025-01-08T10:39:44.038+0000] {dag.py:4180} INFO - Setting next_dagrun for example_python_operator to None, run_after=None
[2025-01-08T10:39:44.098+0000] {processor.py:208} INFO - Processing /home/airflow/.local/lib/python3.12/site-packages/airflow/example_dags/example_python_operator.py took 0.246 seconds
[2025-01-08T10:40:19.241+0000] {processor.py:186} INFO - Started process (PID=3243) to work on /home/airflow/.local/lib/python3.12/site-packages/airflow/example_dags/example_python_operator.py
[2025-01-08T10:40:19.242+0000] {processor.py:914} INFO - Processing file /home/airflow/.local/lib/python3.12/site-packages/airflow/example_dags/example_python_operator.py for tasks to queue
[2025-01-08T10:40:19.245+0000] {logging_mixin.py:190} INFO - [2025-01-08T10:40:19.244+0000] {dagbag.py:588} INFO - Filling up the DagBag from /home/airflow/.local/lib/python3.12/site-packages/airflow/example_dags/example_python_operator.py
[2025-01-08T10:40:19.270+0000] {processor.py:925} INFO - DAG(s) 'example_python_operator' retrieved from /home/airflow/.local/lib/python3.12/site-packages/airflow/example_dags/example_python_operator.py
[2025-01-08T10:40:19.327+0000] {logging_mixin.py:190} INFO - [2025-01-08T10:40:19.327+0000] {dag.py:3239} INFO - Sync 1 DAGs
[2025-01-08T10:40:19.362+0000] {logging_mixin.py:190} INFO - [2025-01-08T10:40:19.362+0000] {dag.py:4180} INFO - Setting next_dagrun for example_python_operator to None, run_after=None
[2025-01-08T10:40:19.398+0000] {processor.py:208} INFO - Processing /home/airflow/.local/lib/python3.12/site-packages/airflow/example_dags/example_python_operator.py took 0.166 seconds
[2025-01-08T10:43:15.485+0000] {processor.py:186} INFO - Started process (PID=232) to work on /home/airflow/.local/lib/python3.12/site-packages/airflow/example_dags/example_python_operator.py
[2025-01-08T10:43:15.486+0000] {processor.py:914} INFO - Processing file /home/airflow/.local/lib/python3.12/site-packages/airflow/example_dags/example_python_operator.py for tasks to queue
[2025-01-08T10:43:15.488+0000] {logging_mixin.py:190} INFO - [2025-01-08T10:43:15.488+0000] {dagbag.py:588} INFO - Filling up the DagBag from /home/airflow/.local/lib/python3.12/site-packages/airflow/example_dags/example_python_operator.py
[2025-01-08T10:43:15.502+0000] {processor.py:925} INFO - DAG(s) 'example_python_operator' retrieved from /home/airflow/.local/lib/python3.12/site-packages/airflow/example_dags/example_python_operator.py
[2025-01-08T10:43:15.664+0000] {logging_mixin.py:190} INFO - [2025-01-08T10:43:15.664+0000] {dag.py:3239} INFO - Sync 1 DAGs
[2025-01-08T10:43:15.681+0000] {logging_mixin.py:190} INFO - [2025-01-08T10:43:15.681+0000] {dag.py:4180} INFO - Setting next_dagrun for example_python_operator to None, run_after=None
[2025-01-08T10:43:15.714+0000] {processor.py:208} INFO - Processing /home/airflow/.local/lib/python3.12/site-packages/airflow/example_dags/example_python_operator.py took 0.235 seconds
[2025-01-08T10:43:45.764+0000] {processor.py:186} INFO - Started process (PID=535) to work on /home/airflow/.local/lib/python3.12/site-packages/airflow/example_dags/example_python_operator.py
[2025-01-08T10:43:45.766+0000] {processor.py:914} INFO - Processing file /home/airflow/.local/lib/python3.12/site-packages/airflow/example_dags/example_python_operator.py for tasks to queue
[2025-01-08T10:43:45.769+0000] {logging_mixin.py:190} INFO - [2025-01-08T10:43:45.768+0000] {dagbag.py:588} INFO - Filling up the DagBag from /home/airflow/.local/lib/python3.12/site-packages/airflow/example_dags/example_python_operator.py
[2025-01-08T10:43:45.782+0000] {processor.py:925} INFO - DAG(s) 'example_python_operator' retrieved from /home/airflow/.local/lib/python3.12/site-packages/airflow/example_dags/example_python_operator.py
[2025-01-08T10:43:45.810+0000] {logging_mixin.py:190} INFO - [2025-01-08T10:43:45.810+0000] {dag.py:3239} INFO - Sync 1 DAGs
[2025-01-08T10:43:45.825+0000] {logging_mixin.py:190} INFO - [2025-01-08T10:43:45.825+0000] {dag.py:4180} INFO - Setting next_dagrun for example_python_operator to None, run_after=None
[2025-01-08T10:43:45.850+0000] {processor.py:208} INFO - Processing /home/airflow/.local/lib/python3.12/site-packages/airflow/example_dags/example_python_operator.py took 0.093 seconds
[2025-01-08T10:44:16.634+0000] {processor.py:186} INFO - Started process (PID=834) to work on /home/airflow/.local/lib/python3.12/site-packages/airflow/example_dags/example_python_operator.py
[2025-01-08T10:44:16.635+0000] {processor.py:914} INFO - Processing file /home/airflow/.local/lib/python3.12/site-packages/airflow/example_dags/example_python_operator.py for tasks to queue
[2025-01-08T10:44:16.638+0000] {logging_mixin.py:190} INFO - [2025-01-08T10:44:16.638+0000] {dagbag.py:588} INFO - Filling up the DagBag from /home/airflow/.local/lib/python3.12/site-packages/airflow/example_dags/example_python_operator.py
[2025-01-08T10:44:16.653+0000] {processor.py:925} INFO - DAG(s) 'example_python_operator' retrieved from /home/airflow/.local/lib/python3.12/site-packages/airflow/example_dags/example_python_operator.py
[2025-01-08T10:44:16.681+0000] {logging_mixin.py:190} INFO - [2025-01-08T10:44:16.681+0000] {dag.py:3239} INFO - Sync 1 DAGs
[2025-01-08T10:44:16.697+0000] {logging_mixin.py:190} INFO - [2025-01-08T10:44:16.697+0000] {dag.py:4180} INFO - Setting next_dagrun for example_python_operator to None, run_after=None
[2025-01-08T10:44:16.724+0000] {processor.py:208} INFO - Processing /home/airflow/.local/lib/python3.12/site-packages/airflow/example_dags/example_python_operator.py took 0.096 seconds
[2025-01-08T10:44:47.320+0000] {processor.py:186} INFO - Started process (PID=1134) to work on /home/airflow/.local/lib/python3.12/site-packages/airflow/example_dags/example_python_operator.py
[2025-01-08T10:44:47.322+0000] {processor.py:914} INFO - Processing file /home/airflow/.local/lib/python3.12/site-packages/airflow/example_dags/example_python_operator.py for tasks to queue
[2025-01-08T10:44:47.324+0000] {logging_mixin.py:190} INFO - [2025-01-08T10:44:47.324+0000] {dagbag.py:588} INFO - Filling up the DagBag from /home/airflow/.local/lib/python3.12/site-packages/airflow/example_dags/example_python_operator.py
[2025-01-08T10:44:47.339+0000] {processor.py:925} INFO - DAG(s) 'example_python_operator' retrieved from /home/airflow/.local/lib/python3.12/site-packages/airflow/example_dags/example_python_operator.py
[2025-01-08T10:44:47.365+0000] {logging_mixin.py:190} INFO - [2025-01-08T10:44:47.365+0000] {dag.py:3239} INFO - Sync 1 DAGs
[2025-01-08T10:44:47.384+0000] {logging_mixin.py:190} INFO - [2025-01-08T10:44:47.384+0000] {dag.py:4180} INFO - Setting next_dagrun for example_python_operator to None, run_after=None
[2025-01-08T10:44:47.410+0000] {processor.py:208} INFO - Processing /home/airflow/.local/lib/python3.12/site-packages/airflow/example_dags/example_python_operator.py took 0.096 seconds
[2025-01-08T10:45:18.028+0000] {processor.py:186} INFO - Started process (PID=1437) to work on /home/airflow/.local/lib/python3.12/site-packages/airflow/example_dags/example_python_operator.py
[2025-01-08T10:45:18.029+0000] {processor.py:914} INFO - Processing file /home/airflow/.local/lib/python3.12/site-packages/airflow/example_dags/example_python_operator.py for tasks to queue
[2025-01-08T10:45:18.031+0000] {logging_mixin.py:190} INFO - [2025-01-08T10:45:18.031+0000] {dagbag.py:588} INFO - Filling up the DagBag from /home/airflow/.local/lib/python3.12/site-packages/airflow/example_dags/example_python_operator.py
[2025-01-08T10:45:18.043+0000] {processor.py:925} INFO - DAG(s) 'example_python_operator' retrieved from /home/airflow/.local/lib/python3.12/site-packages/airflow/example_dags/example_python_operator.py
[2025-01-08T10:45:18.064+0000] {logging_mixin.py:190} INFO - [2025-01-08T10:45:18.064+0000] {dag.py:3239} INFO - Sync 1 DAGs
[2025-01-08T10:45:18.080+0000] {logging_mixin.py:190} INFO - [2025-01-08T10:45:18.080+0000] {dag.py:4180} INFO - Setting next_dagrun for example_python_operator to None, run_after=None
[2025-01-08T10:45:18.102+0000] {processor.py:208} INFO - Processing /home/airflow/.local/lib/python3.12/site-packages/airflow/example_dags/example_python_operator.py took 0.079 seconds
[2025-01-08T10:45:49.035+0000] {processor.py:186} INFO - Started process (PID=1744) to work on /home/airflow/.local/lib/python3.12/site-packages/airflow/example_dags/example_python_operator.py
[2025-01-08T10:45:49.036+0000] {processor.py:914} INFO - Processing file /home/airflow/.local/lib/python3.12/site-packages/airflow/example_dags/example_python_operator.py for tasks to queue
[2025-01-08T10:45:49.038+0000] {logging_mixin.py:190} INFO - [2025-01-08T10:45:49.038+0000] {dagbag.py:588} INFO - Filling up the DagBag from /home/airflow/.local/lib/python3.12/site-packages/airflow/example_dags/example_python_operator.py
[2025-01-08T10:45:49.050+0000] {processor.py:925} INFO - DAG(s) 'example_python_operator' retrieved from /home/airflow/.local/lib/python3.12/site-packages/airflow/example_dags/example_python_operator.py
[2025-01-08T10:45:49.072+0000] {logging_mixin.py:190} INFO - [2025-01-08T10:45:49.072+0000] {dag.py:3239} INFO - Sync 1 DAGs
[2025-01-08T10:45:49.088+0000] {logging_mixin.py:190} INFO - [2025-01-08T10:45:49.088+0000] {dag.py:4180} INFO - Setting next_dagrun for example_python_operator to None, run_after=None
[2025-01-08T10:45:49.109+0000] {processor.py:208} INFO - Processing /home/airflow/.local/lib/python3.12/site-packages/airflow/example_dags/example_python_operator.py took 0.080 seconds
[2025-01-08T10:46:19.504+0000] {processor.py:186} INFO - Started process (PID=2043) to work on /home/airflow/.local/lib/python3.12/site-packages/airflow/example_dags/example_python_operator.py
[2025-01-08T10:46:19.506+0000] {processor.py:914} INFO - Processing file /home/airflow/.local/lib/python3.12/site-packages/airflow/example_dags/example_python_operator.py for tasks to queue
[2025-01-08T10:46:19.508+0000] {logging_mixin.py:190} INFO - [2025-01-08T10:46:19.507+0000] {dagbag.py:588} INFO - Filling up the DagBag from /home/airflow/.local/lib/python3.12/site-packages/airflow/example_dags/example_python_operator.py
[2025-01-08T10:46:19.518+0000] {processor.py:925} INFO - DAG(s) 'example_python_operator' retrieved from /home/airflow/.local/lib/python3.12/site-packages/airflow/example_dags/example_python_operator.py
[2025-01-08T10:46:19.538+0000] {logging_mixin.py:190} INFO - [2025-01-08T10:46:19.538+0000] {dag.py:3239} INFO - Sync 1 DAGs
[2025-01-08T10:46:19.553+0000] {logging_mixin.py:190} INFO - [2025-01-08T10:46:19.553+0000] {dag.py:4180} INFO - Setting next_dagrun for example_python_operator to None, run_after=None
[2025-01-08T10:46:19.574+0000] {processor.py:208} INFO - Processing /home/airflow/.local/lib/python3.12/site-packages/airflow/example_dags/example_python_operator.py took 0.075 seconds
[2025-01-08T10:46:49.870+0000] {processor.py:186} INFO - Started process (PID=2344) to work on /home/airflow/.local/lib/python3.12/site-packages/airflow/example_dags/example_python_operator.py
[2025-01-08T10:46:49.871+0000] {processor.py:914} INFO - Processing file /home/airflow/.local/lib/python3.12/site-packages/airflow/example_dags/example_python_operator.py for tasks to queue
[2025-01-08T10:46:49.873+0000] {logging_mixin.py:190} INFO - [2025-01-08T10:46:49.873+0000] {dagbag.py:588} INFO - Filling up the DagBag from /home/airflow/.local/lib/python3.12/site-packages/airflow/example_dags/example_python_operator.py
[2025-01-08T10:46:49.883+0000] {processor.py:925} INFO - DAG(s) 'example_python_operator' retrieved from /home/airflow/.local/lib/python3.12/site-packages/airflow/example_dags/example_python_operator.py
[2025-01-08T10:46:49.902+0000] {logging_mixin.py:190} INFO - [2025-01-08T10:46:49.902+0000] {dag.py:3239} INFO - Sync 1 DAGs
[2025-01-08T10:46:49.915+0000] {logging_mixin.py:190} INFO - [2025-01-08T10:46:49.915+0000] {dag.py:4180} INFO - Setting next_dagrun for example_python_operator to None, run_after=None
[2025-01-08T10:46:49.935+0000] {processor.py:208} INFO - Processing /home/airflow/.local/lib/python3.12/site-packages/airflow/example_dags/example_python_operator.py took 0.070 seconds
[2025-01-08T10:47:20.377+0000] {processor.py:186} INFO - Started process (PID=2645) to work on /home/airflow/.local/lib/python3.12/site-packages/airflow/example_dags/example_python_operator.py
[2025-01-08T10:47:20.378+0000] {processor.py:914} INFO - Processing file /home/airflow/.local/lib/python3.12/site-packages/airflow/example_dags/example_python_operator.py for tasks to queue
[2025-01-08T10:47:20.380+0000] {logging_mixin.py:190} INFO - [2025-01-08T10:47:20.380+0000] {dagbag.py:588} INFO - Filling up the DagBag from /home/airflow/.local/lib/python3.12/site-packages/airflow/example_dags/example_python_operator.py
[2025-01-08T10:47:20.391+0000] {processor.py:925} INFO - DAG(s) 'example_python_operator' retrieved from /home/airflow/.local/lib/python3.12/site-packages/airflow/example_dags/example_python_operator.py
[2025-01-08T10:47:20.409+0000] {logging_mixin.py:190} INFO - [2025-01-08T10:47:20.409+0000] {dag.py:3239} INFO - Sync 1 DAGs
[2025-01-08T10:47:20.422+0000] {logging_mixin.py:190} INFO - [2025-01-08T10:47:20.422+0000] {dag.py:4180} INFO - Setting next_dagrun for example_python_operator to None, run_after=None
[2025-01-08T10:47:20.441+0000] {processor.py:208} INFO - Processing /home/airflow/.local/lib/python3.12/site-packages/airflow/example_dags/example_python_operator.py took 0.069 seconds
[2025-01-08T10:47:50.638+0000] {processor.py:186} INFO - Started process (PID=2946) to work on /home/airflow/.local/lib/python3.12/site-packages/airflow/example_dags/example_python_operator.py
[2025-01-08T10:47:50.639+0000] {processor.py:914} INFO - Processing file /home/airflow/.local/lib/python3.12/site-packages/airflow/example_dags/example_python_operator.py for tasks to queue
[2025-01-08T10:47:50.641+0000] {logging_mixin.py:190} INFO - [2025-01-08T10:47:50.641+0000] {dagbag.py:588} INFO - Filling up the DagBag from /home/airflow/.local/lib/python3.12/site-packages/airflow/example_dags/example_python_operator.py
[2025-01-08T10:47:50.653+0000] {processor.py:925} INFO - DAG(s) 'example_python_operator' retrieved from /home/airflow/.local/lib/python3.12/site-packages/airflow/example_dags/example_python_operator.py
[2025-01-08T10:47:50.672+0000] {logging_mixin.py:190} INFO - [2025-01-08T10:47:50.672+0000] {dag.py:3239} INFO - Sync 1 DAGs
[2025-01-08T10:47:50.686+0000] {logging_mixin.py:190} INFO - [2025-01-08T10:47:50.686+0000] {dag.py:4180} INFO - Setting next_dagrun for example_python_operator to None, run_after=None
[2025-01-08T10:47:50.707+0000] {processor.py:208} INFO - Processing /home/airflow/.local/lib/python3.12/site-packages/airflow/example_dags/example_python_operator.py took 0.075 seconds
