[2025-01-08T10:35:18.031+0000] {processor.py:186} INFO - Started process (PID=427) to work on /home/airflow/.local/lib/python3.12/site-packages/airflow/example_dags/example_task_group_decorator.py
[2025-01-08T10:35:18.031+0000] {processor.py:914} INFO - Processing file /home/airflow/.local/lib/python3.12/site-packages/airflow/example_dags/example_task_group_decorator.py for tasks to queue
[2025-01-08T10:35:18.034+0000] {logging_mixin.py:190} INFO - [2025-01-08T10:35:18.034+0000] {dagbag.py:588} INFO - Filling up the DagBag from /home/airflow/.local/lib/python3.12/site-packages/airflow/example_dags/example_task_group_decorator.py
[2025-01-08T10:35:18.056+0000] {processor.py:925} INFO - DAG(s) 'example_task_group_decorator' retrieved from /home/airflow/.local/lib/python3.12/site-packages/airflow/example_dags/example_task_group_decorator.py
[2025-01-08T10:35:18.200+0000] {logging_mixin.py:190} INFO - [2025-01-08T10:35:18.200+0000] {override.py:1911} INFO - Created Permission View: can delete on DAG:example_task_group_decorator
[2025-01-08T10:35:18.226+0000] {logging_mixin.py:190} INFO - [2025-01-08T10:35:18.226+0000] {override.py:1911} INFO - Created Permission View: can read on DAG:example_task_group_decorator
[2025-01-08T10:35:18.241+0000] {logging_mixin.py:190} INFO - [2025-01-08T10:35:18.241+0000] {override.py:1911} INFO - Created Permission View: can edit on DAG:example_task_group_decorator
[2025-01-08T10:35:18.257+0000] {logging_mixin.py:190} INFO - [2025-01-08T10:35:18.257+0000] {override.py:1911} INFO - Created Permission View: menu access on DAG Run:example_task_group_decorator
[2025-01-08T10:35:18.270+0000] {logging_mixin.py:190} INFO - [2025-01-08T10:35:18.270+0000] {override.py:1911} INFO - Created Permission View: can create on DAG Run:example_task_group_decorator
[2025-01-08T10:35:18.283+0000] {logging_mixin.py:190} INFO - [2025-01-08T10:35:18.283+0000] {override.py:1911} INFO - Created Permission View: can read on DAG Run:example_task_group_decorator
[2025-01-08T10:35:18.295+0000] {logging_mixin.py:190} INFO - [2025-01-08T10:35:18.295+0000] {override.py:1911} INFO - Created Permission View: can delete on DAG Run:example_task_group_decorator
[2025-01-08T10:35:18.296+0000] {logging_mixin.py:190} INFO - [2025-01-08T10:35:18.296+0000] {dag.py:3239} INFO - Sync 1 DAGs
[2025-01-08T10:35:18.319+0000] {logging_mixin.py:190} INFO - [2025-01-08T10:35:18.318+0000] {dag.py:3262} INFO - Creating ORM DAG for example_task_group_decorator
[2025-01-08T10:35:18.320+0000] {logging_mixin.py:190} INFO - [2025-01-08T10:35:18.320+0000] {dag.py:4180} INFO - Setting next_dagrun for example_task_group_decorator to None, run_after=None
[2025-01-08T10:35:18.346+0000] {processor.py:208} INFO - Processing /home/airflow/.local/lib/python3.12/site-packages/airflow/example_dags/example_task_group_decorator.py took 0.322 seconds
[2025-01-08T10:35:51.660+0000] {processor.py:186} INFO - Started process (PID=723) to work on /home/airflow/.local/lib/python3.12/site-packages/airflow/example_dags/example_task_group_decorator.py
[2025-01-08T10:35:51.663+0000] {processor.py:914} INFO - Processing file /home/airflow/.local/lib/python3.12/site-packages/airflow/example_dags/example_task_group_decorator.py for tasks to queue
[2025-01-08T10:35:51.667+0000] {logging_mixin.py:190} INFO - [2025-01-08T10:35:51.666+0000] {dagbag.py:588} INFO - Filling up the DagBag from /home/airflow/.local/lib/python3.12/site-packages/airflow/example_dags/example_task_group_decorator.py
[2025-01-08T10:35:51.709+0000] {processor.py:925} INFO - DAG(s) 'example_task_group_decorator' retrieved from /home/airflow/.local/lib/python3.12/site-packages/airflow/example_dags/example_task_group_decorator.py
[2025-01-08T10:35:51.789+0000] {logging_mixin.py:190} INFO - [2025-01-08T10:35:51.787+0000] {dag.py:3239} INFO - Sync 1 DAGs
[2025-01-08T10:35:51.829+0000] {logging_mixin.py:190} INFO - [2025-01-08T10:35:51.829+0000] {dag.py:4180} INFO - Setting next_dagrun for example_task_group_decorator to None, run_after=None
[2025-01-08T10:35:51.892+0000] {processor.py:208} INFO - Processing /home/airflow/.local/lib/python3.12/site-packages/airflow/example_dags/example_task_group_decorator.py took 0.247 seconds
[2025-01-08T10:36:26.565+0000] {processor.py:186} INFO - Started process (PID=1030) to work on /home/airflow/.local/lib/python3.12/site-packages/airflow/example_dags/example_task_group_decorator.py
[2025-01-08T10:36:26.568+0000] {processor.py:914} INFO - Processing file /home/airflow/.local/lib/python3.12/site-packages/airflow/example_dags/example_task_group_decorator.py for tasks to queue
[2025-01-08T10:36:26.572+0000] {logging_mixin.py:190} INFO - [2025-01-08T10:36:26.572+0000] {dagbag.py:588} INFO - Filling up the DagBag from /home/airflow/.local/lib/python3.12/site-packages/airflow/example_dags/example_task_group_decorator.py
[2025-01-08T10:36:26.628+0000] {processor.py:925} INFO - DAG(s) 'example_task_group_decorator' retrieved from /home/airflow/.local/lib/python3.12/site-packages/airflow/example_dags/example_task_group_decorator.py
[2025-01-08T10:36:26.693+0000] {logging_mixin.py:190} INFO - [2025-01-08T10:36:26.692+0000] {dag.py:3239} INFO - Sync 1 DAGs
[2025-01-08T10:36:26.753+0000] {logging_mixin.py:190} INFO - [2025-01-08T10:36:26.750+0000] {dag.py:4180} INFO - Setting next_dagrun for example_task_group_decorator to None, run_after=None
[2025-01-08T10:36:26.808+0000] {processor.py:208} INFO - Processing /home/airflow/.local/lib/python3.12/site-packages/airflow/example_dags/example_task_group_decorator.py took 0.263 seconds
[2025-01-08T10:36:57.272+0000] {processor.py:186} INFO - Started process (PID=1331) to work on /home/airflow/.local/lib/python3.12/site-packages/airflow/example_dags/example_task_group_decorator.py
[2025-01-08T10:36:57.273+0000] {processor.py:914} INFO - Processing file /home/airflow/.local/lib/python3.12/site-packages/airflow/example_dags/example_task_group_decorator.py for tasks to queue
[2025-01-08T10:36:57.277+0000] {logging_mixin.py:190} INFO - [2025-01-08T10:36:57.276+0000] {dagbag.py:588} INFO - Filling up the DagBag from /home/airflow/.local/lib/python3.12/site-packages/airflow/example_dags/example_task_group_decorator.py
[2025-01-08T10:36:57.299+0000] {processor.py:925} INFO - DAG(s) 'example_task_group_decorator' retrieved from /home/airflow/.local/lib/python3.12/site-packages/airflow/example_dags/example_task_group_decorator.py
[2025-01-08T10:36:57.332+0000] {logging_mixin.py:190} INFO - [2025-01-08T10:36:57.331+0000] {dag.py:3239} INFO - Sync 1 DAGs
[2025-01-08T10:36:57.356+0000] {logging_mixin.py:190} INFO - [2025-01-08T10:36:57.356+0000] {dag.py:4180} INFO - Setting next_dagrun for example_task_group_decorator to None, run_after=None
[2025-01-08T10:36:57.387+0000] {processor.py:208} INFO - Processing /home/airflow/.local/lib/python3.12/site-packages/airflow/example_dags/example_task_group_decorator.py took 0.126 seconds
[2025-01-08T10:37:28.730+0000] {processor.py:186} INFO - Started process (PID=1634) to work on /home/airflow/.local/lib/python3.12/site-packages/airflow/example_dags/example_task_group_decorator.py
[2025-01-08T10:37:28.732+0000] {processor.py:914} INFO - Processing file /home/airflow/.local/lib/python3.12/site-packages/airflow/example_dags/example_task_group_decorator.py for tasks to queue
[2025-01-08T10:37:28.735+0000] {logging_mixin.py:190} INFO - [2025-01-08T10:37:28.734+0000] {dagbag.py:588} INFO - Filling up the DagBag from /home/airflow/.local/lib/python3.12/site-packages/airflow/example_dags/example_task_group_decorator.py
[2025-01-08T10:37:28.760+0000] {processor.py:925} INFO - DAG(s) 'example_task_group_decorator' retrieved from /home/airflow/.local/lib/python3.12/site-packages/airflow/example_dags/example_task_group_decorator.py
[2025-01-08T10:37:28.794+0000] {logging_mixin.py:190} INFO - [2025-01-08T10:37:28.794+0000] {dag.py:3239} INFO - Sync 1 DAGs
[2025-01-08T10:37:28.812+0000] {logging_mixin.py:190} INFO - [2025-01-08T10:37:28.811+0000] {dag.py:4180} INFO - Setting next_dagrun for example_task_group_decorator to None, run_after=None
[2025-01-08T10:37:28.834+0000] {processor.py:208} INFO - Processing /home/airflow/.local/lib/python3.12/site-packages/airflow/example_dags/example_task_group_decorator.py took 0.112 seconds
[2025-01-08T10:38:01.969+0000] {processor.py:186} INFO - Started process (PID=1933) to work on /home/airflow/.local/lib/python3.12/site-packages/airflow/example_dags/example_task_group_decorator.py
[2025-01-08T10:38:01.972+0000] {processor.py:914} INFO - Processing file /home/airflow/.local/lib/python3.12/site-packages/airflow/example_dags/example_task_group_decorator.py for tasks to queue
[2025-01-08T10:38:01.976+0000] {logging_mixin.py:190} INFO - [2025-01-08T10:38:01.976+0000] {dagbag.py:588} INFO - Filling up the DagBag from /home/airflow/.local/lib/python3.12/site-packages/airflow/example_dags/example_task_group_decorator.py
[2025-01-08T10:38:02.033+0000] {processor.py:925} INFO - DAG(s) 'example_task_group_decorator' retrieved from /home/airflow/.local/lib/python3.12/site-packages/airflow/example_dags/example_task_group_decorator.py
[2025-01-08T10:38:02.118+0000] {logging_mixin.py:190} INFO - [2025-01-08T10:38:02.118+0000] {dag.py:3239} INFO - Sync 1 DAGs
[2025-01-08T10:38:02.152+0000] {logging_mixin.py:190} INFO - [2025-01-08T10:38:02.151+0000] {dag.py:4180} INFO - Setting next_dagrun for example_task_group_decorator to None, run_after=None
[2025-01-08T10:38:02.203+0000] {processor.py:208} INFO - Processing /home/airflow/.local/lib/python3.12/site-packages/airflow/example_dags/example_task_group_decorator.py took 0.247 seconds
[2025-01-08T10:38:34.391+0000] {processor.py:186} INFO - Started process (PID=2233) to work on /home/airflow/.local/lib/python3.12/site-packages/airflow/example_dags/example_task_group_decorator.py
[2025-01-08T10:38:34.401+0000] {processor.py:914} INFO - Processing file /home/airflow/.local/lib/python3.12/site-packages/airflow/example_dags/example_task_group_decorator.py for tasks to queue
[2025-01-08T10:38:34.407+0000] {logging_mixin.py:190} INFO - [2025-01-08T10:38:34.406+0000] {dagbag.py:588} INFO - Filling up the DagBag from /home/airflow/.local/lib/python3.12/site-packages/airflow/example_dags/example_task_group_decorator.py
[2025-01-08T10:38:34.466+0000] {processor.py:925} INFO - DAG(s) 'example_task_group_decorator' retrieved from /home/airflow/.local/lib/python3.12/site-packages/airflow/example_dags/example_task_group_decorator.py
[2025-01-08T10:38:34.567+0000] {logging_mixin.py:190} INFO - [2025-01-08T10:38:34.566+0000] {dag.py:3239} INFO - Sync 1 DAGs
[2025-01-08T10:38:34.625+0000] {logging_mixin.py:190} INFO - [2025-01-08T10:38:34.624+0000] {dag.py:4180} INFO - Setting next_dagrun for example_task_group_decorator to None, run_after=None
[2025-01-08T10:38:34.685+0000] {processor.py:208} INFO - Processing /home/airflow/.local/lib/python3.12/site-packages/airflow/example_dags/example_task_group_decorator.py took 0.314 seconds
[2025-01-08T10:39:05.381+0000] {processor.py:186} INFO - Started process (PID=2534) to work on /home/airflow/.local/lib/python3.12/site-packages/airflow/example_dags/example_task_group_decorator.py
[2025-01-08T10:39:05.383+0000] {processor.py:914} INFO - Processing file /home/airflow/.local/lib/python3.12/site-packages/airflow/example_dags/example_task_group_decorator.py for tasks to queue
[2025-01-08T10:39:05.386+0000] {logging_mixin.py:190} INFO - [2025-01-08T10:39:05.386+0000] {dagbag.py:588} INFO - Filling up the DagBag from /home/airflow/.local/lib/python3.12/site-packages/airflow/example_dags/example_task_group_decorator.py
[2025-01-08T10:39:05.419+0000] {processor.py:925} INFO - DAG(s) 'example_task_group_decorator' retrieved from /home/airflow/.local/lib/python3.12/site-packages/airflow/example_dags/example_task_group_decorator.py
[2025-01-08T10:39:05.468+0000] {logging_mixin.py:190} INFO - [2025-01-08T10:39:05.468+0000] {dag.py:3239} INFO - Sync 1 DAGs
[2025-01-08T10:39:05.495+0000] {logging_mixin.py:190} INFO - [2025-01-08T10:39:05.495+0000] {dag.py:4180} INFO - Setting next_dagrun for example_task_group_decorator to None, run_after=None
[2025-01-08T10:39:05.534+0000] {processor.py:208} INFO - Processing /home/airflow/.local/lib/python3.12/site-packages/airflow/example_dags/example_task_group_decorator.py took 0.164 seconds
[2025-01-08T10:39:41.021+0000] {processor.py:186} INFO - Started process (PID=2845) to work on /home/airflow/.local/lib/python3.12/site-packages/airflow/example_dags/example_task_group_decorator.py
[2025-01-08T10:39:41.023+0000] {processor.py:914} INFO - Processing file /home/airflow/.local/lib/python3.12/site-packages/airflow/example_dags/example_task_group_decorator.py for tasks to queue
[2025-01-08T10:39:41.030+0000] {logging_mixin.py:190} INFO - [2025-01-08T10:39:41.028+0000] {dagbag.py:588} INFO - Filling up the DagBag from /home/airflow/.local/lib/python3.12/site-packages/airflow/example_dags/example_task_group_decorator.py
[2025-01-08T10:39:41.089+0000] {processor.py:925} INFO - DAG(s) 'example_task_group_decorator' retrieved from /home/airflow/.local/lib/python3.12/site-packages/airflow/example_dags/example_task_group_decorator.py
[2025-01-08T10:39:41.171+0000] {logging_mixin.py:190} INFO - [2025-01-08T10:39:41.171+0000] {dag.py:3239} INFO - Sync 1 DAGs
[2025-01-08T10:39:41.232+0000] {logging_mixin.py:190} INFO - [2025-01-08T10:39:41.231+0000] {dag.py:4180} INFO - Setting next_dagrun for example_task_group_decorator to None, run_after=None
[2025-01-08T10:39:41.298+0000] {processor.py:208} INFO - Processing /home/airflow/.local/lib/python3.12/site-packages/airflow/example_dags/example_task_group_decorator.py took 0.293 seconds
[2025-01-08T10:40:16.381+0000] {processor.py:186} INFO - Started process (PID=3146) to work on /home/airflow/.local/lib/python3.12/site-packages/airflow/example_dags/example_task_group_decorator.py
[2025-01-08T10:40:16.383+0000] {processor.py:914} INFO - Processing file /home/airflow/.local/lib/python3.12/site-packages/airflow/example_dags/example_task_group_decorator.py for tasks to queue
[2025-01-08T10:40:16.388+0000] {logging_mixin.py:190} INFO - [2025-01-08T10:40:16.387+0000] {dagbag.py:588} INFO - Filling up the DagBag from /home/airflow/.local/lib/python3.12/site-packages/airflow/example_dags/example_task_group_decorator.py
[2025-01-08T10:40:16.433+0000] {processor.py:925} INFO - DAG(s) 'example_task_group_decorator' retrieved from /home/airflow/.local/lib/python3.12/site-packages/airflow/example_dags/example_task_group_decorator.py
[2025-01-08T10:40:16.510+0000] {logging_mixin.py:190} INFO - [2025-01-08T10:40:16.509+0000] {dag.py:3239} INFO - Sync 1 DAGs
[2025-01-08T10:40:16.564+0000] {logging_mixin.py:190} INFO - [2025-01-08T10:40:16.564+0000] {dag.py:4180} INFO - Setting next_dagrun for example_task_group_decorator to None, run_after=None
[2025-01-08T10:40:16.629+0000] {processor.py:208} INFO - Processing /home/airflow/.local/lib/python3.12/site-packages/airflow/example_dags/example_task_group_decorator.py took 0.267 seconds
[2025-01-08T10:43:21.485+0000] {processor.py:186} INFO - Started process (PID=428) to work on /home/airflow/.local/lib/python3.12/site-packages/airflow/example_dags/example_task_group_decorator.py
[2025-01-08T10:43:21.487+0000] {processor.py:914} INFO - Processing file /home/airflow/.local/lib/python3.12/site-packages/airflow/example_dags/example_task_group_decorator.py for tasks to queue
[2025-01-08T10:43:21.490+0000] {logging_mixin.py:190} INFO - [2025-01-08T10:43:21.489+0000] {dagbag.py:588} INFO - Filling up the DagBag from /home/airflow/.local/lib/python3.12/site-packages/airflow/example_dags/example_task_group_decorator.py
[2025-01-08T10:43:21.525+0000] {processor.py:925} INFO - DAG(s) 'example_task_group_decorator' retrieved from /home/airflow/.local/lib/python3.12/site-packages/airflow/example_dags/example_task_group_decorator.py
[2025-01-08T10:43:21.569+0000] {logging_mixin.py:190} INFO - [2025-01-08T10:43:21.568+0000] {dag.py:3239} INFO - Sync 1 DAGs
[2025-01-08T10:43:21.596+0000] {logging_mixin.py:190} INFO - [2025-01-08T10:43:21.596+0000] {dag.py:4180} INFO - Setting next_dagrun for example_task_group_decorator to None, run_after=None
[2025-01-08T10:43:21.636+0000] {processor.py:208} INFO - Processing /home/airflow/.local/lib/python3.12/site-packages/airflow/example_dags/example_task_group_decorator.py took 0.163 seconds
[2025-01-08T10:43:52.593+0000] {processor.py:186} INFO - Started process (PID=726) to work on /home/airflow/.local/lib/python3.12/site-packages/airflow/example_dags/example_task_group_decorator.py
[2025-01-08T10:43:52.595+0000] {processor.py:914} INFO - Processing file /home/airflow/.local/lib/python3.12/site-packages/airflow/example_dags/example_task_group_decorator.py for tasks to queue
[2025-01-08T10:43:52.599+0000] {logging_mixin.py:190} INFO - [2025-01-08T10:43:52.598+0000] {dagbag.py:588} INFO - Filling up the DagBag from /home/airflow/.local/lib/python3.12/site-packages/airflow/example_dags/example_task_group_decorator.py
[2025-01-08T10:43:52.629+0000] {processor.py:925} INFO - DAG(s) 'example_task_group_decorator' retrieved from /home/airflow/.local/lib/python3.12/site-packages/airflow/example_dags/example_task_group_decorator.py
[2025-01-08T10:43:52.672+0000] {logging_mixin.py:190} INFO - [2025-01-08T10:43:52.671+0000] {dag.py:3239} INFO - Sync 1 DAGs
[2025-01-08T10:43:52.707+0000] {logging_mixin.py:190} INFO - [2025-01-08T10:43:52.706+0000] {dag.py:4180} INFO - Setting next_dagrun for example_task_group_decorator to None, run_after=None
[2025-01-08T10:43:52.740+0000] {processor.py:208} INFO - Processing /home/airflow/.local/lib/python3.12/site-packages/airflow/example_dags/example_task_group_decorator.py took 0.157 seconds
[2025-01-08T10:44:23.654+0000] {processor.py:186} INFO - Started process (PID=1024) to work on /home/airflow/.local/lib/python3.12/site-packages/airflow/example_dags/example_task_group_decorator.py
[2025-01-08T10:44:23.655+0000] {processor.py:914} INFO - Processing file /home/airflow/.local/lib/python3.12/site-packages/airflow/example_dags/example_task_group_decorator.py for tasks to queue
[2025-01-08T10:44:23.657+0000] {logging_mixin.py:190} INFO - [2025-01-08T10:44:23.657+0000] {dagbag.py:588} INFO - Filling up the DagBag from /home/airflow/.local/lib/python3.12/site-packages/airflow/example_dags/example_task_group_decorator.py
[2025-01-08T10:44:23.676+0000] {processor.py:925} INFO - DAG(s) 'example_task_group_decorator' retrieved from /home/airflow/.local/lib/python3.12/site-packages/airflow/example_dags/example_task_group_decorator.py
[2025-01-08T10:44:23.702+0000] {logging_mixin.py:190} INFO - [2025-01-08T10:44:23.701+0000] {dag.py:3239} INFO - Sync 1 DAGs
[2025-01-08T10:44:23.718+0000] {logging_mixin.py:190} INFO - [2025-01-08T10:44:23.718+0000] {dag.py:4180} INFO - Setting next_dagrun for example_task_group_decorator to None, run_after=None
[2025-01-08T10:44:23.741+0000] {processor.py:208} INFO - Processing /home/airflow/.local/lib/python3.12/site-packages/airflow/example_dags/example_task_group_decorator.py took 0.093 seconds
[2025-01-08T10:44:54.400+0000] {processor.py:186} INFO - Started process (PID=1327) to work on /home/airflow/.local/lib/python3.12/site-packages/airflow/example_dags/example_task_group_decorator.py
[2025-01-08T10:44:54.402+0000] {processor.py:914} INFO - Processing file /home/airflow/.local/lib/python3.12/site-packages/airflow/example_dags/example_task_group_decorator.py for tasks to queue
[2025-01-08T10:44:54.404+0000] {logging_mixin.py:190} INFO - [2025-01-08T10:44:54.403+0000] {dagbag.py:588} INFO - Filling up the DagBag from /home/airflow/.local/lib/python3.12/site-packages/airflow/example_dags/example_task_group_decorator.py
[2025-01-08T10:44:54.419+0000] {processor.py:925} INFO - DAG(s) 'example_task_group_decorator' retrieved from /home/airflow/.local/lib/python3.12/site-packages/airflow/example_dags/example_task_group_decorator.py
[2025-01-08T10:44:54.444+0000] {logging_mixin.py:190} INFO - [2025-01-08T10:44:54.444+0000] {dag.py:3239} INFO - Sync 1 DAGs
[2025-01-08T10:44:54.464+0000] {logging_mixin.py:190} INFO - [2025-01-08T10:44:54.463+0000] {dag.py:4180} INFO - Setting next_dagrun for example_task_group_decorator to None, run_after=None
[2025-01-08T10:44:54.485+0000] {processor.py:208} INFO - Processing /home/airflow/.local/lib/python3.12/site-packages/airflow/example_dags/example_task_group_decorator.py took 0.090 seconds
[2025-01-08T10:45:25.282+0000] {processor.py:186} INFO - Started process (PID=1626) to work on /home/airflow/.local/lib/python3.12/site-packages/airflow/example_dags/example_task_group_decorator.py
[2025-01-08T10:45:25.283+0000] {processor.py:914} INFO - Processing file /home/airflow/.local/lib/python3.12/site-packages/airflow/example_dags/example_task_group_decorator.py for tasks to queue
[2025-01-08T10:45:25.286+0000] {logging_mixin.py:190} INFO - [2025-01-08T10:45:25.285+0000] {dagbag.py:588} INFO - Filling up the DagBag from /home/airflow/.local/lib/python3.12/site-packages/airflow/example_dags/example_task_group_decorator.py
[2025-01-08T10:45:25.306+0000] {processor.py:925} INFO - DAG(s) 'example_task_group_decorator' retrieved from /home/airflow/.local/lib/python3.12/site-packages/airflow/example_dags/example_task_group_decorator.py
[2025-01-08T10:45:25.338+0000] {logging_mixin.py:190} INFO - [2025-01-08T10:45:25.338+0000] {dag.py:3239} INFO - Sync 1 DAGs
[2025-01-08T10:45:25.354+0000] {logging_mixin.py:190} INFO - [2025-01-08T10:45:25.354+0000] {dag.py:4180} INFO - Setting next_dagrun for example_task_group_decorator to None, run_after=None
[2025-01-08T10:45:25.383+0000] {processor.py:208} INFO - Processing /home/airflow/.local/lib/python3.12/site-packages/airflow/example_dags/example_task_group_decorator.py took 0.107 seconds
[2025-01-08T10:45:55.958+0000] {processor.py:186} INFO - Started process (PID=1929) to work on /home/airflow/.local/lib/python3.12/site-packages/airflow/example_dags/example_task_group_decorator.py
[2025-01-08T10:45:55.959+0000] {processor.py:914} INFO - Processing file /home/airflow/.local/lib/python3.12/site-packages/airflow/example_dags/example_task_group_decorator.py for tasks to queue
[2025-01-08T10:45:55.961+0000] {logging_mixin.py:190} INFO - [2025-01-08T10:45:55.961+0000] {dagbag.py:588} INFO - Filling up the DagBag from /home/airflow/.local/lib/python3.12/site-packages/airflow/example_dags/example_task_group_decorator.py
[2025-01-08T10:45:55.978+0000] {processor.py:925} INFO - DAG(s) 'example_task_group_decorator' retrieved from /home/airflow/.local/lib/python3.12/site-packages/airflow/example_dags/example_task_group_decorator.py
[2025-01-08T10:45:56.005+0000] {logging_mixin.py:190} INFO - [2025-01-08T10:45:56.005+0000] {dag.py:3239} INFO - Sync 1 DAGs
[2025-01-08T10:45:56.020+0000] {logging_mixin.py:190} INFO - [2025-01-08T10:45:56.020+0000] {dag.py:4180} INFO - Setting next_dagrun for example_task_group_decorator to None, run_after=None
[2025-01-08T10:45:56.041+0000] {processor.py:208} INFO - Processing /home/airflow/.local/lib/python3.12/site-packages/airflow/example_dags/example_task_group_decorator.py took 0.089 seconds
[2025-01-08T10:46:26.925+0000] {processor.py:186} INFO - Started process (PID=2230) to work on /home/airflow/.local/lib/python3.12/site-packages/airflow/example_dags/example_task_group_decorator.py
[2025-01-08T10:46:26.926+0000] {processor.py:914} INFO - Processing file /home/airflow/.local/lib/python3.12/site-packages/airflow/example_dags/example_task_group_decorator.py for tasks to queue
[2025-01-08T10:46:26.928+0000] {logging_mixin.py:190} INFO - [2025-01-08T10:46:26.928+0000] {dagbag.py:588} INFO - Filling up the DagBag from /home/airflow/.local/lib/python3.12/site-packages/airflow/example_dags/example_task_group_decorator.py
[2025-01-08T10:46:26.945+0000] {processor.py:925} INFO - DAG(s) 'example_task_group_decorator' retrieved from /home/airflow/.local/lib/python3.12/site-packages/airflow/example_dags/example_task_group_decorator.py
[2025-01-08T10:46:26.987+0000] {logging_mixin.py:190} INFO - [2025-01-08T10:46:26.986+0000] {dag.py:3239} INFO - Sync 1 DAGs
[2025-01-08T10:46:27.002+0000] {logging_mixin.py:190} INFO - [2025-01-08T10:46:27.002+0000] {dag.py:4180} INFO - Setting next_dagrun for example_task_group_decorator to None, run_after=None
[2025-01-08T10:46:27.023+0000] {processor.py:208} INFO - Processing /home/airflow/.local/lib/python3.12/site-packages/airflow/example_dags/example_task_group_decorator.py took 0.106 seconds
[2025-01-08T10:46:57.496+0000] {processor.py:186} INFO - Started process (PID=2529) to work on /home/airflow/.local/lib/python3.12/site-packages/airflow/example_dags/example_task_group_decorator.py
[2025-01-08T10:46:57.497+0000] {processor.py:914} INFO - Processing file /home/airflow/.local/lib/python3.12/site-packages/airflow/example_dags/example_task_group_decorator.py for tasks to queue
[2025-01-08T10:46:57.499+0000] {logging_mixin.py:190} INFO - [2025-01-08T10:46:57.499+0000] {dagbag.py:588} INFO - Filling up the DagBag from /home/airflow/.local/lib/python3.12/site-packages/airflow/example_dags/example_task_group_decorator.py
[2025-01-08T10:46:57.513+0000] {processor.py:925} INFO - DAG(s) 'example_task_group_decorator' retrieved from /home/airflow/.local/lib/python3.12/site-packages/airflow/example_dags/example_task_group_decorator.py
[2025-01-08T10:46:57.534+0000] {logging_mixin.py:190} INFO - [2025-01-08T10:46:57.534+0000] {dag.py:3239} INFO - Sync 1 DAGs
[2025-01-08T10:46:57.547+0000] {logging_mixin.py:190} INFO - [2025-01-08T10:46:57.547+0000] {dag.py:4180} INFO - Setting next_dagrun for example_task_group_decorator to None, run_after=None
[2025-01-08T10:46:57.566+0000] {processor.py:208} INFO - Processing /home/airflow/.local/lib/python3.12/site-packages/airflow/example_dags/example_task_group_decorator.py took 0.076 seconds
[2025-01-08T10:47:28.815+0000] {processor.py:186} INFO - Started process (PID=2832) to work on /home/airflow/.local/lib/python3.12/site-packages/airflow/example_dags/example_task_group_decorator.py
[2025-01-08T10:47:28.816+0000] {processor.py:914} INFO - Processing file /home/airflow/.local/lib/python3.12/site-packages/airflow/example_dags/example_task_group_decorator.py for tasks to queue
[2025-01-08T10:47:28.818+0000] {logging_mixin.py:190} INFO - [2025-01-08T10:47:28.817+0000] {dagbag.py:588} INFO - Filling up the DagBag from /home/airflow/.local/lib/python3.12/site-packages/airflow/example_dags/example_task_group_decorator.py
[2025-01-08T10:47:28.834+0000] {processor.py:925} INFO - DAG(s) 'example_task_group_decorator' retrieved from /home/airflow/.local/lib/python3.12/site-packages/airflow/example_dags/example_task_group_decorator.py
[2025-01-08T10:47:28.858+0000] {logging_mixin.py:190} INFO - [2025-01-08T10:47:28.858+0000] {dag.py:3239} INFO - Sync 1 DAGs
[2025-01-08T10:47:28.873+0000] {logging_mixin.py:190} INFO - [2025-01-08T10:47:28.873+0000] {dag.py:4180} INFO - Setting next_dagrun for example_task_group_decorator to None, run_after=None
[2025-01-08T10:47:28.894+0000] {processor.py:208} INFO - Processing /home/airflow/.local/lib/python3.12/site-packages/airflow/example_dags/example_task_group_decorator.py took 0.085 seconds
[2025-01-08T10:47:59.801+0000] {processor.py:186} INFO - Started process (PID=3133) to work on /home/airflow/.local/lib/python3.12/site-packages/airflow/example_dags/example_task_group_decorator.py
[2025-01-08T10:47:59.802+0000] {processor.py:914} INFO - Processing file /home/airflow/.local/lib/python3.12/site-packages/airflow/example_dags/example_task_group_decorator.py for tasks to queue
[2025-01-08T10:47:59.804+0000] {logging_mixin.py:190} INFO - [2025-01-08T10:47:59.804+0000] {dagbag.py:588} INFO - Filling up the DagBag from /home/airflow/.local/lib/python3.12/site-packages/airflow/example_dags/example_task_group_decorator.py
[2025-01-08T10:47:59.820+0000] {processor.py:925} INFO - DAG(s) 'example_task_group_decorator' retrieved from /home/airflow/.local/lib/python3.12/site-packages/airflow/example_dags/example_task_group_decorator.py
[2025-01-08T10:47:59.843+0000] {logging_mixin.py:190} INFO - [2025-01-08T10:47:59.843+0000] {dag.py:3239} INFO - Sync 1 DAGs
[2025-01-08T10:47:59.858+0000] {logging_mixin.py:190} INFO - [2025-01-08T10:47:59.858+0000] {dag.py:4180} INFO - Setting next_dagrun for example_task_group_decorator to None, run_after=None
[2025-01-08T10:47:59.877+0000] {processor.py:208} INFO - Processing /home/airflow/.local/lib/python3.12/site-packages/airflow/example_dags/example_task_group_decorator.py took 0.082 seconds
