[2025-01-08T10:35:20.495+0000] {processor.py:186} INFO - Started process (PID=462) to work on /home/airflow/.local/lib/python3.12/site-packages/airflow/example_dags/example_subdag_operator.py
[2025-01-08T10:35:20.496+0000] {processor.py:914} INFO - Processing file /home/airflow/.local/lib/python3.12/site-packages/airflow/example_dags/example_subdag_operator.py for tasks to queue
[2025-01-08T10:35:20.499+0000] {logging_mixin.py:190} INFO - [2025-01-08T10:35:20.498+0000] {dagbag.py:588} INFO - Filling up the DagBag from /home/airflow/.local/lib/python3.12/site-packages/airflow/example_dags/example_subdag_operator.py
[2025-01-08T10:35:20.528+0000] {processor.py:925} INFO - DAG(s) 'example_subdag_operator.section-1', 'example_subdag_operator.section-2', 'example_subdag_operator' retrieved from /home/airflow/.local/lib/python3.12/site-packages/airflow/example_dags/example_subdag_operator.py
[2025-01-08T10:35:20.675+0000] {logging_mixin.py:190} INFO - [2025-01-08T10:35:20.674+0000] {override.py:1911} INFO - Created Permission View: can delete on DAG:example_subdag_operator
[2025-01-08T10:35:20.693+0000] {logging_mixin.py:190} INFO - [2025-01-08T10:35:20.692+0000] {override.py:1911} INFO - Created Permission View: can read on DAG:example_subdag_operator
[2025-01-08T10:35:20.708+0000] {logging_mixin.py:190} INFO - [2025-01-08T10:35:20.708+0000] {override.py:1911} INFO - Created Permission View: can edit on DAG:example_subdag_operator
[2025-01-08T10:35:20.729+0000] {logging_mixin.py:190} INFO - [2025-01-08T10:35:20.729+0000] {override.py:1911} INFO - Created Permission View: menu access on DAG Run:example_subdag_operator
[2025-01-08T10:35:20.740+0000] {logging_mixin.py:190} INFO - [2025-01-08T10:35:20.739+0000] {override.py:1911} INFO - Created Permission View: can create on DAG Run:example_subdag_operator
[2025-01-08T10:35:20.751+0000] {logging_mixin.py:190} INFO - [2025-01-08T10:35:20.750+0000] {override.py:1911} INFO - Created Permission View: can read on DAG Run:example_subdag_operator
[2025-01-08T10:35:20.761+0000] {logging_mixin.py:190} INFO - [2025-01-08T10:35:20.761+0000] {override.py:1911} INFO - Created Permission View: can delete on DAG Run:example_subdag_operator
[2025-01-08T10:35:20.762+0000] {logging_mixin.py:190} INFO - [2025-01-08T10:35:20.762+0000] {dag.py:3239} INFO - Sync 3 DAGs
[2025-01-08T10:35:20.784+0000] {logging_mixin.py:190} INFO - [2025-01-08T10:35:20.783+0000] {dag.py:3262} INFO - Creating ORM DAG for example_subdag_operator.section-1
[2025-01-08T10:35:20.785+0000] {logging_mixin.py:190} INFO - [2025-01-08T10:35:20.785+0000] {dag.py:3262} INFO - Creating ORM DAG for example_subdag_operator.section-2
[2025-01-08T10:35:20.786+0000] {logging_mixin.py:190} INFO - [2025-01-08T10:35:20.786+0000] {dag.py:3262} INFO - Creating ORM DAG for example_subdag_operator
[2025-01-08T10:35:20.801+0000] {logging_mixin.py:190} INFO - [2025-01-08T10:35:20.800+0000] {dag.py:4180} INFO - Setting next_dagrun for example_subdag_operator to 2022-01-01 00:00:00+00:00, run_after=2022-01-01 00:00:00+00:00
[2025-01-08T10:35:20.802+0000] {logging_mixin.py:190} INFO - [2025-01-08T10:35:20.802+0000] {dag.py:4180} INFO - Setting next_dagrun for example_subdag_operator.section-1 to None, run_after=None
[2025-01-08T10:35:20.803+0000] {logging_mixin.py:190} INFO - [2025-01-08T10:35:20.802+0000] {dag.py:4180} INFO - Setting next_dagrun for example_subdag_operator.section-2 to None, run_after=None
[2025-01-08T10:35:20.816+0000] {logging_mixin.py:190} INFO - [2025-01-08T10:35:20.815+0000] {dag.py:3239} INFO - Sync 2 DAGs
[2025-01-08T10:35:20.825+0000] {logging_mixin.py:190} INFO - [2025-01-08T10:35:20.825+0000] {dag.py:4180} INFO - Setting next_dagrun for example_subdag_operator.section-1 to None, run_after=None
[2025-01-08T10:35:20.831+0000] {logging_mixin.py:190} INFO - [2025-01-08T10:35:20.830+0000] {dag.py:4180} INFO - Setting next_dagrun for example_subdag_operator.section-2 to None, run_after=None
[2025-01-08T10:35:20.851+0000] {processor.py:208} INFO - Processing /home/airflow/.local/lib/python3.12/site-packages/airflow/example_dags/example_subdag_operator.py took 0.364 seconds
[2025-01-08T10:35:53.930+0000] {processor.py:186} INFO - Started process (PID=769) to work on /home/airflow/.local/lib/python3.12/site-packages/airflow/example_dags/example_subdag_operator.py
[2025-01-08T10:35:53.936+0000] {processor.py:914} INFO - Processing file /home/airflow/.local/lib/python3.12/site-packages/airflow/example_dags/example_subdag_operator.py for tasks to queue
[2025-01-08T10:35:53.944+0000] {logging_mixin.py:190} INFO - [2025-01-08T10:35:53.943+0000] {dagbag.py:588} INFO - Filling up the DagBag from /home/airflow/.local/lib/python3.12/site-packages/airflow/example_dags/example_subdag_operator.py
[2025-01-08T10:35:54.013+0000] {processor.py:925} INFO - DAG(s) 'example_subdag_operator.section-1', 'example_subdag_operator.section-2', 'example_subdag_operator' retrieved from /home/airflow/.local/lib/python3.12/site-packages/airflow/example_dags/example_subdag_operator.py
[2025-01-08T10:35:54.055+0000] {logging_mixin.py:190} INFO - [2025-01-08T10:35:54.054+0000] {dag.py:3239} INFO - Sync 3 DAGs
[2025-01-08T10:35:54.128+0000] {logging_mixin.py:190} INFO - [2025-01-08T10:35:54.128+0000] {dag.py:4180} INFO - Setting next_dagrun for example_subdag_operator to 2022-01-01 00:00:00+00:00, run_after=2022-01-01 00:00:00+00:00
[2025-01-08T10:35:54.135+0000] {logging_mixin.py:190} INFO - [2025-01-08T10:35:54.135+0000] {dag.py:4180} INFO - Setting next_dagrun for example_subdag_operator.section-1 to None, run_after=None
[2025-01-08T10:35:54.144+0000] {logging_mixin.py:190} INFO - [2025-01-08T10:35:54.143+0000] {dag.py:4180} INFO - Setting next_dagrun for example_subdag_operator.section-2 to None, run_after=None
[2025-01-08T10:35:54.165+0000] {logging_mixin.py:190} INFO - [2025-01-08T10:35:54.164+0000] {dag.py:3239} INFO - Sync 2 DAGs
[2025-01-08T10:35:54.178+0000] {logging_mixin.py:190} INFO - [2025-01-08T10:35:54.177+0000] {dag.py:4180} INFO - Setting next_dagrun for example_subdag_operator.section-1 to None, run_after=None
[2025-01-08T10:35:54.179+0000] {logging_mixin.py:190} INFO - [2025-01-08T10:35:54.178+0000] {dag.py:4180} INFO - Setting next_dagrun for example_subdag_operator.section-2 to None, run_after=None
[2025-01-08T10:35:54.231+0000] {processor.py:208} INFO - Processing /home/airflow/.local/lib/python3.12/site-packages/airflow/example_dags/example_subdag_operator.py took 0.314 seconds
[2025-01-08T10:36:28.290+0000] {processor.py:186} INFO - Started process (PID=1070) to work on /home/airflow/.local/lib/python3.12/site-packages/airflow/example_dags/example_subdag_operator.py
[2025-01-08T10:36:28.291+0000] {processor.py:914} INFO - Processing file /home/airflow/.local/lib/python3.12/site-packages/airflow/example_dags/example_subdag_operator.py for tasks to queue
[2025-01-08T10:36:28.295+0000] {logging_mixin.py:190} INFO - [2025-01-08T10:36:28.295+0000] {dagbag.py:588} INFO - Filling up the DagBag from /home/airflow/.local/lib/python3.12/site-packages/airflow/example_dags/example_subdag_operator.py
[2025-01-08T10:36:28.365+0000] {processor.py:925} INFO - DAG(s) 'example_subdag_operator.section-1', 'example_subdag_operator.section-2', 'example_subdag_operator' retrieved from /home/airflow/.local/lib/python3.12/site-packages/airflow/example_dags/example_subdag_operator.py
[2025-01-08T10:36:28.405+0000] {logging_mixin.py:190} INFO - [2025-01-08T10:36:28.405+0000] {dag.py:3239} INFO - Sync 3 DAGs
[2025-01-08T10:36:28.470+0000] {logging_mixin.py:190} INFO - [2025-01-08T10:36:28.470+0000] {dag.py:4180} INFO - Setting next_dagrun for example_subdag_operator to 2022-01-01 00:00:00+00:00, run_after=2022-01-01 00:00:00+00:00
[2025-01-08T10:36:28.485+0000] {logging_mixin.py:190} INFO - [2025-01-08T10:36:28.485+0000] {dag.py:4180} INFO - Setting next_dagrun for example_subdag_operator.section-1 to None, run_after=None
[2025-01-08T10:36:28.488+0000] {logging_mixin.py:190} INFO - [2025-01-08T10:36:28.488+0000] {dag.py:4180} INFO - Setting next_dagrun for example_subdag_operator.section-2 to None, run_after=None
[2025-01-08T10:36:28.513+0000] {logging_mixin.py:190} INFO - [2025-01-08T10:36:28.513+0000] {dag.py:3239} INFO - Sync 2 DAGs
[2025-01-08T10:36:28.522+0000] {logging_mixin.py:190} INFO - [2025-01-08T10:36:28.522+0000] {dag.py:4180} INFO - Setting next_dagrun for example_subdag_operator.section-1 to None, run_after=None
[2025-01-08T10:36:28.523+0000] {logging_mixin.py:190} INFO - [2025-01-08T10:36:28.522+0000] {dag.py:4180} INFO - Setting next_dagrun for example_subdag_operator.section-2 to None, run_after=None
[2025-01-08T10:36:28.538+0000] {processor.py:208} INFO - Processing /home/airflow/.local/lib/python3.12/site-packages/airflow/example_dags/example_subdag_operator.py took 0.265 seconds
[2025-01-08T10:36:59.572+0000] {processor.py:186} INFO - Started process (PID=1368) to work on /home/airflow/.local/lib/python3.12/site-packages/airflow/example_dags/example_subdag_operator.py
[2025-01-08T10:36:59.573+0000] {processor.py:914} INFO - Processing file /home/airflow/.local/lib/python3.12/site-packages/airflow/example_dags/example_subdag_operator.py for tasks to queue
[2025-01-08T10:36:59.577+0000] {logging_mixin.py:190} INFO - [2025-01-08T10:36:59.576+0000] {dagbag.py:588} INFO - Filling up the DagBag from /home/airflow/.local/lib/python3.12/site-packages/airflow/example_dags/example_subdag_operator.py
[2025-01-08T10:36:59.633+0000] {processor.py:925} INFO - DAG(s) 'example_subdag_operator.section-1', 'example_subdag_operator.section-2', 'example_subdag_operator' retrieved from /home/airflow/.local/lib/python3.12/site-packages/airflow/example_dags/example_subdag_operator.py
[2025-01-08T10:36:59.689+0000] {logging_mixin.py:190} INFO - [2025-01-08T10:36:59.689+0000] {dag.py:3239} INFO - Sync 3 DAGs
[2025-01-08T10:36:59.759+0000] {logging_mixin.py:190} INFO - [2025-01-08T10:36:59.758+0000] {dag.py:4180} INFO - Setting next_dagrun for example_subdag_operator to 2022-01-01 00:00:00+00:00, run_after=2022-01-01 00:00:00+00:00
[2025-01-08T10:36:59.773+0000] {logging_mixin.py:190} INFO - [2025-01-08T10:36:59.765+0000] {dag.py:4180} INFO - Setting next_dagrun for example_subdag_operator.section-1 to None, run_after=None
[2025-01-08T10:36:59.780+0000] {logging_mixin.py:190} INFO - [2025-01-08T10:36:59.780+0000] {dag.py:4180} INFO - Setting next_dagrun for example_subdag_operator.section-2 to None, run_after=None
[2025-01-08T10:36:59.809+0000] {logging_mixin.py:190} INFO - [2025-01-08T10:36:59.808+0000] {dag.py:3239} INFO - Sync 2 DAGs
[2025-01-08T10:36:59.819+0000] {logging_mixin.py:190} INFO - [2025-01-08T10:36:59.819+0000] {dag.py:4180} INFO - Setting next_dagrun for example_subdag_operator.section-1 to None, run_after=None
[2025-01-08T10:36:59.820+0000] {logging_mixin.py:190} INFO - [2025-01-08T10:36:59.820+0000] {dag.py:4180} INFO - Setting next_dagrun for example_subdag_operator.section-2 to None, run_after=None
[2025-01-08T10:36:59.863+0000] {processor.py:208} INFO - Processing /home/airflow/.local/lib/python3.12/site-packages/airflow/example_dags/example_subdag_operator.py took 0.307 seconds
[2025-01-08T10:37:30.248+0000] {processor.py:186} INFO - Started process (PID=1667) to work on /home/airflow/.local/lib/python3.12/site-packages/airflow/example_dags/example_subdag_operator.py
[2025-01-08T10:37:30.250+0000] {processor.py:914} INFO - Processing file /home/airflow/.local/lib/python3.12/site-packages/airflow/example_dags/example_subdag_operator.py for tasks to queue
[2025-01-08T10:37:30.254+0000] {logging_mixin.py:190} INFO - [2025-01-08T10:37:30.253+0000] {dagbag.py:588} INFO - Filling up the DagBag from /home/airflow/.local/lib/python3.12/site-packages/airflow/example_dags/example_subdag_operator.py
[2025-01-08T10:37:30.289+0000] {processor.py:925} INFO - DAG(s) 'example_subdag_operator.section-1', 'example_subdag_operator.section-2', 'example_subdag_operator' retrieved from /home/airflow/.local/lib/python3.12/site-packages/airflow/example_dags/example_subdag_operator.py
[2025-01-08T10:37:30.311+0000] {logging_mixin.py:190} INFO - [2025-01-08T10:37:30.310+0000] {dag.py:3239} INFO - Sync 3 DAGs
[2025-01-08T10:37:30.356+0000] {logging_mixin.py:190} INFO - [2025-01-08T10:37:30.355+0000] {dag.py:4180} INFO - Setting next_dagrun for example_subdag_operator to 2022-01-01 00:00:00+00:00, run_after=2022-01-01 00:00:00+00:00
[2025-01-08T10:37:30.360+0000] {logging_mixin.py:190} INFO - [2025-01-08T10:37:30.360+0000] {dag.py:4180} INFO - Setting next_dagrun for example_subdag_operator.section-1 to None, run_after=None
[2025-01-08T10:37:30.365+0000] {logging_mixin.py:190} INFO - [2025-01-08T10:37:30.365+0000] {dag.py:4180} INFO - Setting next_dagrun for example_subdag_operator.section-2 to None, run_after=None
[2025-01-08T10:37:30.376+0000] {logging_mixin.py:190} INFO - [2025-01-08T10:37:30.376+0000] {dag.py:3239} INFO - Sync 2 DAGs
[2025-01-08T10:37:30.384+0000] {logging_mixin.py:190} INFO - [2025-01-08T10:37:30.384+0000] {dag.py:4180} INFO - Setting next_dagrun for example_subdag_operator.section-1 to None, run_after=None
[2025-01-08T10:37:30.384+0000] {logging_mixin.py:190} INFO - [2025-01-08T10:37:30.384+0000] {dag.py:4180} INFO - Setting next_dagrun for example_subdag_operator.section-2 to None, run_after=None
[2025-01-08T10:37:30.459+0000] {processor.py:208} INFO - Processing /home/airflow/.local/lib/python3.12/site-packages/airflow/example_dags/example_subdag_operator.py took 0.220 seconds
[2025-01-08T10:38:03.061+0000] {processor.py:186} INFO - Started process (PID=1968) to work on /home/airflow/.local/lib/python3.12/site-packages/airflow/example_dags/example_subdag_operator.py
[2025-01-08T10:38:03.074+0000] {processor.py:914} INFO - Processing file /home/airflow/.local/lib/python3.12/site-packages/airflow/example_dags/example_subdag_operator.py for tasks to queue
[2025-01-08T10:38:03.080+0000] {logging_mixin.py:190} INFO - [2025-01-08T10:38:03.080+0000] {dagbag.py:588} INFO - Filling up the DagBag from /home/airflow/.local/lib/python3.12/site-packages/airflow/example_dags/example_subdag_operator.py
[2025-01-08T10:38:03.169+0000] {processor.py:925} INFO - DAG(s) 'example_subdag_operator.section-1', 'example_subdag_operator.section-2', 'example_subdag_operator' retrieved from /home/airflow/.local/lib/python3.12/site-packages/airflow/example_dags/example_subdag_operator.py
[2025-01-08T10:38:03.207+0000] {logging_mixin.py:190} INFO - [2025-01-08T10:38:03.206+0000] {dag.py:3239} INFO - Sync 3 DAGs
[2025-01-08T10:38:03.284+0000] {logging_mixin.py:190} INFO - [2025-01-08T10:38:03.283+0000] {dag.py:4180} INFO - Setting next_dagrun for example_subdag_operator to 2022-01-01 00:00:00+00:00, run_after=2022-01-01 00:00:00+00:00
[2025-01-08T10:38:03.299+0000] {logging_mixin.py:190} INFO - [2025-01-08T10:38:03.299+0000] {dag.py:4180} INFO - Setting next_dagrun for example_subdag_operator.section-1 to None, run_after=None
[2025-01-08T10:38:03.308+0000] {logging_mixin.py:190} INFO - [2025-01-08T10:38:03.306+0000] {dag.py:4180} INFO - Setting next_dagrun for example_subdag_operator.section-2 to None, run_after=None
[2025-01-08T10:38:03.329+0000] {logging_mixin.py:190} INFO - [2025-01-08T10:38:03.329+0000] {dag.py:3239} INFO - Sync 2 DAGs
[2025-01-08T10:38:03.344+0000] {logging_mixin.py:190} INFO - [2025-01-08T10:38:03.343+0000] {dag.py:4180} INFO - Setting next_dagrun for example_subdag_operator.section-1 to None, run_after=None
[2025-01-08T10:38:03.345+0000] {logging_mixin.py:190} INFO - [2025-01-08T10:38:03.345+0000] {dag.py:4180} INFO - Setting next_dagrun for example_subdag_operator.section-2 to None, run_after=None
[2025-01-08T10:38:03.380+0000] {processor.py:208} INFO - Processing /home/airflow/.local/lib/python3.12/site-packages/airflow/example_dags/example_subdag_operator.py took 0.349 seconds
[2025-01-08T10:38:35.864+0000] {processor.py:186} INFO - Started process (PID=2268) to work on /home/airflow/.local/lib/python3.12/site-packages/airflow/example_dags/example_subdag_operator.py
[2025-01-08T10:38:35.873+0000] {processor.py:914} INFO - Processing file /home/airflow/.local/lib/python3.12/site-packages/airflow/example_dags/example_subdag_operator.py for tasks to queue
[2025-01-08T10:38:35.878+0000] {logging_mixin.py:190} INFO - [2025-01-08T10:38:35.877+0000] {dagbag.py:588} INFO - Filling up the DagBag from /home/airflow/.local/lib/python3.12/site-packages/airflow/example_dags/example_subdag_operator.py
[2025-01-08T10:38:35.952+0000] {processor.py:925} INFO - DAG(s) 'example_subdag_operator.section-1', 'example_subdag_operator.section-2', 'example_subdag_operator' retrieved from /home/airflow/.local/lib/python3.12/site-packages/airflow/example_dags/example_subdag_operator.py
[2025-01-08T10:38:36.009+0000] {logging_mixin.py:190} INFO - [2025-01-08T10:38:36.009+0000] {dag.py:3239} INFO - Sync 3 DAGs
[2025-01-08T10:38:36.093+0000] {logging_mixin.py:190} INFO - [2025-01-08T10:38:36.093+0000] {dag.py:4180} INFO - Setting next_dagrun for example_subdag_operator to 2022-01-01 00:00:00+00:00, run_after=2022-01-01 00:00:00+00:00
[2025-01-08T10:38:36.107+0000] {logging_mixin.py:190} INFO - [2025-01-08T10:38:36.103+0000] {dag.py:4180} INFO - Setting next_dagrun for example_subdag_operator.section-1 to None, run_after=None
[2025-01-08T10:38:36.112+0000] {logging_mixin.py:190} INFO - [2025-01-08T10:38:36.111+0000] {dag.py:4180} INFO - Setting next_dagrun for example_subdag_operator.section-2 to None, run_after=None
[2025-01-08T10:38:36.132+0000] {logging_mixin.py:190} INFO - [2025-01-08T10:38:36.131+0000] {dag.py:3239} INFO - Sync 2 DAGs
[2025-01-08T10:38:36.148+0000] {logging_mixin.py:190} INFO - [2025-01-08T10:38:36.147+0000] {dag.py:4180} INFO - Setting next_dagrun for example_subdag_operator.section-1 to None, run_after=None
[2025-01-08T10:38:36.149+0000] {logging_mixin.py:190} INFO - [2025-01-08T10:38:36.148+0000] {dag.py:4180} INFO - Setting next_dagrun for example_subdag_operator.section-2 to None, run_after=None
[2025-01-08T10:38:36.190+0000] {processor.py:208} INFO - Processing /home/airflow/.local/lib/python3.12/site-packages/airflow/example_dags/example_subdag_operator.py took 0.342 seconds
[2025-01-08T10:39:06.510+0000] {processor.py:186} INFO - Started process (PID=2571) to work on /home/airflow/.local/lib/python3.12/site-packages/airflow/example_dags/example_subdag_operator.py
[2025-01-08T10:39:06.514+0000] {processor.py:914} INFO - Processing file /home/airflow/.local/lib/python3.12/site-packages/airflow/example_dags/example_subdag_operator.py for tasks to queue
[2025-01-08T10:39:06.517+0000] {logging_mixin.py:190} INFO - [2025-01-08T10:39:06.517+0000] {dagbag.py:588} INFO - Filling up the DagBag from /home/airflow/.local/lib/python3.12/site-packages/airflow/example_dags/example_subdag_operator.py
[2025-01-08T10:39:06.549+0000] {processor.py:925} INFO - DAG(s) 'example_subdag_operator.section-1', 'example_subdag_operator.section-2', 'example_subdag_operator' retrieved from /home/airflow/.local/lib/python3.12/site-packages/airflow/example_dags/example_subdag_operator.py
[2025-01-08T10:39:06.571+0000] {logging_mixin.py:190} INFO - [2025-01-08T10:39:06.570+0000] {dag.py:3239} INFO - Sync 3 DAGs
[2025-01-08T10:39:06.602+0000] {logging_mixin.py:190} INFO - [2025-01-08T10:39:06.602+0000] {dag.py:4180} INFO - Setting next_dagrun for example_subdag_operator to 2022-01-01 00:00:00+00:00, run_after=2022-01-01 00:00:00+00:00
[2025-01-08T10:39:06.606+0000] {logging_mixin.py:190} INFO - [2025-01-08T10:39:06.606+0000] {dag.py:4180} INFO - Setting next_dagrun for example_subdag_operator.section-1 to None, run_after=None
[2025-01-08T10:39:06.609+0000] {logging_mixin.py:190} INFO - [2025-01-08T10:39:06.608+0000] {dag.py:4180} INFO - Setting next_dagrun for example_subdag_operator.section-2 to None, run_after=None
[2025-01-08T10:39:06.619+0000] {logging_mixin.py:190} INFO - [2025-01-08T10:39:06.618+0000] {dag.py:3239} INFO - Sync 2 DAGs
[2025-01-08T10:39:06.628+0000] {logging_mixin.py:190} INFO - [2025-01-08T10:39:06.628+0000] {dag.py:4180} INFO - Setting next_dagrun for example_subdag_operator.section-1 to None, run_after=None
[2025-01-08T10:39:06.629+0000] {logging_mixin.py:190} INFO - [2025-01-08T10:39:06.629+0000] {dag.py:4180} INFO - Setting next_dagrun for example_subdag_operator.section-2 to None, run_after=None
[2025-01-08T10:39:06.649+0000] {processor.py:208} INFO - Processing /home/airflow/.local/lib/python3.12/site-packages/airflow/example_dags/example_subdag_operator.py took 0.146 seconds
[2025-01-08T10:39:42.191+0000] {processor.py:186} INFO - Started process (PID=2880) to work on /home/airflow/.local/lib/python3.12/site-packages/airflow/example_dags/example_subdag_operator.py
[2025-01-08T10:39:42.196+0000] {processor.py:914} INFO - Processing file /home/airflow/.local/lib/python3.12/site-packages/airflow/example_dags/example_subdag_operator.py for tasks to queue
[2025-01-08T10:39:42.203+0000] {logging_mixin.py:190} INFO - [2025-01-08T10:39:42.203+0000] {dagbag.py:588} INFO - Filling up the DagBag from /home/airflow/.local/lib/python3.12/site-packages/airflow/example_dags/example_subdag_operator.py
[2025-01-08T10:39:42.271+0000] {processor.py:925} INFO - DAG(s) 'example_subdag_operator.section-1', 'example_subdag_operator.section-2', 'example_subdag_operator' retrieved from /home/airflow/.local/lib/python3.12/site-packages/airflow/example_dags/example_subdag_operator.py
[2025-01-08T10:39:42.328+0000] {logging_mixin.py:190} INFO - [2025-01-08T10:39:42.328+0000] {dag.py:3239} INFO - Sync 3 DAGs
[2025-01-08T10:39:42.406+0000] {logging_mixin.py:190} INFO - [2025-01-08T10:39:42.405+0000] {dag.py:4180} INFO - Setting next_dagrun for example_subdag_operator to 2022-01-01 00:00:00+00:00, run_after=2022-01-01 00:00:00+00:00
[2025-01-08T10:39:42.417+0000] {logging_mixin.py:190} INFO - [2025-01-08T10:39:42.417+0000] {dag.py:4180} INFO - Setting next_dagrun for example_subdag_operator.section-1 to None, run_after=None
[2025-01-08T10:39:42.420+0000] {logging_mixin.py:190} INFO - [2025-01-08T10:39:42.419+0000] {dag.py:4180} INFO - Setting next_dagrun for example_subdag_operator.section-2 to None, run_after=None
[2025-01-08T10:39:42.443+0000] {logging_mixin.py:190} INFO - [2025-01-08T10:39:42.442+0000] {dag.py:3239} INFO - Sync 2 DAGs
[2025-01-08T10:39:42.462+0000] {logging_mixin.py:190} INFO - [2025-01-08T10:39:42.461+0000] {dag.py:4180} INFO - Setting next_dagrun for example_subdag_operator.section-1 to None, run_after=None
[2025-01-08T10:39:42.467+0000] {logging_mixin.py:190} INFO - [2025-01-08T10:39:42.464+0000] {dag.py:4180} INFO - Setting next_dagrun for example_subdag_operator.section-2 to None, run_after=None
[2025-01-08T10:39:42.500+0000] {processor.py:208} INFO - Processing /home/airflow/.local/lib/python3.12/site-packages/airflow/example_dags/example_subdag_operator.py took 0.327 seconds
[2025-01-08T10:40:17.658+0000] {processor.py:186} INFO - Started process (PID=3181) to work on /home/airflow/.local/lib/python3.12/site-packages/airflow/example_dags/example_subdag_operator.py
[2025-01-08T10:40:17.660+0000] {processor.py:914} INFO - Processing file /home/airflow/.local/lib/python3.12/site-packages/airflow/example_dags/example_subdag_operator.py for tasks to queue
[2025-01-08T10:40:17.665+0000] {logging_mixin.py:190} INFO - [2025-01-08T10:40:17.664+0000] {dagbag.py:588} INFO - Filling up the DagBag from /home/airflow/.local/lib/python3.12/site-packages/airflow/example_dags/example_subdag_operator.py
[2025-01-08T10:40:17.735+0000] {processor.py:925} INFO - DAG(s) 'example_subdag_operator.section-1', 'example_subdag_operator.section-2', 'example_subdag_operator' retrieved from /home/airflow/.local/lib/python3.12/site-packages/airflow/example_dags/example_subdag_operator.py
[2025-01-08T10:40:17.785+0000] {logging_mixin.py:190} INFO - [2025-01-08T10:40:17.785+0000] {dag.py:3239} INFO - Sync 3 DAGs
[2025-01-08T10:40:17.854+0000] {logging_mixin.py:190} INFO - [2025-01-08T10:40:17.853+0000] {dag.py:4180} INFO - Setting next_dagrun for example_subdag_operator to 2022-01-01 00:00:00+00:00, run_after=2022-01-01 00:00:00+00:00
[2025-01-08T10:40:17.874+0000] {logging_mixin.py:190} INFO - [2025-01-08T10:40:17.874+0000] {dag.py:4180} INFO - Setting next_dagrun for example_subdag_operator.section-1 to None, run_after=None
[2025-01-08T10:40:17.877+0000] {logging_mixin.py:190} INFO - [2025-01-08T10:40:17.877+0000] {dag.py:4180} INFO - Setting next_dagrun for example_subdag_operator.section-2 to None, run_after=None
[2025-01-08T10:40:17.897+0000] {logging_mixin.py:190} INFO - [2025-01-08T10:40:17.896+0000] {dag.py:3239} INFO - Sync 2 DAGs
[2025-01-08T10:40:17.960+0000] {logging_mixin.py:190} INFO - [2025-01-08T10:40:17.960+0000] {dag.py:4180} INFO - Setting next_dagrun for example_subdag_operator.section-1 to None, run_after=None
[2025-01-08T10:40:17.961+0000] {logging_mixin.py:190} INFO - [2025-01-08T10:40:17.961+0000] {dag.py:4180} INFO - Setting next_dagrun for example_subdag_operator.section-2 to None, run_after=None
[2025-01-08T10:40:17.994+0000] {processor.py:208} INFO - Processing /home/airflow/.local/lib/python3.12/site-packages/airflow/example_dags/example_subdag_operator.py took 0.348 seconds
[2025-01-08T10:43:22.531+0000] {processor.py:186} INFO - Started process (PID=463) to work on /home/airflow/.local/lib/python3.12/site-packages/airflow/example_dags/example_subdag_operator.py
[2025-01-08T10:43:22.532+0000] {processor.py:914} INFO - Processing file /home/airflow/.local/lib/python3.12/site-packages/airflow/example_dags/example_subdag_operator.py for tasks to queue
[2025-01-08T10:43:22.534+0000] {logging_mixin.py:190} INFO - [2025-01-08T10:43:22.534+0000] {dagbag.py:588} INFO - Filling up the DagBag from /home/airflow/.local/lib/python3.12/site-packages/airflow/example_dags/example_subdag_operator.py
[2025-01-08T10:43:22.566+0000] {processor.py:925} INFO - DAG(s) 'example_subdag_operator.section-1', 'example_subdag_operator.section-2', 'example_subdag_operator' retrieved from /home/airflow/.local/lib/python3.12/site-packages/airflow/example_dags/example_subdag_operator.py
[2025-01-08T10:43:22.583+0000] {logging_mixin.py:190} INFO - [2025-01-08T10:43:22.583+0000] {dag.py:3239} INFO - Sync 3 DAGs
[2025-01-08T10:43:22.612+0000] {logging_mixin.py:190} INFO - [2025-01-08T10:43:22.612+0000] {dag.py:4180} INFO - Setting next_dagrun for example_subdag_operator to 2022-01-01 00:00:00+00:00, run_after=2022-01-01 00:00:00+00:00
[2025-01-08T10:43:22.616+0000] {logging_mixin.py:190} INFO - [2025-01-08T10:43:22.616+0000] {dag.py:4180} INFO - Setting next_dagrun for example_subdag_operator.section-1 to None, run_after=None
[2025-01-08T10:43:22.618+0000] {logging_mixin.py:190} INFO - [2025-01-08T10:43:22.618+0000] {dag.py:4180} INFO - Setting next_dagrun for example_subdag_operator.section-2 to None, run_after=None
[2025-01-08T10:43:22.627+0000] {logging_mixin.py:190} INFO - [2025-01-08T10:43:22.627+0000] {dag.py:3239} INFO - Sync 2 DAGs
[2025-01-08T10:43:22.634+0000] {logging_mixin.py:190} INFO - [2025-01-08T10:43:22.634+0000] {dag.py:4180} INFO - Setting next_dagrun for example_subdag_operator.section-1 to None, run_after=None
[2025-01-08T10:43:22.635+0000] {logging_mixin.py:190} INFO - [2025-01-08T10:43:22.635+0000] {dag.py:4180} INFO - Setting next_dagrun for example_subdag_operator.section-2 to None, run_after=None
[2025-01-08T10:43:22.650+0000] {processor.py:208} INFO - Processing /home/airflow/.local/lib/python3.12/site-packages/airflow/example_dags/example_subdag_operator.py took 0.126 seconds
[2025-01-08T10:43:53.379+0000] {processor.py:186} INFO - Started process (PID=764) to work on /home/airflow/.local/lib/python3.12/site-packages/airflow/example_dags/example_subdag_operator.py
[2025-01-08T10:43:53.380+0000] {processor.py:914} INFO - Processing file /home/airflow/.local/lib/python3.12/site-packages/airflow/example_dags/example_subdag_operator.py for tasks to queue
[2025-01-08T10:43:53.383+0000] {logging_mixin.py:190} INFO - [2025-01-08T10:43:53.382+0000] {dagbag.py:588} INFO - Filling up the DagBag from /home/airflow/.local/lib/python3.12/site-packages/airflow/example_dags/example_subdag_operator.py
[2025-01-08T10:43:53.410+0000] {processor.py:925} INFO - DAG(s) 'example_subdag_operator.section-1', 'example_subdag_operator.section-2', 'example_subdag_operator' retrieved from /home/airflow/.local/lib/python3.12/site-packages/airflow/example_dags/example_subdag_operator.py
[2025-01-08T10:43:53.433+0000] {logging_mixin.py:190} INFO - [2025-01-08T10:43:53.433+0000] {dag.py:3239} INFO - Sync 3 DAGs
[2025-01-08T10:43:53.483+0000] {logging_mixin.py:190} INFO - [2025-01-08T10:43:53.482+0000] {dag.py:4180} INFO - Setting next_dagrun for example_subdag_operator to 2022-01-01 00:00:00+00:00, run_after=2022-01-01 00:00:00+00:00
[2025-01-08T10:43:53.493+0000] {logging_mixin.py:190} INFO - [2025-01-08T10:43:53.492+0000] {dag.py:4180} INFO - Setting next_dagrun for example_subdag_operator.section-1 to None, run_after=None
[2025-01-08T10:43:53.495+0000] {logging_mixin.py:190} INFO - [2025-01-08T10:43:53.495+0000] {dag.py:4180} INFO - Setting next_dagrun for example_subdag_operator.section-2 to None, run_after=None
[2025-01-08T10:43:53.509+0000] {logging_mixin.py:190} INFO - [2025-01-08T10:43:53.508+0000] {dag.py:3239} INFO - Sync 2 DAGs
[2025-01-08T10:43:53.517+0000] {logging_mixin.py:190} INFO - [2025-01-08T10:43:53.517+0000] {dag.py:4180} INFO - Setting next_dagrun for example_subdag_operator.section-1 to None, run_after=None
[2025-01-08T10:43:53.518+0000] {logging_mixin.py:190} INFO - [2025-01-08T10:43:53.517+0000] {dag.py:4180} INFO - Setting next_dagrun for example_subdag_operator.section-2 to None, run_after=None
[2025-01-08T10:43:53.534+0000] {processor.py:208} INFO - Processing /home/airflow/.local/lib/python3.12/site-packages/airflow/example_dags/example_subdag_operator.py took 0.161 seconds
[2025-01-08T10:44:24.162+0000] {processor.py:186} INFO - Started process (PID=1064) to work on /home/airflow/.local/lib/python3.12/site-packages/airflow/example_dags/example_subdag_operator.py
[2025-01-08T10:44:24.163+0000] {processor.py:914} INFO - Processing file /home/airflow/.local/lib/python3.12/site-packages/airflow/example_dags/example_subdag_operator.py for tasks to queue
[2025-01-08T10:44:24.165+0000] {logging_mixin.py:190} INFO - [2025-01-08T10:44:24.165+0000] {dagbag.py:588} INFO - Filling up the DagBag from /home/airflow/.local/lib/python3.12/site-packages/airflow/example_dags/example_subdag_operator.py
[2025-01-08T10:44:24.190+0000] {processor.py:925} INFO - DAG(s) 'example_subdag_operator.section-1', 'example_subdag_operator.section-2', 'example_subdag_operator' retrieved from /home/airflow/.local/lib/python3.12/site-packages/airflow/example_dags/example_subdag_operator.py
[2025-01-08T10:44:24.207+0000] {logging_mixin.py:190} INFO - [2025-01-08T10:44:24.206+0000] {dag.py:3239} INFO - Sync 3 DAGs
[2025-01-08T10:44:24.236+0000] {logging_mixin.py:190} INFO - [2025-01-08T10:44:24.235+0000] {dag.py:4180} INFO - Setting next_dagrun for example_subdag_operator to 2022-01-01 00:00:00+00:00, run_after=2022-01-01 00:00:00+00:00
[2025-01-08T10:44:24.240+0000] {logging_mixin.py:190} INFO - [2025-01-08T10:44:24.240+0000] {dag.py:4180} INFO - Setting next_dagrun for example_subdag_operator.section-1 to None, run_after=None
[2025-01-08T10:44:24.242+0000] {logging_mixin.py:190} INFO - [2025-01-08T10:44:24.242+0000] {dag.py:4180} INFO - Setting next_dagrun for example_subdag_operator.section-2 to None, run_after=None
[2025-01-08T10:44:24.250+0000] {logging_mixin.py:190} INFO - [2025-01-08T10:44:24.249+0000] {dag.py:3239} INFO - Sync 2 DAGs
[2025-01-08T10:44:24.256+0000] {logging_mixin.py:190} INFO - [2025-01-08T10:44:24.256+0000] {dag.py:4180} INFO - Setting next_dagrun for example_subdag_operator.section-1 to None, run_after=None
[2025-01-08T10:44:24.257+0000] {logging_mixin.py:190} INFO - [2025-01-08T10:44:24.256+0000] {dag.py:4180} INFO - Setting next_dagrun for example_subdag_operator.section-2 to None, run_after=None
[2025-01-08T10:44:24.271+0000] {processor.py:208} INFO - Processing /home/airflow/.local/lib/python3.12/site-packages/airflow/example_dags/example_subdag_operator.py took 0.115 seconds
[2025-01-08T10:44:54.759+0000] {processor.py:186} INFO - Started process (PID=1360) to work on /home/airflow/.local/lib/python3.12/site-packages/airflow/example_dags/example_subdag_operator.py
[2025-01-08T10:44:54.761+0000] {processor.py:914} INFO - Processing file /home/airflow/.local/lib/python3.12/site-packages/airflow/example_dags/example_subdag_operator.py for tasks to queue
[2025-01-08T10:44:54.763+0000] {logging_mixin.py:190} INFO - [2025-01-08T10:44:54.763+0000] {dagbag.py:588} INFO - Filling up the DagBag from /home/airflow/.local/lib/python3.12/site-packages/airflow/example_dags/example_subdag_operator.py
[2025-01-08T10:44:54.789+0000] {processor.py:925} INFO - DAG(s) 'example_subdag_operator.section-1', 'example_subdag_operator.section-2', 'example_subdag_operator' retrieved from /home/airflow/.local/lib/python3.12/site-packages/airflow/example_dags/example_subdag_operator.py
[2025-01-08T10:44:54.805+0000] {logging_mixin.py:190} INFO - [2025-01-08T10:44:54.804+0000] {dag.py:3239} INFO - Sync 3 DAGs
[2025-01-08T10:44:54.829+0000] {logging_mixin.py:190} INFO - [2025-01-08T10:44:54.829+0000] {dag.py:4180} INFO - Setting next_dagrun for example_subdag_operator to 2022-01-01 00:00:00+00:00, run_after=2022-01-01 00:00:00+00:00
[2025-01-08T10:44:54.834+0000] {logging_mixin.py:190} INFO - [2025-01-08T10:44:54.833+0000] {dag.py:4180} INFO - Setting next_dagrun for example_subdag_operator.section-1 to None, run_after=None
[2025-01-08T10:44:54.836+0000] {logging_mixin.py:190} INFO - [2025-01-08T10:44:54.836+0000] {dag.py:4180} INFO - Setting next_dagrun for example_subdag_operator.section-2 to None, run_after=None
[2025-01-08T10:44:54.843+0000] {logging_mixin.py:190} INFO - [2025-01-08T10:44:54.843+0000] {dag.py:3239} INFO - Sync 2 DAGs
[2025-01-08T10:44:54.850+0000] {logging_mixin.py:190} INFO - [2025-01-08T10:44:54.849+0000] {dag.py:4180} INFO - Setting next_dagrun for example_subdag_operator.section-1 to None, run_after=None
[2025-01-08T10:44:54.850+0000] {logging_mixin.py:190} INFO - [2025-01-08T10:44:54.850+0000] {dag.py:4180} INFO - Setting next_dagrun for example_subdag_operator.section-2 to None, run_after=None
[2025-01-08T10:44:54.864+0000] {processor.py:208} INFO - Processing /home/airflow/.local/lib/python3.12/site-packages/airflow/example_dags/example_subdag_operator.py took 0.111 seconds
[2025-01-08T10:45:25.771+0000] {processor.py:186} INFO - Started process (PID=1666) to work on /home/airflow/.local/lib/python3.12/site-packages/airflow/example_dags/example_subdag_operator.py
[2025-01-08T10:45:25.772+0000] {processor.py:914} INFO - Processing file /home/airflow/.local/lib/python3.12/site-packages/airflow/example_dags/example_subdag_operator.py for tasks to queue
[2025-01-08T10:45:25.774+0000] {logging_mixin.py:190} INFO - [2025-01-08T10:45:25.774+0000] {dagbag.py:588} INFO - Filling up the DagBag from /home/airflow/.local/lib/python3.12/site-packages/airflow/example_dags/example_subdag_operator.py
[2025-01-08T10:45:25.797+0000] {processor.py:925} INFO - DAG(s) 'example_subdag_operator.section-1', 'example_subdag_operator.section-2', 'example_subdag_operator' retrieved from /home/airflow/.local/lib/python3.12/site-packages/airflow/example_dags/example_subdag_operator.py
[2025-01-08T10:45:25.814+0000] {logging_mixin.py:190} INFO - [2025-01-08T10:45:25.814+0000] {dag.py:3239} INFO - Sync 3 DAGs
[2025-01-08T10:45:25.838+0000] {logging_mixin.py:190} INFO - [2025-01-08T10:45:25.837+0000] {dag.py:4180} INFO - Setting next_dagrun for example_subdag_operator to 2022-01-01 00:00:00+00:00, run_after=2022-01-01 00:00:00+00:00
[2025-01-08T10:45:25.842+0000] {logging_mixin.py:190} INFO - [2025-01-08T10:45:25.841+0000] {dag.py:4180} INFO - Setting next_dagrun for example_subdag_operator.section-1 to None, run_after=None
[2025-01-08T10:45:25.844+0000] {logging_mixin.py:190} INFO - [2025-01-08T10:45:25.844+0000] {dag.py:4180} INFO - Setting next_dagrun for example_subdag_operator.section-2 to None, run_after=None
[2025-01-08T10:45:25.852+0000] {logging_mixin.py:190} INFO - [2025-01-08T10:45:25.852+0000] {dag.py:3239} INFO - Sync 2 DAGs
[2025-01-08T10:45:25.858+0000] {logging_mixin.py:190} INFO - [2025-01-08T10:45:25.858+0000] {dag.py:4180} INFO - Setting next_dagrun for example_subdag_operator.section-1 to None, run_after=None
[2025-01-08T10:45:25.858+0000] {logging_mixin.py:190} INFO - [2025-01-08T10:45:25.858+0000] {dag.py:4180} INFO - Setting next_dagrun for example_subdag_operator.section-2 to None, run_after=None
[2025-01-08T10:45:25.871+0000] {processor.py:208} INFO - Processing /home/airflow/.local/lib/python3.12/site-packages/airflow/example_dags/example_subdag_operator.py took 0.106 seconds
[2025-01-08T10:45:56.430+0000] {processor.py:186} INFO - Started process (PID=1962) to work on /home/airflow/.local/lib/python3.12/site-packages/airflow/example_dags/example_subdag_operator.py
[2025-01-08T10:45:56.432+0000] {processor.py:914} INFO - Processing file /home/airflow/.local/lib/python3.12/site-packages/airflow/example_dags/example_subdag_operator.py for tasks to queue
[2025-01-08T10:45:56.434+0000] {logging_mixin.py:190} INFO - [2025-01-08T10:45:56.433+0000] {dagbag.py:588} INFO - Filling up the DagBag from /home/airflow/.local/lib/python3.12/site-packages/airflow/example_dags/example_subdag_operator.py
[2025-01-08T10:45:56.462+0000] {processor.py:925} INFO - DAG(s) 'example_subdag_operator.section-1', 'example_subdag_operator.section-2', 'example_subdag_operator' retrieved from /home/airflow/.local/lib/python3.12/site-packages/airflow/example_dags/example_subdag_operator.py
[2025-01-08T10:45:56.479+0000] {logging_mixin.py:190} INFO - [2025-01-08T10:45:56.478+0000] {dag.py:3239} INFO - Sync 3 DAGs
[2025-01-08T10:45:56.503+0000] {logging_mixin.py:190} INFO - [2025-01-08T10:45:56.503+0000] {dag.py:4180} INFO - Setting next_dagrun for example_subdag_operator to 2022-01-01 00:00:00+00:00, run_after=2022-01-01 00:00:00+00:00
[2025-01-08T10:45:56.508+0000] {logging_mixin.py:190} INFO - [2025-01-08T10:45:56.507+0000] {dag.py:4180} INFO - Setting next_dagrun for example_subdag_operator.section-1 to None, run_after=None
[2025-01-08T10:45:56.509+0000] {logging_mixin.py:190} INFO - [2025-01-08T10:45:56.509+0000] {dag.py:4180} INFO - Setting next_dagrun for example_subdag_operator.section-2 to None, run_after=None
[2025-01-08T10:45:56.517+0000] {logging_mixin.py:190} INFO - [2025-01-08T10:45:56.516+0000] {dag.py:3239} INFO - Sync 2 DAGs
[2025-01-08T10:45:56.522+0000] {logging_mixin.py:190} INFO - [2025-01-08T10:45:56.522+0000] {dag.py:4180} INFO - Setting next_dagrun for example_subdag_operator.section-1 to None, run_after=None
[2025-01-08T10:45:56.522+0000] {logging_mixin.py:190} INFO - [2025-01-08T10:45:56.522+0000] {dag.py:4180} INFO - Setting next_dagrun for example_subdag_operator.section-2 to None, run_after=None
[2025-01-08T10:45:56.535+0000] {processor.py:208} INFO - Processing /home/airflow/.local/lib/python3.12/site-packages/airflow/example_dags/example_subdag_operator.py took 0.111 seconds
[2025-01-08T10:46:27.398+0000] {processor.py:186} INFO - Started process (PID=2263) to work on /home/airflow/.local/lib/python3.12/site-packages/airflow/example_dags/example_subdag_operator.py
[2025-01-08T10:46:27.399+0000] {processor.py:914} INFO - Processing file /home/airflow/.local/lib/python3.12/site-packages/airflow/example_dags/example_subdag_operator.py for tasks to queue
[2025-01-08T10:46:27.401+0000] {logging_mixin.py:190} INFO - [2025-01-08T10:46:27.401+0000] {dagbag.py:588} INFO - Filling up the DagBag from /home/airflow/.local/lib/python3.12/site-packages/airflow/example_dags/example_subdag_operator.py
[2025-01-08T10:46:27.424+0000] {processor.py:925} INFO - DAG(s) 'example_subdag_operator.section-1', 'example_subdag_operator.section-2', 'example_subdag_operator' retrieved from /home/airflow/.local/lib/python3.12/site-packages/airflow/example_dags/example_subdag_operator.py
[2025-01-08T10:46:27.438+0000] {logging_mixin.py:190} INFO - [2025-01-08T10:46:27.438+0000] {dag.py:3239} INFO - Sync 3 DAGs
[2025-01-08T10:46:27.463+0000] {logging_mixin.py:190} INFO - [2025-01-08T10:46:27.463+0000] {dag.py:4180} INFO - Setting next_dagrun for example_subdag_operator to 2022-01-01 00:00:00+00:00, run_after=2022-01-01 00:00:00+00:00
[2025-01-08T10:46:27.467+0000] {logging_mixin.py:190} INFO - [2025-01-08T10:46:27.467+0000] {dag.py:4180} INFO - Setting next_dagrun for example_subdag_operator.section-1 to None, run_after=None
[2025-01-08T10:46:27.468+0000] {logging_mixin.py:190} INFO - [2025-01-08T10:46:27.468+0000] {dag.py:4180} INFO - Setting next_dagrun for example_subdag_operator.section-2 to None, run_after=None
[2025-01-08T10:46:27.476+0000] {logging_mixin.py:190} INFO - [2025-01-08T10:46:27.476+0000] {dag.py:3239} INFO - Sync 2 DAGs
[2025-01-08T10:46:27.481+0000] {logging_mixin.py:190} INFO - [2025-01-08T10:46:27.481+0000] {dag.py:4180} INFO - Setting next_dagrun for example_subdag_operator.section-1 to None, run_after=None
[2025-01-08T10:46:27.481+0000] {logging_mixin.py:190} INFO - [2025-01-08T10:46:27.481+0000] {dag.py:4180} INFO - Setting next_dagrun for example_subdag_operator.section-2 to None, run_after=None
[2025-01-08T10:46:27.493+0000] {processor.py:208} INFO - Processing /home/airflow/.local/lib/python3.12/site-packages/airflow/example_dags/example_subdag_operator.py took 0.100 seconds
[2025-01-08T10:46:57.946+0000] {processor.py:186} INFO - Started process (PID=2564) to work on /home/airflow/.local/lib/python3.12/site-packages/airflow/example_dags/example_subdag_operator.py
[2025-01-08T10:46:57.947+0000] {processor.py:914} INFO - Processing file /home/airflow/.local/lib/python3.12/site-packages/airflow/example_dags/example_subdag_operator.py for tasks to queue
[2025-01-08T10:46:57.950+0000] {logging_mixin.py:190} INFO - [2025-01-08T10:46:57.949+0000] {dagbag.py:588} INFO - Filling up the DagBag from /home/airflow/.local/lib/python3.12/site-packages/airflow/example_dags/example_subdag_operator.py
[2025-01-08T10:46:57.975+0000] {processor.py:925} INFO - DAG(s) 'example_subdag_operator.section-1', 'example_subdag_operator.section-2', 'example_subdag_operator' retrieved from /home/airflow/.local/lib/python3.12/site-packages/airflow/example_dags/example_subdag_operator.py
[2025-01-08T10:46:57.992+0000] {logging_mixin.py:190} INFO - [2025-01-08T10:46:57.991+0000] {dag.py:3239} INFO - Sync 3 DAGs
[2025-01-08T10:46:58.015+0000] {logging_mixin.py:190} INFO - [2025-01-08T10:46:58.015+0000] {dag.py:4180} INFO - Setting next_dagrun for example_subdag_operator to 2022-01-01 00:00:00+00:00, run_after=2022-01-01 00:00:00+00:00
[2025-01-08T10:46:58.019+0000] {logging_mixin.py:190} INFO - [2025-01-08T10:46:58.019+0000] {dag.py:4180} INFO - Setting next_dagrun for example_subdag_operator.section-1 to None, run_after=None
[2025-01-08T10:46:58.021+0000] {logging_mixin.py:190} INFO - [2025-01-08T10:46:58.021+0000] {dag.py:4180} INFO - Setting next_dagrun for example_subdag_operator.section-2 to None, run_after=None
[2025-01-08T10:46:58.028+0000] {logging_mixin.py:190} INFO - [2025-01-08T10:46:58.027+0000] {dag.py:3239} INFO - Sync 2 DAGs
[2025-01-08T10:46:58.033+0000] {logging_mixin.py:190} INFO - [2025-01-08T10:46:58.033+0000] {dag.py:4180} INFO - Setting next_dagrun for example_subdag_operator.section-1 to None, run_after=None
[2025-01-08T10:46:58.033+0000] {logging_mixin.py:190} INFO - [2025-01-08T10:46:58.033+0000] {dag.py:4180} INFO - Setting next_dagrun for example_subdag_operator.section-2 to None, run_after=None
[2025-01-08T10:46:58.046+0000] {processor.py:208} INFO - Processing /home/airflow/.local/lib/python3.12/site-packages/airflow/example_dags/example_subdag_operator.py took 0.105 seconds
[2025-01-08T10:47:29.206+0000] {processor.py:186} INFO - Started process (PID=2865) to work on /home/airflow/.local/lib/python3.12/site-packages/airflow/example_dags/example_subdag_operator.py
[2025-01-08T10:47:29.207+0000] {processor.py:914} INFO - Processing file /home/airflow/.local/lib/python3.12/site-packages/airflow/example_dags/example_subdag_operator.py for tasks to queue
[2025-01-08T10:47:29.209+0000] {logging_mixin.py:190} INFO - [2025-01-08T10:47:29.209+0000] {dagbag.py:588} INFO - Filling up the DagBag from /home/airflow/.local/lib/python3.12/site-packages/airflow/example_dags/example_subdag_operator.py
[2025-01-08T10:47:29.233+0000] {processor.py:925} INFO - DAG(s) 'example_subdag_operator.section-1', 'example_subdag_operator.section-2', 'example_subdag_operator' retrieved from /home/airflow/.local/lib/python3.12/site-packages/airflow/example_dags/example_subdag_operator.py
[2025-01-08T10:47:29.251+0000] {logging_mixin.py:190} INFO - [2025-01-08T10:47:29.251+0000] {dag.py:3239} INFO - Sync 3 DAGs
[2025-01-08T10:47:29.290+0000] {logging_mixin.py:190} INFO - [2025-01-08T10:47:29.289+0000] {dag.py:4180} INFO - Setting next_dagrun for example_subdag_operator to 2022-01-01 00:00:00+00:00, run_after=2022-01-01 00:00:00+00:00
[2025-01-08T10:47:29.296+0000] {logging_mixin.py:190} INFO - [2025-01-08T10:47:29.296+0000] {dag.py:4180} INFO - Setting next_dagrun for example_subdag_operator.section-1 to None, run_after=None
[2025-01-08T10:47:29.298+0000] {logging_mixin.py:190} INFO - [2025-01-08T10:47:29.298+0000] {dag.py:4180} INFO - Setting next_dagrun for example_subdag_operator.section-2 to None, run_after=None
[2025-01-08T10:47:29.311+0000] {logging_mixin.py:190} INFO - [2025-01-08T10:47:29.311+0000] {dag.py:3239} INFO - Sync 2 DAGs
[2025-01-08T10:47:29.318+0000] {logging_mixin.py:190} INFO - [2025-01-08T10:47:29.318+0000] {dag.py:4180} INFO - Setting next_dagrun for example_subdag_operator.section-1 to None, run_after=None
[2025-01-08T10:47:29.319+0000] {logging_mixin.py:190} INFO - [2025-01-08T10:47:29.319+0000] {dag.py:4180} INFO - Setting next_dagrun for example_subdag_operator.section-2 to None, run_after=None
[2025-01-08T10:47:29.331+0000] {processor.py:208} INFO - Processing /home/airflow/.local/lib/python3.12/site-packages/airflow/example_dags/example_subdag_operator.py took 0.130 seconds
[2025-01-08T10:48:00.168+0000] {processor.py:186} INFO - Started process (PID=3166) to work on /home/airflow/.local/lib/python3.12/site-packages/airflow/example_dags/example_subdag_operator.py
[2025-01-08T10:48:00.169+0000] {processor.py:914} INFO - Processing file /home/airflow/.local/lib/python3.12/site-packages/airflow/example_dags/example_subdag_operator.py for tasks to queue
[2025-01-08T10:48:00.172+0000] {logging_mixin.py:190} INFO - [2025-01-08T10:48:00.171+0000] {dagbag.py:588} INFO - Filling up the DagBag from /home/airflow/.local/lib/python3.12/site-packages/airflow/example_dags/example_subdag_operator.py
[2025-01-08T10:48:00.197+0000] {processor.py:925} INFO - DAG(s) 'example_subdag_operator.section-1', 'example_subdag_operator.section-2', 'example_subdag_operator' retrieved from /home/airflow/.local/lib/python3.12/site-packages/airflow/example_dags/example_subdag_operator.py
[2025-01-08T10:48:00.213+0000] {logging_mixin.py:190} INFO - [2025-01-08T10:48:00.213+0000] {dag.py:3239} INFO - Sync 3 DAGs
[2025-01-08T10:48:00.239+0000] {logging_mixin.py:190} INFO - [2025-01-08T10:48:00.238+0000] {dag.py:4180} INFO - Setting next_dagrun for example_subdag_operator to 2022-01-01 00:00:00+00:00, run_after=2022-01-01 00:00:00+00:00
[2025-01-08T10:48:00.243+0000] {logging_mixin.py:190} INFO - [2025-01-08T10:48:00.242+0000] {dag.py:4180} INFO - Setting next_dagrun for example_subdag_operator.section-1 to None, run_after=None
[2025-01-08T10:48:00.244+0000] {logging_mixin.py:190} INFO - [2025-01-08T10:48:00.244+0000] {dag.py:4180} INFO - Setting next_dagrun for example_subdag_operator.section-2 to None, run_after=None
[2025-01-08T10:48:00.252+0000] {logging_mixin.py:190} INFO - [2025-01-08T10:48:00.252+0000] {dag.py:3239} INFO - Sync 2 DAGs
[2025-01-08T10:48:00.258+0000] {logging_mixin.py:190} INFO - [2025-01-08T10:48:00.258+0000] {dag.py:4180} INFO - Setting next_dagrun for example_subdag_operator.section-1 to None, run_after=None
[2025-01-08T10:48:00.259+0000] {logging_mixin.py:190} INFO - [2025-01-08T10:48:00.258+0000] {dag.py:4180} INFO - Setting next_dagrun for example_subdag_operator.section-2 to None, run_after=None
[2025-01-08T10:48:00.272+0000] {processor.py:208} INFO - Processing /home/airflow/.local/lib/python3.12/site-packages/airflow/example_dags/example_subdag_operator.py took 0.110 seconds
