[2025-01-08T10:35:19.691+0000] {processor.py:186} INFO - Started process (PID=447) to work on /home/airflow/.local/lib/python3.12/site-packages/airflow/example_dags/example_params_trigger_ui.py
[2025-01-08T10:35:19.692+0000] {processor.py:914} INFO - Processing file /home/airflow/.local/lib/python3.12/site-packages/airflow/example_dags/example_params_trigger_ui.py for tasks to queue
[2025-01-08T10:35:19.695+0000] {logging_mixin.py:190} INFO - [2025-01-08T10:35:19.695+0000] {dagbag.py:588} INFO - Filling up the DagBag from /home/airflow/.local/lib/python3.12/site-packages/airflow/example_dags/example_params_trigger_ui.py
[2025-01-08T10:35:19.717+0000] {processor.py:925} INFO - DAG(s) 'example_params_trigger_ui' retrieved from /home/airflow/.local/lib/python3.12/site-packages/airflow/example_dags/example_params_trigger_ui.py
[2025-01-08T10:35:19.952+0000] {logging_mixin.py:190} INFO - [2025-01-08T10:35:19.951+0000] {override.py:1911} INFO - Created Permission View: can delete on DAG:example_params_trigger_ui
[2025-01-08T10:35:19.968+0000] {logging_mixin.py:190} INFO - [2025-01-08T10:35:19.968+0000] {override.py:1911} INFO - Created Permission View: can read on DAG:example_params_trigger_ui
[2025-01-08T10:35:19.981+0000] {logging_mixin.py:190} INFO - [2025-01-08T10:35:19.980+0000] {override.py:1911} INFO - Created Permission View: can edit on DAG:example_params_trigger_ui
[2025-01-08T10:35:19.996+0000] {logging_mixin.py:190} INFO - [2025-01-08T10:35:19.995+0000] {override.py:1911} INFO - Created Permission View: menu access on DAG Run:example_params_trigger_ui
[2025-01-08T10:35:20.007+0000] {logging_mixin.py:190} INFO - [2025-01-08T10:35:20.007+0000] {override.py:1911} INFO - Created Permission View: can create on DAG Run:example_params_trigger_ui
[2025-01-08T10:35:20.019+0000] {logging_mixin.py:190} INFO - [2025-01-08T10:35:20.018+0000] {override.py:1911} INFO - Created Permission View: can read on DAG Run:example_params_trigger_ui
[2025-01-08T10:35:20.030+0000] {logging_mixin.py:190} INFO - [2025-01-08T10:35:20.029+0000] {override.py:1911} INFO - Created Permission View: can delete on DAG Run:example_params_trigger_ui
[2025-01-08T10:35:20.030+0000] {logging_mixin.py:190} INFO - [2025-01-08T10:35:20.030+0000] {dag.py:3239} INFO - Sync 1 DAGs
[2025-01-08T10:35:20.049+0000] {logging_mixin.py:190} INFO - [2025-01-08T10:35:20.049+0000] {dag.py:3262} INFO - Creating ORM DAG for example_params_trigger_ui
[2025-01-08T10:35:20.050+0000] {logging_mixin.py:190} INFO - [2025-01-08T10:35:20.050+0000] {dag.py:4180} INFO - Setting next_dagrun for example_params_trigger_ui to None, run_after=None
[2025-01-08T10:35:20.077+0000] {processor.py:208} INFO - Processing /home/airflow/.local/lib/python3.12/site-packages/airflow/example_dags/example_params_trigger_ui.py took 0.396 seconds
[2025-01-08T10:35:52.915+0000] {processor.py:186} INFO - Started process (PID=754) to work on /home/airflow/.local/lib/python3.12/site-packages/airflow/example_dags/example_params_trigger_ui.py
[2025-01-08T10:35:52.919+0000] {processor.py:914} INFO - Processing file /home/airflow/.local/lib/python3.12/site-packages/airflow/example_dags/example_params_trigger_ui.py for tasks to queue
[2025-01-08T10:35:52.927+0000] {logging_mixin.py:190} INFO - [2025-01-08T10:35:52.926+0000] {dagbag.py:588} INFO - Filling up the DagBag from /home/airflow/.local/lib/python3.12/site-packages/airflow/example_dags/example_params_trigger_ui.py
[2025-01-08T10:35:52.959+0000] {processor.py:925} INFO - DAG(s) 'example_params_trigger_ui' retrieved from /home/airflow/.local/lib/python3.12/site-packages/airflow/example_dags/example_params_trigger_ui.py
[2025-01-08T10:35:53.081+0000] {logging_mixin.py:190} INFO - [2025-01-08T10:35:53.080+0000] {dag.py:3239} INFO - Sync 1 DAGs
[2025-01-08T10:35:53.127+0000] {logging_mixin.py:190} INFO - [2025-01-08T10:35:53.126+0000] {dag.py:4180} INFO - Setting next_dagrun for example_params_trigger_ui to None, run_after=None
[2025-01-08T10:35:53.303+0000] {processor.py:208} INFO - Processing /home/airflow/.local/lib/python3.12/site-packages/airflow/example_dags/example_params_trigger_ui.py took 0.403 seconds
[2025-01-08T10:36:27.427+0000] {processor.py:186} INFO - Started process (PID=1055) to work on /home/airflow/.local/lib/python3.12/site-packages/airflow/example_dags/example_params_trigger_ui.py
[2025-01-08T10:36:27.433+0000] {processor.py:914} INFO - Processing file /home/airflow/.local/lib/python3.12/site-packages/airflow/example_dags/example_params_trigger_ui.py for tasks to queue
[2025-01-08T10:36:27.436+0000] {logging_mixin.py:190} INFO - [2025-01-08T10:36:27.436+0000] {dagbag.py:588} INFO - Filling up the DagBag from /home/airflow/.local/lib/python3.12/site-packages/airflow/example_dags/example_params_trigger_ui.py
[2025-01-08T10:36:27.463+0000] {processor.py:925} INFO - DAG(s) 'example_params_trigger_ui' retrieved from /home/airflow/.local/lib/python3.12/site-packages/airflow/example_dags/example_params_trigger_ui.py
[2025-01-08T10:36:27.624+0000] {logging_mixin.py:190} INFO - [2025-01-08T10:36:27.623+0000] {dag.py:3239} INFO - Sync 1 DAGs
[2025-01-08T10:36:27.667+0000] {logging_mixin.py:190} INFO - [2025-01-08T10:36:27.667+0000] {dag.py:4180} INFO - Setting next_dagrun for example_params_trigger_ui to None, run_after=None
[2025-01-08T10:36:27.717+0000] {processor.py:208} INFO - Processing /home/airflow/.local/lib/python3.12/site-packages/airflow/example_dags/example_params_trigger_ui.py took 0.306 seconds
[2025-01-08T10:36:58.592+0000] {processor.py:186} INFO - Started process (PID=1353) to work on /home/airflow/.local/lib/python3.12/site-packages/airflow/example_dags/example_params_trigger_ui.py
[2025-01-08T10:36:58.593+0000] {processor.py:914} INFO - Processing file /home/airflow/.local/lib/python3.12/site-packages/airflow/example_dags/example_params_trigger_ui.py for tasks to queue
[2025-01-08T10:36:58.597+0000] {logging_mixin.py:190} INFO - [2025-01-08T10:36:58.596+0000] {dagbag.py:588} INFO - Filling up the DagBag from /home/airflow/.local/lib/python3.12/site-packages/airflow/example_dags/example_params_trigger_ui.py
[2025-01-08T10:36:58.625+0000] {processor.py:925} INFO - DAG(s) 'example_params_trigger_ui' retrieved from /home/airflow/.local/lib/python3.12/site-packages/airflow/example_dags/example_params_trigger_ui.py
[2025-01-08T10:36:58.755+0000] {logging_mixin.py:190} INFO - [2025-01-08T10:36:58.755+0000] {dag.py:3239} INFO - Sync 1 DAGs
[2025-01-08T10:36:58.801+0000] {logging_mixin.py:190} INFO - [2025-01-08T10:36:58.800+0000] {dag.py:4180} INFO - Setting next_dagrun for example_params_trigger_ui to None, run_after=None
[2025-01-08T10:36:59.221+0000] {processor.py:208} INFO - Processing /home/airflow/.local/lib/python3.12/site-packages/airflow/example_dags/example_params_trigger_ui.py took 0.644 seconds
[2025-01-08T10:37:30.036+0000] {processor.py:186} INFO - Started process (PID=1654) to work on /home/airflow/.local/lib/python3.12/site-packages/airflow/example_dags/example_params_trigger_ui.py
[2025-01-08T10:37:30.038+0000] {processor.py:914} INFO - Processing file /home/airflow/.local/lib/python3.12/site-packages/airflow/example_dags/example_params_trigger_ui.py for tasks to queue
[2025-01-08T10:37:30.042+0000] {logging_mixin.py:190} INFO - [2025-01-08T10:37:30.041+0000] {dagbag.py:588} INFO - Filling up the DagBag from /home/airflow/.local/lib/python3.12/site-packages/airflow/example_dags/example_params_trigger_ui.py
[2025-01-08T10:37:30.056+0000] {processor.py:925} INFO - DAG(s) 'example_params_trigger_ui' retrieved from /home/airflow/.local/lib/python3.12/site-packages/airflow/example_dags/example_params_trigger_ui.py
[2025-01-08T10:37:30.118+0000] {logging_mixin.py:190} INFO - [2025-01-08T10:37:30.118+0000] {dag.py:3239} INFO - Sync 1 DAGs
[2025-01-08T10:37:30.143+0000] {logging_mixin.py:190} INFO - [2025-01-08T10:37:30.143+0000] {dag.py:4180} INFO - Setting next_dagrun for example_params_trigger_ui to None, run_after=None
[2025-01-08T10:37:30.202+0000] {processor.py:208} INFO - Processing /home/airflow/.local/lib/python3.12/site-packages/airflow/example_dags/example_params_trigger_ui.py took 0.174 seconds
[2025-01-08T10:38:02.523+0000] {processor.py:186} INFO - Started process (PID=1953) to work on /home/airflow/.local/lib/python3.12/site-packages/airflow/example_dags/example_params_trigger_ui.py
[2025-01-08T10:38:02.525+0000] {processor.py:914} INFO - Processing file /home/airflow/.local/lib/python3.12/site-packages/airflow/example_dags/example_params_trigger_ui.py for tasks to queue
[2025-01-08T10:38:02.529+0000] {logging_mixin.py:190} INFO - [2025-01-08T10:38:02.528+0000] {dagbag.py:588} INFO - Filling up the DagBag from /home/airflow/.local/lib/python3.12/site-packages/airflow/example_dags/example_params_trigger_ui.py
[2025-01-08T10:38:02.563+0000] {processor.py:925} INFO - DAG(s) 'example_params_trigger_ui' retrieved from /home/airflow/.local/lib/python3.12/site-packages/airflow/example_dags/example_params_trigger_ui.py
[2025-01-08T10:38:02.709+0000] {logging_mixin.py:190} INFO - [2025-01-08T10:38:02.706+0000] {dag.py:3239} INFO - Sync 1 DAGs
[2025-01-08T10:38:02.762+0000] {logging_mixin.py:190} INFO - [2025-01-08T10:38:02.756+0000] {dag.py:4180} INFO - Setting next_dagrun for example_params_trigger_ui to None, run_after=None
[2025-01-08T10:38:02.828+0000] {processor.py:208} INFO - Processing /home/airflow/.local/lib/python3.12/site-packages/airflow/example_dags/example_params_trigger_ui.py took 0.321 seconds
[2025-01-08T10:38:35.382+0000] {processor.py:186} INFO - Started process (PID=2253) to work on /home/airflow/.local/lib/python3.12/site-packages/airflow/example_dags/example_params_trigger_ui.py
[2025-01-08T10:38:35.389+0000] {processor.py:914} INFO - Processing file /home/airflow/.local/lib/python3.12/site-packages/airflow/example_dags/example_params_trigger_ui.py for tasks to queue
[2025-01-08T10:38:35.396+0000] {logging_mixin.py:190} INFO - [2025-01-08T10:38:35.395+0000] {dagbag.py:588} INFO - Filling up the DagBag from /home/airflow/.local/lib/python3.12/site-packages/airflow/example_dags/example_params_trigger_ui.py
[2025-01-08T10:38:35.427+0000] {processor.py:925} INFO - DAG(s) 'example_params_trigger_ui' retrieved from /home/airflow/.local/lib/python3.12/site-packages/airflow/example_dags/example_params_trigger_ui.py
[2025-01-08T10:38:35.561+0000] {logging_mixin.py:190} INFO - [2025-01-08T10:38:35.561+0000] {dag.py:3239} INFO - Sync 1 DAGs
[2025-01-08T10:38:35.598+0000] {logging_mixin.py:190} INFO - [2025-01-08T10:38:35.598+0000] {dag.py:4180} INFO - Setting next_dagrun for example_params_trigger_ui to None, run_after=None
[2025-01-08T10:38:35.660+0000] {processor.py:208} INFO - Processing /home/airflow/.local/lib/python3.12/site-packages/airflow/example_dags/example_params_trigger_ui.py took 0.299 seconds
[2025-01-08T10:39:06.066+0000] {processor.py:186} INFO - Started process (PID=2556) to work on /home/airflow/.local/lib/python3.12/site-packages/airflow/example_dags/example_params_trigger_ui.py
[2025-01-08T10:39:06.068+0000] {processor.py:914} INFO - Processing file /home/airflow/.local/lib/python3.12/site-packages/airflow/example_dags/example_params_trigger_ui.py for tasks to queue
[2025-01-08T10:39:06.072+0000] {logging_mixin.py:190} INFO - [2025-01-08T10:39:06.071+0000] {dagbag.py:588} INFO - Filling up the DagBag from /home/airflow/.local/lib/python3.12/site-packages/airflow/example_dags/example_params_trigger_ui.py
[2025-01-08T10:39:06.108+0000] {processor.py:925} INFO - DAG(s) 'example_params_trigger_ui' retrieved from /home/airflow/.local/lib/python3.12/site-packages/airflow/example_dags/example_params_trigger_ui.py
[2025-01-08T10:39:06.231+0000] {logging_mixin.py:190} INFO - [2025-01-08T10:39:06.230+0000] {dag.py:3239} INFO - Sync 1 DAGs
[2025-01-08T10:39:06.261+0000] {logging_mixin.py:190} INFO - [2025-01-08T10:39:06.260+0000] {dag.py:4180} INFO - Setting next_dagrun for example_params_trigger_ui to None, run_after=None
[2025-01-08T10:39:06.301+0000] {processor.py:208} INFO - Processing /home/airflow/.local/lib/python3.12/site-packages/airflow/example_dags/example_params_trigger_ui.py took 0.254 seconds
[2025-01-08T10:39:41.663+0000] {processor.py:186} INFO - Started process (PID=2865) to work on /home/airflow/.local/lib/python3.12/site-packages/airflow/example_dags/example_params_trigger_ui.py
[2025-01-08T10:39:41.670+0000] {processor.py:914} INFO - Processing file /home/airflow/.local/lib/python3.12/site-packages/airflow/example_dags/example_params_trigger_ui.py for tasks to queue
[2025-01-08T10:39:41.674+0000] {logging_mixin.py:190} INFO - [2025-01-08T10:39:41.674+0000] {dagbag.py:588} INFO - Filling up the DagBag from /home/airflow/.local/lib/python3.12/site-packages/airflow/example_dags/example_params_trigger_ui.py
[2025-01-08T10:39:41.712+0000] {processor.py:925} INFO - DAG(s) 'example_params_trigger_ui' retrieved from /home/airflow/.local/lib/python3.12/site-packages/airflow/example_dags/example_params_trigger_ui.py
[2025-01-08T10:39:41.879+0000] {logging_mixin.py:190} INFO - [2025-01-08T10:39:41.878+0000] {dag.py:3239} INFO - Sync 1 DAGs
[2025-01-08T10:39:41.926+0000] {logging_mixin.py:190} INFO - [2025-01-08T10:39:41.926+0000] {dag.py:4180} INFO - Setting next_dagrun for example_params_trigger_ui to None, run_after=None
[2025-01-08T10:39:41.991+0000] {processor.py:208} INFO - Processing /home/airflow/.local/lib/python3.12/site-packages/airflow/example_dags/example_params_trigger_ui.py took 0.349 seconds
[2025-01-08T10:40:17.229+0000] {processor.py:186} INFO - Started process (PID=3166) to work on /home/airflow/.local/lib/python3.12/site-packages/airflow/example_dags/example_params_trigger_ui.py
[2025-01-08T10:40:17.233+0000] {processor.py:914} INFO - Processing file /home/airflow/.local/lib/python3.12/site-packages/airflow/example_dags/example_params_trigger_ui.py for tasks to queue
[2025-01-08T10:40:17.246+0000] {logging_mixin.py:190} INFO - [2025-01-08T10:40:17.246+0000] {dagbag.py:588} INFO - Filling up the DagBag from /home/airflow/.local/lib/python3.12/site-packages/airflow/example_dags/example_params_trigger_ui.py
[2025-01-08T10:40:17.279+0000] {processor.py:925} INFO - DAG(s) 'example_params_trigger_ui' retrieved from /home/airflow/.local/lib/python3.12/site-packages/airflow/example_dags/example_params_trigger_ui.py
[2025-01-08T10:40:17.425+0000] {logging_mixin.py:190} INFO - [2025-01-08T10:40:17.424+0000] {dag.py:3239} INFO - Sync 1 DAGs
[2025-01-08T10:40:17.471+0000] {logging_mixin.py:190} INFO - [2025-01-08T10:40:17.471+0000] {dag.py:4180} INFO - Setting next_dagrun for example_params_trigger_ui to None, run_after=None
[2025-01-08T10:40:17.533+0000] {processor.py:208} INFO - Processing /home/airflow/.local/lib/python3.12/site-packages/airflow/example_dags/example_params_trigger_ui.py took 0.321 seconds
[2025-01-08T10:43:22.227+0000] {processor.py:186} INFO - Started process (PID=448) to work on /home/airflow/.local/lib/python3.12/site-packages/airflow/example_dags/example_params_trigger_ui.py
[2025-01-08T10:43:22.229+0000] {processor.py:914} INFO - Processing file /home/airflow/.local/lib/python3.12/site-packages/airflow/example_dags/example_params_trigger_ui.py for tasks to queue
[2025-01-08T10:43:22.232+0000] {logging_mixin.py:190} INFO - [2025-01-08T10:43:22.232+0000] {dagbag.py:588} INFO - Filling up the DagBag from /home/airflow/.local/lib/python3.12/site-packages/airflow/example_dags/example_params_trigger_ui.py
[2025-01-08T10:43:22.248+0000] {processor.py:925} INFO - DAG(s) 'example_params_trigger_ui' retrieved from /home/airflow/.local/lib/python3.12/site-packages/airflow/example_dags/example_params_trigger_ui.py
[2025-01-08T10:43:22.308+0000] {logging_mixin.py:190} INFO - [2025-01-08T10:43:22.308+0000] {dag.py:3239} INFO - Sync 1 DAGs
[2025-01-08T10:43:22.332+0000] {logging_mixin.py:190} INFO - [2025-01-08T10:43:22.332+0000] {dag.py:4180} INFO - Setting next_dagrun for example_params_trigger_ui to None, run_after=None
[2025-01-08T10:43:22.361+0000] {processor.py:208} INFO - Processing /home/airflow/.local/lib/python3.12/site-packages/airflow/example_dags/example_params_trigger_ui.py took 0.141 seconds
[2025-01-08T10:43:53.043+0000] {processor.py:186} INFO - Started process (PID=749) to work on /home/airflow/.local/lib/python3.12/site-packages/airflow/example_dags/example_params_trigger_ui.py
[2025-01-08T10:43:53.044+0000] {processor.py:914} INFO - Processing file /home/airflow/.local/lib/python3.12/site-packages/airflow/example_dags/example_params_trigger_ui.py for tasks to queue
[2025-01-08T10:43:53.046+0000] {logging_mixin.py:190} INFO - [2025-01-08T10:43:53.045+0000] {dagbag.py:588} INFO - Filling up the DagBag from /home/airflow/.local/lib/python3.12/site-packages/airflow/example_dags/example_params_trigger_ui.py
[2025-01-08T10:43:53.059+0000] {processor.py:925} INFO - DAG(s) 'example_params_trigger_ui' retrieved from /home/airflow/.local/lib/python3.12/site-packages/airflow/example_dags/example_params_trigger_ui.py
[2025-01-08T10:43:53.106+0000] {logging_mixin.py:190} INFO - [2025-01-08T10:43:53.105+0000] {dag.py:3239} INFO - Sync 1 DAGs
[2025-01-08T10:43:53.122+0000] {logging_mixin.py:190} INFO - [2025-01-08T10:43:53.122+0000] {dag.py:4180} INFO - Setting next_dagrun for example_params_trigger_ui to None, run_after=None
[2025-01-08T10:43:53.144+0000] {processor.py:208} INFO - Processing /home/airflow/.local/lib/python3.12/site-packages/airflow/example_dags/example_params_trigger_ui.py took 0.107 seconds
[2025-01-08T10:44:23.868+0000] {processor.py:186} INFO - Started process (PID=1044) to work on /home/airflow/.local/lib/python3.12/site-packages/airflow/example_dags/example_params_trigger_ui.py
[2025-01-08T10:44:23.869+0000] {processor.py:914} INFO - Processing file /home/airflow/.local/lib/python3.12/site-packages/airflow/example_dags/example_params_trigger_ui.py for tasks to queue
[2025-01-08T10:44:23.871+0000] {logging_mixin.py:190} INFO - [2025-01-08T10:44:23.871+0000] {dagbag.py:588} INFO - Filling up the DagBag from /home/airflow/.local/lib/python3.12/site-packages/airflow/example_dags/example_params_trigger_ui.py
[2025-01-08T10:44:23.883+0000] {processor.py:925} INFO - DAG(s) 'example_params_trigger_ui' retrieved from /home/airflow/.local/lib/python3.12/site-packages/airflow/example_dags/example_params_trigger_ui.py
[2025-01-08T10:44:23.934+0000] {logging_mixin.py:190} INFO - [2025-01-08T10:44:23.933+0000] {dag.py:3239} INFO - Sync 1 DAGs
[2025-01-08T10:44:23.950+0000] {logging_mixin.py:190} INFO - [2025-01-08T10:44:23.950+0000] {dag.py:4180} INFO - Setting next_dagrun for example_params_trigger_ui to None, run_after=None
[2025-01-08T10:44:23.980+0000] {processor.py:208} INFO - Processing /home/airflow/.local/lib/python3.12/site-packages/airflow/example_dags/example_params_trigger_ui.py took 0.118 seconds
[2025-01-08T10:44:54.606+0000] {processor.py:186} INFO - Started process (PID=1345) to work on /home/airflow/.local/lib/python3.12/site-packages/airflow/example_dags/example_params_trigger_ui.py
[2025-01-08T10:44:54.607+0000] {processor.py:914} INFO - Processing file /home/airflow/.local/lib/python3.12/site-packages/airflow/example_dags/example_params_trigger_ui.py for tasks to queue
[2025-01-08T10:44:54.609+0000] {logging_mixin.py:190} INFO - [2025-01-08T10:44:54.609+0000] {dagbag.py:588} INFO - Filling up the DagBag from /home/airflow/.local/lib/python3.12/site-packages/airflow/example_dags/example_params_trigger_ui.py
[2025-01-08T10:44:54.620+0000] {processor.py:925} INFO - DAG(s) 'example_params_trigger_ui' retrieved from /home/airflow/.local/lib/python3.12/site-packages/airflow/example_dags/example_params_trigger_ui.py
[2025-01-08T10:44:54.674+0000] {logging_mixin.py:190} INFO - [2025-01-08T10:44:54.673+0000] {dag.py:3239} INFO - Sync 1 DAGs
[2025-01-08T10:44:54.694+0000] {logging_mixin.py:190} INFO - [2025-01-08T10:44:54.693+0000] {dag.py:4180} INFO - Setting next_dagrun for example_params_trigger_ui to None, run_after=None
[2025-01-08T10:44:54.717+0000] {processor.py:208} INFO - Processing /home/airflow/.local/lib/python3.12/site-packages/airflow/example_dags/example_params_trigger_ui.py took 0.117 seconds
[2025-01-08T10:45:25.522+0000] {processor.py:186} INFO - Started process (PID=1646) to work on /home/airflow/.local/lib/python3.12/site-packages/airflow/example_dags/example_params_trigger_ui.py
[2025-01-08T10:45:25.524+0000] {processor.py:914} INFO - Processing file /home/airflow/.local/lib/python3.12/site-packages/airflow/example_dags/example_params_trigger_ui.py for tasks to queue
[2025-01-08T10:45:25.526+0000] {logging_mixin.py:190} INFO - [2025-01-08T10:45:25.525+0000] {dagbag.py:588} INFO - Filling up the DagBag from /home/airflow/.local/lib/python3.12/site-packages/airflow/example_dags/example_params_trigger_ui.py
[2025-01-08T10:45:25.537+0000] {processor.py:925} INFO - DAG(s) 'example_params_trigger_ui' retrieved from /home/airflow/.local/lib/python3.12/site-packages/airflow/example_dags/example_params_trigger_ui.py
[2025-01-08T10:45:25.603+0000] {logging_mixin.py:190} INFO - [2025-01-08T10:45:25.603+0000] {dag.py:3239} INFO - Sync 1 DAGs
[2025-01-08T10:45:25.619+0000] {logging_mixin.py:190} INFO - [2025-01-08T10:45:25.619+0000] {dag.py:4180} INFO - Setting next_dagrun for example_params_trigger_ui to None, run_after=None
[2025-01-08T10:45:25.642+0000] {processor.py:208} INFO - Processing /home/airflow/.local/lib/python3.12/site-packages/airflow/example_dags/example_params_trigger_ui.py took 0.128 seconds
[2025-01-08T10:45:56.291+0000] {processor.py:186} INFO - Started process (PID=1949) to work on /home/airflow/.local/lib/python3.12/site-packages/airflow/example_dags/example_params_trigger_ui.py
[2025-01-08T10:45:56.292+0000] {processor.py:914} INFO - Processing file /home/airflow/.local/lib/python3.12/site-packages/airflow/example_dags/example_params_trigger_ui.py for tasks to queue
[2025-01-08T10:45:56.294+0000] {logging_mixin.py:190} INFO - [2025-01-08T10:45:56.294+0000] {dagbag.py:588} INFO - Filling up the DagBag from /home/airflow/.local/lib/python3.12/site-packages/airflow/example_dags/example_params_trigger_ui.py
[2025-01-08T10:45:56.307+0000] {processor.py:925} INFO - DAG(s) 'example_params_trigger_ui' retrieved from /home/airflow/.local/lib/python3.12/site-packages/airflow/example_dags/example_params_trigger_ui.py
[2025-01-08T10:45:56.357+0000] {logging_mixin.py:190} INFO - [2025-01-08T10:45:56.357+0000] {dag.py:3239} INFO - Sync 1 DAGs
[2025-01-08T10:45:56.373+0000] {logging_mixin.py:190} INFO - [2025-01-08T10:45:56.373+0000] {dag.py:4180} INFO - Setting next_dagrun for example_params_trigger_ui to None, run_after=None
[2025-01-08T10:45:56.398+0000] {processor.py:208} INFO - Processing /home/airflow/.local/lib/python3.12/site-packages/airflow/example_dags/example_params_trigger_ui.py took 0.113 seconds
[2025-01-08T10:46:27.175+0000] {processor.py:186} INFO - Started process (PID=2248) to work on /home/airflow/.local/lib/python3.12/site-packages/airflow/example_dags/example_params_trigger_ui.py
[2025-01-08T10:46:27.176+0000] {processor.py:914} INFO - Processing file /home/airflow/.local/lib/python3.12/site-packages/airflow/example_dags/example_params_trigger_ui.py for tasks to queue
[2025-01-08T10:46:27.178+0000] {logging_mixin.py:190} INFO - [2025-01-08T10:46:27.178+0000] {dagbag.py:588} INFO - Filling up the DagBag from /home/airflow/.local/lib/python3.12/site-packages/airflow/example_dags/example_params_trigger_ui.py
[2025-01-08T10:46:27.195+0000] {processor.py:925} INFO - DAG(s) 'example_params_trigger_ui' retrieved from /home/airflow/.local/lib/python3.12/site-packages/airflow/example_dags/example_params_trigger_ui.py
[2025-01-08T10:46:27.249+0000] {logging_mixin.py:190} INFO - [2025-01-08T10:46:27.248+0000] {dag.py:3239} INFO - Sync 1 DAGs
[2025-01-08T10:46:27.263+0000] {logging_mixin.py:190} INFO - [2025-01-08T10:46:27.263+0000] {dag.py:4180} INFO - Setting next_dagrun for example_params_trigger_ui to None, run_after=None
[2025-01-08T10:46:27.283+0000] {processor.py:208} INFO - Processing /home/airflow/.local/lib/python3.12/site-packages/airflow/example_dags/example_params_trigger_ui.py took 0.115 seconds
[2025-01-08T10:46:57.803+0000] {processor.py:186} INFO - Started process (PID=2551) to work on /home/airflow/.local/lib/python3.12/site-packages/airflow/example_dags/example_params_trigger_ui.py
[2025-01-08T10:46:57.804+0000] {processor.py:914} INFO - Processing file /home/airflow/.local/lib/python3.12/site-packages/airflow/example_dags/example_params_trigger_ui.py for tasks to queue
[2025-01-08T10:46:57.807+0000] {logging_mixin.py:190} INFO - [2025-01-08T10:46:57.807+0000] {dagbag.py:588} INFO - Filling up the DagBag from /home/airflow/.local/lib/python3.12/site-packages/airflow/example_dags/example_params_trigger_ui.py
[2025-01-08T10:46:57.821+0000] {processor.py:925} INFO - DAG(s) 'example_params_trigger_ui' retrieved from /home/airflow/.local/lib/python3.12/site-packages/airflow/example_dags/example_params_trigger_ui.py
[2025-01-08T10:46:57.881+0000] {logging_mixin.py:190} INFO - [2025-01-08T10:46:57.880+0000] {dag.py:3239} INFO - Sync 1 DAGs
[2025-01-08T10:46:57.899+0000] {logging_mixin.py:190} INFO - [2025-01-08T10:46:57.898+0000] {dag.py:4180} INFO - Setting next_dagrun for example_params_trigger_ui to None, run_after=None
[2025-01-08T10:46:57.918+0000] {processor.py:208} INFO - Processing /home/airflow/.local/lib/python3.12/site-packages/airflow/example_dags/example_params_trigger_ui.py took 0.122 seconds
[2025-01-08T10:47:29.017+0000] {processor.py:186} INFO - Started process (PID=2850) to work on /home/airflow/.local/lib/python3.12/site-packages/airflow/example_dags/example_params_trigger_ui.py
[2025-01-08T10:47:29.018+0000] {processor.py:914} INFO - Processing file /home/airflow/.local/lib/python3.12/site-packages/airflow/example_dags/example_params_trigger_ui.py for tasks to queue
[2025-01-08T10:47:29.020+0000] {logging_mixin.py:190} INFO - [2025-01-08T10:47:29.020+0000] {dagbag.py:588} INFO - Filling up the DagBag from /home/airflow/.local/lib/python3.12/site-packages/airflow/example_dags/example_params_trigger_ui.py
[2025-01-08T10:47:29.031+0000] {processor.py:925} INFO - DAG(s) 'example_params_trigger_ui' retrieved from /home/airflow/.local/lib/python3.12/site-packages/airflow/example_dags/example_params_trigger_ui.py
[2025-01-08T10:47:29.079+0000] {logging_mixin.py:190} INFO - [2025-01-08T10:47:29.079+0000] {dag.py:3239} INFO - Sync 1 DAGs
[2025-01-08T10:47:29.093+0000] {logging_mixin.py:190} INFO - [2025-01-08T10:47:29.093+0000] {dag.py:4180} INFO - Setting next_dagrun for example_params_trigger_ui to None, run_after=None
[2025-01-08T10:47:29.112+0000] {processor.py:208} INFO - Processing /home/airflow/.local/lib/python3.12/site-packages/airflow/example_dags/example_params_trigger_ui.py took 0.101 seconds
[2025-01-08T10:48:00.001+0000] {processor.py:186} INFO - Started process (PID=3151) to work on /home/airflow/.local/lib/python3.12/site-packages/airflow/example_dags/example_params_trigger_ui.py
[2025-01-08T10:48:00.002+0000] {processor.py:914} INFO - Processing file /home/airflow/.local/lib/python3.12/site-packages/airflow/example_dags/example_params_trigger_ui.py for tasks to queue
[2025-01-08T10:48:00.004+0000] {logging_mixin.py:190} INFO - [2025-01-08T10:48:00.004+0000] {dagbag.py:588} INFO - Filling up the DagBag from /home/airflow/.local/lib/python3.12/site-packages/airflow/example_dags/example_params_trigger_ui.py
[2025-01-08T10:48:00.018+0000] {processor.py:925} INFO - DAG(s) 'example_params_trigger_ui' retrieved from /home/airflow/.local/lib/python3.12/site-packages/airflow/example_dags/example_params_trigger_ui.py
[2025-01-08T10:48:00.077+0000] {logging_mixin.py:190} INFO - [2025-01-08T10:48:00.076+0000] {dag.py:3239} INFO - Sync 1 DAGs
[2025-01-08T10:48:00.091+0000] {logging_mixin.py:190} INFO - [2025-01-08T10:48:00.091+0000] {dag.py:4180} INFO - Setting next_dagrun for example_params_trigger_ui to None, run_after=None
[2025-01-08T10:48:00.116+0000] {processor.py:208} INFO - Processing /home/airflow/.local/lib/python3.12/site-packages/airflow/example_dags/example_params_trigger_ui.py took 0.122 seconds
