[2025-01-08T10:35:12.368+0000] {processor.py:186} INFO - Started process (PID=327) to work on /home/airflow/.local/lib/python3.12/site-packages/airflow/example_dags/example_branch_labels.py
[2025-01-08T10:35:12.369+0000] {processor.py:914} INFO - Processing file /home/airflow/.local/lib/python3.12/site-packages/airflow/example_dags/example_branch_labels.py for tasks to queue
[2025-01-08T10:35:12.373+0000] {logging_mixin.py:190} INFO - [2025-01-08T10:35:12.372+0000] {dagbag.py:588} INFO - Filling up the DagBag from /home/airflow/.local/lib/python3.12/site-packages/airflow/example_dags/example_branch_labels.py
[2025-01-08T10:35:12.393+0000] {processor.py:925} INFO - DAG(s) 'example_branch_labels' retrieved from /home/airflow/.local/lib/python3.12/site-packages/airflow/example_dags/example_branch_labels.py
[2025-01-08T10:35:12.620+0000] {logging_mixin.py:190} INFO - [2025-01-08T10:35:12.619+0000] {override.py:1911} INFO - Created Permission View: can delete on DAG:example_branch_labels
[2025-01-08T10:35:12.645+0000] {logging_mixin.py:190} INFO - [2025-01-08T10:35:12.644+0000] {override.py:1911} INFO - Created Permission View: can read on DAG:example_branch_labels
[2025-01-08T10:35:12.659+0000] {logging_mixin.py:190} INFO - [2025-01-08T10:35:12.659+0000] {override.py:1911} INFO - Created Permission View: can edit on DAG:example_branch_labels
[2025-01-08T10:35:12.683+0000] {logging_mixin.py:190} INFO - [2025-01-08T10:35:12.683+0000] {override.py:1911} INFO - Created Permission View: menu access on DAG Run:example_branch_labels
[2025-01-08T10:35:12.699+0000] {logging_mixin.py:190} INFO - [2025-01-08T10:35:12.699+0000] {override.py:1911} INFO - Created Permission View: can create on DAG Run:example_branch_labels
[2025-01-08T10:35:12.714+0000] {logging_mixin.py:190} INFO - [2025-01-08T10:35:12.714+0000] {override.py:1911} INFO - Created Permission View: can read on DAG Run:example_branch_labels
[2025-01-08T10:35:12.735+0000] {logging_mixin.py:190} INFO - [2025-01-08T10:35:12.735+0000] {override.py:1911} INFO - Created Permission View: can delete on DAG Run:example_branch_labels
[2025-01-08T10:35:12.736+0000] {logging_mixin.py:190} INFO - [2025-01-08T10:35:12.736+0000] {dag.py:3239} INFO - Sync 1 DAGs
[2025-01-08T10:35:12.751+0000] {logging_mixin.py:190} INFO - [2025-01-08T10:35:12.751+0000] {dag.py:3262} INFO - Creating ORM DAG for example_branch_labels
[2025-01-08T10:35:12.764+0000] {logging_mixin.py:190} INFO - [2025-01-08T10:35:12.764+0000] {dag.py:4180} INFO - Setting next_dagrun for example_branch_labels to 2025-01-07 00:00:00+00:00, run_after=2025-01-08 00:00:00+00:00
[2025-01-08T10:35:12.786+0000] {processor.py:208} INFO - Processing /home/airflow/.local/lib/python3.12/site-packages/airflow/example_dags/example_branch_labels.py took 0.427 seconds
[2025-01-08T10:35:46.986+0000] {processor.py:186} INFO - Started process (PID=628) to work on /home/airflow/.local/lib/python3.12/site-packages/airflow/example_dags/example_branch_labels.py
[2025-01-08T10:35:46.989+0000] {processor.py:914} INFO - Processing file /home/airflow/.local/lib/python3.12/site-packages/airflow/example_dags/example_branch_labels.py for tasks to queue
[2025-01-08T10:35:46.996+0000] {logging_mixin.py:190} INFO - [2025-01-08T10:35:46.992+0000] {dagbag.py:588} INFO - Filling up the DagBag from /home/airflow/.local/lib/python3.12/site-packages/airflow/example_dags/example_branch_labels.py
[2025-01-08T10:35:47.024+0000] {processor.py:925} INFO - DAG(s) 'example_branch_labels' retrieved from /home/airflow/.local/lib/python3.12/site-packages/airflow/example_dags/example_branch_labels.py
[2025-01-08T10:35:47.074+0000] {logging_mixin.py:190} INFO - [2025-01-08T10:35:47.073+0000] {dag.py:3239} INFO - Sync 1 DAGs
[2025-01-08T10:35:47.144+0000] {logging_mixin.py:190} INFO - [2025-01-08T10:35:47.144+0000] {dag.py:4180} INFO - Setting next_dagrun for example_branch_labels to 2025-01-07 00:00:00+00:00, run_after=2025-01-08 00:00:00+00:00
[2025-01-08T10:35:47.260+0000] {processor.py:208} INFO - Processing /home/airflow/.local/lib/python3.12/site-packages/airflow/example_dags/example_branch_labels.py took 0.290 seconds
[2025-01-08T10:36:17.668+0000] {processor.py:186} INFO - Started process (PID=929) to work on /home/airflow/.local/lib/python3.12/site-packages/airflow/example_dags/example_branch_labels.py
[2025-01-08T10:36:17.672+0000] {processor.py:914} INFO - Processing file /home/airflow/.local/lib/python3.12/site-packages/airflow/example_dags/example_branch_labels.py for tasks to queue
[2025-01-08T10:36:17.676+0000] {logging_mixin.py:190} INFO - [2025-01-08T10:36:17.675+0000] {dagbag.py:588} INFO - Filling up the DagBag from /home/airflow/.local/lib/python3.12/site-packages/airflow/example_dags/example_branch_labels.py
[2025-01-08T10:36:17.702+0000] {processor.py:925} INFO - DAG(s) 'example_branch_labels' retrieved from /home/airflow/.local/lib/python3.12/site-packages/airflow/example_dags/example_branch_labels.py
[2025-01-08T10:36:17.750+0000] {logging_mixin.py:190} INFO - [2025-01-08T10:36:17.750+0000] {dag.py:3239} INFO - Sync 1 DAGs
[2025-01-08T10:36:17.821+0000] {logging_mixin.py:190} INFO - [2025-01-08T10:36:17.817+0000] {dag.py:4180} INFO - Setting next_dagrun for example_branch_labels to 2025-01-07 00:00:00+00:00, run_after=2025-01-08 00:00:00+00:00
[2025-01-08T10:36:17.870+0000] {processor.py:208} INFO - Processing /home/airflow/.local/lib/python3.12/site-packages/airflow/example_dags/example_branch_labels.py took 0.219 seconds
[2025-01-08T10:36:48.470+0000] {processor.py:186} INFO - Started process (PID=1227) to work on /home/airflow/.local/lib/python3.12/site-packages/airflow/example_dags/example_branch_labels.py
[2025-01-08T10:36:48.471+0000] {processor.py:914} INFO - Processing file /home/airflow/.local/lib/python3.12/site-packages/airflow/example_dags/example_branch_labels.py for tasks to queue
[2025-01-08T10:36:48.474+0000] {logging_mixin.py:190} INFO - [2025-01-08T10:36:48.474+0000] {dagbag.py:588} INFO - Filling up the DagBag from /home/airflow/.local/lib/python3.12/site-packages/airflow/example_dags/example_branch_labels.py
[2025-01-08T10:36:48.488+0000] {processor.py:925} INFO - DAG(s) 'example_branch_labels' retrieved from /home/airflow/.local/lib/python3.12/site-packages/airflow/example_dags/example_branch_labels.py
[2025-01-08T10:36:48.518+0000] {logging_mixin.py:190} INFO - [2025-01-08T10:36:48.517+0000] {dag.py:3239} INFO - Sync 1 DAGs
[2025-01-08T10:36:48.562+0000] {logging_mixin.py:190} INFO - [2025-01-08T10:36:48.562+0000] {dag.py:4180} INFO - Setting next_dagrun for example_branch_labels to 2025-01-07 00:00:00+00:00, run_after=2025-01-08 00:00:00+00:00
[2025-01-08T10:36:48.619+0000] {processor.py:208} INFO - Processing /home/airflow/.local/lib/python3.12/site-packages/airflow/example_dags/example_branch_labels.py took 0.157 seconds
[2025-01-08T10:37:18.724+0000] {processor.py:186} INFO - Started process (PID=1528) to work on /home/airflow/.local/lib/python3.12/site-packages/airflow/example_dags/example_branch_labels.py
[2025-01-08T10:37:18.725+0000] {processor.py:914} INFO - Processing file /home/airflow/.local/lib/python3.12/site-packages/airflow/example_dags/example_branch_labels.py for tasks to queue
[2025-01-08T10:37:18.728+0000] {logging_mixin.py:190} INFO - [2025-01-08T10:37:18.728+0000] {dagbag.py:588} INFO - Filling up the DagBag from /home/airflow/.local/lib/python3.12/site-packages/airflow/example_dags/example_branch_labels.py
[2025-01-08T10:37:18.740+0000] {processor.py:925} INFO - DAG(s) 'example_branch_labels' retrieved from /home/airflow/.local/lib/python3.12/site-packages/airflow/example_dags/example_branch_labels.py
[2025-01-08T10:37:18.761+0000] {logging_mixin.py:190} INFO - [2025-01-08T10:37:18.761+0000] {dag.py:3239} INFO - Sync 1 DAGs
[2025-01-08T10:37:18.792+0000] {logging_mixin.py:190} INFO - [2025-01-08T10:37:18.791+0000] {dag.py:4180} INFO - Setting next_dagrun for example_branch_labels to 2025-01-07 00:00:00+00:00, run_after=2025-01-08 00:00:00+00:00
[2025-01-08T10:37:18.814+0000] {processor.py:208} INFO - Processing /home/airflow/.local/lib/python3.12/site-packages/airflow/example_dags/example_branch_labels.py took 0.097 seconds
[2025-01-08T10:37:49.734+0000] {processor.py:186} INFO - Started process (PID=1829) to work on /home/airflow/.local/lib/python3.12/site-packages/airflow/example_dags/example_branch_labels.py
[2025-01-08T10:37:49.735+0000] {processor.py:914} INFO - Processing file /home/airflow/.local/lib/python3.12/site-packages/airflow/example_dags/example_branch_labels.py for tasks to queue
[2025-01-08T10:37:49.746+0000] {logging_mixin.py:190} INFO - [2025-01-08T10:37:49.746+0000] {dagbag.py:588} INFO - Filling up the DagBag from /home/airflow/.local/lib/python3.12/site-packages/airflow/example_dags/example_branch_labels.py
[2025-01-08T10:37:49.766+0000] {processor.py:925} INFO - DAG(s) 'example_branch_labels' retrieved from /home/airflow/.local/lib/python3.12/site-packages/airflow/example_dags/example_branch_labels.py
[2025-01-08T10:37:49.815+0000] {logging_mixin.py:190} INFO - [2025-01-08T10:37:49.814+0000] {dag.py:3239} INFO - Sync 1 DAGs
[2025-01-08T10:37:49.856+0000] {logging_mixin.py:190} INFO - [2025-01-08T10:37:49.856+0000] {dag.py:4180} INFO - Setting next_dagrun for example_branch_labels to 2025-01-07 00:00:00+00:00, run_after=2025-01-08 00:00:00+00:00
[2025-01-08T10:37:49.925+0000] {processor.py:208} INFO - Processing /home/airflow/.local/lib/python3.12/site-packages/airflow/example_dags/example_branch_labels.py took 0.206 seconds
[2025-01-08T10:38:20.034+0000] {processor.py:186} INFO - Started process (PID=2130) to work on /home/airflow/.local/lib/python3.12/site-packages/airflow/example_dags/example_branch_labels.py
[2025-01-08T10:38:20.040+0000] {processor.py:914} INFO - Processing file /home/airflow/.local/lib/python3.12/site-packages/airflow/example_dags/example_branch_labels.py for tasks to queue
[2025-01-08T10:38:20.045+0000] {logging_mixin.py:190} INFO - [2025-01-08T10:38:20.044+0000] {dagbag.py:588} INFO - Filling up the DagBag from /home/airflow/.local/lib/python3.12/site-packages/airflow/example_dags/example_branch_labels.py
[2025-01-08T10:38:20.069+0000] {processor.py:925} INFO - DAG(s) 'example_branch_labels' retrieved from /home/airflow/.local/lib/python3.12/site-packages/airflow/example_dags/example_branch_labels.py
[2025-01-08T10:38:20.121+0000] {logging_mixin.py:190} INFO - [2025-01-08T10:38:20.120+0000] {dag.py:3239} INFO - Sync 1 DAGs
[2025-01-08T10:38:20.182+0000] {logging_mixin.py:190} INFO - [2025-01-08T10:38:20.181+0000] {dag.py:4180} INFO - Setting next_dagrun for example_branch_labels to 2025-01-07 00:00:00+00:00, run_after=2025-01-08 00:00:00+00:00
[2025-01-08T10:38:20.232+0000] {processor.py:208} INFO - Processing /home/airflow/.local/lib/python3.12/site-packages/airflow/example_dags/example_branch_labels.py took 0.208 seconds
[2025-01-08T10:38:50.896+0000] {processor.py:186} INFO - Started process (PID=2430) to work on /home/airflow/.local/lib/python3.12/site-packages/airflow/example_dags/example_branch_labels.py
[2025-01-08T10:38:50.897+0000] {processor.py:914} INFO - Processing file /home/airflow/.local/lib/python3.12/site-packages/airflow/example_dags/example_branch_labels.py for tasks to queue
[2025-01-08T10:38:50.900+0000] {logging_mixin.py:190} INFO - [2025-01-08T10:38:50.900+0000] {dagbag.py:588} INFO - Filling up the DagBag from /home/airflow/.local/lib/python3.12/site-packages/airflow/example_dags/example_branch_labels.py
[2025-01-08T10:38:50.912+0000] {processor.py:925} INFO - DAG(s) 'example_branch_labels' retrieved from /home/airflow/.local/lib/python3.12/site-packages/airflow/example_dags/example_branch_labels.py
[2025-01-08T10:38:50.940+0000] {logging_mixin.py:190} INFO - [2025-01-08T10:38:50.939+0000] {dag.py:3239} INFO - Sync 1 DAGs
[2025-01-08T10:38:50.981+0000] {logging_mixin.py:190} INFO - [2025-01-08T10:38:50.981+0000] {dag.py:4180} INFO - Setting next_dagrun for example_branch_labels to 2025-01-07 00:00:00+00:00, run_after=2025-01-08 00:00:00+00:00
[2025-01-08T10:38:51.009+0000] {processor.py:208} INFO - Processing /home/airflow/.local/lib/python3.12/site-packages/airflow/example_dags/example_branch_labels.py took 0.120 seconds
[2025-01-08T10:39:21.449+0000] {processor.py:186} INFO - Started process (PID=2731) to work on /home/airflow/.local/lib/python3.12/site-packages/airflow/example_dags/example_branch_labels.py
[2025-01-08T10:39:21.451+0000] {processor.py:914} INFO - Processing file /home/airflow/.local/lib/python3.12/site-packages/airflow/example_dags/example_branch_labels.py for tasks to queue
[2025-01-08T10:39:21.454+0000] {logging_mixin.py:190} INFO - [2025-01-08T10:39:21.453+0000] {dagbag.py:588} INFO - Filling up the DagBag from /home/airflow/.local/lib/python3.12/site-packages/airflow/example_dags/example_branch_labels.py
[2025-01-08T10:39:21.478+0000] {processor.py:925} INFO - DAG(s) 'example_branch_labels' retrieved from /home/airflow/.local/lib/python3.12/site-packages/airflow/example_dags/example_branch_labels.py
[2025-01-08T10:39:21.540+0000] {logging_mixin.py:190} INFO - [2025-01-08T10:39:21.540+0000] {dag.py:3239} INFO - Sync 1 DAGs
[2025-01-08T10:39:21.623+0000] {logging_mixin.py:190} INFO - [2025-01-08T10:39:21.622+0000] {dag.py:4180} INFO - Setting next_dagrun for example_branch_labels to 2025-01-07 00:00:00+00:00, run_after=2025-01-08 00:00:00+00:00
[2025-01-08T10:39:21.678+0000] {processor.py:208} INFO - Processing /home/airflow/.local/lib/python3.12/site-packages/airflow/example_dags/example_branch_labels.py took 0.245 seconds
[2025-01-08T10:39:52.039+0000] {processor.py:186} INFO - Started process (PID=3030) to work on /home/airflow/.local/lib/python3.12/site-packages/airflow/example_dags/example_branch_labels.py
[2025-01-08T10:39:52.042+0000] {processor.py:914} INFO - Processing file /home/airflow/.local/lib/python3.12/site-packages/airflow/example_dags/example_branch_labels.py for tasks to queue
[2025-01-08T10:39:52.050+0000] {logging_mixin.py:190} INFO - [2025-01-08T10:39:52.049+0000] {dagbag.py:588} INFO - Filling up the DagBag from /home/airflow/.local/lib/python3.12/site-packages/airflow/example_dags/example_branch_labels.py
[2025-01-08T10:39:52.074+0000] {processor.py:925} INFO - DAG(s) 'example_branch_labels' retrieved from /home/airflow/.local/lib/python3.12/site-packages/airflow/example_dags/example_branch_labels.py
[2025-01-08T10:39:52.122+0000] {logging_mixin.py:190} INFO - [2025-01-08T10:39:52.121+0000] {dag.py:3239} INFO - Sync 1 DAGs
[2025-01-08T10:39:52.171+0000] {logging_mixin.py:190} INFO - [2025-01-08T10:39:52.170+0000] {dag.py:4180} INFO - Setting next_dagrun for example_branch_labels to 2025-01-07 00:00:00+00:00, run_after=2025-01-08 00:00:00+00:00
[2025-01-08T10:39:52.220+0000] {processor.py:208} INFO - Processing /home/airflow/.local/lib/python3.12/site-packages/airflow/example_dags/example_branch_labels.py took 0.196 seconds
[2025-01-08T10:40:22.693+0000] {processor.py:186} INFO - Started process (PID=3326) to work on /home/airflow/.local/lib/python3.12/site-packages/airflow/example_dags/example_branch_labels.py
[2025-01-08T10:40:22.695+0000] {processor.py:914} INFO - Processing file /home/airflow/.local/lib/python3.12/site-packages/airflow/example_dags/example_branch_labels.py for tasks to queue
[2025-01-08T10:40:22.698+0000] {logging_mixin.py:190} INFO - [2025-01-08T10:40:22.698+0000] {dagbag.py:588} INFO - Filling up the DagBag from /home/airflow/.local/lib/python3.12/site-packages/airflow/example_dags/example_branch_labels.py
[2025-01-08T10:40:22.711+0000] {processor.py:925} INFO - DAG(s) 'example_branch_labels' retrieved from /home/airflow/.local/lib/python3.12/site-packages/airflow/example_dags/example_branch_labels.py
[2025-01-08T10:40:22.741+0000] {logging_mixin.py:190} INFO - [2025-01-08T10:40:22.741+0000] {dag.py:3239} INFO - Sync 1 DAGs
[2025-01-08T10:40:22.782+0000] {logging_mixin.py:190} INFO - [2025-01-08T10:40:22.782+0000] {dag.py:4180} INFO - Setting next_dagrun for example_branch_labels to 2025-01-07 00:00:00+00:00, run_after=2025-01-08 00:00:00+00:00
[2025-01-08T10:40:22.816+0000] {processor.py:208} INFO - Processing /home/airflow/.local/lib/python3.12/site-packages/airflow/example_dags/example_branch_labels.py took 0.130 seconds
[2025-01-08T10:43:18.778+0000] {processor.py:186} INFO - Started process (PID=328) to work on /home/airflow/.local/lib/python3.12/site-packages/airflow/example_dags/example_branch_labels.py
[2025-01-08T10:43:18.779+0000] {processor.py:914} INFO - Processing file /home/airflow/.local/lib/python3.12/site-packages/airflow/example_dags/example_branch_labels.py for tasks to queue
[2025-01-08T10:43:18.782+0000] {logging_mixin.py:190} INFO - [2025-01-08T10:43:18.781+0000] {dagbag.py:588} INFO - Filling up the DagBag from /home/airflow/.local/lib/python3.12/site-packages/airflow/example_dags/example_branch_labels.py
[2025-01-08T10:43:18.797+0000] {processor.py:925} INFO - DAG(s) 'example_branch_labels' retrieved from /home/airflow/.local/lib/python3.12/site-packages/airflow/example_dags/example_branch_labels.py
[2025-01-08T10:43:18.840+0000] {logging_mixin.py:190} INFO - [2025-01-08T10:43:18.840+0000] {dag.py:3239} INFO - Sync 1 DAGs
[2025-01-08T10:43:18.884+0000] {logging_mixin.py:190} INFO - [2025-01-08T10:43:18.883+0000] {dag.py:4180} INFO - Setting next_dagrun for example_branch_labels to 2025-01-07 00:00:00+00:00, run_after=2025-01-08 00:00:00+00:00
[2025-01-08T10:43:18.925+0000] {processor.py:208} INFO - Processing /home/airflow/.local/lib/python3.12/site-packages/airflow/example_dags/example_branch_labels.py took 0.156 seconds
[2025-01-08T10:43:49.704+0000] {processor.py:186} INFO - Started process (PID=629) to work on /home/airflow/.local/lib/python3.12/site-packages/airflow/example_dags/example_branch_labels.py
[2025-01-08T10:43:49.705+0000] {processor.py:914} INFO - Processing file /home/airflow/.local/lib/python3.12/site-packages/airflow/example_dags/example_branch_labels.py for tasks to queue
[2025-01-08T10:43:49.707+0000] {logging_mixin.py:190} INFO - [2025-01-08T10:43:49.706+0000] {dagbag.py:588} INFO - Filling up the DagBag from /home/airflow/.local/lib/python3.12/site-packages/airflow/example_dags/example_branch_labels.py
[2025-01-08T10:43:49.716+0000] {processor.py:925} INFO - DAG(s) 'example_branch_labels' retrieved from /home/airflow/.local/lib/python3.12/site-packages/airflow/example_dags/example_branch_labels.py
[2025-01-08T10:43:49.739+0000] {logging_mixin.py:190} INFO - [2025-01-08T10:43:49.738+0000] {dag.py:3239} INFO - Sync 1 DAGs
[2025-01-08T10:43:49.768+0000] {logging_mixin.py:190} INFO - [2025-01-08T10:43:49.768+0000] {dag.py:4180} INFO - Setting next_dagrun for example_branch_labels to 2025-01-07 00:00:00+00:00, run_after=2025-01-08 00:00:00+00:00
[2025-01-08T10:43:49.790+0000] {processor.py:208} INFO - Processing /home/airflow/.local/lib/python3.12/site-packages/airflow/example_dags/example_branch_labels.py took 0.091 seconds
[2025-01-08T10:44:20.838+0000] {processor.py:186} INFO - Started process (PID=931) to work on /home/airflow/.local/lib/python3.12/site-packages/airflow/example_dags/example_branch_labels.py
[2025-01-08T10:44:20.839+0000] {processor.py:914} INFO - Processing file /home/airflow/.local/lib/python3.12/site-packages/airflow/example_dags/example_branch_labels.py for tasks to queue
[2025-01-08T10:44:20.841+0000] {logging_mixin.py:190} INFO - [2025-01-08T10:44:20.841+0000] {dagbag.py:588} INFO - Filling up the DagBag from /home/airflow/.local/lib/python3.12/site-packages/airflow/example_dags/example_branch_labels.py
[2025-01-08T10:44:20.851+0000] {processor.py:925} INFO - DAG(s) 'example_branch_labels' retrieved from /home/airflow/.local/lib/python3.12/site-packages/airflow/example_dags/example_branch_labels.py
[2025-01-08T10:44:20.871+0000] {logging_mixin.py:190} INFO - [2025-01-08T10:44:20.871+0000] {dag.py:3239} INFO - Sync 1 DAGs
[2025-01-08T10:44:20.897+0000] {logging_mixin.py:190} INFO - [2025-01-08T10:44:20.897+0000] {dag.py:4180} INFO - Setting next_dagrun for example_branch_labels to 2025-01-07 00:00:00+00:00, run_after=2025-01-08 00:00:00+00:00
[2025-01-08T10:44:20.918+0000] {processor.py:208} INFO - Processing /home/airflow/.local/lib/python3.12/site-packages/airflow/example_dags/example_branch_labels.py took 0.085 seconds
[2025-01-08T10:44:51.381+0000] {processor.py:186} INFO - Started process (PID=1230) to work on /home/airflow/.local/lib/python3.12/site-packages/airflow/example_dags/example_branch_labels.py
[2025-01-08T10:44:51.382+0000] {processor.py:914} INFO - Processing file /home/airflow/.local/lib/python3.12/site-packages/airflow/example_dags/example_branch_labels.py for tasks to queue
[2025-01-08T10:44:51.384+0000] {logging_mixin.py:190} INFO - [2025-01-08T10:44:51.384+0000] {dagbag.py:588} INFO - Filling up the DagBag from /home/airflow/.local/lib/python3.12/site-packages/airflow/example_dags/example_branch_labels.py
[2025-01-08T10:44:51.397+0000] {processor.py:925} INFO - DAG(s) 'example_branch_labels' retrieved from /home/airflow/.local/lib/python3.12/site-packages/airflow/example_dags/example_branch_labels.py
[2025-01-08T10:44:51.421+0000] {logging_mixin.py:190} INFO - [2025-01-08T10:44:51.421+0000] {dag.py:3239} INFO - Sync 1 DAGs
[2025-01-08T10:44:51.453+0000] {logging_mixin.py:190} INFO - [2025-01-08T10:44:51.453+0000] {dag.py:4180} INFO - Setting next_dagrun for example_branch_labels to 2025-01-07 00:00:00+00:00, run_after=2025-01-08 00:00:00+00:00
[2025-01-08T10:44:51.479+0000] {processor.py:208} INFO - Processing /home/airflow/.local/lib/python3.12/site-packages/airflow/example_dags/example_branch_labels.py took 0.107 seconds
[2025-01-08T10:45:22.231+0000] {processor.py:186} INFO - Started process (PID=1526) to work on /home/airflow/.local/lib/python3.12/site-packages/airflow/example_dags/example_branch_labels.py
[2025-01-08T10:45:22.233+0000] {processor.py:914} INFO - Processing file /home/airflow/.local/lib/python3.12/site-packages/airflow/example_dags/example_branch_labels.py for tasks to queue
[2025-01-08T10:45:22.235+0000] {logging_mixin.py:190} INFO - [2025-01-08T10:45:22.234+0000] {dagbag.py:588} INFO - Filling up the DagBag from /home/airflow/.local/lib/python3.12/site-packages/airflow/example_dags/example_branch_labels.py
[2025-01-08T10:45:22.244+0000] {processor.py:925} INFO - DAG(s) 'example_branch_labels' retrieved from /home/airflow/.local/lib/python3.12/site-packages/airflow/example_dags/example_branch_labels.py
[2025-01-08T10:45:22.263+0000] {logging_mixin.py:190} INFO - [2025-01-08T10:45:22.263+0000] {dag.py:3239} INFO - Sync 1 DAGs
[2025-01-08T10:45:22.288+0000] {logging_mixin.py:190} INFO - [2025-01-08T10:45:22.288+0000] {dag.py:4180} INFO - Setting next_dagrun for example_branch_labels to 2025-01-07 00:00:00+00:00, run_after=2025-01-08 00:00:00+00:00
[2025-01-08T10:45:22.309+0000] {processor.py:208} INFO - Processing /home/airflow/.local/lib/python3.12/site-packages/airflow/example_dags/example_branch_labels.py took 0.086 seconds
[2025-01-08T10:45:53.047+0000] {processor.py:186} INFO - Started process (PID=1827) to work on /home/airflow/.local/lib/python3.12/site-packages/airflow/example_dags/example_branch_labels.py
[2025-01-08T10:45:53.048+0000] {processor.py:914} INFO - Processing file /home/airflow/.local/lib/python3.12/site-packages/airflow/example_dags/example_branch_labels.py for tasks to queue
[2025-01-08T10:45:53.050+0000] {logging_mixin.py:190} INFO - [2025-01-08T10:45:53.050+0000] {dagbag.py:588} INFO - Filling up the DagBag from /home/airflow/.local/lib/python3.12/site-packages/airflow/example_dags/example_branch_labels.py
[2025-01-08T10:45:53.059+0000] {processor.py:925} INFO - DAG(s) 'example_branch_labels' retrieved from /home/airflow/.local/lib/python3.12/site-packages/airflow/example_dags/example_branch_labels.py
[2025-01-08T10:45:53.076+0000] {logging_mixin.py:190} INFO - [2025-01-08T10:45:53.076+0000] {dag.py:3239} INFO - Sync 1 DAGs
[2025-01-08T10:45:53.100+0000] {logging_mixin.py:190} INFO - [2025-01-08T10:45:53.099+0000] {dag.py:4180} INFO - Setting next_dagrun for example_branch_labels to 2025-01-07 00:00:00+00:00, run_after=2025-01-08 00:00:00+00:00
[2025-01-08T10:45:53.118+0000] {processor.py:208} INFO - Processing /home/airflow/.local/lib/python3.12/site-packages/airflow/example_dags/example_branch_labels.py took 0.077 seconds
[2025-01-08T10:46:23.417+0000] {processor.py:186} INFO - Started process (PID=2128) to work on /home/airflow/.local/lib/python3.12/site-packages/airflow/example_dags/example_branch_labels.py
[2025-01-08T10:46:23.418+0000] {processor.py:914} INFO - Processing file /home/airflow/.local/lib/python3.12/site-packages/airflow/example_dags/example_branch_labels.py for tasks to queue
[2025-01-08T10:46:23.420+0000] {logging_mixin.py:190} INFO - [2025-01-08T10:46:23.419+0000] {dagbag.py:588} INFO - Filling up the DagBag from /home/airflow/.local/lib/python3.12/site-packages/airflow/example_dags/example_branch_labels.py
[2025-01-08T10:46:23.429+0000] {processor.py:925} INFO - DAG(s) 'example_branch_labels' retrieved from /home/airflow/.local/lib/python3.12/site-packages/airflow/example_dags/example_branch_labels.py
[2025-01-08T10:46:23.448+0000] {logging_mixin.py:190} INFO - [2025-01-08T10:46:23.447+0000] {dag.py:3239} INFO - Sync 1 DAGs
[2025-01-08T10:46:23.473+0000] {logging_mixin.py:190} INFO - [2025-01-08T10:46:23.472+0000] {dag.py:4180} INFO - Setting next_dagrun for example_branch_labels to 2025-01-07 00:00:00+00:00, run_after=2025-01-08 00:00:00+00:00
[2025-01-08T10:46:23.496+0000] {processor.py:208} INFO - Processing /home/airflow/.local/lib/python3.12/site-packages/airflow/example_dags/example_branch_labels.py took 0.085 seconds
[2025-01-08T10:46:53.662+0000] {processor.py:186} INFO - Started process (PID=2426) to work on /home/airflow/.local/lib/python3.12/site-packages/airflow/example_dags/example_branch_labels.py
[2025-01-08T10:46:53.663+0000] {processor.py:914} INFO - Processing file /home/airflow/.local/lib/python3.12/site-packages/airflow/example_dags/example_branch_labels.py for tasks to queue
[2025-01-08T10:46:53.665+0000] {logging_mixin.py:190} INFO - [2025-01-08T10:46:53.665+0000] {dagbag.py:588} INFO - Filling up the DagBag from /home/airflow/.local/lib/python3.12/site-packages/airflow/example_dags/example_branch_labels.py
[2025-01-08T10:46:53.673+0000] {processor.py:925} INFO - DAG(s) 'example_branch_labels' retrieved from /home/airflow/.local/lib/python3.12/site-packages/airflow/example_dags/example_branch_labels.py
[2025-01-08T10:46:53.692+0000] {logging_mixin.py:190} INFO - [2025-01-08T10:46:53.692+0000] {dag.py:3239} INFO - Sync 1 DAGs
[2025-01-08T10:46:53.716+0000] {logging_mixin.py:190} INFO - [2025-01-08T10:46:53.716+0000] {dag.py:4180} INFO - Setting next_dagrun for example_branch_labels to 2025-01-07 00:00:00+00:00, run_after=2025-01-08 00:00:00+00:00
[2025-01-08T10:46:53.739+0000] {processor.py:208} INFO - Processing /home/airflow/.local/lib/python3.12/site-packages/airflow/example_dags/example_branch_labels.py took 0.082 seconds
[2025-01-08T10:47:24.110+0000] {processor.py:186} INFO - Started process (PID=2727) to work on /home/airflow/.local/lib/python3.12/site-packages/airflow/example_dags/example_branch_labels.py
[2025-01-08T10:47:24.110+0000] {processor.py:914} INFO - Processing file /home/airflow/.local/lib/python3.12/site-packages/airflow/example_dags/example_branch_labels.py for tasks to queue
[2025-01-08T10:47:24.112+0000] {logging_mixin.py:190} INFO - [2025-01-08T10:47:24.112+0000] {dagbag.py:588} INFO - Filling up the DagBag from /home/airflow/.local/lib/python3.12/site-packages/airflow/example_dags/example_branch_labels.py
[2025-01-08T10:47:24.120+0000] {processor.py:925} INFO - DAG(s) 'example_branch_labels' retrieved from /home/airflow/.local/lib/python3.12/site-packages/airflow/example_dags/example_branch_labels.py
[2025-01-08T10:47:24.137+0000] {logging_mixin.py:190} INFO - [2025-01-08T10:47:24.137+0000] {dag.py:3239} INFO - Sync 1 DAGs
[2025-01-08T10:47:24.164+0000] {logging_mixin.py:190} INFO - [2025-01-08T10:47:24.163+0000] {dag.py:4180} INFO - Setting next_dagrun for example_branch_labels to 2025-01-07 00:00:00+00:00, run_after=2025-01-08 00:00:00+00:00
[2025-01-08T10:47:24.184+0000] {processor.py:208} INFO - Processing /home/airflow/.local/lib/python3.12/site-packages/airflow/example_dags/example_branch_labels.py took 0.079 seconds
[2025-01-08T10:47:54.693+0000] {processor.py:186} INFO - Started process (PID=3028) to work on /home/airflow/.local/lib/python3.12/site-packages/airflow/example_dags/example_branch_labels.py
[2025-01-08T10:47:54.695+0000] {processor.py:914} INFO - Processing file /home/airflow/.local/lib/python3.12/site-packages/airflow/example_dags/example_branch_labels.py for tasks to queue
[2025-01-08T10:47:54.697+0000] {logging_mixin.py:190} INFO - [2025-01-08T10:47:54.696+0000] {dagbag.py:588} INFO - Filling up the DagBag from /home/airflow/.local/lib/python3.12/site-packages/airflow/example_dags/example_branch_labels.py
[2025-01-08T10:47:54.707+0000] {processor.py:925} INFO - DAG(s) 'example_branch_labels' retrieved from /home/airflow/.local/lib/python3.12/site-packages/airflow/example_dags/example_branch_labels.py
[2025-01-08T10:47:54.728+0000] {logging_mixin.py:190} INFO - [2025-01-08T10:47:54.728+0000] {dag.py:3239} INFO - Sync 1 DAGs
[2025-01-08T10:47:54.754+0000] {logging_mixin.py:190} INFO - [2025-01-08T10:47:54.753+0000] {dag.py:4180} INFO - Setting next_dagrun for example_branch_labels to 2025-01-07 00:00:00+00:00, run_after=2025-01-08 00:00:00+00:00
[2025-01-08T10:47:54.774+0000] {processor.py:208} INFO - Processing /home/airflow/.local/lib/python3.12/site-packages/airflow/example_dags/example_branch_labels.py took 0.087 seconds
