[2025-01-08T10:35:13.626+0000] {processor.py:186} INFO - Started process (PID=352) to work on /home/airflow/.local/lib/python3.12/site-packages/airflow/example_dags/example_nested_branch_dag.py
[2025-01-08T10:35:13.628+0000] {processor.py:914} INFO - Processing file /home/airflow/.local/lib/python3.12/site-packages/airflow/example_dags/example_nested_branch_dag.py for tasks to queue
[2025-01-08T10:35:13.631+0000] {logging_mixin.py:190} INFO - [2025-01-08T10:35:13.630+0000] {dagbag.py:588} INFO - Filling up the DagBag from /home/airflow/.local/lib/python3.12/site-packages/airflow/example_dags/example_nested_branch_dag.py
[2025-01-08T10:35:13.654+0000] {processor.py:925} INFO - DAG(s) 'example_nested_branch_dag' retrieved from /home/airflow/.local/lib/python3.12/site-packages/airflow/example_dags/example_nested_branch_dag.py
[2025-01-08T10:35:13.860+0000] {logging_mixin.py:190} INFO - [2025-01-08T10:35:13.859+0000] {override.py:1911} INFO - Created Permission View: can delete on DAG:example_nested_branch_dag
[2025-01-08T10:35:13.882+0000] {logging_mixin.py:190} INFO - [2025-01-08T10:35:13.882+0000] {override.py:1911} INFO - Created Permission View: can read on DAG:example_nested_branch_dag
[2025-01-08T10:35:13.901+0000] {logging_mixin.py:190} INFO - [2025-01-08T10:35:13.901+0000] {override.py:1911} INFO - Created Permission View: can edit on DAG:example_nested_branch_dag
[2025-01-08T10:35:13.926+0000] {logging_mixin.py:190} INFO - [2025-01-08T10:35:13.925+0000] {override.py:1911} INFO - Created Permission View: menu access on DAG Run:example_nested_branch_dag
[2025-01-08T10:35:13.942+0000] {logging_mixin.py:190} INFO - [2025-01-08T10:35:13.942+0000] {override.py:1911} INFO - Created Permission View: can create on DAG Run:example_nested_branch_dag
[2025-01-08T10:35:13.954+0000] {logging_mixin.py:190} INFO - [2025-01-08T10:35:13.954+0000] {override.py:1911} INFO - Created Permission View: can read on DAG Run:example_nested_branch_dag
[2025-01-08T10:35:13.967+0000] {logging_mixin.py:190} INFO - [2025-01-08T10:35:13.967+0000] {override.py:1911} INFO - Created Permission View: can delete on DAG Run:example_nested_branch_dag
[2025-01-08T10:35:13.968+0000] {logging_mixin.py:190} INFO - [2025-01-08T10:35:13.968+0000] {dag.py:3239} INFO - Sync 1 DAGs
[2025-01-08T10:35:13.990+0000] {logging_mixin.py:190} INFO - [2025-01-08T10:35:13.989+0000] {dag.py:3262} INFO - Creating ORM DAG for example_nested_branch_dag
[2025-01-08T10:35:14.012+0000] {logging_mixin.py:190} INFO - [2025-01-08T10:35:14.012+0000] {dag.py:4180} INFO - Setting next_dagrun for example_nested_branch_dag to 2025-01-07 00:00:00+00:00, run_after=2025-01-08 00:00:00+00:00
[2025-01-08T10:35:14.056+0000] {processor.py:208} INFO - Processing /home/airflow/.local/lib/python3.12/site-packages/airflow/example_dags/example_nested_branch_dag.py took 0.439 seconds
[2025-01-08T10:35:47.894+0000] {processor.py:186} INFO - Started process (PID=653) to work on /home/airflow/.local/lib/python3.12/site-packages/airflow/example_dags/example_nested_branch_dag.py
[2025-01-08T10:35:47.900+0000] {processor.py:914} INFO - Processing file /home/airflow/.local/lib/python3.12/site-packages/airflow/example_dags/example_nested_branch_dag.py for tasks to queue
[2025-01-08T10:35:47.903+0000] {logging_mixin.py:190} INFO - [2025-01-08T10:35:47.903+0000] {dagbag.py:588} INFO - Filling up the DagBag from /home/airflow/.local/lib/python3.12/site-packages/airflow/example_dags/example_nested_branch_dag.py
[2025-01-08T10:35:47.927+0000] {processor.py:925} INFO - DAG(s) 'example_nested_branch_dag' retrieved from /home/airflow/.local/lib/python3.12/site-packages/airflow/example_dags/example_nested_branch_dag.py
[2025-01-08T10:35:47.996+0000] {logging_mixin.py:190} INFO - [2025-01-08T10:35:47.995+0000] {dag.py:3239} INFO - Sync 1 DAGs
[2025-01-08T10:35:48.071+0000] {logging_mixin.py:190} INFO - [2025-01-08T10:35:48.070+0000] {dag.py:4180} INFO - Setting next_dagrun for example_nested_branch_dag to 2025-01-07 00:00:00+00:00, run_after=2025-01-08 00:00:00+00:00
[2025-01-08T10:35:48.198+0000] {processor.py:208} INFO - Processing /home/airflow/.local/lib/python3.12/site-packages/airflow/example_dags/example_nested_branch_dag.py took 0.318 seconds
[2025-01-08T10:36:19.019+0000] {processor.py:186} INFO - Started process (PID=954) to work on /home/airflow/.local/lib/python3.12/site-packages/airflow/example_dags/example_nested_branch_dag.py
[2025-01-08T10:36:19.021+0000] {processor.py:914} INFO - Processing file /home/airflow/.local/lib/python3.12/site-packages/airflow/example_dags/example_nested_branch_dag.py for tasks to queue
[2025-01-08T10:36:19.033+0000] {logging_mixin.py:190} INFO - [2025-01-08T10:36:19.032+0000] {dagbag.py:588} INFO - Filling up the DagBag from /home/airflow/.local/lib/python3.12/site-packages/airflow/example_dags/example_nested_branch_dag.py
[2025-01-08T10:36:19.073+0000] {processor.py:925} INFO - DAG(s) 'example_nested_branch_dag' retrieved from /home/airflow/.local/lib/python3.12/site-packages/airflow/example_dags/example_nested_branch_dag.py
[2025-01-08T10:36:19.132+0000] {logging_mixin.py:190} INFO - [2025-01-08T10:36:19.131+0000] {dag.py:3239} INFO - Sync 1 DAGs
[2025-01-08T10:36:19.204+0000] {logging_mixin.py:190} INFO - [2025-01-08T10:36:19.203+0000] {dag.py:4180} INFO - Setting next_dagrun for example_nested_branch_dag to 2025-01-07 00:00:00+00:00, run_after=2025-01-08 00:00:00+00:00
[2025-01-08T10:36:19.281+0000] {processor.py:208} INFO - Processing /home/airflow/.local/lib/python3.12/site-packages/airflow/example_dags/example_nested_branch_dag.py took 0.282 seconds
[2025-01-08T10:36:50.101+0000] {processor.py:186} INFO - Started process (PID=1255) to work on /home/airflow/.local/lib/python3.12/site-packages/airflow/example_dags/example_nested_branch_dag.py
[2025-01-08T10:36:50.102+0000] {processor.py:914} INFO - Processing file /home/airflow/.local/lib/python3.12/site-packages/airflow/example_dags/example_nested_branch_dag.py for tasks to queue
[2025-01-08T10:36:50.105+0000] {logging_mixin.py:190} INFO - [2025-01-08T10:36:50.105+0000] {dagbag.py:588} INFO - Filling up the DagBag from /home/airflow/.local/lib/python3.12/site-packages/airflow/example_dags/example_nested_branch_dag.py
[2025-01-08T10:36:50.123+0000] {processor.py:925} INFO - DAG(s) 'example_nested_branch_dag' retrieved from /home/airflow/.local/lib/python3.12/site-packages/airflow/example_dags/example_nested_branch_dag.py
[2025-01-08T10:36:50.150+0000] {logging_mixin.py:190} INFO - [2025-01-08T10:36:50.150+0000] {dag.py:3239} INFO - Sync 1 DAGs
[2025-01-08T10:36:50.188+0000] {logging_mixin.py:190} INFO - [2025-01-08T10:36:50.188+0000] {dag.py:4180} INFO - Setting next_dagrun for example_nested_branch_dag to 2025-01-07 00:00:00+00:00, run_after=2025-01-08 00:00:00+00:00
[2025-01-08T10:36:50.219+0000] {processor.py:208} INFO - Processing /home/airflow/.local/lib/python3.12/site-packages/airflow/example_dags/example_nested_branch_dag.py took 0.127 seconds
[2025-01-08T10:37:20.358+0000] {processor.py:186} INFO - Started process (PID=1553) to work on /home/airflow/.local/lib/python3.12/site-packages/airflow/example_dags/example_nested_branch_dag.py
[2025-01-08T10:37:20.360+0000] {processor.py:914} INFO - Processing file /home/airflow/.local/lib/python3.12/site-packages/airflow/example_dags/example_nested_branch_dag.py for tasks to queue
[2025-01-08T10:37:20.364+0000] {logging_mixin.py:190} INFO - [2025-01-08T10:37:20.363+0000] {dagbag.py:588} INFO - Filling up the DagBag from /home/airflow/.local/lib/python3.12/site-packages/airflow/example_dags/example_nested_branch_dag.py
[2025-01-08T10:37:20.386+0000] {processor.py:925} INFO - DAG(s) 'example_nested_branch_dag' retrieved from /home/airflow/.local/lib/python3.12/site-packages/airflow/example_dags/example_nested_branch_dag.py
[2025-01-08T10:37:20.423+0000] {logging_mixin.py:190} INFO - [2025-01-08T10:37:20.423+0000] {dag.py:3239} INFO - Sync 1 DAGs
[2025-01-08T10:37:20.461+0000] {logging_mixin.py:190} INFO - [2025-01-08T10:37:20.461+0000] {dag.py:4180} INFO - Setting next_dagrun for example_nested_branch_dag to 2025-01-07 00:00:00+00:00, run_after=2025-01-08 00:00:00+00:00
[2025-01-08T10:37:20.506+0000] {processor.py:208} INFO - Processing /home/airflow/.local/lib/python3.12/site-packages/airflow/example_dags/example_nested_branch_dag.py took 0.167 seconds
[2025-01-08T10:37:51.361+0000] {processor.py:186} INFO - Started process (PID=1854) to work on /home/airflow/.local/lib/python3.12/site-packages/airflow/example_dags/example_nested_branch_dag.py
[2025-01-08T10:37:51.362+0000] {processor.py:914} INFO - Processing file /home/airflow/.local/lib/python3.12/site-packages/airflow/example_dags/example_nested_branch_dag.py for tasks to queue
[2025-01-08T10:37:51.365+0000] {logging_mixin.py:190} INFO - [2025-01-08T10:37:51.364+0000] {dagbag.py:588} INFO - Filling up the DagBag from /home/airflow/.local/lib/python3.12/site-packages/airflow/example_dags/example_nested_branch_dag.py
[2025-01-08T10:37:51.379+0000] {processor.py:925} INFO - DAG(s) 'example_nested_branch_dag' retrieved from /home/airflow/.local/lib/python3.12/site-packages/airflow/example_dags/example_nested_branch_dag.py
[2025-01-08T10:37:51.407+0000] {logging_mixin.py:190} INFO - [2025-01-08T10:37:51.407+0000] {dag.py:3239} INFO - Sync 1 DAGs
[2025-01-08T10:37:51.445+0000] {logging_mixin.py:190} INFO - [2025-01-08T10:37:51.444+0000] {dag.py:4180} INFO - Setting next_dagrun for example_nested_branch_dag to 2025-01-07 00:00:00+00:00, run_after=2025-01-08 00:00:00+00:00
[2025-01-08T10:37:51.503+0000] {processor.py:208} INFO - Processing /home/airflow/.local/lib/python3.12/site-packages/airflow/example_dags/example_nested_branch_dag.py took 0.151 seconds
[2025-01-08T10:38:21.862+0000] {processor.py:186} INFO - Started process (PID=2155) to work on /home/airflow/.local/lib/python3.12/site-packages/airflow/example_dags/example_nested_branch_dag.py
[2025-01-08T10:38:21.866+0000] {processor.py:914} INFO - Processing file /home/airflow/.local/lib/python3.12/site-packages/airflow/example_dags/example_nested_branch_dag.py for tasks to queue
[2025-01-08T10:38:21.870+0000] {logging_mixin.py:190} INFO - [2025-01-08T10:38:21.870+0000] {dagbag.py:588} INFO - Filling up the DagBag from /home/airflow/.local/lib/python3.12/site-packages/airflow/example_dags/example_nested_branch_dag.py
[2025-01-08T10:38:21.904+0000] {processor.py:925} INFO - DAG(s) 'example_nested_branch_dag' retrieved from /home/airflow/.local/lib/python3.12/site-packages/airflow/example_dags/example_nested_branch_dag.py
[2025-01-08T10:38:21.964+0000] {logging_mixin.py:190} INFO - [2025-01-08T10:38:21.964+0000] {dag.py:3239} INFO - Sync 1 DAGs
[2025-01-08T10:38:22.041+0000] {logging_mixin.py:190} INFO - [2025-01-08T10:38:22.039+0000] {dag.py:4180} INFO - Setting next_dagrun for example_nested_branch_dag to 2025-01-07 00:00:00+00:00, run_after=2025-01-08 00:00:00+00:00
[2025-01-08T10:38:22.098+0000] {processor.py:208} INFO - Processing /home/airflow/.local/lib/python3.12/site-packages/airflow/example_dags/example_nested_branch_dag.py took 0.245 seconds
[2025-01-08T10:38:52.364+0000] {processor.py:186} INFO - Started process (PID=2455) to work on /home/airflow/.local/lib/python3.12/site-packages/airflow/example_dags/example_nested_branch_dag.py
[2025-01-08T10:38:52.366+0000] {processor.py:914} INFO - Processing file /home/airflow/.local/lib/python3.12/site-packages/airflow/example_dags/example_nested_branch_dag.py for tasks to queue
[2025-01-08T10:38:52.369+0000] {logging_mixin.py:190} INFO - [2025-01-08T10:38:52.368+0000] {dagbag.py:588} INFO - Filling up the DagBag from /home/airflow/.local/lib/python3.12/site-packages/airflow/example_dags/example_nested_branch_dag.py
[2025-01-08T10:38:52.383+0000] {processor.py:925} INFO - DAG(s) 'example_nested_branch_dag' retrieved from /home/airflow/.local/lib/python3.12/site-packages/airflow/example_dags/example_nested_branch_dag.py
[2025-01-08T10:38:52.410+0000] {logging_mixin.py:190} INFO - [2025-01-08T10:38:52.410+0000] {dag.py:3239} INFO - Sync 1 DAGs
[2025-01-08T10:38:52.449+0000] {logging_mixin.py:190} INFO - [2025-01-08T10:38:52.449+0000] {dag.py:4180} INFO - Setting next_dagrun for example_nested_branch_dag to 2025-01-07 00:00:00+00:00, run_after=2025-01-08 00:00:00+00:00
[2025-01-08T10:38:52.475+0000] {processor.py:208} INFO - Processing /home/airflow/.local/lib/python3.12/site-packages/airflow/example_dags/example_nested_branch_dag.py took 0.116 seconds
[2025-01-08T10:39:22.635+0000] {processor.py:186} INFO - Started process (PID=2756) to work on /home/airflow/.local/lib/python3.12/site-packages/airflow/example_dags/example_nested_branch_dag.py
[2025-01-08T10:39:22.649+0000] {processor.py:914} INFO - Processing file /home/airflow/.local/lib/python3.12/site-packages/airflow/example_dags/example_nested_branch_dag.py for tasks to queue
[2025-01-08T10:39:22.655+0000] {logging_mixin.py:190} INFO - [2025-01-08T10:39:22.654+0000] {dagbag.py:588} INFO - Filling up the DagBag from /home/airflow/.local/lib/python3.12/site-packages/airflow/example_dags/example_nested_branch_dag.py
[2025-01-08T10:39:22.751+0000] {processor.py:925} INFO - DAG(s) 'example_nested_branch_dag' retrieved from /home/airflow/.local/lib/python3.12/site-packages/airflow/example_dags/example_nested_branch_dag.py
[2025-01-08T10:39:22.859+0000] {logging_mixin.py:190} INFO - [2025-01-08T10:39:22.858+0000] {dag.py:3239} INFO - Sync 1 DAGs
[2025-01-08T10:39:23.000+0000] {logging_mixin.py:190} INFO - [2025-01-08T10:39:22.999+0000] {dag.py:4180} INFO - Setting next_dagrun for example_nested_branch_dag to 2025-01-07 00:00:00+00:00, run_after=2025-01-08 00:00:00+00:00
[2025-01-08T10:39:23.117+0000] {processor.py:208} INFO - Processing /home/airflow/.local/lib/python3.12/site-packages/airflow/example_dags/example_nested_branch_dag.py took 0.517 seconds
[2025-01-08T10:39:53.286+0000] {processor.py:186} INFO - Started process (PID=3063) to work on /home/airflow/.local/lib/python3.12/site-packages/airflow/example_dags/example_nested_branch_dag.py
[2025-01-08T10:39:53.291+0000] {processor.py:914} INFO - Processing file /home/airflow/.local/lib/python3.12/site-packages/airflow/example_dags/example_nested_branch_dag.py for tasks to queue
[2025-01-08T10:39:53.294+0000] {logging_mixin.py:190} INFO - [2025-01-08T10:39:53.294+0000] {dagbag.py:588} INFO - Filling up the DagBag from /home/airflow/.local/lib/python3.12/site-packages/airflow/example_dags/example_nested_branch_dag.py
[2025-01-08T10:39:53.318+0000] {processor.py:925} INFO - DAG(s) 'example_nested_branch_dag' retrieved from /home/airflow/.local/lib/python3.12/site-packages/airflow/example_dags/example_nested_branch_dag.py
[2025-01-08T10:39:53.374+0000] {logging_mixin.py:190} INFO - [2025-01-08T10:39:53.373+0000] {dag.py:3239} INFO - Sync 1 DAGs
[2025-01-08T10:39:53.438+0000] {logging_mixin.py:190} INFO - [2025-01-08T10:39:53.437+0000] {dag.py:4180} INFO - Setting next_dagrun for example_nested_branch_dag to 2025-01-07 00:00:00+00:00, run_after=2025-01-08 00:00:00+00:00
[2025-01-08T10:39:53.494+0000] {processor.py:208} INFO - Processing /home/airflow/.local/lib/python3.12/site-packages/airflow/example_dags/example_nested_branch_dag.py took 0.220 seconds
[2025-01-08T10:40:26.210+0000] {processor.py:186} INFO - Started process (PID=3364) to work on /home/airflow/.local/lib/python3.12/site-packages/airflow/example_dags/example_nested_branch_dag.py
[2025-01-08T10:40:26.212+0000] {processor.py:914} INFO - Processing file /home/airflow/.local/lib/python3.12/site-packages/airflow/example_dags/example_nested_branch_dag.py for tasks to queue
[2025-01-08T10:40:26.216+0000] {logging_mixin.py:190} INFO - [2025-01-08T10:40:26.215+0000] {dagbag.py:588} INFO - Filling up the DagBag from /home/airflow/.local/lib/python3.12/site-packages/airflow/example_dags/example_nested_branch_dag.py
[2025-01-08T10:40:26.267+0000] {processor.py:925} INFO - DAG(s) 'example_nested_branch_dag' retrieved from /home/airflow/.local/lib/python3.12/site-packages/airflow/example_dags/example_nested_branch_dag.py
[2025-01-08T10:40:26.322+0000] {logging_mixin.py:190} INFO - [2025-01-08T10:40:26.320+0000] {dag.py:3239} INFO - Sync 1 DAGs
[2025-01-08T10:40:26.398+0000] {logging_mixin.py:190} INFO - [2025-01-08T10:40:26.397+0000] {dag.py:4180} INFO - Setting next_dagrun for example_nested_branch_dag to 2025-01-07 00:00:00+00:00, run_after=2025-01-08 00:00:00+00:00
[2025-01-08T10:40:26.465+0000] {processor.py:208} INFO - Processing /home/airflow/.local/lib/python3.12/site-packages/airflow/example_dags/example_nested_branch_dag.py took 0.271 seconds
[2025-01-08T10:43:19.241+0000] {processor.py:186} INFO - Started process (PID=355) to work on /home/airflow/.local/lib/python3.12/site-packages/airflow/example_dags/example_nested_branch_dag.py
[2025-01-08T10:43:19.242+0000] {processor.py:914} INFO - Processing file /home/airflow/.local/lib/python3.12/site-packages/airflow/example_dags/example_nested_branch_dag.py for tasks to queue
[2025-01-08T10:43:19.244+0000] {logging_mixin.py:190} INFO - [2025-01-08T10:43:19.244+0000] {dagbag.py:588} INFO - Filling up the DagBag from /home/airflow/.local/lib/python3.12/site-packages/airflow/example_dags/example_nested_branch_dag.py
[2025-01-08T10:43:19.257+0000] {processor.py:925} INFO - DAG(s) 'example_nested_branch_dag' retrieved from /home/airflow/.local/lib/python3.12/site-packages/airflow/example_dags/example_nested_branch_dag.py
[2025-01-08T10:43:19.288+0000] {logging_mixin.py:190} INFO - [2025-01-08T10:43:19.287+0000] {dag.py:3239} INFO - Sync 1 DAGs
[2025-01-08T10:43:19.323+0000] {logging_mixin.py:190} INFO - [2025-01-08T10:43:19.323+0000] {dag.py:4180} INFO - Setting next_dagrun for example_nested_branch_dag to 2025-01-07 00:00:00+00:00, run_after=2025-01-08 00:00:00+00:00
[2025-01-08T10:43:19.354+0000] {processor.py:208} INFO - Processing /home/airflow/.local/lib/python3.12/site-packages/airflow/example_dags/example_nested_branch_dag.py took 0.119 seconds
[2025-01-08T10:43:50.000+0000] {processor.py:186} INFO - Started process (PID=654) to work on /home/airflow/.local/lib/python3.12/site-packages/airflow/example_dags/example_nested_branch_dag.py
[2025-01-08T10:43:50.001+0000] {processor.py:914} INFO - Processing file /home/airflow/.local/lib/python3.12/site-packages/airflow/example_dags/example_nested_branch_dag.py for tasks to queue
[2025-01-08T10:43:50.003+0000] {logging_mixin.py:190} INFO - [2025-01-08T10:43:50.003+0000] {dagbag.py:588} INFO - Filling up the DagBag from /home/airflow/.local/lib/python3.12/site-packages/airflow/example_dags/example_nested_branch_dag.py
[2025-01-08T10:43:50.014+0000] {processor.py:925} INFO - DAG(s) 'example_nested_branch_dag' retrieved from /home/airflow/.local/lib/python3.12/site-packages/airflow/example_dags/example_nested_branch_dag.py
[2025-01-08T10:43:50.039+0000] {logging_mixin.py:190} INFO - [2025-01-08T10:43:50.039+0000] {dag.py:3239} INFO - Sync 1 DAGs
[2025-01-08T10:43:50.070+0000] {logging_mixin.py:190} INFO - [2025-01-08T10:43:50.070+0000] {dag.py:4180} INFO - Setting next_dagrun for example_nested_branch_dag to 2025-01-07 00:00:00+00:00, run_after=2025-01-08 00:00:00+00:00
[2025-01-08T10:43:50.096+0000] {processor.py:208} INFO - Processing /home/airflow/.local/lib/python3.12/site-packages/airflow/example_dags/example_nested_branch_dag.py took 0.102 seconds
[2025-01-08T10:44:21.136+0000] {processor.py:186} INFO - Started process (PID=956) to work on /home/airflow/.local/lib/python3.12/site-packages/airflow/example_dags/example_nested_branch_dag.py
[2025-01-08T10:44:21.137+0000] {processor.py:914} INFO - Processing file /home/airflow/.local/lib/python3.12/site-packages/airflow/example_dags/example_nested_branch_dag.py for tasks to queue
[2025-01-08T10:44:21.139+0000] {logging_mixin.py:190} INFO - [2025-01-08T10:44:21.139+0000] {dagbag.py:588} INFO - Filling up the DagBag from /home/airflow/.local/lib/python3.12/site-packages/airflow/example_dags/example_nested_branch_dag.py
[2025-01-08T10:44:21.150+0000] {processor.py:925} INFO - DAG(s) 'example_nested_branch_dag' retrieved from /home/airflow/.local/lib/python3.12/site-packages/airflow/example_dags/example_nested_branch_dag.py
[2025-01-08T10:44:21.173+0000] {logging_mixin.py:190} INFO - [2025-01-08T10:44:21.172+0000] {dag.py:3239} INFO - Sync 1 DAGs
[2025-01-08T10:44:21.200+0000] {logging_mixin.py:190} INFO - [2025-01-08T10:44:21.200+0000] {dag.py:4180} INFO - Setting next_dagrun for example_nested_branch_dag to 2025-01-07 00:00:00+00:00, run_after=2025-01-08 00:00:00+00:00
[2025-01-08T10:44:21.223+0000] {processor.py:208} INFO - Processing /home/airflow/.local/lib/python3.12/site-packages/airflow/example_dags/example_nested_branch_dag.py took 0.092 seconds
[2025-01-08T10:44:51.947+0000] {processor.py:186} INFO - Started process (PID=1255) to work on /home/airflow/.local/lib/python3.12/site-packages/airflow/example_dags/example_nested_branch_dag.py
[2025-01-08T10:44:51.948+0000] {processor.py:914} INFO - Processing file /home/airflow/.local/lib/python3.12/site-packages/airflow/example_dags/example_nested_branch_dag.py for tasks to queue
[2025-01-08T10:44:51.950+0000] {logging_mixin.py:190} INFO - [2025-01-08T10:44:51.950+0000] {dagbag.py:588} INFO - Filling up the DagBag from /home/airflow/.local/lib/python3.12/site-packages/airflow/example_dags/example_nested_branch_dag.py
[2025-01-08T10:44:51.964+0000] {processor.py:925} INFO - DAG(s) 'example_nested_branch_dag' retrieved from /home/airflow/.local/lib/python3.12/site-packages/airflow/example_dags/example_nested_branch_dag.py
[2025-01-08T10:44:51.989+0000] {logging_mixin.py:190} INFO - [2025-01-08T10:44:51.989+0000] {dag.py:3239} INFO - Sync 1 DAGs
[2025-01-08T10:44:52.018+0000] {logging_mixin.py:190} INFO - [2025-01-08T10:44:52.017+0000] {dag.py:4180} INFO - Setting next_dagrun for example_nested_branch_dag to 2025-01-07 00:00:00+00:00, run_after=2025-01-08 00:00:00+00:00
[2025-01-08T10:44:52.042+0000] {processor.py:208} INFO - Processing /home/airflow/.local/lib/python3.12/site-packages/airflow/example_dags/example_nested_branch_dag.py took 0.102 seconds
[2025-01-08T10:45:22.742+0000] {processor.py:186} INFO - Started process (PID=1556) to work on /home/airflow/.local/lib/python3.12/site-packages/airflow/example_dags/example_nested_branch_dag.py
[2025-01-08T10:45:22.743+0000] {processor.py:914} INFO - Processing file /home/airflow/.local/lib/python3.12/site-packages/airflow/example_dags/example_nested_branch_dag.py for tasks to queue
[2025-01-08T10:45:22.745+0000] {logging_mixin.py:190} INFO - [2025-01-08T10:45:22.745+0000] {dagbag.py:588} INFO - Filling up the DagBag from /home/airflow/.local/lib/python3.12/site-packages/airflow/example_dags/example_nested_branch_dag.py
[2025-01-08T10:45:22.757+0000] {processor.py:925} INFO - DAG(s) 'example_nested_branch_dag' retrieved from /home/airflow/.local/lib/python3.12/site-packages/airflow/example_dags/example_nested_branch_dag.py
[2025-01-08T10:45:22.776+0000] {logging_mixin.py:190} INFO - [2025-01-08T10:45:22.776+0000] {dag.py:3239} INFO - Sync 1 DAGs
[2025-01-08T10:45:22.800+0000] {logging_mixin.py:190} INFO - [2025-01-08T10:45:22.799+0000] {dag.py:4180} INFO - Setting next_dagrun for example_nested_branch_dag to 2025-01-07 00:00:00+00:00, run_after=2025-01-08 00:00:00+00:00
[2025-01-08T10:45:22.821+0000] {processor.py:208} INFO - Processing /home/airflow/.local/lib/python3.12/site-packages/airflow/example_dags/example_nested_branch_dag.py took 0.085 seconds
[2025-01-08T10:45:53.467+0000] {processor.py:186} INFO - Started process (PID=1857) to work on /home/airflow/.local/lib/python3.12/site-packages/airflow/example_dags/example_nested_branch_dag.py
[2025-01-08T10:45:53.468+0000] {processor.py:914} INFO - Processing file /home/airflow/.local/lib/python3.12/site-packages/airflow/example_dags/example_nested_branch_dag.py for tasks to queue
[2025-01-08T10:45:53.470+0000] {logging_mixin.py:190} INFO - [2025-01-08T10:45:53.470+0000] {dagbag.py:588} INFO - Filling up the DagBag from /home/airflow/.local/lib/python3.12/site-packages/airflow/example_dags/example_nested_branch_dag.py
[2025-01-08T10:45:53.480+0000] {processor.py:925} INFO - DAG(s) 'example_nested_branch_dag' retrieved from /home/airflow/.local/lib/python3.12/site-packages/airflow/example_dags/example_nested_branch_dag.py
[2025-01-08T10:45:53.500+0000] {logging_mixin.py:190} INFO - [2025-01-08T10:45:53.499+0000] {dag.py:3239} INFO - Sync 1 DAGs
[2025-01-08T10:45:53.522+0000] {logging_mixin.py:190} INFO - [2025-01-08T10:45:53.522+0000] {dag.py:4180} INFO - Setting next_dagrun for example_nested_branch_dag to 2025-01-07 00:00:00+00:00, run_after=2025-01-08 00:00:00+00:00
[2025-01-08T10:45:53.543+0000] {processor.py:208} INFO - Processing /home/airflow/.local/lib/python3.12/site-packages/airflow/example_dags/example_nested_branch_dag.py took 0.081 seconds
[2025-01-08T10:46:23.821+0000] {processor.py:186} INFO - Started process (PID=2153) to work on /home/airflow/.local/lib/python3.12/site-packages/airflow/example_dags/example_nested_branch_dag.py
[2025-01-08T10:46:23.822+0000] {processor.py:914} INFO - Processing file /home/airflow/.local/lib/python3.12/site-packages/airflow/example_dags/example_nested_branch_dag.py for tasks to queue
[2025-01-08T10:46:23.824+0000] {logging_mixin.py:190} INFO - [2025-01-08T10:46:23.824+0000] {dagbag.py:588} INFO - Filling up the DagBag from /home/airflow/.local/lib/python3.12/site-packages/airflow/example_dags/example_nested_branch_dag.py
[2025-01-08T10:46:23.834+0000] {processor.py:925} INFO - DAG(s) 'example_nested_branch_dag' retrieved from /home/airflow/.local/lib/python3.12/site-packages/airflow/example_dags/example_nested_branch_dag.py
[2025-01-08T10:46:23.854+0000] {logging_mixin.py:190} INFO - [2025-01-08T10:46:23.854+0000] {dag.py:3239} INFO - Sync 1 DAGs
[2025-01-08T10:46:23.876+0000] {logging_mixin.py:190} INFO - [2025-01-08T10:46:23.876+0000] {dag.py:4180} INFO - Setting next_dagrun for example_nested_branch_dag to 2025-01-07 00:00:00+00:00, run_after=2025-01-08 00:00:00+00:00
[2025-01-08T10:46:23.896+0000] {processor.py:208} INFO - Processing /home/airflow/.local/lib/python3.12/site-packages/airflow/example_dags/example_nested_branch_dag.py took 0.080 seconds
[2025-01-08T10:46:54.071+0000] {processor.py:186} INFO - Started process (PID=2454) to work on /home/airflow/.local/lib/python3.12/site-packages/airflow/example_dags/example_nested_branch_dag.py
[2025-01-08T10:46:54.072+0000] {processor.py:914} INFO - Processing file /home/airflow/.local/lib/python3.12/site-packages/airflow/example_dags/example_nested_branch_dag.py for tasks to queue
[2025-01-08T10:46:54.074+0000] {logging_mixin.py:190} INFO - [2025-01-08T10:46:54.074+0000] {dagbag.py:588} INFO - Filling up the DagBag from /home/airflow/.local/lib/python3.12/site-packages/airflow/example_dags/example_nested_branch_dag.py
[2025-01-08T10:46:54.085+0000] {processor.py:925} INFO - DAG(s) 'example_nested_branch_dag' retrieved from /home/airflow/.local/lib/python3.12/site-packages/airflow/example_dags/example_nested_branch_dag.py
[2025-01-08T10:46:54.107+0000] {logging_mixin.py:190} INFO - [2025-01-08T10:46:54.107+0000] {dag.py:3239} INFO - Sync 1 DAGs
[2025-01-08T10:46:54.131+0000] {logging_mixin.py:190} INFO - [2025-01-08T10:46:54.131+0000] {dag.py:4180} INFO - Setting next_dagrun for example_nested_branch_dag to 2025-01-07 00:00:00+00:00, run_after=2025-01-08 00:00:00+00:00
[2025-01-08T10:46:54.151+0000] {processor.py:208} INFO - Processing /home/airflow/.local/lib/python3.12/site-packages/airflow/example_dags/example_nested_branch_dag.py took 0.087 seconds
[2025-01-08T10:47:24.397+0000] {processor.py:186} INFO - Started process (PID=2752) to work on /home/airflow/.local/lib/python3.12/site-packages/airflow/example_dags/example_nested_branch_dag.py
[2025-01-08T10:47:24.397+0000] {processor.py:914} INFO - Processing file /home/airflow/.local/lib/python3.12/site-packages/airflow/example_dags/example_nested_branch_dag.py for tasks to queue
[2025-01-08T10:47:24.399+0000] {logging_mixin.py:190} INFO - [2025-01-08T10:47:24.399+0000] {dagbag.py:588} INFO - Filling up the DagBag from /home/airflow/.local/lib/python3.12/site-packages/airflow/example_dags/example_nested_branch_dag.py
[2025-01-08T10:47:24.410+0000] {processor.py:925} INFO - DAG(s) 'example_nested_branch_dag' retrieved from /home/airflow/.local/lib/python3.12/site-packages/airflow/example_dags/example_nested_branch_dag.py
[2025-01-08T10:47:24.428+0000] {logging_mixin.py:190} INFO - [2025-01-08T10:47:24.427+0000] {dag.py:3239} INFO - Sync 1 DAGs
[2025-01-08T10:47:24.448+0000] {logging_mixin.py:190} INFO - [2025-01-08T10:47:24.448+0000] {dag.py:4180} INFO - Setting next_dagrun for example_nested_branch_dag to 2025-01-07 00:00:00+00:00, run_after=2025-01-08 00:00:00+00:00
[2025-01-08T10:47:24.468+0000] {processor.py:208} INFO - Processing /home/airflow/.local/lib/python3.12/site-packages/airflow/example_dags/example_nested_branch_dag.py took 0.077 seconds
[2025-01-08T10:47:54.996+0000] {processor.py:186} INFO - Started process (PID=3053) to work on /home/airflow/.local/lib/python3.12/site-packages/airflow/example_dags/example_nested_branch_dag.py
[2025-01-08T10:47:54.997+0000] {processor.py:914} INFO - Processing file /home/airflow/.local/lib/python3.12/site-packages/airflow/example_dags/example_nested_branch_dag.py for tasks to queue
[2025-01-08T10:47:54.999+0000] {logging_mixin.py:190} INFO - [2025-01-08T10:47:54.999+0000] {dagbag.py:588} INFO - Filling up the DagBag from /home/airflow/.local/lib/python3.12/site-packages/airflow/example_dags/example_nested_branch_dag.py
[2025-01-08T10:47:55.014+0000] {processor.py:925} INFO - DAG(s) 'example_nested_branch_dag' retrieved from /home/airflow/.local/lib/python3.12/site-packages/airflow/example_dags/example_nested_branch_dag.py
[2025-01-08T10:47:55.035+0000] {logging_mixin.py:190} INFO - [2025-01-08T10:47:55.035+0000] {dag.py:3239} INFO - Sync 1 DAGs
[2025-01-08T10:47:55.061+0000] {logging_mixin.py:190} INFO - [2025-01-08T10:47:55.060+0000] {dag.py:4180} INFO - Setting next_dagrun for example_nested_branch_dag to 2025-01-07 00:00:00+00:00, run_after=2025-01-08 00:00:00+00:00
[2025-01-08T10:47:55.083+0000] {processor.py:208} INFO - Processing /home/airflow/.local/lib/python3.12/site-packages/airflow/example_dags/example_nested_branch_dag.py took 0.092 seconds
