[2025-01-08T10:35:17.470+0000] {processor.py:186} INFO - Started process (PID=412) to work on /home/airflow/.local/lib/python3.12/site-packages/airflow/example_dags/example_trigger_controller_dag.py
[2025-01-08T10:35:17.471+0000] {processor.py:914} INFO - Processing file /home/airflow/.local/lib/python3.12/site-packages/airflow/example_dags/example_trigger_controller_dag.py for tasks to queue
[2025-01-08T10:35:17.473+0000] {logging_mixin.py:190} INFO - [2025-01-08T10:35:17.473+0000] {dagbag.py:588} INFO - Filling up the DagBag from /home/airflow/.local/lib/python3.12/site-packages/airflow/example_dags/example_trigger_controller_dag.py
[2025-01-08T10:35:17.482+0000] {processor.py:925} INFO - DAG(s) 'example_trigger_controller_dag' retrieved from /home/airflow/.local/lib/python3.12/site-packages/airflow/example_dags/example_trigger_controller_dag.py
[2025-01-08T10:35:17.627+0000] {logging_mixin.py:190} INFO - [2025-01-08T10:35:17.627+0000] {override.py:1911} INFO - Created Permission View: can delete on DAG:example_trigger_controller_dag
[2025-01-08T10:35:17.641+0000] {logging_mixin.py:190} INFO - [2025-01-08T10:35:17.641+0000] {override.py:1911} INFO - Created Permission View: can read on DAG:example_trigger_controller_dag
[2025-01-08T10:35:17.651+0000] {logging_mixin.py:190} INFO - [2025-01-08T10:35:17.651+0000] {override.py:1911} INFO - Created Permission View: can edit on DAG:example_trigger_controller_dag
[2025-01-08T10:35:17.668+0000] {logging_mixin.py:190} INFO - [2025-01-08T10:35:17.668+0000] {override.py:1911} INFO - Created Permission View: menu access on DAG Run:example_trigger_controller_dag
[2025-01-08T10:35:17.678+0000] {logging_mixin.py:190} INFO - [2025-01-08T10:35:17.678+0000] {override.py:1911} INFO - Created Permission View: can create on DAG Run:example_trigger_controller_dag
[2025-01-08T10:35:17.689+0000] {logging_mixin.py:190} INFO - [2025-01-08T10:35:17.688+0000] {override.py:1911} INFO - Created Permission View: can read on DAG Run:example_trigger_controller_dag
[2025-01-08T10:35:17.700+0000] {logging_mixin.py:190} INFO - [2025-01-08T10:35:17.700+0000] {override.py:1911} INFO - Created Permission View: can delete on DAG Run:example_trigger_controller_dag
[2025-01-08T10:35:17.701+0000] {logging_mixin.py:190} INFO - [2025-01-08T10:35:17.700+0000] {dag.py:3239} INFO - Sync 1 DAGs
[2025-01-08T10:35:17.719+0000] {logging_mixin.py:190} INFO - [2025-01-08T10:35:17.719+0000] {dag.py:3262} INFO - Creating ORM DAG for example_trigger_controller_dag
[2025-01-08T10:35:17.731+0000] {logging_mixin.py:190} INFO - [2025-01-08T10:35:17.731+0000] {dag.py:4180} INFO - Setting next_dagrun for example_trigger_controller_dag to 2021-01-01 00:00:00+00:00, run_after=2021-01-01 00:00:00+00:00
[2025-01-08T10:35:17.753+0000] {processor.py:208} INFO - Processing /home/airflow/.local/lib/python3.12/site-packages/airflow/example_dags/example_trigger_controller_dag.py took 0.291 seconds
[2025-01-08T10:35:51.324+0000] {processor.py:186} INFO - Started process (PID=713) to work on /home/airflow/.local/lib/python3.12/site-packages/airflow/example_dags/example_trigger_controller_dag.py
[2025-01-08T10:35:51.326+0000] {processor.py:914} INFO - Processing file /home/airflow/.local/lib/python3.12/site-packages/airflow/example_dags/example_trigger_controller_dag.py for tasks to queue
[2025-01-08T10:35:51.336+0000] {logging_mixin.py:190} INFO - [2025-01-08T10:35:51.336+0000] {dagbag.py:588} INFO - Filling up the DagBag from /home/airflow/.local/lib/python3.12/site-packages/airflow/example_dags/example_trigger_controller_dag.py
[2025-01-08T10:35:51.353+0000] {processor.py:925} INFO - DAG(s) 'example_trigger_controller_dag' retrieved from /home/airflow/.local/lib/python3.12/site-packages/airflow/example_dags/example_trigger_controller_dag.py
[2025-01-08T10:35:51.395+0000] {logging_mixin.py:190} INFO - [2025-01-08T10:35:51.395+0000] {dag.py:3239} INFO - Sync 1 DAGs
[2025-01-08T10:35:51.454+0000] {logging_mixin.py:190} INFO - [2025-01-08T10:35:51.453+0000] {dag.py:4180} INFO - Setting next_dagrun for example_trigger_controller_dag to 2021-01-01 00:00:00+00:00, run_after=2021-01-01 00:00:00+00:00
[2025-01-08T10:35:51.509+0000] {processor.py:208} INFO - Processing /home/airflow/.local/lib/python3.12/site-packages/airflow/example_dags/example_trigger_controller_dag.py took 0.196 seconds
[2025-01-08T10:36:26.217+0000] {processor.py:186} INFO - Started process (PID=1020) to work on /home/airflow/.local/lib/python3.12/site-packages/airflow/example_dags/example_trigger_controller_dag.py
[2025-01-08T10:36:26.221+0000] {processor.py:914} INFO - Processing file /home/airflow/.local/lib/python3.12/site-packages/airflow/example_dags/example_trigger_controller_dag.py for tasks to queue
[2025-01-08T10:36:26.227+0000] {logging_mixin.py:190} INFO - [2025-01-08T10:36:26.227+0000] {dagbag.py:588} INFO - Filling up the DagBag from /home/airflow/.local/lib/python3.12/site-packages/airflow/example_dags/example_trigger_controller_dag.py
[2025-01-08T10:36:26.248+0000] {processor.py:925} INFO - DAG(s) 'example_trigger_controller_dag' retrieved from /home/airflow/.local/lib/python3.12/site-packages/airflow/example_dags/example_trigger_controller_dag.py
[2025-01-08T10:36:26.283+0000] {logging_mixin.py:190} INFO - [2025-01-08T10:36:26.282+0000] {dag.py:3239} INFO - Sync 1 DAGs
[2025-01-08T10:36:26.343+0000] {logging_mixin.py:190} INFO - [2025-01-08T10:36:26.342+0000] {dag.py:4180} INFO - Setting next_dagrun for example_trigger_controller_dag to 2021-01-01 00:00:00+00:00, run_after=2021-01-01 00:00:00+00:00
[2025-01-08T10:36:26.392+0000] {processor.py:208} INFO - Processing /home/airflow/.local/lib/python3.12/site-packages/airflow/example_dags/example_trigger_controller_dag.py took 0.188 seconds
[2025-01-08T10:36:57.071+0000] {processor.py:186} INFO - Started process (PID=1321) to work on /home/airflow/.local/lib/python3.12/site-packages/airflow/example_dags/example_trigger_controller_dag.py
[2025-01-08T10:36:57.071+0000] {processor.py:914} INFO - Processing file /home/airflow/.local/lib/python3.12/site-packages/airflow/example_dags/example_trigger_controller_dag.py for tasks to queue
[2025-01-08T10:36:57.074+0000] {logging_mixin.py:190} INFO - [2025-01-08T10:36:57.074+0000] {dagbag.py:588} INFO - Filling up the DagBag from /home/airflow/.local/lib/python3.12/site-packages/airflow/example_dags/example_trigger_controller_dag.py
[2025-01-08T10:36:57.083+0000] {processor.py:925} INFO - DAG(s) 'example_trigger_controller_dag' retrieved from /home/airflow/.local/lib/python3.12/site-packages/airflow/example_dags/example_trigger_controller_dag.py
[2025-01-08T10:36:57.121+0000] {logging_mixin.py:190} INFO - [2025-01-08T10:36:57.121+0000] {dag.py:3239} INFO - Sync 1 DAGs
[2025-01-08T10:36:57.184+0000] {logging_mixin.py:190} INFO - [2025-01-08T10:36:57.184+0000] {dag.py:4180} INFO - Setting next_dagrun for example_trigger_controller_dag to 2021-01-01 00:00:00+00:00, run_after=2021-01-01 00:00:00+00:00
[2025-01-08T10:36:57.220+0000] {processor.py:208} INFO - Processing /home/airflow/.local/lib/python3.12/site-packages/airflow/example_dags/example_trigger_controller_dag.py took 0.159 seconds
[2025-01-08T10:37:28.443+0000] {processor.py:186} INFO - Started process (PID=1622) to work on /home/airflow/.local/lib/python3.12/site-packages/airflow/example_dags/example_trigger_controller_dag.py
[2025-01-08T10:37:28.444+0000] {processor.py:914} INFO - Processing file /home/airflow/.local/lib/python3.12/site-packages/airflow/example_dags/example_trigger_controller_dag.py for tasks to queue
[2025-01-08T10:37:28.448+0000] {logging_mixin.py:190} INFO - [2025-01-08T10:37:28.447+0000] {dagbag.py:588} INFO - Filling up the DagBag from /home/airflow/.local/lib/python3.12/site-packages/airflow/example_dags/example_trigger_controller_dag.py
[2025-01-08T10:37:28.458+0000] {processor.py:925} INFO - DAG(s) 'example_trigger_controller_dag' retrieved from /home/airflow/.local/lib/python3.12/site-packages/airflow/example_dags/example_trigger_controller_dag.py
[2025-01-08T10:37:28.484+0000] {logging_mixin.py:190} INFO - [2025-01-08T10:37:28.484+0000] {dag.py:3239} INFO - Sync 1 DAGs
[2025-01-08T10:37:28.519+0000] {logging_mixin.py:190} INFO - [2025-01-08T10:37:28.519+0000] {dag.py:4180} INFO - Setting next_dagrun for example_trigger_controller_dag to 2021-01-01 00:00:00+00:00, run_after=2021-01-01 00:00:00+00:00
[2025-01-08T10:37:28.552+0000] {processor.py:208} INFO - Processing /home/airflow/.local/lib/python3.12/site-packages/airflow/example_dags/example_trigger_controller_dag.py took 0.118 seconds
[2025-01-08T10:38:01.749+0000] {processor.py:186} INFO - Started process (PID=1923) to work on /home/airflow/.local/lib/python3.12/site-packages/airflow/example_dags/example_trigger_controller_dag.py
[2025-01-08T10:38:01.752+0000] {processor.py:914} INFO - Processing file /home/airflow/.local/lib/python3.12/site-packages/airflow/example_dags/example_trigger_controller_dag.py for tasks to queue
[2025-01-08T10:38:01.759+0000] {logging_mixin.py:190} INFO - [2025-01-08T10:38:01.759+0000] {dagbag.py:588} INFO - Filling up the DagBag from /home/airflow/.local/lib/python3.12/site-packages/airflow/example_dags/example_trigger_controller_dag.py
[2025-01-08T10:38:01.778+0000] {processor.py:925} INFO - DAG(s) 'example_trigger_controller_dag' retrieved from /home/airflow/.local/lib/python3.12/site-packages/airflow/example_dags/example_trigger_controller_dag.py
[2025-01-08T10:38:01.810+0000] {logging_mixin.py:190} INFO - [2025-01-08T10:38:01.809+0000] {dag.py:3239} INFO - Sync 1 DAGs
[2025-01-08T10:38:01.859+0000] {logging_mixin.py:190} INFO - [2025-01-08T10:38:01.858+0000] {dag.py:4180} INFO - Setting next_dagrun for example_trigger_controller_dag to 2021-01-01 00:00:00+00:00, run_after=2021-01-01 00:00:00+00:00
[2025-01-08T10:38:01.901+0000] {processor.py:208} INFO - Processing /home/airflow/.local/lib/python3.12/site-packages/airflow/example_dags/example_trigger_controller_dag.py took 0.169 seconds
[2025-01-08T10:38:34.051+0000] {processor.py:186} INFO - Started process (PID=2223) to work on /home/airflow/.local/lib/python3.12/site-packages/airflow/example_dags/example_trigger_controller_dag.py
[2025-01-08T10:38:34.055+0000] {processor.py:914} INFO - Processing file /home/airflow/.local/lib/python3.12/site-packages/airflow/example_dags/example_trigger_controller_dag.py for tasks to queue
[2025-01-08T10:38:34.067+0000] {logging_mixin.py:190} INFO - [2025-01-08T10:38:34.066+0000] {dagbag.py:588} INFO - Filling up the DagBag from /home/airflow/.local/lib/python3.12/site-packages/airflow/example_dags/example_trigger_controller_dag.py
[2025-01-08T10:38:34.081+0000] {processor.py:925} INFO - DAG(s) 'example_trigger_controller_dag' retrieved from /home/airflow/.local/lib/python3.12/site-packages/airflow/example_dags/example_trigger_controller_dag.py
[2025-01-08T10:38:34.125+0000] {logging_mixin.py:190} INFO - [2025-01-08T10:38:34.124+0000] {dag.py:3239} INFO - Sync 1 DAGs
[2025-01-08T10:38:34.185+0000] {logging_mixin.py:190} INFO - [2025-01-08T10:38:34.184+0000] {dag.py:4180} INFO - Setting next_dagrun for example_trigger_controller_dag to 2021-01-01 00:00:00+00:00, run_after=2021-01-01 00:00:00+00:00
[2025-01-08T10:38:34.244+0000] {processor.py:208} INFO - Processing /home/airflow/.local/lib/python3.12/site-packages/airflow/example_dags/example_trigger_controller_dag.py took 0.207 seconds
[2025-01-08T10:39:05.173+0000] {processor.py:186} INFO - Started process (PID=2524) to work on /home/airflow/.local/lib/python3.12/site-packages/airflow/example_dags/example_trigger_controller_dag.py
[2025-01-08T10:39:05.175+0000] {processor.py:914} INFO - Processing file /home/airflow/.local/lib/python3.12/site-packages/airflow/example_dags/example_trigger_controller_dag.py for tasks to queue
[2025-01-08T10:39:05.178+0000] {logging_mixin.py:190} INFO - [2025-01-08T10:39:05.177+0000] {dagbag.py:588} INFO - Filling up the DagBag from /home/airflow/.local/lib/python3.12/site-packages/airflow/example_dags/example_trigger_controller_dag.py
[2025-01-08T10:39:05.189+0000] {processor.py:925} INFO - DAG(s) 'example_trigger_controller_dag' retrieved from /home/airflow/.local/lib/python3.12/site-packages/airflow/example_dags/example_trigger_controller_dag.py
[2025-01-08T10:39:05.219+0000] {logging_mixin.py:190} INFO - [2025-01-08T10:39:05.219+0000] {dag.py:3239} INFO - Sync 1 DAGs
[2025-01-08T10:39:05.253+0000] {logging_mixin.py:190} INFO - [2025-01-08T10:39:05.253+0000] {dag.py:4180} INFO - Setting next_dagrun for example_trigger_controller_dag to 2021-01-01 00:00:00+00:00, run_after=2021-01-01 00:00:00+00:00
[2025-01-08T10:39:05.290+0000] {processor.py:208} INFO - Processing /home/airflow/.local/lib/python3.12/site-packages/airflow/example_dags/example_trigger_controller_dag.py took 0.125 seconds
[2025-01-08T10:39:40.711+0000] {processor.py:186} INFO - Started process (PID=2835) to work on /home/airflow/.local/lib/python3.12/site-packages/airflow/example_dags/example_trigger_controller_dag.py
[2025-01-08T10:39:40.718+0000] {processor.py:914} INFO - Processing file /home/airflow/.local/lib/python3.12/site-packages/airflow/example_dags/example_trigger_controller_dag.py for tasks to queue
[2025-01-08T10:39:40.723+0000] {logging_mixin.py:190} INFO - [2025-01-08T10:39:40.722+0000] {dagbag.py:588} INFO - Filling up the DagBag from /home/airflow/.local/lib/python3.12/site-packages/airflow/example_dags/example_trigger_controller_dag.py
[2025-01-08T10:39:40.745+0000] {processor.py:925} INFO - DAG(s) 'example_trigger_controller_dag' retrieved from /home/airflow/.local/lib/python3.12/site-packages/airflow/example_dags/example_trigger_controller_dag.py
[2025-01-08T10:39:40.796+0000] {logging_mixin.py:190} INFO - [2025-01-08T10:39:40.794+0000] {dag.py:3239} INFO - Sync 1 DAGs
[2025-01-08T10:39:40.875+0000] {logging_mixin.py:190} INFO - [2025-01-08T10:39:40.875+0000] {dag.py:4180} INFO - Setting next_dagrun for example_trigger_controller_dag to 2021-01-01 00:00:00+00:00, run_after=2021-01-01 00:00:00+00:00
[2025-01-08T10:39:40.937+0000] {processor.py:208} INFO - Processing /home/airflow/.local/lib/python3.12/site-packages/airflow/example_dags/example_trigger_controller_dag.py took 0.248 seconds
[2025-01-08T10:40:16.117+0000] {processor.py:186} INFO - Started process (PID=3138) to work on /home/airflow/.local/lib/python3.12/site-packages/airflow/example_dags/example_trigger_controller_dag.py
[2025-01-08T10:40:16.119+0000] {processor.py:914} INFO - Processing file /home/airflow/.local/lib/python3.12/site-packages/airflow/example_dags/example_trigger_controller_dag.py for tasks to queue
[2025-01-08T10:40:16.122+0000] {logging_mixin.py:190} INFO - [2025-01-08T10:40:16.122+0000] {dagbag.py:588} INFO - Filling up the DagBag from /home/airflow/.local/lib/python3.12/site-packages/airflow/example_dags/example_trigger_controller_dag.py
[2025-01-08T10:40:16.142+0000] {processor.py:925} INFO - DAG(s) 'example_trigger_controller_dag' retrieved from /home/airflow/.local/lib/python3.12/site-packages/airflow/example_dags/example_trigger_controller_dag.py
[2025-01-08T10:40:16.177+0000] {logging_mixin.py:190} INFO - [2025-01-08T10:40:16.177+0000] {dag.py:3239} INFO - Sync 1 DAGs
[2025-01-08T10:40:16.234+0000] {logging_mixin.py:190} INFO - [2025-01-08T10:40:16.234+0000] {dag.py:4180} INFO - Setting next_dagrun for example_trigger_controller_dag to 2021-01-01 00:00:00+00:00, run_after=2021-01-01 00:00:00+00:00
[2025-01-08T10:40:16.279+0000] {processor.py:208} INFO - Processing /home/airflow/.local/lib/python3.12/site-packages/airflow/example_dags/example_trigger_controller_dag.py took 0.179 seconds
[2025-01-08T10:43:21.124+0000] {processor.py:186} INFO - Started process (PID=413) to work on /home/airflow/.local/lib/python3.12/site-packages/airflow/example_dags/example_trigger_controller_dag.py
[2025-01-08T10:43:21.126+0000] {processor.py:914} INFO - Processing file /home/airflow/.local/lib/python3.12/site-packages/airflow/example_dags/example_trigger_controller_dag.py for tasks to queue
[2025-01-08T10:43:21.130+0000] {logging_mixin.py:190} INFO - [2025-01-08T10:43:21.129+0000] {dagbag.py:588} INFO - Filling up the DagBag from /home/airflow/.local/lib/python3.12/site-packages/airflow/example_dags/example_trigger_controller_dag.py
[2025-01-08T10:43:21.142+0000] {processor.py:925} INFO - DAG(s) 'example_trigger_controller_dag' retrieved from /home/airflow/.local/lib/python3.12/site-packages/airflow/example_dags/example_trigger_controller_dag.py
[2025-01-08T10:43:21.179+0000] {logging_mixin.py:190} INFO - [2025-01-08T10:43:21.178+0000] {dag.py:3239} INFO - Sync 1 DAGs
[2025-01-08T10:43:21.227+0000] {logging_mixin.py:190} INFO - [2025-01-08T10:43:21.226+0000] {dag.py:4180} INFO - Setting next_dagrun for example_trigger_controller_dag to 2021-01-01 00:00:00+00:00, run_after=2021-01-01 00:00:00+00:00
[2025-01-08T10:43:21.267+0000] {processor.py:208} INFO - Processing /home/airflow/.local/lib/python3.12/site-packages/airflow/example_dags/example_trigger_controller_dag.py took 0.154 seconds
[2025-01-08T10:43:52.367+0000] {processor.py:186} INFO - Started process (PID=714) to work on /home/airflow/.local/lib/python3.12/site-packages/airflow/example_dags/example_trigger_controller_dag.py
[2025-01-08T10:43:52.369+0000] {processor.py:914} INFO - Processing file /home/airflow/.local/lib/python3.12/site-packages/airflow/example_dags/example_trigger_controller_dag.py for tasks to queue
[2025-01-08T10:43:52.371+0000] {logging_mixin.py:190} INFO - [2025-01-08T10:43:52.371+0000] {dagbag.py:588} INFO - Filling up the DagBag from /home/airflow/.local/lib/python3.12/site-packages/airflow/example_dags/example_trigger_controller_dag.py
[2025-01-08T10:43:52.377+0000] {processor.py:925} INFO - DAG(s) 'example_trigger_controller_dag' retrieved from /home/airflow/.local/lib/python3.12/site-packages/airflow/example_dags/example_trigger_controller_dag.py
[2025-01-08T10:43:52.396+0000] {logging_mixin.py:190} INFO - [2025-01-08T10:43:52.396+0000] {dag.py:3239} INFO - Sync 1 DAGs
[2025-01-08T10:43:52.421+0000] {logging_mixin.py:190} INFO - [2025-01-08T10:43:52.421+0000] {dag.py:4180} INFO - Setting next_dagrun for example_trigger_controller_dag to 2021-01-01 00:00:00+00:00, run_after=2021-01-01 00:00:00+00:00
[2025-01-08T10:43:52.444+0000] {processor.py:208} INFO - Processing /home/airflow/.local/lib/python3.12/site-packages/airflow/example_dags/example_trigger_controller_dag.py took 0.083 seconds
[2025-01-08T10:44:23.551+0000] {processor.py:186} INFO - Started process (PID=1016) to work on /home/airflow/.local/lib/python3.12/site-packages/airflow/example_dags/example_trigger_controller_dag.py
[2025-01-08T10:44:23.552+0000] {processor.py:914} INFO - Processing file /home/airflow/.local/lib/python3.12/site-packages/airflow/example_dags/example_trigger_controller_dag.py for tasks to queue
[2025-01-08T10:44:23.555+0000] {logging_mixin.py:190} INFO - [2025-01-08T10:44:23.555+0000] {dagbag.py:588} INFO - Filling up the DagBag from /home/airflow/.local/lib/python3.12/site-packages/airflow/example_dags/example_trigger_controller_dag.py
[2025-01-08T10:44:23.563+0000] {processor.py:925} INFO - DAG(s) 'example_trigger_controller_dag' retrieved from /home/airflow/.local/lib/python3.12/site-packages/airflow/example_dags/example_trigger_controller_dag.py
[2025-01-08T10:44:23.580+0000] {logging_mixin.py:190} INFO - [2025-01-08T10:44:23.580+0000] {dag.py:3239} INFO - Sync 1 DAGs
[2025-01-08T10:44:23.604+0000] {logging_mixin.py:190} INFO - [2025-01-08T10:44:23.603+0000] {dag.py:4180} INFO - Setting next_dagrun for example_trigger_controller_dag to 2021-01-01 00:00:00+00:00, run_after=2021-01-01 00:00:00+00:00
[2025-01-08T10:44:23.626+0000] {processor.py:208} INFO - Processing /home/airflow/.local/lib/python3.12/site-packages/airflow/example_dags/example_trigger_controller_dag.py took 0.081 seconds
[2025-01-08T10:44:54.297+0000] {processor.py:186} INFO - Started process (PID=1317) to work on /home/airflow/.local/lib/python3.12/site-packages/airflow/example_dags/example_trigger_controller_dag.py
[2025-01-08T10:44:54.298+0000] {processor.py:914} INFO - Processing file /home/airflow/.local/lib/python3.12/site-packages/airflow/example_dags/example_trigger_controller_dag.py for tasks to queue
[2025-01-08T10:44:54.300+0000] {logging_mixin.py:190} INFO - [2025-01-08T10:44:54.300+0000] {dagbag.py:588} INFO - Filling up the DagBag from /home/airflow/.local/lib/python3.12/site-packages/airflow/example_dags/example_trigger_controller_dag.py
[2025-01-08T10:44:54.307+0000] {processor.py:925} INFO - DAG(s) 'example_trigger_controller_dag' retrieved from /home/airflow/.local/lib/python3.12/site-packages/airflow/example_dags/example_trigger_controller_dag.py
[2025-01-08T10:44:54.327+0000] {logging_mixin.py:190} INFO - [2025-01-08T10:44:54.326+0000] {dag.py:3239} INFO - Sync 1 DAGs
[2025-01-08T10:44:54.353+0000] {logging_mixin.py:190} INFO - [2025-01-08T10:44:54.353+0000] {dag.py:4180} INFO - Setting next_dagrun for example_trigger_controller_dag to 2021-01-01 00:00:00+00:00, run_after=2021-01-01 00:00:00+00:00
[2025-01-08T10:44:54.374+0000] {processor.py:208} INFO - Processing /home/airflow/.local/lib/python3.12/site-packages/airflow/example_dags/example_trigger_controller_dag.py took 0.084 seconds
[2025-01-08T10:45:25.141+0000] {processor.py:186} INFO - Started process (PID=1616) to work on /home/airflow/.local/lib/python3.12/site-packages/airflow/example_dags/example_trigger_controller_dag.py
[2025-01-08T10:45:25.142+0000] {processor.py:914} INFO - Processing file /home/airflow/.local/lib/python3.12/site-packages/airflow/example_dags/example_trigger_controller_dag.py for tasks to queue
[2025-01-08T10:45:25.145+0000] {logging_mixin.py:190} INFO - [2025-01-08T10:45:25.144+0000] {dagbag.py:588} INFO - Filling up the DagBag from /home/airflow/.local/lib/python3.12/site-packages/airflow/example_dags/example_trigger_controller_dag.py
[2025-01-08T10:45:25.152+0000] {processor.py:925} INFO - DAG(s) 'example_trigger_controller_dag' retrieved from /home/airflow/.local/lib/python3.12/site-packages/airflow/example_dags/example_trigger_controller_dag.py
[2025-01-08T10:45:25.175+0000] {logging_mixin.py:190} INFO - [2025-01-08T10:45:25.175+0000] {dag.py:3239} INFO - Sync 1 DAGs
[2025-01-08T10:45:25.207+0000] {logging_mixin.py:190} INFO - [2025-01-08T10:45:25.207+0000] {dag.py:4180} INFO - Setting next_dagrun for example_trigger_controller_dag to 2021-01-01 00:00:00+00:00, run_after=2021-01-01 00:00:00+00:00
[2025-01-08T10:45:25.249+0000] {processor.py:208} INFO - Processing /home/airflow/.local/lib/python3.12/site-packages/airflow/example_dags/example_trigger_controller_dag.py took 0.115 seconds
[2025-01-08T10:45:55.744+0000] {processor.py:186} INFO - Started process (PID=1917) to work on /home/airflow/.local/lib/python3.12/site-packages/airflow/example_dags/example_trigger_controller_dag.py
[2025-01-08T10:45:55.745+0000] {processor.py:914} INFO - Processing file /home/airflow/.local/lib/python3.12/site-packages/airflow/example_dags/example_trigger_controller_dag.py for tasks to queue
[2025-01-08T10:45:55.747+0000] {logging_mixin.py:190} INFO - [2025-01-08T10:45:55.746+0000] {dagbag.py:588} INFO - Filling up the DagBag from /home/airflow/.local/lib/python3.12/site-packages/airflow/example_dags/example_trigger_controller_dag.py
[2025-01-08T10:45:55.753+0000] {processor.py:925} INFO - DAG(s) 'example_trigger_controller_dag' retrieved from /home/airflow/.local/lib/python3.12/site-packages/airflow/example_dags/example_trigger_controller_dag.py
[2025-01-08T10:45:55.771+0000] {logging_mixin.py:190} INFO - [2025-01-08T10:45:55.771+0000] {dag.py:3239} INFO - Sync 1 DAGs
[2025-01-08T10:45:55.797+0000] {logging_mixin.py:190} INFO - [2025-01-08T10:45:55.796+0000] {dag.py:4180} INFO - Setting next_dagrun for example_trigger_controller_dag to 2021-01-01 00:00:00+00:00, run_after=2021-01-01 00:00:00+00:00
[2025-01-08T10:45:55.820+0000] {processor.py:208} INFO - Processing /home/airflow/.local/lib/python3.12/site-packages/airflow/example_dags/example_trigger_controller_dag.py took 0.082 seconds
[2025-01-08T10:46:26.701+0000] {processor.py:186} INFO - Started process (PID=2218) to work on /home/airflow/.local/lib/python3.12/site-packages/airflow/example_dags/example_trigger_controller_dag.py
[2025-01-08T10:46:26.703+0000] {processor.py:914} INFO - Processing file /home/airflow/.local/lib/python3.12/site-packages/airflow/example_dags/example_trigger_controller_dag.py for tasks to queue
[2025-01-08T10:46:26.707+0000] {logging_mixin.py:190} INFO - [2025-01-08T10:46:26.706+0000] {dagbag.py:588} INFO - Filling up the DagBag from /home/airflow/.local/lib/python3.12/site-packages/airflow/example_dags/example_trigger_controller_dag.py
[2025-01-08T10:46:26.718+0000] {processor.py:925} INFO - DAG(s) 'example_trigger_controller_dag' retrieved from /home/airflow/.local/lib/python3.12/site-packages/airflow/example_dags/example_trigger_controller_dag.py
[2025-01-08T10:46:26.738+0000] {logging_mixin.py:190} INFO - [2025-01-08T10:46:26.738+0000] {dag.py:3239} INFO - Sync 1 DAGs
[2025-01-08T10:46:26.762+0000] {logging_mixin.py:190} INFO - [2025-01-08T10:46:26.762+0000] {dag.py:4180} INFO - Setting next_dagrun for example_trigger_controller_dag to 2021-01-01 00:00:00+00:00, run_after=2021-01-01 00:00:00+00:00
[2025-01-08T10:46:26.785+0000] {processor.py:208} INFO - Processing /home/airflow/.local/lib/python3.12/site-packages/airflow/example_dags/example_trigger_controller_dag.py took 0.097 seconds
[2025-01-08T10:46:57.393+0000] {processor.py:186} INFO - Started process (PID=2519) to work on /home/airflow/.local/lib/python3.12/site-packages/airflow/example_dags/example_trigger_controller_dag.py
[2025-01-08T10:46:57.394+0000] {processor.py:914} INFO - Processing file /home/airflow/.local/lib/python3.12/site-packages/airflow/example_dags/example_trigger_controller_dag.py for tasks to queue
[2025-01-08T10:46:57.396+0000] {logging_mixin.py:190} INFO - [2025-01-08T10:46:57.396+0000] {dagbag.py:588} INFO - Filling up the DagBag from /home/airflow/.local/lib/python3.12/site-packages/airflow/example_dags/example_trigger_controller_dag.py
[2025-01-08T10:46:57.402+0000] {processor.py:925} INFO - DAG(s) 'example_trigger_controller_dag' retrieved from /home/airflow/.local/lib/python3.12/site-packages/airflow/example_dags/example_trigger_controller_dag.py
[2025-01-08T10:46:57.417+0000] {logging_mixin.py:190} INFO - [2025-01-08T10:46:57.417+0000] {dag.py:3239} INFO - Sync 1 DAGs
[2025-01-08T10:46:57.438+0000] {logging_mixin.py:190} INFO - [2025-01-08T10:46:57.438+0000] {dag.py:4180} INFO - Setting next_dagrun for example_trigger_controller_dag to 2021-01-01 00:00:00+00:00, run_after=2021-01-01 00:00:00+00:00
[2025-01-08T10:46:57.458+0000] {processor.py:208} INFO - Processing /home/airflow/.local/lib/python3.12/site-packages/airflow/example_dags/example_trigger_controller_dag.py took 0.070 seconds
[2025-01-08T10:47:28.622+0000] {processor.py:186} INFO - Started process (PID=2820) to work on /home/airflow/.local/lib/python3.12/site-packages/airflow/example_dags/example_trigger_controller_dag.py
[2025-01-08T10:47:28.625+0000] {processor.py:914} INFO - Processing file /home/airflow/.local/lib/python3.12/site-packages/airflow/example_dags/example_trigger_controller_dag.py for tasks to queue
[2025-01-08T10:47:28.627+0000] {logging_mixin.py:190} INFO - [2025-01-08T10:47:28.626+0000] {dagbag.py:588} INFO - Filling up the DagBag from /home/airflow/.local/lib/python3.12/site-packages/airflow/example_dags/example_trigger_controller_dag.py
[2025-01-08T10:47:28.633+0000] {processor.py:925} INFO - DAG(s) 'example_trigger_controller_dag' retrieved from /home/airflow/.local/lib/python3.12/site-packages/airflow/example_dags/example_trigger_controller_dag.py
[2025-01-08T10:47:28.650+0000] {logging_mixin.py:190} INFO - [2025-01-08T10:47:28.650+0000] {dag.py:3239} INFO - Sync 1 DAGs
[2025-01-08T10:47:28.673+0000] {logging_mixin.py:190} INFO - [2025-01-08T10:47:28.673+0000] {dag.py:4180} INFO - Setting next_dagrun for example_trigger_controller_dag to 2021-01-01 00:00:00+00:00, run_after=2021-01-01 00:00:00+00:00
[2025-01-08T10:47:28.691+0000] {processor.py:208} INFO - Processing /home/airflow/.local/lib/python3.12/site-packages/airflow/example_dags/example_trigger_controller_dag.py took 0.075 seconds
[2025-01-08T10:47:59.697+0000] {processor.py:186} INFO - Started process (PID=3123) to work on /home/airflow/.local/lib/python3.12/site-packages/airflow/example_dags/example_trigger_controller_dag.py
[2025-01-08T10:47:59.698+0000] {processor.py:914} INFO - Processing file /home/airflow/.local/lib/python3.12/site-packages/airflow/example_dags/example_trigger_controller_dag.py for tasks to queue
[2025-01-08T10:47:59.700+0000] {logging_mixin.py:190} INFO - [2025-01-08T10:47:59.700+0000] {dagbag.py:588} INFO - Filling up the DagBag from /home/airflow/.local/lib/python3.12/site-packages/airflow/example_dags/example_trigger_controller_dag.py
[2025-01-08T10:47:59.707+0000] {processor.py:925} INFO - DAG(s) 'example_trigger_controller_dag' retrieved from /home/airflow/.local/lib/python3.12/site-packages/airflow/example_dags/example_trigger_controller_dag.py
[2025-01-08T10:47:59.726+0000] {logging_mixin.py:190} INFO - [2025-01-08T10:47:59.726+0000] {dag.py:3239} INFO - Sync 1 DAGs
[2025-01-08T10:47:59.752+0000] {logging_mixin.py:190} INFO - [2025-01-08T10:47:59.752+0000] {dag.py:4180} INFO - Setting next_dagrun for example_trigger_controller_dag to 2021-01-01 00:00:00+00:00, run_after=2021-01-01 00:00:00+00:00
[2025-01-08T10:47:59.773+0000] {processor.py:208} INFO - Processing /home/airflow/.local/lib/python3.12/site-packages/airflow/example_dags/example_trigger_controller_dag.py took 0.082 seconds
