[2025-01-08T10:35:14.125+0000] {processor.py:186} INFO - Started process (PID=362) to work on /home/airflow/.local/lib/python3.12/site-packages/airflow/example_dags/example_sensors.py
[2025-01-08T10:35:14.126+0000] {processor.py:914} INFO - Processing file /home/airflow/.local/lib/python3.12/site-packages/airflow/example_dags/example_sensors.py for tasks to queue
[2025-01-08T10:35:14.132+0000] {logging_mixin.py:190} INFO - [2025-01-08T10:35:14.131+0000] {dagbag.py:588} INFO - Filling up the DagBag from /home/airflow/.local/lib/python3.12/site-packages/airflow/example_dags/example_sensors.py
[2025-01-08T10:35:14.157+0000] {processor.py:925} INFO - DAG(s) 'example_sensors' retrieved from /home/airflow/.local/lib/python3.12/site-packages/airflow/example_dags/example_sensors.py
[2025-01-08T10:35:14.366+0000] {logging_mixin.py:190} INFO - [2025-01-08T10:35:14.365+0000] {override.py:1911} INFO - Created Permission View: can delete on DAG:example_sensors
[2025-01-08T10:35:14.384+0000] {logging_mixin.py:190} INFO - [2025-01-08T10:35:14.383+0000] {override.py:1911} INFO - Created Permission View: can read on DAG:example_sensors
[2025-01-08T10:35:14.401+0000] {logging_mixin.py:190} INFO - [2025-01-08T10:35:14.401+0000] {override.py:1911} INFO - Created Permission View: can edit on DAG:example_sensors
[2025-01-08T10:35:14.428+0000] {logging_mixin.py:190} INFO - [2025-01-08T10:35:14.427+0000] {override.py:1911} INFO - Created Permission View: menu access on DAG Run:example_sensors
[2025-01-08T10:35:14.444+0000] {logging_mixin.py:190} INFO - [2025-01-08T10:35:14.443+0000] {override.py:1911} INFO - Created Permission View: can create on DAG Run:example_sensors
[2025-01-08T10:35:14.467+0000] {logging_mixin.py:190} INFO - [2025-01-08T10:35:14.466+0000] {override.py:1911} INFO - Created Permission View: can read on DAG Run:example_sensors
[2025-01-08T10:35:14.482+0000] {logging_mixin.py:190} INFO - [2025-01-08T10:35:14.481+0000] {override.py:1911} INFO - Created Permission View: can delete on DAG Run:example_sensors
[2025-01-08T10:35:14.483+0000] {logging_mixin.py:190} INFO - [2025-01-08T10:35:14.482+0000] {dag.py:3239} INFO - Sync 1 DAGs
[2025-01-08T10:35:14.522+0000] {logging_mixin.py:190} INFO - [2025-01-08T10:35:14.522+0000] {dag.py:3262} INFO - Creating ORM DAG for example_sensors
[2025-01-08T10:35:14.524+0000] {logging_mixin.py:190} INFO - [2025-01-08T10:35:14.523+0000] {dag.py:4180} INFO - Setting next_dagrun for example_sensors to None, run_after=None
[2025-01-08T10:35:14.588+0000] {processor.py:208} INFO - Processing /home/airflow/.local/lib/python3.12/site-packages/airflow/example_dags/example_sensors.py took 0.474 seconds
[2025-01-08T10:35:48.296+0000] {processor.py:186} INFO - Started process (PID=665) to work on /home/airflow/.local/lib/python3.12/site-packages/airflow/example_dags/example_sensors.py
[2025-01-08T10:35:48.299+0000] {processor.py:914} INFO - Processing file /home/airflow/.local/lib/python3.12/site-packages/airflow/example_dags/example_sensors.py for tasks to queue
[2025-01-08T10:35:48.303+0000] {logging_mixin.py:190} INFO - [2025-01-08T10:35:48.302+0000] {dagbag.py:588} INFO - Filling up the DagBag from /home/airflow/.local/lib/python3.12/site-packages/airflow/example_dags/example_sensors.py
[2025-01-08T10:35:48.330+0000] {processor.py:925} INFO - DAG(s) 'example_sensors' retrieved from /home/airflow/.local/lib/python3.12/site-packages/airflow/example_dags/example_sensors.py
[2025-01-08T10:35:48.400+0000] {logging_mixin.py:190} INFO - [2025-01-08T10:35:48.400+0000] {dag.py:3239} INFO - Sync 1 DAGs
[2025-01-08T10:35:48.436+0000] {logging_mixin.py:190} INFO - [2025-01-08T10:35:48.436+0000] {dag.py:4180} INFO - Setting next_dagrun for example_sensors to None, run_after=None
[2025-01-08T10:35:48.518+0000] {processor.py:208} INFO - Processing /home/airflow/.local/lib/python3.12/site-packages/airflow/example_dags/example_sensors.py took 0.238 seconds
[2025-01-08T10:36:19.364+0000] {processor.py:186} INFO - Started process (PID=964) to work on /home/airflow/.local/lib/python3.12/site-packages/airflow/example_dags/example_sensors.py
[2025-01-08T10:36:19.368+0000] {processor.py:914} INFO - Processing file /home/airflow/.local/lib/python3.12/site-packages/airflow/example_dags/example_sensors.py for tasks to queue
[2025-01-08T10:36:19.376+0000] {logging_mixin.py:190} INFO - [2025-01-08T10:36:19.376+0000] {dagbag.py:588} INFO - Filling up the DagBag from /home/airflow/.local/lib/python3.12/site-packages/airflow/example_dags/example_sensors.py
[2025-01-08T10:36:19.415+0000] {processor.py:925} INFO - DAG(s) 'example_sensors' retrieved from /home/airflow/.local/lib/python3.12/site-packages/airflow/example_dags/example_sensors.py
[2025-01-08T10:36:19.495+0000] {logging_mixin.py:190} INFO - [2025-01-08T10:36:19.494+0000] {dag.py:3239} INFO - Sync 1 DAGs
[2025-01-08T10:36:19.544+0000] {logging_mixin.py:190} INFO - [2025-01-08T10:36:19.543+0000] {dag.py:4180} INFO - Setting next_dagrun for example_sensors to None, run_after=None
[2025-01-08T10:36:23.044+0000] {processor.py:208} INFO - Processing /home/airflow/.local/lib/python3.12/site-packages/airflow/example_dags/example_sensors.py took 3.698 seconds
[2025-01-08T10:36:53.289+0000] {processor.py:186} INFO - Started process (PID=1271) to work on /home/airflow/.local/lib/python3.12/site-packages/airflow/example_dags/example_sensors.py
[2025-01-08T10:36:53.289+0000] {processor.py:914} INFO - Processing file /home/airflow/.local/lib/python3.12/site-packages/airflow/example_dags/example_sensors.py for tasks to queue
[2025-01-08T10:36:53.292+0000] {logging_mixin.py:190} INFO - [2025-01-08T10:36:53.292+0000] {dagbag.py:588} INFO - Filling up the DagBag from /home/airflow/.local/lib/python3.12/site-packages/airflow/example_dags/example_sensors.py
[2025-01-08T10:36:53.307+0000] {processor.py:925} INFO - DAG(s) 'example_sensors' retrieved from /home/airflow/.local/lib/python3.12/site-packages/airflow/example_dags/example_sensors.py
[2025-01-08T10:36:53.346+0000] {logging_mixin.py:190} INFO - [2025-01-08T10:36:53.346+0000] {dag.py:3239} INFO - Sync 1 DAGs
[2025-01-08T10:36:53.368+0000] {logging_mixin.py:190} INFO - [2025-01-08T10:36:53.368+0000] {dag.py:4180} INFO - Setting next_dagrun for example_sensors to None, run_after=None
[2025-01-08T10:36:53.396+0000] {processor.py:208} INFO - Processing /home/airflow/.local/lib/python3.12/site-packages/airflow/example_dags/example_sensors.py took 0.116 seconds
[2025-01-08T10:37:23.587+0000] {processor.py:186} INFO - Started process (PID=1572) to work on /home/airflow/.local/lib/python3.12/site-packages/airflow/example_dags/example_sensors.py
[2025-01-08T10:37:23.589+0000] {processor.py:914} INFO - Processing file /home/airflow/.local/lib/python3.12/site-packages/airflow/example_dags/example_sensors.py for tasks to queue
[2025-01-08T10:37:23.592+0000] {logging_mixin.py:190} INFO - [2025-01-08T10:37:23.592+0000] {dagbag.py:588} INFO - Filling up the DagBag from /home/airflow/.local/lib/python3.12/site-packages/airflow/example_dags/example_sensors.py
[2025-01-08T10:37:23.614+0000] {processor.py:925} INFO - DAG(s) 'example_sensors' retrieved from /home/airflow/.local/lib/python3.12/site-packages/airflow/example_dags/example_sensors.py
[2025-01-08T10:37:23.674+0000] {logging_mixin.py:190} INFO - [2025-01-08T10:37:23.673+0000] {dag.py:3239} INFO - Sync 1 DAGs
[2025-01-08T10:37:23.706+0000] {logging_mixin.py:190} INFO - [2025-01-08T10:37:23.706+0000] {dag.py:4180} INFO - Setting next_dagrun for example_sensors to None, run_after=None
[2025-01-08T10:37:23.752+0000] {processor.py:208} INFO - Processing /home/airflow/.local/lib/python3.12/site-packages/airflow/example_dags/example_sensors.py took 0.177 seconds
[2025-01-08T10:37:54.404+0000] {processor.py:186} INFO - Started process (PID=1873) to work on /home/airflow/.local/lib/python3.12/site-packages/airflow/example_dags/example_sensors.py
[2025-01-08T10:37:54.406+0000] {processor.py:914} INFO - Processing file /home/airflow/.local/lib/python3.12/site-packages/airflow/example_dags/example_sensors.py for tasks to queue
[2025-01-08T10:37:54.408+0000] {logging_mixin.py:190} INFO - [2025-01-08T10:37:54.408+0000] {dagbag.py:588} INFO - Filling up the DagBag from /home/airflow/.local/lib/python3.12/site-packages/airflow/example_dags/example_sensors.py
[2025-01-08T10:37:54.424+0000] {processor.py:925} INFO - DAG(s) 'example_sensors' retrieved from /home/airflow/.local/lib/python3.12/site-packages/airflow/example_dags/example_sensors.py
[2025-01-08T10:37:54.463+0000] {logging_mixin.py:190} INFO - [2025-01-08T10:37:54.463+0000] {dag.py:3239} INFO - Sync 1 DAGs
[2025-01-08T10:37:54.489+0000] {logging_mixin.py:190} INFO - [2025-01-08T10:37:54.488+0000] {dag.py:4180} INFO - Setting next_dagrun for example_sensors to None, run_after=None
[2025-01-08T10:37:54.519+0000] {processor.py:208} INFO - Processing /home/airflow/.local/lib/python3.12/site-packages/airflow/example_dags/example_sensors.py took 0.122 seconds
[2025-01-08T10:38:25.285+0000] {processor.py:186} INFO - Started process (PID=2173) to work on /home/airflow/.local/lib/python3.12/site-packages/airflow/example_dags/example_sensors.py
[2025-01-08T10:38:25.294+0000] {processor.py:914} INFO - Processing file /home/airflow/.local/lib/python3.12/site-packages/airflow/example_dags/example_sensors.py for tasks to queue
[2025-01-08T10:38:25.298+0000] {logging_mixin.py:190} INFO - [2025-01-08T10:38:25.298+0000] {dagbag.py:588} INFO - Filling up the DagBag from /home/airflow/.local/lib/python3.12/site-packages/airflow/example_dags/example_sensors.py
[2025-01-08T10:38:25.335+0000] {processor.py:925} INFO - DAG(s) 'example_sensors' retrieved from /home/airflow/.local/lib/python3.12/site-packages/airflow/example_dags/example_sensors.py
[2025-01-08T10:38:25.425+0000] {logging_mixin.py:190} INFO - [2025-01-08T10:38:25.425+0000] {dag.py:3239} INFO - Sync 1 DAGs
[2025-01-08T10:38:25.474+0000] {logging_mixin.py:190} INFO - [2025-01-08T10:38:25.474+0000] {dag.py:4180} INFO - Setting next_dagrun for example_sensors to None, run_after=None
[2025-01-08T10:38:25.527+0000] {processor.py:208} INFO - Processing /home/airflow/.local/lib/python3.12/site-packages/airflow/example_dags/example_sensors.py took 0.260 seconds
[2025-01-08T10:38:55.577+0000] {processor.py:186} INFO - Started process (PID=2471) to work on /home/airflow/.local/lib/python3.12/site-packages/airflow/example_dags/example_sensors.py
[2025-01-08T10:38:55.578+0000] {processor.py:914} INFO - Processing file /home/airflow/.local/lib/python3.12/site-packages/airflow/example_dags/example_sensors.py for tasks to queue
[2025-01-08T10:38:55.580+0000] {logging_mixin.py:190} INFO - [2025-01-08T10:38:55.580+0000] {dagbag.py:588} INFO - Filling up the DagBag from /home/airflow/.local/lib/python3.12/site-packages/airflow/example_dags/example_sensors.py
[2025-01-08T10:38:55.593+0000] {processor.py:925} INFO - DAG(s) 'example_sensors' retrieved from /home/airflow/.local/lib/python3.12/site-packages/airflow/example_dags/example_sensors.py
[2025-01-08T10:38:55.621+0000] {logging_mixin.py:190} INFO - [2025-01-08T10:38:55.621+0000] {dag.py:3239} INFO - Sync 1 DAGs
[2025-01-08T10:38:55.637+0000] {logging_mixin.py:190} INFO - [2025-01-08T10:38:55.637+0000] {dag.py:4180} INFO - Setting next_dagrun for example_sensors to None, run_after=None
[2025-01-08T10:38:55.659+0000] {processor.py:208} INFO - Processing /home/airflow/.local/lib/python3.12/site-packages/airflow/example_dags/example_sensors.py took 0.089 seconds
[2025-01-08T10:39:26.137+0000] {processor.py:186} INFO - Started process (PID=2772) to work on /home/airflow/.local/lib/python3.12/site-packages/airflow/example_dags/example_sensors.py
[2025-01-08T10:39:26.168+0000] {processor.py:914} INFO - Processing file /home/airflow/.local/lib/python3.12/site-packages/airflow/example_dags/example_sensors.py for tasks to queue
[2025-01-08T10:39:26.174+0000] {logging_mixin.py:190} INFO - [2025-01-08T10:39:26.173+0000] {dagbag.py:588} INFO - Filling up the DagBag from /home/airflow/.local/lib/python3.12/site-packages/airflow/example_dags/example_sensors.py
[2025-01-08T10:39:26.218+0000] {processor.py:925} INFO - DAG(s) 'example_sensors' retrieved from /home/airflow/.local/lib/python3.12/site-packages/airflow/example_dags/example_sensors.py
[2025-01-08T10:39:26.332+0000] {logging_mixin.py:190} INFO - [2025-01-08T10:39:26.331+0000] {dag.py:3239} INFO - Sync 1 DAGs
[2025-01-08T10:39:26.432+0000] {logging_mixin.py:190} INFO - [2025-01-08T10:39:26.431+0000] {dag.py:4180} INFO - Setting next_dagrun for example_sensors to None, run_after=None
[2025-01-08T10:39:26.613+0000] {processor.py:208} INFO - Processing /home/airflow/.local/lib/python3.12/site-packages/airflow/example_dags/example_sensors.py took 0.498 seconds
[2025-01-08T10:39:57.595+0000] {processor.py:186} INFO - Started process (PID=3073) to work on /home/airflow/.local/lib/python3.12/site-packages/airflow/example_dags/example_sensors.py
[2025-01-08T10:39:57.598+0000] {processor.py:914} INFO - Processing file /home/airflow/.local/lib/python3.12/site-packages/airflow/example_dags/example_sensors.py for tasks to queue
[2025-01-08T10:39:57.605+0000] {logging_mixin.py:190} INFO - [2025-01-08T10:39:57.604+0000] {dagbag.py:588} INFO - Filling up the DagBag from /home/airflow/.local/lib/python3.12/site-packages/airflow/example_dags/example_sensors.py
[2025-01-08T10:39:57.630+0000] {processor.py:925} INFO - DAG(s) 'example_sensors' retrieved from /home/airflow/.local/lib/python3.12/site-packages/airflow/example_dags/example_sensors.py
[2025-01-08T10:39:57.678+0000] {logging_mixin.py:190} INFO - [2025-01-08T10:39:57.678+0000] {dag.py:3239} INFO - Sync 1 DAGs
[2025-01-08T10:39:57.713+0000] {logging_mixin.py:190} INFO - [2025-01-08T10:39:57.713+0000] {dag.py:4180} INFO - Setting next_dagrun for example_sensors to None, run_after=None
[2025-01-08T10:39:57.765+0000] {processor.py:208} INFO - Processing /home/airflow/.local/lib/python3.12/site-packages/airflow/example_dags/example_sensors.py took 0.182 seconds
[2025-01-08T10:40:28.552+0000] {processor.py:186} INFO - Started process (PID=3374) to work on /home/airflow/.local/lib/python3.12/site-packages/airflow/example_dags/example_sensors.py
[2025-01-08T10:40:28.553+0000] {processor.py:914} INFO - Processing file /home/airflow/.local/lib/python3.12/site-packages/airflow/example_dags/example_sensors.py for tasks to queue
[2025-01-08T10:40:28.557+0000] {logging_mixin.py:190} INFO - [2025-01-08T10:40:28.557+0000] {dagbag.py:588} INFO - Filling up the DagBag from /home/airflow/.local/lib/python3.12/site-packages/airflow/example_dags/example_sensors.py
[2025-01-08T10:40:28.589+0000] {processor.py:925} INFO - DAG(s) 'example_sensors' retrieved from /home/airflow/.local/lib/python3.12/site-packages/airflow/example_dags/example_sensors.py
[2025-01-08T10:40:28.655+0000] {logging_mixin.py:190} INFO - [2025-01-08T10:40:28.653+0000] {dag.py:3239} INFO - Sync 1 DAGs
[2025-01-08T10:40:28.693+0000] {logging_mixin.py:190} INFO - [2025-01-08T10:40:28.693+0000] {dag.py:4180} INFO - Setting next_dagrun for example_sensors to None, run_after=None
[2025-01-08T10:40:28.761+0000] {processor.py:208} INFO - Processing /home/airflow/.local/lib/python3.12/site-packages/airflow/example_dags/example_sensors.py took 0.223 seconds
[2025-01-08T10:43:19.408+0000] {processor.py:186} INFO - Started process (PID=363) to work on /home/airflow/.local/lib/python3.12/site-packages/airflow/example_dags/example_sensors.py
[2025-01-08T10:43:19.409+0000] {processor.py:914} INFO - Processing file /home/airflow/.local/lib/python3.12/site-packages/airflow/example_dags/example_sensors.py for tasks to queue
[2025-01-08T10:43:19.413+0000] {logging_mixin.py:190} INFO - [2025-01-08T10:43:19.412+0000] {dagbag.py:588} INFO - Filling up the DagBag from /home/airflow/.local/lib/python3.12/site-packages/airflow/example_dags/example_sensors.py
[2025-01-08T10:43:19.434+0000] {processor.py:925} INFO - DAG(s) 'example_sensors' retrieved from /home/airflow/.local/lib/python3.12/site-packages/airflow/example_dags/example_sensors.py
[2025-01-08T10:43:19.478+0000] {logging_mixin.py:190} INFO - [2025-01-08T10:43:19.478+0000] {dag.py:3239} INFO - Sync 1 DAGs
[2025-01-08T10:43:19.501+0000] {logging_mixin.py:190} INFO - [2025-01-08T10:43:19.500+0000] {dag.py:4180} INFO - Setting next_dagrun for example_sensors to None, run_after=None
[2025-01-08T10:43:19.524+0000] {processor.py:208} INFO - Processing /home/airflow/.local/lib/python3.12/site-packages/airflow/example_dags/example_sensors.py took 0.123 seconds
[2025-01-08T10:43:50.141+0000] {processor.py:186} INFO - Started process (PID=664) to work on /home/airflow/.local/lib/python3.12/site-packages/airflow/example_dags/example_sensors.py
[2025-01-08T10:43:50.142+0000] {processor.py:914} INFO - Processing file /home/airflow/.local/lib/python3.12/site-packages/airflow/example_dags/example_sensors.py for tasks to queue
[2025-01-08T10:43:50.144+0000] {logging_mixin.py:190} INFO - [2025-01-08T10:43:50.144+0000] {dagbag.py:588} INFO - Filling up the DagBag from /home/airflow/.local/lib/python3.12/site-packages/airflow/example_dags/example_sensors.py
[2025-01-08T10:43:50.160+0000] {processor.py:925} INFO - DAG(s) 'example_sensors' retrieved from /home/airflow/.local/lib/python3.12/site-packages/airflow/example_dags/example_sensors.py
[2025-01-08T10:43:50.188+0000] {logging_mixin.py:190} INFO - [2025-01-08T10:43:50.187+0000] {dag.py:3239} INFO - Sync 1 DAGs
[2025-01-08T10:43:50.210+0000] {logging_mixin.py:190} INFO - [2025-01-08T10:43:50.210+0000] {dag.py:4180} INFO - Setting next_dagrun for example_sensors to None, run_after=None
[2025-01-08T10:43:50.238+0000] {processor.py:208} INFO - Processing /home/airflow/.local/lib/python3.12/site-packages/airflow/example_dags/example_sensors.py took 0.105 seconds
[2025-01-08T10:44:21.258+0000] {processor.py:186} INFO - Started process (PID=964) to work on /home/airflow/.local/lib/python3.12/site-packages/airflow/example_dags/example_sensors.py
[2025-01-08T10:44:21.259+0000] {processor.py:914} INFO - Processing file /home/airflow/.local/lib/python3.12/site-packages/airflow/example_dags/example_sensors.py for tasks to queue
[2025-01-08T10:44:21.261+0000] {logging_mixin.py:190} INFO - [2025-01-08T10:44:21.261+0000] {dagbag.py:588} INFO - Filling up the DagBag from /home/airflow/.local/lib/python3.12/site-packages/airflow/example_dags/example_sensors.py
[2025-01-08T10:44:21.272+0000] {processor.py:925} INFO - DAG(s) 'example_sensors' retrieved from /home/airflow/.local/lib/python3.12/site-packages/airflow/example_dags/example_sensors.py
[2025-01-08T10:44:21.305+0000] {logging_mixin.py:190} INFO - [2025-01-08T10:44:21.304+0000] {dag.py:3239} INFO - Sync 1 DAGs
[2025-01-08T10:44:21.327+0000] {logging_mixin.py:190} INFO - [2025-01-08T10:44:21.327+0000] {dag.py:4180} INFO - Setting next_dagrun for example_sensors to None, run_after=None
[2025-01-08T10:44:21.357+0000] {processor.py:208} INFO - Processing /home/airflow/.local/lib/python3.12/site-packages/airflow/example_dags/example_sensors.py took 0.105 seconds
[2025-01-08T10:44:52.075+0000] {processor.py:186} INFO - Started process (PID=1265) to work on /home/airflow/.local/lib/python3.12/site-packages/airflow/example_dags/example_sensors.py
[2025-01-08T10:44:52.076+0000] {processor.py:914} INFO - Processing file /home/airflow/.local/lib/python3.12/site-packages/airflow/example_dags/example_sensors.py for tasks to queue
[2025-01-08T10:44:52.078+0000] {logging_mixin.py:190} INFO - [2025-01-08T10:44:52.078+0000] {dagbag.py:588} INFO - Filling up the DagBag from /home/airflow/.local/lib/python3.12/site-packages/airflow/example_dags/example_sensors.py
[2025-01-08T10:44:52.090+0000] {processor.py:925} INFO - DAG(s) 'example_sensors' retrieved from /home/airflow/.local/lib/python3.12/site-packages/airflow/example_dags/example_sensors.py
[2025-01-08T10:44:52.116+0000] {logging_mixin.py:190} INFO - [2025-01-08T10:44:52.116+0000] {dag.py:3239} INFO - Sync 1 DAGs
[2025-01-08T10:44:52.131+0000] {logging_mixin.py:190} INFO - [2025-01-08T10:44:52.131+0000] {dag.py:4180} INFO - Setting next_dagrun for example_sensors to None, run_after=None
[2025-01-08T10:44:52.152+0000] {processor.py:208} INFO - Processing /home/airflow/.local/lib/python3.12/site-packages/airflow/example_dags/example_sensors.py took 0.083 seconds
[2025-01-08T10:45:22.938+0000] {processor.py:186} INFO - Started process (PID=1566) to work on /home/airflow/.local/lib/python3.12/site-packages/airflow/example_dags/example_sensors.py
[2025-01-08T10:45:22.940+0000] {processor.py:914} INFO - Processing file /home/airflow/.local/lib/python3.12/site-packages/airflow/example_dags/example_sensors.py for tasks to queue
[2025-01-08T10:45:22.942+0000] {logging_mixin.py:190} INFO - [2025-01-08T10:45:22.942+0000] {dagbag.py:588} INFO - Filling up the DagBag from /home/airflow/.local/lib/python3.12/site-packages/airflow/example_dags/example_sensors.py
[2025-01-08T10:45:22.957+0000] {processor.py:925} INFO - DAG(s) 'example_sensors' retrieved from /home/airflow/.local/lib/python3.12/site-packages/airflow/example_dags/example_sensors.py
[2025-01-08T10:45:22.991+0000] {logging_mixin.py:190} INFO - [2025-01-08T10:45:22.991+0000] {dag.py:3239} INFO - Sync 1 DAGs
[2025-01-08T10:45:23.006+0000] {logging_mixin.py:190} INFO - [2025-01-08T10:45:23.005+0000] {dag.py:4180} INFO - Setting next_dagrun for example_sensors to None, run_after=None
[2025-01-08T10:45:23.026+0000] {processor.py:208} INFO - Processing /home/airflow/.local/lib/python3.12/site-packages/airflow/example_dags/example_sensors.py took 0.094 seconds
[2025-01-08T10:45:53.661+0000] {processor.py:186} INFO - Started process (PID=1867) to work on /home/airflow/.local/lib/python3.12/site-packages/airflow/example_dags/example_sensors.py
[2025-01-08T10:45:53.662+0000] {processor.py:914} INFO - Processing file /home/airflow/.local/lib/python3.12/site-packages/airflow/example_dags/example_sensors.py for tasks to queue
[2025-01-08T10:45:53.664+0000] {logging_mixin.py:190} INFO - [2025-01-08T10:45:53.664+0000] {dagbag.py:588} INFO - Filling up the DagBag from /home/airflow/.local/lib/python3.12/site-packages/airflow/example_dags/example_sensors.py
[2025-01-08T10:45:53.674+0000] {processor.py:925} INFO - DAG(s) 'example_sensors' retrieved from /home/airflow/.local/lib/python3.12/site-packages/airflow/example_dags/example_sensors.py
[2025-01-08T10:45:53.696+0000] {logging_mixin.py:190} INFO - [2025-01-08T10:45:53.696+0000] {dag.py:3239} INFO - Sync 1 DAGs
[2025-01-08T10:45:53.708+0000] {logging_mixin.py:190} INFO - [2025-01-08T10:45:53.708+0000] {dag.py:4180} INFO - Setting next_dagrun for example_sensors to None, run_after=None
[2025-01-08T10:45:53.728+0000] {processor.py:208} INFO - Processing /home/airflow/.local/lib/python3.12/site-packages/airflow/example_dags/example_sensors.py took 0.072 seconds
[2025-01-08T10:46:24.026+0000] {processor.py:186} INFO - Started process (PID=2168) to work on /home/airflow/.local/lib/python3.12/site-packages/airflow/example_dags/example_sensors.py
[2025-01-08T10:46:24.027+0000] {processor.py:914} INFO - Processing file /home/airflow/.local/lib/python3.12/site-packages/airflow/example_dags/example_sensors.py for tasks to queue
[2025-01-08T10:46:24.029+0000] {logging_mixin.py:190} INFO - [2025-01-08T10:46:24.029+0000] {dagbag.py:588} INFO - Filling up the DagBag from /home/airflow/.local/lib/python3.12/site-packages/airflow/example_dags/example_sensors.py
[2025-01-08T10:46:24.040+0000] {processor.py:925} INFO - DAG(s) 'example_sensors' retrieved from /home/airflow/.local/lib/python3.12/site-packages/airflow/example_dags/example_sensors.py
[2025-01-08T10:46:24.065+0000] {logging_mixin.py:190} INFO - [2025-01-08T10:46:24.065+0000] {dag.py:3239} INFO - Sync 1 DAGs
[2025-01-08T10:46:24.080+0000] {logging_mixin.py:190} INFO - [2025-01-08T10:46:24.080+0000] {dag.py:4180} INFO - Setting next_dagrun for example_sensors to None, run_after=None
[2025-01-08T10:46:24.104+0000] {processor.py:208} INFO - Processing /home/airflow/.local/lib/python3.12/site-packages/airflow/example_dags/example_sensors.py took 0.084 seconds
[2025-01-08T10:46:54.275+0000] {processor.py:186} INFO - Started process (PID=2464) to work on /home/airflow/.local/lib/python3.12/site-packages/airflow/example_dags/example_sensors.py
[2025-01-08T10:46:54.276+0000] {processor.py:914} INFO - Processing file /home/airflow/.local/lib/python3.12/site-packages/airflow/example_dags/example_sensors.py for tasks to queue
[2025-01-08T10:46:54.278+0000] {logging_mixin.py:190} INFO - [2025-01-08T10:46:54.278+0000] {dagbag.py:588} INFO - Filling up the DagBag from /home/airflow/.local/lib/python3.12/site-packages/airflow/example_dags/example_sensors.py
[2025-01-08T10:46:54.288+0000] {processor.py:925} INFO - DAG(s) 'example_sensors' retrieved from /home/airflow/.local/lib/python3.12/site-packages/airflow/example_dags/example_sensors.py
[2025-01-08T10:46:54.313+0000] {logging_mixin.py:190} INFO - [2025-01-08T10:46:54.313+0000] {dag.py:3239} INFO - Sync 1 DAGs
[2025-01-08T10:46:54.326+0000] {logging_mixin.py:190} INFO - [2025-01-08T10:46:54.326+0000] {dag.py:4180} INFO - Setting next_dagrun for example_sensors to None, run_after=None
[2025-01-08T10:46:54.344+0000] {processor.py:208} INFO - Processing /home/airflow/.local/lib/python3.12/site-packages/airflow/example_dags/example_sensors.py took 0.074 seconds
[2025-01-08T10:47:24.590+0000] {processor.py:186} INFO - Started process (PID=2765) to work on /home/airflow/.local/lib/python3.12/site-packages/airflow/example_dags/example_sensors.py
[2025-01-08T10:47:24.591+0000] {processor.py:914} INFO - Processing file /home/airflow/.local/lib/python3.12/site-packages/airflow/example_dags/example_sensors.py for tasks to queue
[2025-01-08T10:47:24.593+0000] {logging_mixin.py:190} INFO - [2025-01-08T10:47:24.593+0000] {dagbag.py:588} INFO - Filling up the DagBag from /home/airflow/.local/lib/python3.12/site-packages/airflow/example_dags/example_sensors.py
[2025-01-08T10:47:24.602+0000] {processor.py:925} INFO - DAG(s) 'example_sensors' retrieved from /home/airflow/.local/lib/python3.12/site-packages/airflow/example_dags/example_sensors.py
[2025-01-08T10:47:24.625+0000] {logging_mixin.py:190} INFO - [2025-01-08T10:47:24.625+0000] {dag.py:3239} INFO - Sync 1 DAGs
[2025-01-08T10:47:24.638+0000] {logging_mixin.py:190} INFO - [2025-01-08T10:47:24.638+0000] {dag.py:4180} INFO - Setting next_dagrun for example_sensors to None, run_after=None
[2025-01-08T10:47:24.658+0000] {processor.py:208} INFO - Processing /home/airflow/.local/lib/python3.12/site-packages/airflow/example_dags/example_sensors.py took 0.073 seconds
[2025-01-08T10:47:55.131+0000] {processor.py:186} INFO - Started process (PID=3061) to work on /home/airflow/.local/lib/python3.12/site-packages/airflow/example_dags/example_sensors.py
[2025-01-08T10:47:55.132+0000] {processor.py:914} INFO - Processing file /home/airflow/.local/lib/python3.12/site-packages/airflow/example_dags/example_sensors.py for tasks to queue
[2025-01-08T10:47:55.134+0000] {logging_mixin.py:190} INFO - [2025-01-08T10:47:55.134+0000] {dagbag.py:588} INFO - Filling up the DagBag from /home/airflow/.local/lib/python3.12/site-packages/airflow/example_dags/example_sensors.py
[2025-01-08T10:47:55.147+0000] {processor.py:925} INFO - DAG(s) 'example_sensors' retrieved from /home/airflow/.local/lib/python3.12/site-packages/airflow/example_dags/example_sensors.py
[2025-01-08T10:47:55.180+0000] {logging_mixin.py:190} INFO - [2025-01-08T10:47:55.179+0000] {dag.py:3239} INFO - Sync 1 DAGs
[2025-01-08T10:47:55.199+0000] {logging_mixin.py:190} INFO - [2025-01-08T10:47:55.199+0000] {dag.py:4180} INFO - Setting next_dagrun for example_sensors to None, run_after=None
[2025-01-08T10:47:55.222+0000] {processor.py:208} INFO - Processing /home/airflow/.local/lib/python3.12/site-packages/airflow/example_dags/example_sensors.py took 0.098 seconds
