[2025-01-08T10:35:17.795+0000] {processor.py:186} INFO - Started process (PID=422) to work on /home/airflow/.local/lib/python3.12/site-packages/airflow/example_dags/example_datasets.py
[2025-01-08T10:35:17.796+0000] {processor.py:914} INFO - Processing file /home/airflow/.local/lib/python3.12/site-packages/airflow/example_dags/example_datasets.py for tasks to queue
[2025-01-08T10:35:17.799+0000] {logging_mixin.py:190} INFO - [2025-01-08T10:35:17.799+0000] {dagbag.py:588} INFO - Filling up the DagBag from /home/airflow/.local/lib/python3.12/site-packages/airflow/example_dags/example_datasets.py
[2025-01-08T10:35:18.539+0000] {processor.py:925} INFO - DAG(s) 'dataset_consumes_1', 'consume_1_or_2_with_dataset_expressions', 'conditional_dataset_and_time_based_timetable', 'dataset_consumes_unknown_never_scheduled', 'dataset_consumes_1_never_scheduled', 'dataset_produces_1', 'dataset_produces_2', 'dataset_consumes_1_and_2', 'consume_1_or_both_2_and_3_with_dataset_expressions', 'consume_1_and_2_with_dataset_expressions' retrieved from /home/airflow/.local/lib/python3.12/site-packages/airflow/example_dags/example_datasets.py
[2025-01-08T10:35:18.718+0000] {logging_mixin.py:190} INFO - [2025-01-08T10:35:18.717+0000] {override.py:1911} INFO - Created Permission View: can delete on DAG:dataset_consumes_1
[2025-01-08T10:35:18.738+0000] {logging_mixin.py:190} INFO - [2025-01-08T10:35:18.738+0000] {override.py:1911} INFO - Created Permission View: can read on DAG:dataset_consumes_1
[2025-01-08T10:35:18.751+0000] {logging_mixin.py:190} INFO - [2025-01-08T10:35:18.751+0000] {override.py:1911} INFO - Created Permission View: can edit on DAG:dataset_consumes_1
[2025-01-08T10:35:18.771+0000] {logging_mixin.py:190} INFO - [2025-01-08T10:35:18.770+0000] {override.py:1911} INFO - Created Permission View: menu access on DAG Run:dataset_consumes_1
[2025-01-08T10:35:18.784+0000] {logging_mixin.py:190} INFO - [2025-01-08T10:35:18.784+0000] {override.py:1911} INFO - Created Permission View: can create on DAG Run:dataset_consumes_1
[2025-01-08T10:35:18.798+0000] {logging_mixin.py:190} INFO - [2025-01-08T10:35:18.798+0000] {override.py:1911} INFO - Created Permission View: can read on DAG Run:dataset_consumes_1
[2025-01-08T10:35:18.814+0000] {logging_mixin.py:190} INFO - [2025-01-08T10:35:18.813+0000] {override.py:1911} INFO - Created Permission View: can delete on DAG Run:dataset_consumes_1
[2025-01-08T10:35:18.843+0000] {logging_mixin.py:190} INFO - [2025-01-08T10:35:18.842+0000] {override.py:1911} INFO - Created Permission View: can delete on DAG:consume_1_or_2_with_dataset_expressions
[2025-01-08T10:35:18.857+0000] {logging_mixin.py:190} INFO - [2025-01-08T10:35:18.856+0000] {override.py:1911} INFO - Created Permission View: can read on DAG:consume_1_or_2_with_dataset_expressions
[2025-01-08T10:35:18.881+0000] {logging_mixin.py:190} INFO - [2025-01-08T10:35:18.880+0000] {override.py:1911} INFO - Created Permission View: can edit on DAG:consume_1_or_2_with_dataset_expressions
[2025-01-08T10:35:18.899+0000] {logging_mixin.py:190} INFO - [2025-01-08T10:35:18.898+0000] {override.py:1911} INFO - Created Permission View: menu access on DAG Run:consume_1_or_2_with_dataset_expressions
[2025-01-08T10:35:18.917+0000] {logging_mixin.py:190} INFO - [2025-01-08T10:35:18.916+0000] {override.py:1911} INFO - Created Permission View: can create on DAG Run:consume_1_or_2_with_dataset_expressions
[2025-01-08T10:35:18.932+0000] {logging_mixin.py:190} INFO - [2025-01-08T10:35:18.931+0000] {override.py:1911} INFO - Created Permission View: can read on DAG Run:consume_1_or_2_with_dataset_expressions
[2025-01-08T10:35:18.948+0000] {logging_mixin.py:190} INFO - [2025-01-08T10:35:18.948+0000] {override.py:1911} INFO - Created Permission View: can delete on DAG Run:consume_1_or_2_with_dataset_expressions
[2025-01-08T10:35:18.974+0000] {logging_mixin.py:190} INFO - [2025-01-08T10:35:18.973+0000] {override.py:1911} INFO - Created Permission View: can delete on DAG:conditional_dataset_and_time_based_timetable
[2025-01-08T10:35:18.991+0000] {logging_mixin.py:190} INFO - [2025-01-08T10:35:18.990+0000] {override.py:1911} INFO - Created Permission View: can read on DAG:conditional_dataset_and_time_based_timetable
[2025-01-08T10:35:19.005+0000] {logging_mixin.py:190} INFO - [2025-01-08T10:35:19.005+0000] {override.py:1911} INFO - Created Permission View: can edit on DAG:conditional_dataset_and_time_based_timetable
[2025-01-08T10:35:19.025+0000] {logging_mixin.py:190} INFO - [2025-01-08T10:35:19.024+0000] {override.py:1911} INFO - Created Permission View: menu access on DAG Run:conditional_dataset_and_time_based_timetable
[2025-01-08T10:35:19.041+0000] {logging_mixin.py:190} INFO - [2025-01-08T10:35:19.040+0000] {override.py:1911} INFO - Created Permission View: can create on DAG Run:conditional_dataset_and_time_based_timetable
[2025-01-08T10:35:19.055+0000] {logging_mixin.py:190} INFO - [2025-01-08T10:35:19.054+0000] {override.py:1911} INFO - Created Permission View: can read on DAG Run:conditional_dataset_and_time_based_timetable
[2025-01-08T10:35:19.076+0000] {logging_mixin.py:190} INFO - [2025-01-08T10:35:19.076+0000] {override.py:1911} INFO - Created Permission View: can delete on DAG Run:conditional_dataset_and_time_based_timetable
[2025-01-08T10:35:19.114+0000] {logging_mixin.py:190} INFO - [2025-01-08T10:35:19.113+0000] {override.py:1911} INFO - Created Permission View: can delete on DAG:dataset_consumes_unknown_never_scheduled
[2025-01-08T10:35:19.128+0000] {logging_mixin.py:190} INFO - [2025-01-08T10:35:19.127+0000] {override.py:1911} INFO - Created Permission View: can read on DAG:dataset_consumes_unknown_never_scheduled
[2025-01-08T10:35:19.153+0000] {logging_mixin.py:190} INFO - [2025-01-08T10:35:19.153+0000] {override.py:1911} INFO - Created Permission View: can edit on DAG:dataset_consumes_unknown_never_scheduled
[2025-01-08T10:35:19.175+0000] {logging_mixin.py:190} INFO - [2025-01-08T10:35:19.174+0000] {override.py:1911} INFO - Created Permission View: menu access on DAG Run:dataset_consumes_unknown_never_scheduled
[2025-01-08T10:35:19.191+0000] {logging_mixin.py:190} INFO - [2025-01-08T10:35:19.191+0000] {override.py:1911} INFO - Created Permission View: can create on DAG Run:dataset_consumes_unknown_never_scheduled
[2025-01-08T10:35:19.207+0000] {logging_mixin.py:190} INFO - [2025-01-08T10:35:19.206+0000] {override.py:1911} INFO - Created Permission View: can read on DAG Run:dataset_consumes_unknown_never_scheduled
[2025-01-08T10:35:19.221+0000] {logging_mixin.py:190} INFO - [2025-01-08T10:35:19.221+0000] {override.py:1911} INFO - Created Permission View: can delete on DAG Run:dataset_consumes_unknown_never_scheduled
[2025-01-08T10:35:19.251+0000] {logging_mixin.py:190} INFO - [2025-01-08T10:35:19.250+0000] {override.py:1911} INFO - Created Permission View: can delete on DAG:dataset_consumes_1_never_scheduled
[2025-01-08T10:35:19.264+0000] {logging_mixin.py:190} INFO - [2025-01-08T10:35:19.264+0000] {override.py:1911} INFO - Created Permission View: can read on DAG:dataset_consumes_1_never_scheduled
[2025-01-08T10:35:19.278+0000] {logging_mixin.py:190} INFO - [2025-01-08T10:35:19.278+0000] {override.py:1911} INFO - Created Permission View: can edit on DAG:dataset_consumes_1_never_scheduled
[2025-01-08T10:35:19.296+0000] {logging_mixin.py:190} INFO - [2025-01-08T10:35:19.296+0000] {override.py:1911} INFO - Created Permission View: menu access on DAG Run:dataset_consumes_1_never_scheduled
[2025-01-08T10:35:19.309+0000] {logging_mixin.py:190} INFO - [2025-01-08T10:35:19.308+0000] {override.py:1911} INFO - Created Permission View: can create on DAG Run:dataset_consumes_1_never_scheduled
[2025-01-08T10:35:19.322+0000] {logging_mixin.py:190} INFO - [2025-01-08T10:35:19.322+0000] {override.py:1911} INFO - Created Permission View: can read on DAG Run:dataset_consumes_1_never_scheduled
[2025-01-08T10:35:19.335+0000] {logging_mixin.py:190} INFO - [2025-01-08T10:35:19.334+0000] {override.py:1911} INFO - Created Permission View: can delete on DAG Run:dataset_consumes_1_never_scheduled
[2025-01-08T10:35:19.361+0000] {logging_mixin.py:190} INFO - [2025-01-08T10:35:19.361+0000] {override.py:1911} INFO - Created Permission View: can delete on DAG:dataset_produces_1
[2025-01-08T10:35:19.376+0000] {logging_mixin.py:190} INFO - [2025-01-08T10:35:19.375+0000] {override.py:1911} INFO - Created Permission View: can read on DAG:dataset_produces_1
[2025-01-08T10:35:19.391+0000] {logging_mixin.py:190} INFO - [2025-01-08T10:35:19.390+0000] {override.py:1911} INFO - Created Permission View: can edit on DAG:dataset_produces_1
[2025-01-08T10:35:19.410+0000] {logging_mixin.py:190} INFO - [2025-01-08T10:35:19.409+0000] {override.py:1911} INFO - Created Permission View: menu access on DAG Run:dataset_produces_1
[2025-01-08T10:35:19.424+0000] {logging_mixin.py:190} INFO - [2025-01-08T10:35:19.424+0000] {override.py:1911} INFO - Created Permission View: can create on DAG Run:dataset_produces_1
[2025-01-08T10:35:19.438+0000] {logging_mixin.py:190} INFO - [2025-01-08T10:35:19.437+0000] {override.py:1911} INFO - Created Permission View: can read on DAG Run:dataset_produces_1
[2025-01-08T10:35:19.451+0000] {logging_mixin.py:190} INFO - [2025-01-08T10:35:19.450+0000] {override.py:1911} INFO - Created Permission View: can delete on DAG Run:dataset_produces_1
[2025-01-08T10:35:19.477+0000] {logging_mixin.py:190} INFO - [2025-01-08T10:35:19.476+0000] {override.py:1911} INFO - Created Permission View: can delete on DAG:dataset_produces_2
[2025-01-08T10:35:19.490+0000] {logging_mixin.py:190} INFO - [2025-01-08T10:35:19.489+0000] {override.py:1911} INFO - Created Permission View: can read on DAG:dataset_produces_2
[2025-01-08T10:35:19.503+0000] {logging_mixin.py:190} INFO - [2025-01-08T10:35:19.502+0000] {override.py:1911} INFO - Created Permission View: can edit on DAG:dataset_produces_2
[2025-01-08T10:35:19.525+0000] {logging_mixin.py:190} INFO - [2025-01-08T10:35:19.525+0000] {override.py:1911} INFO - Created Permission View: menu access on DAG Run:dataset_produces_2
[2025-01-08T10:35:19.540+0000] {logging_mixin.py:190} INFO - [2025-01-08T10:35:19.539+0000] {override.py:1911} INFO - Created Permission View: can create on DAG Run:dataset_produces_2
[2025-01-08T10:35:19.554+0000] {logging_mixin.py:190} INFO - [2025-01-08T10:35:19.553+0000] {override.py:1911} INFO - Created Permission View: can read on DAG Run:dataset_produces_2
[2025-01-08T10:35:19.568+0000] {logging_mixin.py:190} INFO - [2025-01-08T10:35:19.568+0000] {override.py:1911} INFO - Created Permission View: can delete on DAG Run:dataset_produces_2
[2025-01-08T10:35:19.595+0000] {logging_mixin.py:190} INFO - [2025-01-08T10:35:19.595+0000] {override.py:1911} INFO - Created Permission View: can delete on DAG:dataset_consumes_1_and_2
[2025-01-08T10:35:19.610+0000] {logging_mixin.py:190} INFO - [2025-01-08T10:35:19.609+0000] {override.py:1911} INFO - Created Permission View: can read on DAG:dataset_consumes_1_and_2
[2025-01-08T10:35:19.624+0000] {logging_mixin.py:190} INFO - [2025-01-08T10:35:19.623+0000] {override.py:1911} INFO - Created Permission View: can edit on DAG:dataset_consumes_1_and_2
[2025-01-08T10:35:19.664+0000] {logging_mixin.py:190} INFO - [2025-01-08T10:35:19.663+0000] {override.py:1911} INFO - Created Permission View: menu access on DAG Run:dataset_consumes_1_and_2
[2025-01-08T10:35:19.678+0000] {logging_mixin.py:190} INFO - [2025-01-08T10:35:19.678+0000] {override.py:1911} INFO - Created Permission View: can create on DAG Run:dataset_consumes_1_and_2
[2025-01-08T10:35:19.693+0000] {logging_mixin.py:190} INFO - [2025-01-08T10:35:19.692+0000] {override.py:1911} INFO - Created Permission View: can read on DAG Run:dataset_consumes_1_and_2
[2025-01-08T10:35:19.707+0000] {logging_mixin.py:190} INFO - [2025-01-08T10:35:19.707+0000] {override.py:1911} INFO - Created Permission View: can delete on DAG Run:dataset_consumes_1_and_2
[2025-01-08T10:35:19.737+0000] {logging_mixin.py:190} INFO - [2025-01-08T10:35:19.737+0000] {override.py:1911} INFO - Created Permission View: can delete on DAG:consume_1_or_both_2_and_3_with_dataset_expressions
[2025-01-08T10:35:19.751+0000] {logging_mixin.py:190} INFO - [2025-01-08T10:35:19.751+0000] {override.py:1911} INFO - Created Permission View: can read on DAG:consume_1_or_both_2_and_3_with_dataset_expressions
[2025-01-08T10:35:19.776+0000] {logging_mixin.py:190} INFO - [2025-01-08T10:35:19.775+0000] {override.py:1911} INFO - Created Permission View: can edit on DAG:consume_1_or_both_2_and_3_with_dataset_expressions
[2025-01-08T10:35:19.793+0000] {logging_mixin.py:190} INFO - [2025-01-08T10:35:19.792+0000] {override.py:1911} INFO - Created Permission View: menu access on DAG Run:consume_1_or_both_2_and_3_with_dataset_expressions
[2025-01-08T10:35:19.812+0000] {logging_mixin.py:190} INFO - [2025-01-08T10:35:19.812+0000] {override.py:1911} INFO - Created Permission View: can create on DAG Run:consume_1_or_both_2_and_3_with_dataset_expressions
[2025-01-08T10:35:19.828+0000] {logging_mixin.py:190} INFO - [2025-01-08T10:35:19.827+0000] {override.py:1911} INFO - Created Permission View: can read on DAG Run:consume_1_or_both_2_and_3_with_dataset_expressions
[2025-01-08T10:35:19.844+0000] {logging_mixin.py:190} INFO - [2025-01-08T10:35:19.843+0000] {override.py:1911} INFO - Created Permission View: can delete on DAG Run:consume_1_or_both_2_and_3_with_dataset_expressions
[2025-01-08T10:35:19.872+0000] {logging_mixin.py:190} INFO - [2025-01-08T10:35:19.871+0000] {override.py:1911} INFO - Created Permission View: can delete on DAG:consume_1_and_2_with_dataset_expressions
[2025-01-08T10:35:19.887+0000] {logging_mixin.py:190} INFO - [2025-01-08T10:35:19.887+0000] {override.py:1911} INFO - Created Permission View: can read on DAG:consume_1_and_2_with_dataset_expressions
[2025-01-08T10:35:19.900+0000] {logging_mixin.py:190} INFO - [2025-01-08T10:35:19.900+0000] {override.py:1911} INFO - Created Permission View: can edit on DAG:consume_1_and_2_with_dataset_expressions
[2025-01-08T10:35:19.915+0000] {logging_mixin.py:190} INFO - [2025-01-08T10:35:19.915+0000] {override.py:1911} INFO - Created Permission View: menu access on DAG Run:consume_1_and_2_with_dataset_expressions
[2025-01-08T10:35:19.927+0000] {logging_mixin.py:190} INFO - [2025-01-08T10:35:19.926+0000] {override.py:1911} INFO - Created Permission View: can create on DAG Run:consume_1_and_2_with_dataset_expressions
[2025-01-08T10:35:19.937+0000] {logging_mixin.py:190} INFO - [2025-01-08T10:35:19.937+0000] {override.py:1911} INFO - Created Permission View: can read on DAG Run:consume_1_and_2_with_dataset_expressions
[2025-01-08T10:35:19.948+0000] {logging_mixin.py:190} INFO - [2025-01-08T10:35:19.948+0000] {override.py:1911} INFO - Created Permission View: can delete on DAG Run:consume_1_and_2_with_dataset_expressions
[2025-01-08T10:35:19.949+0000] {logging_mixin.py:190} INFO - [2025-01-08T10:35:19.949+0000] {dag.py:3239} INFO - Sync 10 DAGs
[2025-01-08T10:35:19.970+0000] {logging_mixin.py:190} INFO - [2025-01-08T10:35:19.969+0000] {dag.py:3262} INFO - Creating ORM DAG for dataset_consumes_1_and_2
[2025-01-08T10:35:19.972+0000] {logging_mixin.py:190} INFO - [2025-01-08T10:35:19.971+0000] {dag.py:3262} INFO - Creating ORM DAG for conditional_dataset_and_time_based_timetable
[2025-01-08T10:35:19.973+0000] {logging_mixin.py:190} INFO - [2025-01-08T10:35:19.973+0000] {dag.py:3262} INFO - Creating ORM DAG for consume_1_or_both_2_and_3_with_dataset_expressions
[2025-01-08T10:35:19.974+0000] {logging_mixin.py:190} INFO - [2025-01-08T10:35:19.974+0000] {dag.py:3262} INFO - Creating ORM DAG for dataset_consumes_unknown_never_scheduled
[2025-01-08T10:35:19.975+0000] {logging_mixin.py:190} INFO - [2025-01-08T10:35:19.975+0000] {dag.py:3262} INFO - Creating ORM DAG for dataset_consumes_1
[2025-01-08T10:35:19.976+0000] {logging_mixin.py:190} INFO - [2025-01-08T10:35:19.976+0000] {dag.py:3262} INFO - Creating ORM DAG for dataset_produces_2
[2025-01-08T10:35:19.977+0000] {logging_mixin.py:190} INFO - [2025-01-08T10:35:19.977+0000] {dag.py:3262} INFO - Creating ORM DAG for consume_1_or_2_with_dataset_expressions
[2025-01-08T10:35:19.978+0000] {logging_mixin.py:190} INFO - [2025-01-08T10:35:19.978+0000] {dag.py:3262} INFO - Creating ORM DAG for consume_1_and_2_with_dataset_expressions
[2025-01-08T10:35:19.979+0000] {logging_mixin.py:190} INFO - [2025-01-08T10:35:19.979+0000] {dag.py:3262} INFO - Creating ORM DAG for dataset_produces_1
[2025-01-08T10:35:19.980+0000] {logging_mixin.py:190} INFO - [2025-01-08T10:35:19.980+0000] {dag.py:3262} INFO - Creating ORM DAG for dataset_consumes_1_never_scheduled
[2025-01-08T10:35:19.998+0000] {logging_mixin.py:190} INFO - [2025-01-08T10:35:19.998+0000] {dag.py:4180} INFO - Setting next_dagrun for conditional_dataset_and_time_based_timetable to 2025-01-08 01:00:00+00:00, run_after=2025-01-08 01:00:00+00:00
[2025-01-08T10:35:20.000+0000] {logging_mixin.py:190} INFO - [2025-01-08T10:35:19.999+0000] {dag.py:4180} INFO - Setting next_dagrun for consume_1_and_2_with_dataset_expressions to None, run_after=None
[2025-01-08T10:35:20.000+0000] {logging_mixin.py:190} INFO - [2025-01-08T10:35:20.000+0000] {dag.py:4180} INFO - Setting next_dagrun for consume_1_or_2_with_dataset_expressions to None, run_after=None
[2025-01-08T10:35:20.001+0000] {logging_mixin.py:190} INFO - [2025-01-08T10:35:20.001+0000] {dag.py:4180} INFO - Setting next_dagrun for consume_1_or_both_2_and_3_with_dataset_expressions to None, run_after=None
[2025-01-08T10:35:20.002+0000] {logging_mixin.py:190} INFO - [2025-01-08T10:35:20.001+0000] {dag.py:4180} INFO - Setting next_dagrun for dataset_consumes_1 to None, run_after=None
[2025-01-08T10:35:20.003+0000] {logging_mixin.py:190} INFO - [2025-01-08T10:35:20.003+0000] {dag.py:4180} INFO - Setting next_dagrun for dataset_consumes_1_and_2 to None, run_after=None
[2025-01-08T10:35:20.004+0000] {logging_mixin.py:190} INFO - [2025-01-08T10:35:20.004+0000] {dag.py:4180} INFO - Setting next_dagrun for dataset_consumes_1_never_scheduled to None, run_after=None
[2025-01-08T10:35:20.005+0000] {logging_mixin.py:190} INFO - [2025-01-08T10:35:20.005+0000] {dag.py:4180} INFO - Setting next_dagrun for dataset_consumes_unknown_never_scheduled to None, run_after=None
[2025-01-08T10:35:20.008+0000] {logging_mixin.py:190} INFO - [2025-01-08T10:35:20.008+0000] {dag.py:4180} INFO - Setting next_dagrun for dataset_produces_1 to 2025-01-07 00:00:00+00:00, run_after=2025-01-08 00:00:00+00:00
[2025-01-08T10:35:20.009+0000] {logging_mixin.py:190} INFO - [2025-01-08T10:35:20.009+0000] {dag.py:4180} INFO - Setting next_dagrun for dataset_produces_2 to None, run_after=None
[2025-01-08T10:35:20.072+0000] {processor.py:208} INFO - Processing /home/airflow/.local/lib/python3.12/site-packages/airflow/example_dags/example_datasets.py took 2.286 seconds
[2025-01-08T10:35:51.878+0000] {processor.py:186} INFO - Started process (PID=728) to work on /home/airflow/.local/lib/python3.12/site-packages/airflow/example_dags/example_datasets.py
[2025-01-08T10:35:51.885+0000] {processor.py:914} INFO - Processing file /home/airflow/.local/lib/python3.12/site-packages/airflow/example_dags/example_datasets.py for tasks to queue
[2025-01-08T10:35:51.889+0000] {logging_mixin.py:190} INFO - [2025-01-08T10:35:51.888+0000] {dagbag.py:588} INFO - Filling up the DagBag from /home/airflow/.local/lib/python3.12/site-packages/airflow/example_dags/example_datasets.py
[2025-01-08T10:35:53.401+0000] {processor.py:925} INFO - DAG(s) 'dataset_consumes_1_and_2', 'dataset_produces_1', 'consume_1_and_2_with_dataset_expressions', 'dataset_consumes_1_never_scheduled', 'dataset_produces_2', 'consume_1_or_both_2_and_3_with_dataset_expressions', 'consume_1_or_2_with_dataset_expressions', 'conditional_dataset_and_time_based_timetable', 'dataset_consumes_1', 'dataset_consumes_unknown_never_scheduled' retrieved from /home/airflow/.local/lib/python3.12/site-packages/airflow/example_dags/example_datasets.py
[2025-01-08T10:35:53.515+0000] {logging_mixin.py:190} INFO - [2025-01-08T10:35:53.515+0000] {dag.py:3239} INFO - Sync 10 DAGs
[2025-01-08T10:35:53.609+0000] {logging_mixin.py:190} INFO - [2025-01-08T10:35:53.609+0000] {dag.py:4180} INFO - Setting next_dagrun for conditional_dataset_and_time_based_timetable to 2025-01-08 01:00:00+00:00, run_after=2025-01-08 01:00:00+00:00
[2025-01-08T10:35:53.616+0000] {logging_mixin.py:190} INFO - [2025-01-08T10:35:53.615+0000] {dag.py:4180} INFO - Setting next_dagrun for consume_1_and_2_with_dataset_expressions to None, run_after=None
[2025-01-08T10:35:53.627+0000] {logging_mixin.py:190} INFO - [2025-01-08T10:35:53.626+0000] {dag.py:4180} INFO - Setting next_dagrun for consume_1_or_2_with_dataset_expressions to None, run_after=None
[2025-01-08T10:35:53.629+0000] {logging_mixin.py:190} INFO - [2025-01-08T10:35:53.629+0000] {dag.py:4180} INFO - Setting next_dagrun for consume_1_or_both_2_and_3_with_dataset_expressions to None, run_after=None
[2025-01-08T10:35:53.631+0000] {logging_mixin.py:190} INFO - [2025-01-08T10:35:53.631+0000] {dag.py:4180} INFO - Setting next_dagrun for dataset_consumes_1 to None, run_after=None
[2025-01-08T10:35:53.648+0000] {logging_mixin.py:190} INFO - [2025-01-08T10:35:53.648+0000] {dag.py:4180} INFO - Setting next_dagrun for dataset_consumes_1_and_2 to None, run_after=None
[2025-01-08T10:35:53.651+0000] {logging_mixin.py:190} INFO - [2025-01-08T10:35:53.650+0000] {dag.py:4180} INFO - Setting next_dagrun for dataset_consumes_1_never_scheduled to None, run_after=None
[2025-01-08T10:35:53.659+0000] {logging_mixin.py:190} INFO - [2025-01-08T10:35:53.659+0000] {dag.py:4180} INFO - Setting next_dagrun for dataset_consumes_unknown_never_scheduled to None, run_after=None
[2025-01-08T10:35:53.665+0000] {logging_mixin.py:190} INFO - [2025-01-08T10:35:53.664+0000] {dag.py:4180} INFO - Setting next_dagrun for dataset_produces_1 to 2025-01-07 00:00:00+00:00, run_after=2025-01-08 00:00:00+00:00
[2025-01-08T10:35:53.667+0000] {logging_mixin.py:190} INFO - [2025-01-08T10:35:53.667+0000] {dag.py:4180} INFO - Setting next_dagrun for dataset_produces_2 to None, run_after=None
[2025-01-08T10:35:53.848+0000] {processor.py:208} INFO - Processing /home/airflow/.local/lib/python3.12/site-packages/airflow/example_dags/example_datasets.py took 1.980 seconds
[2025-01-08T10:36:27.162+0000] {processor.py:186} INFO - Started process (PID=1050) to work on /home/airflow/.local/lib/python3.12/site-packages/airflow/example_dags/example_datasets.py
[2025-01-08T10:36:27.164+0000] {processor.py:914} INFO - Processing file /home/airflow/.local/lib/python3.12/site-packages/airflow/example_dags/example_datasets.py for tasks to queue
[2025-01-08T10:36:27.167+0000] {logging_mixin.py:190} INFO - [2025-01-08T10:36:27.167+0000] {dagbag.py:588} INFO - Filling up the DagBag from /home/airflow/.local/lib/python3.12/site-packages/airflow/example_dags/example_datasets.py
[2025-01-08T10:36:28.568+0000] {processor.py:925} INFO - DAG(s) 'consume_1_and_2_with_dataset_expressions', 'consume_1_or_both_2_and_3_with_dataset_expressions', 'dataset_consumes_1_never_scheduled', 'dataset_produces_1', 'dataset_consumes_unknown_never_scheduled', 'conditional_dataset_and_time_based_timetable', 'consume_1_or_2_with_dataset_expressions', 'dataset_consumes_1', 'dataset_produces_2', 'dataset_consumes_1_and_2' retrieved from /home/airflow/.local/lib/python3.12/site-packages/airflow/example_dags/example_datasets.py
[2025-01-08T10:36:28.625+0000] {logging_mixin.py:190} INFO - [2025-01-08T10:36:28.625+0000] {dag.py:3239} INFO - Sync 10 DAGs
[2025-01-08T10:36:28.658+0000] {logging_mixin.py:190} INFO - [2025-01-08T10:36:28.657+0000] {dag.py:4180} INFO - Setting next_dagrun for conditional_dataset_and_time_based_timetable to 2025-01-08 01:00:00+00:00, run_after=2025-01-08 01:00:00+00:00
[2025-01-08T10:36:28.663+0000] {logging_mixin.py:190} INFO - [2025-01-08T10:36:28.662+0000] {dag.py:4180} INFO - Setting next_dagrun for consume_1_and_2_with_dataset_expressions to None, run_after=None
[2025-01-08T10:36:28.665+0000] {logging_mixin.py:190} INFO - [2025-01-08T10:36:28.664+0000] {dag.py:4180} INFO - Setting next_dagrun for consume_1_or_2_with_dataset_expressions to None, run_after=None
[2025-01-08T10:36:28.666+0000] {logging_mixin.py:190} INFO - [2025-01-08T10:36:28.666+0000] {dag.py:4180} INFO - Setting next_dagrun for consume_1_or_both_2_and_3_with_dataset_expressions to None, run_after=None
[2025-01-08T10:36:28.668+0000] {logging_mixin.py:190} INFO - [2025-01-08T10:36:28.667+0000] {dag.py:4180} INFO - Setting next_dagrun for dataset_consumes_1 to None, run_after=None
[2025-01-08T10:36:28.669+0000] {logging_mixin.py:190} INFO - [2025-01-08T10:36:28.669+0000] {dag.py:4180} INFO - Setting next_dagrun for dataset_consumes_1_and_2 to None, run_after=None
[2025-01-08T10:36:28.671+0000] {logging_mixin.py:190} INFO - [2025-01-08T10:36:28.671+0000] {dag.py:4180} INFO - Setting next_dagrun for dataset_consumes_1_never_scheduled to None, run_after=None
[2025-01-08T10:36:28.672+0000] {logging_mixin.py:190} INFO - [2025-01-08T10:36:28.672+0000] {dag.py:4180} INFO - Setting next_dagrun for dataset_consumes_unknown_never_scheduled to None, run_after=None
[2025-01-08T10:36:28.676+0000] {logging_mixin.py:190} INFO - [2025-01-08T10:36:28.675+0000] {dag.py:4180} INFO - Setting next_dagrun for dataset_produces_1 to 2025-01-07 00:00:00+00:00, run_after=2025-01-08 00:00:00+00:00
[2025-01-08T10:36:28.677+0000] {logging_mixin.py:190} INFO - [2025-01-08T10:36:28.677+0000] {dag.py:4180} INFO - Setting next_dagrun for dataset_produces_2 to None, run_after=None
[2025-01-08T10:36:28.725+0000] {processor.py:208} INFO - Processing /home/airflow/.local/lib/python3.12/site-packages/airflow/example_dags/example_datasets.py took 1.582 seconds
[2025-01-08T10:36:59.932+0000] {processor.py:186} INFO - Started process (PID=1373) to work on /home/airflow/.local/lib/python3.12/site-packages/airflow/example_dags/example_datasets.py
[2025-01-08T10:36:59.934+0000] {processor.py:914} INFO - Processing file /home/airflow/.local/lib/python3.12/site-packages/airflow/example_dags/example_datasets.py for tasks to queue
[2025-01-08T10:36:59.946+0000] {logging_mixin.py:190} INFO - [2025-01-08T10:36:59.945+0000] {dagbag.py:588} INFO - Filling up the DagBag from /home/airflow/.local/lib/python3.12/site-packages/airflow/example_dags/example_datasets.py
[2025-01-08T10:37:01.626+0000] {processor.py:925} INFO - DAG(s) 'dataset_consumes_1_never_scheduled', 'consume_1_or_both_2_and_3_with_dataset_expressions', 'conditional_dataset_and_time_based_timetable', 'dataset_consumes_1', 'dataset_consumes_1_and_2', 'consume_1_and_2_with_dataset_expressions', 'consume_1_or_2_with_dataset_expressions', 'dataset_consumes_unknown_never_scheduled', 'dataset_produces_1', 'dataset_produces_2' retrieved from /home/airflow/.local/lib/python3.12/site-packages/airflow/example_dags/example_datasets.py
[2025-01-08T10:37:01.769+0000] {logging_mixin.py:190} INFO - [2025-01-08T10:37:01.768+0000] {dag.py:3239} INFO - Sync 10 DAGs
[2025-01-08T10:37:01.853+0000] {logging_mixin.py:190} INFO - [2025-01-08T10:37:01.852+0000] {dag.py:4180} INFO - Setting next_dagrun for conditional_dataset_and_time_based_timetable to 2025-01-08 01:00:00+00:00, run_after=2025-01-08 01:00:00+00:00
[2025-01-08T10:37:01.869+0000] {logging_mixin.py:190} INFO - [2025-01-08T10:37:01.864+0000] {dag.py:4180} INFO - Setting next_dagrun for consume_1_and_2_with_dataset_expressions to None, run_after=None
[2025-01-08T10:37:01.873+0000] {logging_mixin.py:190} INFO - [2025-01-08T10:37:01.872+0000] {dag.py:4180} INFO - Setting next_dagrun for consume_1_or_2_with_dataset_expressions to None, run_after=None
[2025-01-08T10:37:01.875+0000] {logging_mixin.py:190} INFO - [2025-01-08T10:37:01.875+0000] {dag.py:4180} INFO - Setting next_dagrun for consume_1_or_both_2_and_3_with_dataset_expressions to None, run_after=None
[2025-01-08T10:37:01.878+0000] {logging_mixin.py:190} INFO - [2025-01-08T10:37:01.877+0000] {dag.py:4180} INFO - Setting next_dagrun for dataset_consumes_1 to None, run_after=None
[2025-01-08T10:37:01.880+0000] {logging_mixin.py:190} INFO - [2025-01-08T10:37:01.880+0000] {dag.py:4180} INFO - Setting next_dagrun for dataset_consumes_1_and_2 to None, run_after=None
[2025-01-08T10:37:01.885+0000] {logging_mixin.py:190} INFO - [2025-01-08T10:37:01.883+0000] {dag.py:4180} INFO - Setting next_dagrun for dataset_consumes_1_never_scheduled to None, run_after=None
[2025-01-08T10:37:01.892+0000] {logging_mixin.py:190} INFO - [2025-01-08T10:37:01.892+0000] {dag.py:4180} INFO - Setting next_dagrun for dataset_consumes_unknown_never_scheduled to None, run_after=None
[2025-01-08T10:37:01.897+0000] {logging_mixin.py:190} INFO - [2025-01-08T10:37:01.897+0000] {dag.py:4180} INFO - Setting next_dagrun for dataset_produces_1 to 2025-01-07 00:00:00+00:00, run_after=2025-01-08 00:00:00+00:00
[2025-01-08T10:37:01.900+0000] {logging_mixin.py:190} INFO - [2025-01-08T10:37:01.900+0000] {dag.py:4180} INFO - Setting next_dagrun for dataset_produces_2 to None, run_after=None
[2025-01-08T10:37:02.010+0000] {processor.py:208} INFO - Processing /home/airflow/.local/lib/python3.12/site-packages/airflow/example_dags/example_datasets.py took 2.096 seconds
[2025-01-08T10:37:32.757+0000] {processor.py:186} INFO - Started process (PID=1709) to work on /home/airflow/.local/lib/python3.12/site-packages/airflow/example_dags/example_datasets.py
[2025-01-08T10:37:32.758+0000] {processor.py:914} INFO - Processing file /home/airflow/.local/lib/python3.12/site-packages/airflow/example_dags/example_datasets.py for tasks to queue
[2025-01-08T10:37:32.760+0000] {logging_mixin.py:190} INFO - [2025-01-08T10:37:32.760+0000] {dagbag.py:588} INFO - Filling up the DagBag from /home/airflow/.local/lib/python3.12/site-packages/airflow/example_dags/example_datasets.py
[2025-01-08T10:37:33.401+0000] {processor.py:925} INFO - DAG(s) 'consume_1_or_both_2_and_3_with_dataset_expressions', 'dataset_produces_2', 'consume_1_or_2_with_dataset_expressions', 'dataset_produces_1', 'dataset_consumes_unknown_never_scheduled', 'dataset_consumes_1_and_2', 'dataset_consumes_1_never_scheduled', 'consume_1_and_2_with_dataset_expressions', 'conditional_dataset_and_time_based_timetable', 'dataset_consumes_1' retrieved from /home/airflow/.local/lib/python3.12/site-packages/airflow/example_dags/example_datasets.py
[2025-01-08T10:37:33.452+0000] {logging_mixin.py:190} INFO - [2025-01-08T10:37:33.451+0000] {dag.py:3239} INFO - Sync 10 DAGs
[2025-01-08T10:37:33.484+0000] {logging_mixin.py:190} INFO - [2025-01-08T10:37:33.484+0000] {dag.py:4180} INFO - Setting next_dagrun for conditional_dataset_and_time_based_timetable to 2025-01-08 01:00:00+00:00, run_after=2025-01-08 01:00:00+00:00
[2025-01-08T10:37:33.490+0000] {logging_mixin.py:190} INFO - [2025-01-08T10:37:33.490+0000] {dag.py:4180} INFO - Setting next_dagrun for consume_1_and_2_with_dataset_expressions to None, run_after=None
[2025-01-08T10:37:33.493+0000] {logging_mixin.py:190} INFO - [2025-01-08T10:37:33.493+0000] {dag.py:4180} INFO - Setting next_dagrun for consume_1_or_2_with_dataset_expressions to None, run_after=None
[2025-01-08T10:37:33.495+0000] {logging_mixin.py:190} INFO - [2025-01-08T10:37:33.494+0000] {dag.py:4180} INFO - Setting next_dagrun for consume_1_or_both_2_and_3_with_dataset_expressions to None, run_after=None
[2025-01-08T10:37:33.496+0000] {logging_mixin.py:190} INFO - [2025-01-08T10:37:33.496+0000] {dag.py:4180} INFO - Setting next_dagrun for dataset_consumes_1 to None, run_after=None
[2025-01-08T10:37:33.498+0000] {logging_mixin.py:190} INFO - [2025-01-08T10:37:33.498+0000] {dag.py:4180} INFO - Setting next_dagrun for dataset_consumes_1_and_2 to None, run_after=None
[2025-01-08T10:37:33.499+0000] {logging_mixin.py:190} INFO - [2025-01-08T10:37:33.499+0000] {dag.py:4180} INFO - Setting next_dagrun for dataset_consumes_1_never_scheduled to None, run_after=None
[2025-01-08T10:37:33.501+0000] {logging_mixin.py:190} INFO - [2025-01-08T10:37:33.500+0000] {dag.py:4180} INFO - Setting next_dagrun for dataset_consumes_unknown_never_scheduled to None, run_after=None
[2025-01-08T10:37:33.504+0000] {logging_mixin.py:190} INFO - [2025-01-08T10:37:33.504+0000] {dag.py:4180} INFO - Setting next_dagrun for dataset_produces_1 to 2025-01-07 00:00:00+00:00, run_after=2025-01-08 00:00:00+00:00
[2025-01-08T10:37:33.506+0000] {logging_mixin.py:190} INFO - [2025-01-08T10:37:33.506+0000] {dag.py:4180} INFO - Setting next_dagrun for dataset_produces_2 to None, run_after=None
[2025-01-08T10:37:33.552+0000] {processor.py:208} INFO - Processing /home/airflow/.local/lib/python3.12/site-packages/airflow/example_dags/example_datasets.py took 0.804 seconds
[2025-01-08T10:38:04.319+0000] {processor.py:186} INFO - Started process (PID=2010) to work on /home/airflow/.local/lib/python3.12/site-packages/airflow/example_dags/example_datasets.py
[2025-01-08T10:38:04.321+0000] {processor.py:914} INFO - Processing file /home/airflow/.local/lib/python3.12/site-packages/airflow/example_dags/example_datasets.py for tasks to queue
[2025-01-08T10:38:04.331+0000] {logging_mixin.py:190} INFO - [2025-01-08T10:38:04.330+0000] {dagbag.py:588} INFO - Filling up the DagBag from /home/airflow/.local/lib/python3.12/site-packages/airflow/example_dags/example_datasets.py
[2025-01-08T10:38:05.774+0000] {processor.py:925} INFO - DAG(s) 'consume_1_and_2_with_dataset_expressions', 'consume_1_or_2_with_dataset_expressions', 'dataset_produces_2', 'dataset_consumes_1_and_2', 'dataset_consumes_1_never_scheduled', 'consume_1_or_both_2_and_3_with_dataset_expressions', 'dataset_consumes_1', 'dataset_consumes_unknown_never_scheduled', 'conditional_dataset_and_time_based_timetable', 'dataset_produces_1' retrieved from /home/airflow/.local/lib/python3.12/site-packages/airflow/example_dags/example_datasets.py
[2025-01-08T10:38:05.915+0000] {logging_mixin.py:190} INFO - [2025-01-08T10:38:05.914+0000] {dag.py:3239} INFO - Sync 10 DAGs
[2025-01-08T10:38:05.995+0000] {logging_mixin.py:190} INFO - [2025-01-08T10:38:05.994+0000] {dag.py:4180} INFO - Setting next_dagrun for conditional_dataset_and_time_based_timetable to 2025-01-08 01:00:00+00:00, run_after=2025-01-08 01:00:00+00:00
[2025-01-08T10:38:06.005+0000] {logging_mixin.py:190} INFO - [2025-01-08T10:38:06.004+0000] {dag.py:4180} INFO - Setting next_dagrun for consume_1_and_2_with_dataset_expressions to None, run_after=None
[2025-01-08T10:38:06.008+0000] {logging_mixin.py:190} INFO - [2025-01-08T10:38:06.008+0000] {dag.py:4180} INFO - Setting next_dagrun for consume_1_or_2_with_dataset_expressions to None, run_after=None
[2025-01-08T10:38:06.010+0000] {logging_mixin.py:190} INFO - [2025-01-08T10:38:06.010+0000] {dag.py:4180} INFO - Setting next_dagrun for consume_1_or_both_2_and_3_with_dataset_expressions to None, run_after=None
[2025-01-08T10:38:06.013+0000] {logging_mixin.py:190} INFO - [2025-01-08T10:38:06.012+0000] {dag.py:4180} INFO - Setting next_dagrun for dataset_consumes_1 to None, run_after=None
[2025-01-08T10:38:06.024+0000] {logging_mixin.py:190} INFO - [2025-01-08T10:38:06.022+0000] {dag.py:4180} INFO - Setting next_dagrun for dataset_consumes_1_and_2 to None, run_after=None
[2025-01-08T10:38:06.027+0000] {logging_mixin.py:190} INFO - [2025-01-08T10:38:06.026+0000] {dag.py:4180} INFO - Setting next_dagrun for dataset_consumes_1_never_scheduled to None, run_after=None
[2025-01-08T10:38:06.029+0000] {logging_mixin.py:190} INFO - [2025-01-08T10:38:06.029+0000] {dag.py:4180} INFO - Setting next_dagrun for dataset_consumes_unknown_never_scheduled to None, run_after=None
[2025-01-08T10:38:06.035+0000] {logging_mixin.py:190} INFO - [2025-01-08T10:38:06.035+0000] {dag.py:4180} INFO - Setting next_dagrun for dataset_produces_1 to 2025-01-07 00:00:00+00:00, run_after=2025-01-08 00:00:00+00:00
[2025-01-08T10:38:06.043+0000] {logging_mixin.py:190} INFO - [2025-01-08T10:38:06.042+0000] {dag.py:4180} INFO - Setting next_dagrun for dataset_produces_2 to None, run_after=None
[2025-01-08T10:38:06.198+0000] {processor.py:208} INFO - Processing /home/airflow/.local/lib/python3.12/site-packages/airflow/example_dags/example_datasets.py took 1.893 seconds
[2025-01-08T10:38:37.367+0000] {processor.py:186} INFO - Started process (PID=2318) to work on /home/airflow/.local/lib/python3.12/site-packages/airflow/example_dags/example_datasets.py
[2025-01-08T10:38:37.373+0000] {processor.py:914} INFO - Processing file /home/airflow/.local/lib/python3.12/site-packages/airflow/example_dags/example_datasets.py for tasks to queue
[2025-01-08T10:38:37.385+0000] {logging_mixin.py:190} INFO - [2025-01-08T10:38:37.384+0000] {dagbag.py:588} INFO - Filling up the DagBag from /home/airflow/.local/lib/python3.12/site-packages/airflow/example_dags/example_datasets.py
[2025-01-08T10:38:38.949+0000] {processor.py:925} INFO - DAG(s) 'dataset_produces_1', 'dataset_consumes_1_never_scheduled', 'dataset_consumes_unknown_never_scheduled', 'consume_1_and_2_with_dataset_expressions', 'conditional_dataset_and_time_based_timetable', 'dataset_produces_2', 'dataset_consumes_1', 'dataset_consumes_1_and_2', 'consume_1_or_2_with_dataset_expressions', 'consume_1_or_both_2_and_3_with_dataset_expressions' retrieved from /home/airflow/.local/lib/python3.12/site-packages/airflow/example_dags/example_datasets.py
[2025-01-08T10:38:39.095+0000] {logging_mixin.py:190} INFO - [2025-01-08T10:38:39.095+0000] {dag.py:3239} INFO - Sync 10 DAGs
[2025-01-08T10:38:39.197+0000] {logging_mixin.py:190} INFO - [2025-01-08T10:38:39.196+0000] {dag.py:4180} INFO - Setting next_dagrun for conditional_dataset_and_time_based_timetable to 2025-01-08 01:00:00+00:00, run_after=2025-01-08 01:00:00+00:00
[2025-01-08T10:38:39.214+0000] {logging_mixin.py:190} INFO - [2025-01-08T10:38:39.214+0000] {dag.py:4180} INFO - Setting next_dagrun for consume_1_and_2_with_dataset_expressions to None, run_after=None
[2025-01-08T10:38:39.217+0000] {logging_mixin.py:190} INFO - [2025-01-08T10:38:39.217+0000] {dag.py:4180} INFO - Setting next_dagrun for consume_1_or_2_with_dataset_expressions to None, run_after=None
[2025-01-08T10:38:39.219+0000] {logging_mixin.py:190} INFO - [2025-01-08T10:38:39.219+0000] {dag.py:4180} INFO - Setting next_dagrun for consume_1_or_both_2_and_3_with_dataset_expressions to None, run_after=None
[2025-01-08T10:38:39.227+0000] {logging_mixin.py:190} INFO - [2025-01-08T10:38:39.225+0000] {dag.py:4180} INFO - Setting next_dagrun for dataset_consumes_1 to None, run_after=None
[2025-01-08T10:38:39.231+0000] {logging_mixin.py:190} INFO - [2025-01-08T10:38:39.231+0000] {dag.py:4180} INFO - Setting next_dagrun for dataset_consumes_1_and_2 to None, run_after=None
[2025-01-08T10:38:39.234+0000] {logging_mixin.py:190} INFO - [2025-01-08T10:38:39.234+0000] {dag.py:4180} INFO - Setting next_dagrun for dataset_consumes_1_never_scheduled to None, run_after=None
[2025-01-08T10:38:39.237+0000] {logging_mixin.py:190} INFO - [2025-01-08T10:38:39.236+0000] {dag.py:4180} INFO - Setting next_dagrun for dataset_consumes_unknown_never_scheduled to None, run_after=None
[2025-01-08T10:38:39.250+0000] {logging_mixin.py:190} INFO - [2025-01-08T10:38:39.250+0000] {dag.py:4180} INFO - Setting next_dagrun for dataset_produces_1 to 2025-01-07 00:00:00+00:00, run_after=2025-01-08 00:00:00+00:00
[2025-01-08T10:38:39.253+0000] {logging_mixin.py:190} INFO - [2025-01-08T10:38:39.252+0000] {dag.py:4180} INFO - Setting next_dagrun for dataset_produces_2 to None, run_after=None
[2025-01-08T10:38:39.413+0000] {processor.py:208} INFO - Processing /home/airflow/.local/lib/python3.12/site-packages/airflow/example_dags/example_datasets.py took 2.065 seconds
[2025-01-08T10:39:11.137+0000] {processor.py:186} INFO - Started process (PID=2639) to work on /home/airflow/.local/lib/python3.12/site-packages/airflow/example_dags/example_datasets.py
[2025-01-08T10:39:11.149+0000] {processor.py:914} INFO - Processing file /home/airflow/.local/lib/python3.12/site-packages/airflow/example_dags/example_datasets.py for tasks to queue
[2025-01-08T10:39:11.156+0000] {logging_mixin.py:190} INFO - [2025-01-08T10:39:11.156+0000] {dagbag.py:588} INFO - Filling up the DagBag from /home/airflow/.local/lib/python3.12/site-packages/airflow/example_dags/example_datasets.py
[2025-01-08T10:39:12.459+0000] {processor.py:925} INFO - DAG(s) 'dataset_produces_1', 'consume_1_and_2_with_dataset_expressions', 'dataset_consumes_unknown_never_scheduled', 'dataset_consumes_1_and_2', 'consume_1_or_both_2_and_3_with_dataset_expressions', 'dataset_produces_2', 'dataset_consumes_1', 'consume_1_or_2_with_dataset_expressions', 'dataset_consumes_1_never_scheduled', 'conditional_dataset_and_time_based_timetable' retrieved from /home/airflow/.local/lib/python3.12/site-packages/airflow/example_dags/example_datasets.py
[2025-01-08T10:39:12.689+0000] {logging_mixin.py:190} INFO - [2025-01-08T10:39:12.688+0000] {dag.py:3239} INFO - Sync 10 DAGs
[2025-01-08T10:39:12.738+0000] {logging_mixin.py:190} INFO - [2025-01-08T10:39:12.737+0000] {dag.py:4180} INFO - Setting next_dagrun for conditional_dataset_and_time_based_timetable to 2025-01-08 01:00:00+00:00, run_after=2025-01-08 01:00:00+00:00
[2025-01-08T10:39:12.744+0000] {logging_mixin.py:190} INFO - [2025-01-08T10:39:12.744+0000] {dag.py:4180} INFO - Setting next_dagrun for consume_1_and_2_with_dataset_expressions to None, run_after=None
[2025-01-08T10:39:12.747+0000] {logging_mixin.py:190} INFO - [2025-01-08T10:39:12.746+0000] {dag.py:4180} INFO - Setting next_dagrun for consume_1_or_2_with_dataset_expressions to None, run_after=None
[2025-01-08T10:39:12.749+0000] {logging_mixin.py:190} INFO - [2025-01-08T10:39:12.749+0000] {dag.py:4180} INFO - Setting next_dagrun for consume_1_or_both_2_and_3_with_dataset_expressions to None, run_after=None
[2025-01-08T10:39:12.753+0000] {logging_mixin.py:190} INFO - [2025-01-08T10:39:12.753+0000] {dag.py:4180} INFO - Setting next_dagrun for dataset_consumes_1 to None, run_after=None
[2025-01-08T10:39:12.755+0000] {logging_mixin.py:190} INFO - [2025-01-08T10:39:12.755+0000] {dag.py:4180} INFO - Setting next_dagrun for dataset_consumes_1_and_2 to None, run_after=None
[2025-01-08T10:39:12.757+0000] {logging_mixin.py:190} INFO - [2025-01-08T10:39:12.756+0000] {dag.py:4180} INFO - Setting next_dagrun for dataset_consumes_1_never_scheduled to None, run_after=None
[2025-01-08T10:39:12.758+0000] {logging_mixin.py:190} INFO - [2025-01-08T10:39:12.758+0000] {dag.py:4180} INFO - Setting next_dagrun for dataset_consumes_unknown_never_scheduled to None, run_after=None
[2025-01-08T10:39:12.763+0000] {logging_mixin.py:190} INFO - [2025-01-08T10:39:12.762+0000] {dag.py:4180} INFO - Setting next_dagrun for dataset_produces_1 to 2025-01-07 00:00:00+00:00, run_after=2025-01-08 00:00:00+00:00
[2025-01-08T10:39:12.765+0000] {logging_mixin.py:190} INFO - [2025-01-08T10:39:12.765+0000] {dag.py:4180} INFO - Setting next_dagrun for dataset_produces_2 to None, run_after=None
[2025-01-08T10:39:12.840+0000] {processor.py:208} INFO - Processing /home/airflow/.local/lib/python3.12/site-packages/airflow/example_dags/example_datasets.py took 1.719 seconds
[2025-01-08T10:39:44.273+0000] {processor.py:186} INFO - Started process (PID=2955) to work on /home/airflow/.local/lib/python3.12/site-packages/airflow/example_dags/example_datasets.py
[2025-01-08T10:39:44.275+0000] {processor.py:914} INFO - Processing file /home/airflow/.local/lib/python3.12/site-packages/airflow/example_dags/example_datasets.py for tasks to queue
[2025-01-08T10:39:44.279+0000] {logging_mixin.py:190} INFO - [2025-01-08T10:39:44.278+0000] {dagbag.py:588} INFO - Filling up the DagBag from /home/airflow/.local/lib/python3.12/site-packages/airflow/example_dags/example_datasets.py
[2025-01-08T10:39:46.005+0000] {processor.py:925} INFO - DAG(s) 'dataset_consumes_1', 'dataset_consumes_1_never_scheduled', 'consume_1_or_both_2_and_3_with_dataset_expressions', 'consume_1_or_2_with_dataset_expressions', 'conditional_dataset_and_time_based_timetable', 'dataset_consumes_unknown_never_scheduled', 'dataset_produces_1', 'dataset_consumes_1_and_2', 'dataset_produces_2', 'consume_1_and_2_with_dataset_expressions' retrieved from /home/airflow/.local/lib/python3.12/site-packages/airflow/example_dags/example_datasets.py
[2025-01-08T10:39:46.148+0000] {logging_mixin.py:190} INFO - [2025-01-08T10:39:46.147+0000] {dag.py:3239} INFO - Sync 10 DAGs
[2025-01-08T10:39:46.236+0000] {logging_mixin.py:190} INFO - [2025-01-08T10:39:46.236+0000] {dag.py:4180} INFO - Setting next_dagrun for conditional_dataset_and_time_based_timetable to 2025-01-08 01:00:00+00:00, run_after=2025-01-08 01:00:00+00:00
[2025-01-08T10:39:46.253+0000] {logging_mixin.py:190} INFO - [2025-01-08T10:39:46.253+0000] {dag.py:4180} INFO - Setting next_dagrun for consume_1_and_2_with_dataset_expressions to None, run_after=None
[2025-01-08T10:39:46.257+0000] {logging_mixin.py:190} INFO - [2025-01-08T10:39:46.256+0000] {dag.py:4180} INFO - Setting next_dagrun for consume_1_or_2_with_dataset_expressions to None, run_after=None
[2025-01-08T10:39:46.271+0000] {logging_mixin.py:190} INFO - [2025-01-08T10:39:46.271+0000] {dag.py:4180} INFO - Setting next_dagrun for consume_1_or_both_2_and_3_with_dataset_expressions to None, run_after=None
[2025-01-08T10:39:46.274+0000] {logging_mixin.py:190} INFO - [2025-01-08T10:39:46.273+0000] {dag.py:4180} INFO - Setting next_dagrun for dataset_consumes_1 to None, run_after=None
[2025-01-08T10:39:46.276+0000] {logging_mixin.py:190} INFO - [2025-01-08T10:39:46.276+0000] {dag.py:4180} INFO - Setting next_dagrun for dataset_consumes_1_and_2 to None, run_after=None
[2025-01-08T10:39:46.280+0000] {logging_mixin.py:190} INFO - [2025-01-08T10:39:46.279+0000] {dag.py:4180} INFO - Setting next_dagrun for dataset_consumes_1_never_scheduled to None, run_after=None
[2025-01-08T10:39:46.283+0000] {logging_mixin.py:190} INFO - [2025-01-08T10:39:46.282+0000] {dag.py:4180} INFO - Setting next_dagrun for dataset_consumes_unknown_never_scheduled to None, run_after=None
[2025-01-08T10:39:46.298+0000] {logging_mixin.py:190} INFO - [2025-01-08T10:39:46.297+0000] {dag.py:4180} INFO - Setting next_dagrun for dataset_produces_1 to 2025-01-07 00:00:00+00:00, run_after=2025-01-08 00:00:00+00:00
[2025-01-08T10:39:46.301+0000] {logging_mixin.py:190} INFO - [2025-01-08T10:39:46.300+0000] {dag.py:4180} INFO - Setting next_dagrun for dataset_produces_2 to None, run_after=None
[2025-01-08T10:39:46.466+0000] {processor.py:208} INFO - Processing /home/airflow/.local/lib/python3.12/site-packages/airflow/example_dags/example_datasets.py took 2.214 seconds
[2025-01-08T10:40:20.308+0000] {processor.py:186} INFO - Started process (PID=3293) to work on /home/airflow/.local/lib/python3.12/site-packages/airflow/example_dags/example_datasets.py
[2025-01-08T10:40:20.309+0000] {processor.py:914} INFO - Processing file /home/airflow/.local/lib/python3.12/site-packages/airflow/example_dags/example_datasets.py for tasks to queue
[2025-01-08T10:40:20.314+0000] {logging_mixin.py:190} INFO - [2025-01-08T10:40:20.313+0000] {dagbag.py:588} INFO - Filling up the DagBag from /home/airflow/.local/lib/python3.12/site-packages/airflow/example_dags/example_datasets.py
[2025-01-08T10:40:21.124+0000] {processor.py:925} INFO - DAG(s) 'consume_1_and_2_with_dataset_expressions', 'conditional_dataset_and_time_based_timetable', 'dataset_consumes_unknown_never_scheduled', 'dataset_produces_2', 'dataset_consumes_1_never_scheduled', 'dataset_consumes_1_and_2', 'dataset_produces_1', 'dataset_consumes_1', 'consume_1_or_both_2_and_3_with_dataset_expressions', 'consume_1_or_2_with_dataset_expressions' retrieved from /home/airflow/.local/lib/python3.12/site-packages/airflow/example_dags/example_datasets.py
[2025-01-08T10:40:21.196+0000] {logging_mixin.py:190} INFO - [2025-01-08T10:40:21.195+0000] {dag.py:3239} INFO - Sync 10 DAGs
[2025-01-08T10:40:21.237+0000] {logging_mixin.py:190} INFO - [2025-01-08T10:40:21.236+0000] {dag.py:4180} INFO - Setting next_dagrun for conditional_dataset_and_time_based_timetable to 2025-01-08 01:00:00+00:00, run_after=2025-01-08 01:00:00+00:00
[2025-01-08T10:40:21.243+0000] {logging_mixin.py:190} INFO - [2025-01-08T10:40:21.243+0000] {dag.py:4180} INFO - Setting next_dagrun for consume_1_and_2_with_dataset_expressions to None, run_after=None
[2025-01-08T10:40:21.246+0000] {logging_mixin.py:190} INFO - [2025-01-08T10:40:21.246+0000] {dag.py:4180} INFO - Setting next_dagrun for consume_1_or_2_with_dataset_expressions to None, run_after=None
[2025-01-08T10:40:21.249+0000] {logging_mixin.py:190} INFO - [2025-01-08T10:40:21.249+0000] {dag.py:4180} INFO - Setting next_dagrun for consume_1_or_both_2_and_3_with_dataset_expressions to None, run_after=None
[2025-01-08T10:40:21.251+0000] {logging_mixin.py:190} INFO - [2025-01-08T10:40:21.250+0000] {dag.py:4180} INFO - Setting next_dagrun for dataset_consumes_1 to None, run_after=None
[2025-01-08T10:40:21.252+0000] {logging_mixin.py:190} INFO - [2025-01-08T10:40:21.252+0000] {dag.py:4180} INFO - Setting next_dagrun for dataset_consumes_1_and_2 to None, run_after=None
[2025-01-08T10:40:21.254+0000] {logging_mixin.py:190} INFO - [2025-01-08T10:40:21.254+0000] {dag.py:4180} INFO - Setting next_dagrun for dataset_consumes_1_never_scheduled to None, run_after=None
[2025-01-08T10:40:21.256+0000] {logging_mixin.py:190} INFO - [2025-01-08T10:40:21.256+0000] {dag.py:4180} INFO - Setting next_dagrun for dataset_consumes_unknown_never_scheduled to None, run_after=None
[2025-01-08T10:40:21.260+0000] {logging_mixin.py:190} INFO - [2025-01-08T10:40:21.260+0000] {dag.py:4180} INFO - Setting next_dagrun for dataset_produces_1 to 2025-01-07 00:00:00+00:00, run_after=2025-01-08 00:00:00+00:00
[2025-01-08T10:40:21.263+0000] {logging_mixin.py:190} INFO - [2025-01-08T10:40:21.262+0000] {dag.py:4180} INFO - Setting next_dagrun for dataset_produces_2 to None, run_after=None
[2025-01-08T10:40:21.324+0000] {processor.py:208} INFO - Processing /home/airflow/.local/lib/python3.12/site-packages/airflow/example_dags/example_datasets.py took 1.025 seconds
[2025-01-08T10:43:21.448+0000] {processor.py:186} INFO - Started process (PID=423) to work on /home/airflow/.local/lib/python3.12/site-packages/airflow/example_dags/example_datasets.py
[2025-01-08T10:43:21.450+0000] {processor.py:914} INFO - Processing file /home/airflow/.local/lib/python3.12/site-packages/airflow/example_dags/example_datasets.py for tasks to queue
[2025-01-08T10:43:21.454+0000] {logging_mixin.py:190} INFO - [2025-01-08T10:43:21.453+0000] {dagbag.py:588} INFO - Filling up the DagBag from /home/airflow/.local/lib/python3.12/site-packages/airflow/example_dags/example_datasets.py
[2025-01-08T10:43:22.319+0000] {processor.py:925} INFO - DAG(s) 'dataset_consumes_unknown_never_scheduled', 'consume_1_and_2_with_dataset_expressions', 'dataset_produces_1', 'consume_1_or_2_with_dataset_expressions', 'consume_1_or_both_2_and_3_with_dataset_expressions', 'conditional_dataset_and_time_based_timetable', 'dataset_consumes_1_never_scheduled', 'dataset_consumes_1', 'dataset_consumes_1_and_2', 'dataset_produces_2' retrieved from /home/airflow/.local/lib/python3.12/site-packages/airflow/example_dags/example_datasets.py
[2025-01-08T10:43:22.381+0000] {logging_mixin.py:190} INFO - [2025-01-08T10:43:22.380+0000] {dag.py:3239} INFO - Sync 10 DAGs
[2025-01-08T10:43:22.421+0000] {logging_mixin.py:190} INFO - [2025-01-08T10:43:22.420+0000] {dag.py:4180} INFO - Setting next_dagrun for conditional_dataset_and_time_based_timetable to 2025-01-08 01:00:00+00:00, run_after=2025-01-08 01:00:00+00:00
[2025-01-08T10:43:22.425+0000] {logging_mixin.py:190} INFO - [2025-01-08T10:43:22.425+0000] {dag.py:4180} INFO - Setting next_dagrun for consume_1_and_2_with_dataset_expressions to None, run_after=None
[2025-01-08T10:43:22.428+0000] {logging_mixin.py:190} INFO - [2025-01-08T10:43:22.428+0000] {dag.py:4180} INFO - Setting next_dagrun for consume_1_or_2_with_dataset_expressions to None, run_after=None
[2025-01-08T10:43:22.430+0000] {logging_mixin.py:190} INFO - [2025-01-08T10:43:22.429+0000] {dag.py:4180} INFO - Setting next_dagrun for consume_1_or_both_2_and_3_with_dataset_expressions to None, run_after=None
[2025-01-08T10:43:22.432+0000] {logging_mixin.py:190} INFO - [2025-01-08T10:43:22.431+0000] {dag.py:4180} INFO - Setting next_dagrun for dataset_consumes_1 to None, run_after=None
[2025-01-08T10:43:22.434+0000] {logging_mixin.py:190} INFO - [2025-01-08T10:43:22.434+0000] {dag.py:4180} INFO - Setting next_dagrun for dataset_consumes_1_and_2 to None, run_after=None
[2025-01-08T10:43:22.436+0000] {logging_mixin.py:190} INFO - [2025-01-08T10:43:22.436+0000] {dag.py:4180} INFO - Setting next_dagrun for dataset_consumes_1_never_scheduled to None, run_after=None
[2025-01-08T10:43:22.439+0000] {logging_mixin.py:190} INFO - [2025-01-08T10:43:22.438+0000] {dag.py:4180} INFO - Setting next_dagrun for dataset_consumes_unknown_never_scheduled to None, run_after=None
[2025-01-08T10:43:22.443+0000] {logging_mixin.py:190} INFO - [2025-01-08T10:43:22.442+0000] {dag.py:4180} INFO - Setting next_dagrun for dataset_produces_1 to 2025-01-07 00:00:00+00:00, run_after=2025-01-08 00:00:00+00:00
[2025-01-08T10:43:22.444+0000] {logging_mixin.py:190} INFO - [2025-01-08T10:43:22.444+0000] {dag.py:4180} INFO - Setting next_dagrun for dataset_produces_2 to None, run_after=None
[2025-01-08T10:43:22.492+0000] {processor.py:208} INFO - Processing /home/airflow/.local/lib/python3.12/site-packages/airflow/example_dags/example_datasets.py took 1.053 seconds
[2025-01-08T10:43:53.035+0000] {processor.py:186} INFO - Started process (PID=746) to work on /home/airflow/.local/lib/python3.12/site-packages/airflow/example_dags/example_datasets.py
[2025-01-08T10:43:53.036+0000] {processor.py:914} INFO - Processing file /home/airflow/.local/lib/python3.12/site-packages/airflow/example_dags/example_datasets.py for tasks to queue
[2025-01-08T10:43:53.039+0000] {logging_mixin.py:190} INFO - [2025-01-08T10:43:53.038+0000] {dagbag.py:588} INFO - Filling up the DagBag from /home/airflow/.local/lib/python3.12/site-packages/airflow/example_dags/example_datasets.py
[2025-01-08T10:43:53.692+0000] {processor.py:925} INFO - DAG(s) 'conditional_dataset_and_time_based_timetable', 'consume_1_and_2_with_dataset_expressions', 'dataset_produces_2', 'consume_1_or_2_with_dataset_expressions', 'dataset_consumes_1_never_scheduled', 'consume_1_or_both_2_and_3_with_dataset_expressions', 'dataset_consumes_1', 'dataset_produces_1', 'dataset_consumes_unknown_never_scheduled', 'dataset_consumes_1_and_2' retrieved from /home/airflow/.local/lib/python3.12/site-packages/airflow/example_dags/example_datasets.py
[2025-01-08T10:43:53.744+0000] {logging_mixin.py:190} INFO - [2025-01-08T10:43:53.744+0000] {dag.py:3239} INFO - Sync 10 DAGs
[2025-01-08T10:43:53.777+0000] {logging_mixin.py:190} INFO - [2025-01-08T10:43:53.776+0000] {dag.py:4180} INFO - Setting next_dagrun for conditional_dataset_and_time_based_timetable to 2025-01-08 01:00:00+00:00, run_after=2025-01-08 01:00:00+00:00
[2025-01-08T10:43:53.783+0000] {logging_mixin.py:190} INFO - [2025-01-08T10:43:53.783+0000] {dag.py:4180} INFO - Setting next_dagrun for consume_1_and_2_with_dataset_expressions to None, run_after=None
[2025-01-08T10:43:53.785+0000] {logging_mixin.py:190} INFO - [2025-01-08T10:43:53.785+0000] {dag.py:4180} INFO - Setting next_dagrun for consume_1_or_2_with_dataset_expressions to None, run_after=None
[2025-01-08T10:43:53.787+0000] {logging_mixin.py:190} INFO - [2025-01-08T10:43:53.787+0000] {dag.py:4180} INFO - Setting next_dagrun for consume_1_or_both_2_and_3_with_dataset_expressions to None, run_after=None
[2025-01-08T10:43:53.789+0000] {logging_mixin.py:190} INFO - [2025-01-08T10:43:53.789+0000] {dag.py:4180} INFO - Setting next_dagrun for dataset_consumes_1 to None, run_after=None
[2025-01-08T10:43:53.790+0000] {logging_mixin.py:190} INFO - [2025-01-08T10:43:53.790+0000] {dag.py:4180} INFO - Setting next_dagrun for dataset_consumes_1_and_2 to None, run_after=None
[2025-01-08T10:43:53.792+0000] {logging_mixin.py:190} INFO - [2025-01-08T10:43:53.792+0000] {dag.py:4180} INFO - Setting next_dagrun for dataset_consumes_1_never_scheduled to None, run_after=None
[2025-01-08T10:43:53.793+0000] {logging_mixin.py:190} INFO - [2025-01-08T10:43:53.793+0000] {dag.py:4180} INFO - Setting next_dagrun for dataset_consumes_unknown_never_scheduled to None, run_after=None
[2025-01-08T10:43:53.797+0000] {logging_mixin.py:190} INFO - [2025-01-08T10:43:53.796+0000] {dag.py:4180} INFO - Setting next_dagrun for dataset_produces_1 to 2025-01-07 00:00:00+00:00, run_after=2025-01-08 00:00:00+00:00
[2025-01-08T10:43:53.799+0000] {logging_mixin.py:190} INFO - [2025-01-08T10:43:53.798+0000] {dag.py:4180} INFO - Setting next_dagrun for dataset_produces_2 to None, run_after=None
[2025-01-08T10:43:53.845+0000] {processor.py:208} INFO - Processing /home/airflow/.local/lib/python3.12/site-packages/airflow/example_dags/example_datasets.py took 0.816 seconds
[2025-01-08T10:44:24.072+0000] {processor.py:186} INFO - Started process (PID=1059) to work on /home/airflow/.local/lib/python3.12/site-packages/airflow/example_dags/example_datasets.py
[2025-01-08T10:44:24.074+0000] {processor.py:914} INFO - Processing file /home/airflow/.local/lib/python3.12/site-packages/airflow/example_dags/example_datasets.py for tasks to queue
[2025-01-08T10:44:24.077+0000] {logging_mixin.py:190} INFO - [2025-01-08T10:44:24.077+0000] {dagbag.py:588} INFO - Filling up the DagBag from /home/airflow/.local/lib/python3.12/site-packages/airflow/example_dags/example_datasets.py
[2025-01-08T10:44:24.693+0000] {processor.py:925} INFO - DAG(s) 'consume_1_or_both_2_and_3_with_dataset_expressions', 'dataset_consumes_1', 'dataset_consumes_unknown_never_scheduled', 'dataset_produces_1', 'dataset_consumes_1_never_scheduled', 'consume_1_or_2_with_dataset_expressions', 'conditional_dataset_and_time_based_timetable', 'consume_1_and_2_with_dataset_expressions', 'dataset_consumes_1_and_2', 'dataset_produces_2' retrieved from /home/airflow/.local/lib/python3.12/site-packages/airflow/example_dags/example_datasets.py
[2025-01-08T10:44:24.738+0000] {logging_mixin.py:190} INFO - [2025-01-08T10:44:24.738+0000] {dag.py:3239} INFO - Sync 10 DAGs
[2025-01-08T10:44:24.773+0000] {logging_mixin.py:190} INFO - [2025-01-08T10:44:24.773+0000] {dag.py:4180} INFO - Setting next_dagrun for conditional_dataset_and_time_based_timetable to 2025-01-08 01:00:00+00:00, run_after=2025-01-08 01:00:00+00:00
[2025-01-08T10:44:24.778+0000] {logging_mixin.py:190} INFO - [2025-01-08T10:44:24.777+0000] {dag.py:4180} INFO - Setting next_dagrun for consume_1_and_2_with_dataset_expressions to None, run_after=None
[2025-01-08T10:44:24.780+0000] {logging_mixin.py:190} INFO - [2025-01-08T10:44:24.779+0000] {dag.py:4180} INFO - Setting next_dagrun for consume_1_or_2_with_dataset_expressions to None, run_after=None
[2025-01-08T10:44:24.781+0000] {logging_mixin.py:190} INFO - [2025-01-08T10:44:24.781+0000] {dag.py:4180} INFO - Setting next_dagrun for consume_1_or_both_2_and_3_with_dataset_expressions to None, run_after=None
[2025-01-08T10:44:24.783+0000] {logging_mixin.py:190} INFO - [2025-01-08T10:44:24.783+0000] {dag.py:4180} INFO - Setting next_dagrun for dataset_consumes_1 to None, run_after=None
[2025-01-08T10:44:24.784+0000] {logging_mixin.py:190} INFO - [2025-01-08T10:44:24.784+0000] {dag.py:4180} INFO - Setting next_dagrun for dataset_consumes_1_and_2 to None, run_after=None
[2025-01-08T10:44:24.785+0000] {logging_mixin.py:190} INFO - [2025-01-08T10:44:24.785+0000] {dag.py:4180} INFO - Setting next_dagrun for dataset_consumes_1_never_scheduled to None, run_after=None
[2025-01-08T10:44:24.787+0000] {logging_mixin.py:190} INFO - [2025-01-08T10:44:24.787+0000] {dag.py:4180} INFO - Setting next_dagrun for dataset_consumes_unknown_never_scheduled to None, run_after=None
[2025-01-08T10:44:24.790+0000] {logging_mixin.py:190} INFO - [2025-01-08T10:44:24.790+0000] {dag.py:4180} INFO - Setting next_dagrun for dataset_produces_1 to 2025-01-07 00:00:00+00:00, run_after=2025-01-08 00:00:00+00:00
[2025-01-08T10:44:24.791+0000] {logging_mixin.py:190} INFO - [2025-01-08T10:44:24.791+0000] {dag.py:4180} INFO - Setting next_dagrun for dataset_produces_2 to None, run_after=None
[2025-01-08T10:44:24.829+0000] {processor.py:208} INFO - Processing /home/airflow/.local/lib/python3.12/site-packages/airflow/example_dags/example_datasets.py took 0.771 seconds
[2025-01-08T10:44:54.895+0000] {processor.py:186} INFO - Started process (PID=1370) to work on /home/airflow/.local/lib/python3.12/site-packages/airflow/example_dags/example_datasets.py
[2025-01-08T10:44:54.896+0000] {processor.py:914} INFO - Processing file /home/airflow/.local/lib/python3.12/site-packages/airflow/example_dags/example_datasets.py for tasks to queue
[2025-01-08T10:44:54.898+0000] {logging_mixin.py:190} INFO - [2025-01-08T10:44:54.898+0000] {dagbag.py:588} INFO - Filling up the DagBag from /home/airflow/.local/lib/python3.12/site-packages/airflow/example_dags/example_datasets.py
[2025-01-08T10:44:55.494+0000] {processor.py:925} INFO - DAG(s) 'consume_1_and_2_with_dataset_expressions', 'consume_1_or_2_with_dataset_expressions', 'conditional_dataset_and_time_based_timetable', 'dataset_consumes_unknown_never_scheduled', 'dataset_consumes_1', 'dataset_produces_2', 'dataset_produces_1', 'dataset_consumes_1_never_scheduled', 'consume_1_or_both_2_and_3_with_dataset_expressions', 'dataset_consumes_1_and_2' retrieved from /home/airflow/.local/lib/python3.12/site-packages/airflow/example_dags/example_datasets.py
[2025-01-08T10:44:55.534+0000] {logging_mixin.py:190} INFO - [2025-01-08T10:44:55.534+0000] {dag.py:3239} INFO - Sync 10 DAGs
[2025-01-08T10:44:55.558+0000] {logging_mixin.py:190} INFO - [2025-01-08T10:44:55.558+0000] {dag.py:4180} INFO - Setting next_dagrun for conditional_dataset_and_time_based_timetable to 2025-01-08 01:00:00+00:00, run_after=2025-01-08 01:00:00+00:00
[2025-01-08T10:44:55.562+0000] {logging_mixin.py:190} INFO - [2025-01-08T10:44:55.561+0000] {dag.py:4180} INFO - Setting next_dagrun for consume_1_and_2_with_dataset_expressions to None, run_after=None
[2025-01-08T10:44:55.564+0000] {logging_mixin.py:190} INFO - [2025-01-08T10:44:55.563+0000] {dag.py:4180} INFO - Setting next_dagrun for consume_1_or_2_with_dataset_expressions to None, run_after=None
[2025-01-08T10:44:55.565+0000] {logging_mixin.py:190} INFO - [2025-01-08T10:44:55.565+0000] {dag.py:4180} INFO - Setting next_dagrun for consume_1_or_both_2_and_3_with_dataset_expressions to None, run_after=None
[2025-01-08T10:44:55.566+0000] {logging_mixin.py:190} INFO - [2025-01-08T10:44:55.566+0000] {dag.py:4180} INFO - Setting next_dagrun for dataset_consumes_1 to None, run_after=None
[2025-01-08T10:44:55.567+0000] {logging_mixin.py:190} INFO - [2025-01-08T10:44:55.567+0000] {dag.py:4180} INFO - Setting next_dagrun for dataset_consumes_1_and_2 to None, run_after=None
[2025-01-08T10:44:55.568+0000] {logging_mixin.py:190} INFO - [2025-01-08T10:44:55.568+0000] {dag.py:4180} INFO - Setting next_dagrun for dataset_consumes_1_never_scheduled to None, run_after=None
[2025-01-08T10:44:55.569+0000] {logging_mixin.py:190} INFO - [2025-01-08T10:44:55.569+0000] {dag.py:4180} INFO - Setting next_dagrun for dataset_consumes_unknown_never_scheduled to None, run_after=None
[2025-01-08T10:44:55.571+0000] {logging_mixin.py:190} INFO - [2025-01-08T10:44:55.571+0000] {dag.py:4180} INFO - Setting next_dagrun for dataset_produces_1 to 2025-01-07 00:00:00+00:00, run_after=2025-01-08 00:00:00+00:00
[2025-01-08T10:44:55.573+0000] {logging_mixin.py:190} INFO - [2025-01-08T10:44:55.572+0000] {dag.py:4180} INFO - Setting next_dagrun for dataset_produces_2 to None, run_after=None
[2025-01-08T10:44:55.612+0000] {processor.py:208} INFO - Processing /home/airflow/.local/lib/python3.12/site-packages/airflow/example_dags/example_datasets.py took 0.724 seconds
[2025-01-08T10:45:25.735+0000] {processor.py:186} INFO - Started process (PID=1661) to work on /home/airflow/.local/lib/python3.12/site-packages/airflow/example_dags/example_datasets.py
[2025-01-08T10:45:25.736+0000] {processor.py:914} INFO - Processing file /home/airflow/.local/lib/python3.12/site-packages/airflow/example_dags/example_datasets.py for tasks to queue
[2025-01-08T10:45:25.738+0000] {logging_mixin.py:190} INFO - [2025-01-08T10:45:25.738+0000] {dagbag.py:588} INFO - Filling up the DagBag from /home/airflow/.local/lib/python3.12/site-packages/airflow/example_dags/example_datasets.py
[2025-01-08T10:45:26.297+0000] {processor.py:925} INFO - DAG(s) 'consume_1_or_2_with_dataset_expressions', 'dataset_consumes_1', 'consume_1_or_both_2_and_3_with_dataset_expressions', 'consume_1_and_2_with_dataset_expressions', 'conditional_dataset_and_time_based_timetable', 'dataset_consumes_unknown_never_scheduled', 'dataset_consumes_1_never_scheduled', 'dataset_produces_2', 'dataset_consumes_1_and_2', 'dataset_produces_1' retrieved from /home/airflow/.local/lib/python3.12/site-packages/airflow/example_dags/example_datasets.py
[2025-01-08T10:45:26.352+0000] {logging_mixin.py:190} INFO - [2025-01-08T10:45:26.351+0000] {dag.py:3239} INFO - Sync 10 DAGs
[2025-01-08T10:45:26.382+0000] {logging_mixin.py:190} INFO - [2025-01-08T10:45:26.382+0000] {dag.py:4180} INFO - Setting next_dagrun for conditional_dataset_and_time_based_timetable to 2025-01-08 01:00:00+00:00, run_after=2025-01-08 01:00:00+00:00
[2025-01-08T10:45:26.387+0000] {logging_mixin.py:190} INFO - [2025-01-08T10:45:26.386+0000] {dag.py:4180} INFO - Setting next_dagrun for consume_1_and_2_with_dataset_expressions to None, run_after=None
[2025-01-08T10:45:26.388+0000] {logging_mixin.py:190} INFO - [2025-01-08T10:45:26.388+0000] {dag.py:4180} INFO - Setting next_dagrun for consume_1_or_2_with_dataset_expressions to None, run_after=None
[2025-01-08T10:45:26.389+0000] {logging_mixin.py:190} INFO - [2025-01-08T10:45:26.389+0000] {dag.py:4180} INFO - Setting next_dagrun for consume_1_or_both_2_and_3_with_dataset_expressions to None, run_after=None
[2025-01-08T10:45:26.391+0000] {logging_mixin.py:190} INFO - [2025-01-08T10:45:26.390+0000] {dag.py:4180} INFO - Setting next_dagrun for dataset_consumes_1 to None, run_after=None
[2025-01-08T10:45:26.392+0000] {logging_mixin.py:190} INFO - [2025-01-08T10:45:26.392+0000] {dag.py:4180} INFO - Setting next_dagrun for dataset_consumes_1_and_2 to None, run_after=None
[2025-01-08T10:45:26.393+0000] {logging_mixin.py:190} INFO - [2025-01-08T10:45:26.393+0000] {dag.py:4180} INFO - Setting next_dagrun for dataset_consumes_1_never_scheduled to None, run_after=None
[2025-01-08T10:45:26.395+0000] {logging_mixin.py:190} INFO - [2025-01-08T10:45:26.395+0000] {dag.py:4180} INFO - Setting next_dagrun for dataset_consumes_unknown_never_scheduled to None, run_after=None
[2025-01-08T10:45:26.399+0000] {logging_mixin.py:190} INFO - [2025-01-08T10:45:26.398+0000] {dag.py:4180} INFO - Setting next_dagrun for dataset_produces_1 to 2025-01-07 00:00:00+00:00, run_after=2025-01-08 00:00:00+00:00
[2025-01-08T10:45:26.400+0000] {logging_mixin.py:190} INFO - [2025-01-08T10:45:26.400+0000] {dag.py:4180} INFO - Setting next_dagrun for dataset_produces_2 to None, run_after=None
[2025-01-08T10:45:26.440+0000] {processor.py:208} INFO - Processing /home/airflow/.local/lib/python3.12/site-packages/airflow/example_dags/example_datasets.py took 0.711 seconds
[2025-01-08T10:45:56.505+0000] {processor.py:186} INFO - Started process (PID=1967) to work on /home/airflow/.local/lib/python3.12/site-packages/airflow/example_dags/example_datasets.py
[2025-01-08T10:45:56.506+0000] {processor.py:914} INFO - Processing file /home/airflow/.local/lib/python3.12/site-packages/airflow/example_dags/example_datasets.py for tasks to queue
[2025-01-08T10:45:56.508+0000] {logging_mixin.py:190} INFO - [2025-01-08T10:45:56.507+0000] {dagbag.py:588} INFO - Filling up the DagBag from /home/airflow/.local/lib/python3.12/site-packages/airflow/example_dags/example_datasets.py
[2025-01-08T10:45:57.067+0000] {processor.py:925} INFO - DAG(s) 'dataset_consumes_1', 'conditional_dataset_and_time_based_timetable', 'dataset_consumes_1_never_scheduled', 'dataset_produces_1', 'consume_1_or_both_2_and_3_with_dataset_expressions', 'dataset_consumes_unknown_never_scheduled', 'consume_1_or_2_with_dataset_expressions', 'dataset_produces_2', 'dataset_consumes_1_and_2', 'consume_1_and_2_with_dataset_expressions' retrieved from /home/airflow/.local/lib/python3.12/site-packages/airflow/example_dags/example_datasets.py
[2025-01-08T10:45:57.109+0000] {logging_mixin.py:190} INFO - [2025-01-08T10:45:57.109+0000] {dag.py:3239} INFO - Sync 10 DAGs
[2025-01-08T10:45:57.134+0000] {logging_mixin.py:190} INFO - [2025-01-08T10:45:57.134+0000] {dag.py:4180} INFO - Setting next_dagrun for conditional_dataset_and_time_based_timetable to 2025-01-08 01:00:00+00:00, run_after=2025-01-08 01:00:00+00:00
[2025-01-08T10:45:57.137+0000] {logging_mixin.py:190} INFO - [2025-01-08T10:45:57.137+0000] {dag.py:4180} INFO - Setting next_dagrun for consume_1_and_2_with_dataset_expressions to None, run_after=None
[2025-01-08T10:45:57.139+0000] {logging_mixin.py:190} INFO - [2025-01-08T10:45:57.138+0000] {dag.py:4180} INFO - Setting next_dagrun for consume_1_or_2_with_dataset_expressions to None, run_after=None
[2025-01-08T10:45:57.140+0000] {logging_mixin.py:190} INFO - [2025-01-08T10:45:57.140+0000] {dag.py:4180} INFO - Setting next_dagrun for consume_1_or_both_2_and_3_with_dataset_expressions to None, run_after=None
[2025-01-08T10:45:57.141+0000] {logging_mixin.py:190} INFO - [2025-01-08T10:45:57.141+0000] {dag.py:4180} INFO - Setting next_dagrun for dataset_consumes_1 to None, run_after=None
[2025-01-08T10:45:57.142+0000] {logging_mixin.py:190} INFO - [2025-01-08T10:45:57.142+0000] {dag.py:4180} INFO - Setting next_dagrun for dataset_consumes_1_and_2 to None, run_after=None
[2025-01-08T10:45:57.143+0000] {logging_mixin.py:190} INFO - [2025-01-08T10:45:57.143+0000] {dag.py:4180} INFO - Setting next_dagrun for dataset_consumes_1_never_scheduled to None, run_after=None
[2025-01-08T10:45:57.144+0000] {logging_mixin.py:190} INFO - [2025-01-08T10:45:57.144+0000] {dag.py:4180} INFO - Setting next_dagrun for dataset_consumes_unknown_never_scheduled to None, run_after=None
[2025-01-08T10:45:57.146+0000] {logging_mixin.py:190} INFO - [2025-01-08T10:45:57.146+0000] {dag.py:4180} INFO - Setting next_dagrun for dataset_produces_1 to 2025-01-07 00:00:00+00:00, run_after=2025-01-08 00:00:00+00:00
[2025-01-08T10:45:57.147+0000] {logging_mixin.py:190} INFO - [2025-01-08T10:45:57.147+0000] {dag.py:4180} INFO - Setting next_dagrun for dataset_produces_2 to None, run_after=None
[2025-01-08T10:45:57.181+0000] {processor.py:208} INFO - Processing /home/airflow/.local/lib/python3.12/site-packages/airflow/example_dags/example_datasets.py took 0.682 seconds
[2025-01-08T10:46:27.816+0000] {processor.py:186} INFO - Started process (PID=2305) to work on /home/airflow/.local/lib/python3.12/site-packages/airflow/example_dags/example_datasets.py
[2025-01-08T10:46:27.819+0000] {processor.py:914} INFO - Processing file /home/airflow/.local/lib/python3.12/site-packages/airflow/example_dags/example_datasets.py for tasks to queue
[2025-01-08T10:46:27.823+0000] {logging_mixin.py:190} INFO - [2025-01-08T10:46:27.823+0000] {dagbag.py:588} INFO - Filling up the DagBag from /home/airflow/.local/lib/python3.12/site-packages/airflow/example_dags/example_datasets.py
[2025-01-08T10:46:28.327+0000] {processor.py:925} INFO - DAG(s) 'dataset_consumes_1', 'dataset_produces_1', 'consume_1_or_2_with_dataset_expressions', 'dataset_consumes_unknown_never_scheduled', 'dataset_consumes_1_and_2', 'dataset_produces_2', 'dataset_consumes_1_never_scheduled', 'consume_1_or_both_2_and_3_with_dataset_expressions', 'consume_1_and_2_with_dataset_expressions', 'conditional_dataset_and_time_based_timetable' retrieved from /home/airflow/.local/lib/python3.12/site-packages/airflow/example_dags/example_datasets.py
[2025-01-08T10:46:28.370+0000] {logging_mixin.py:190} INFO - [2025-01-08T10:46:28.370+0000] {dag.py:3239} INFO - Sync 10 DAGs
[2025-01-08T10:46:28.396+0000] {logging_mixin.py:190} INFO - [2025-01-08T10:46:28.396+0000] {dag.py:4180} INFO - Setting next_dagrun for conditional_dataset_and_time_based_timetable to 2025-01-08 01:00:00+00:00, run_after=2025-01-08 01:00:00+00:00
[2025-01-08T10:46:28.400+0000] {logging_mixin.py:190} INFO - [2025-01-08T10:46:28.400+0000] {dag.py:4180} INFO - Setting next_dagrun for consume_1_and_2_with_dataset_expressions to None, run_after=None
[2025-01-08T10:46:28.402+0000] {logging_mixin.py:190} INFO - [2025-01-08T10:46:28.401+0000] {dag.py:4180} INFO - Setting next_dagrun for consume_1_or_2_with_dataset_expressions to None, run_after=None
[2025-01-08T10:46:28.403+0000] {logging_mixin.py:190} INFO - [2025-01-08T10:46:28.403+0000] {dag.py:4180} INFO - Setting next_dagrun for consume_1_or_both_2_and_3_with_dataset_expressions to None, run_after=None
[2025-01-08T10:46:28.404+0000] {logging_mixin.py:190} INFO - [2025-01-08T10:46:28.404+0000] {dag.py:4180} INFO - Setting next_dagrun for dataset_consumes_1 to None, run_after=None
[2025-01-08T10:46:28.405+0000] {logging_mixin.py:190} INFO - [2025-01-08T10:46:28.405+0000] {dag.py:4180} INFO - Setting next_dagrun for dataset_consumes_1_and_2 to None, run_after=None
[2025-01-08T10:46:28.406+0000] {logging_mixin.py:190} INFO - [2025-01-08T10:46:28.406+0000] {dag.py:4180} INFO - Setting next_dagrun for dataset_consumes_1_never_scheduled to None, run_after=None
[2025-01-08T10:46:28.408+0000] {logging_mixin.py:190} INFO - [2025-01-08T10:46:28.407+0000] {dag.py:4180} INFO - Setting next_dagrun for dataset_consumes_unknown_never_scheduled to None, run_after=None
[2025-01-08T10:46:28.410+0000] {logging_mixin.py:190} INFO - [2025-01-08T10:46:28.410+0000] {dag.py:4180} INFO - Setting next_dagrun for dataset_produces_1 to 2025-01-07 00:00:00+00:00, run_after=2025-01-08 00:00:00+00:00
[2025-01-08T10:46:28.412+0000] {logging_mixin.py:190} INFO - [2025-01-08T10:46:28.411+0000] {dag.py:4180} INFO - Setting next_dagrun for dataset_produces_2 to None, run_after=None
[2025-01-08T10:46:28.449+0000] {processor.py:208} INFO - Processing /home/airflow/.local/lib/python3.12/site-packages/airflow/example_dags/example_datasets.py took 0.640 seconds
[2025-01-08T10:46:59.379+0000] {processor.py:186} INFO - Started process (PID=2606) to work on /home/airflow/.local/lib/python3.12/site-packages/airflow/example_dags/example_datasets.py
[2025-01-08T10:46:59.381+0000] {processor.py:914} INFO - Processing file /home/airflow/.local/lib/python3.12/site-packages/airflow/example_dags/example_datasets.py for tasks to queue
[2025-01-08T10:46:59.384+0000] {logging_mixin.py:190} INFO - [2025-01-08T10:46:59.383+0000] {dagbag.py:588} INFO - Filling up the DagBag from /home/airflow/.local/lib/python3.12/site-packages/airflow/example_dags/example_datasets.py
[2025-01-08T10:46:59.877+0000] {processor.py:925} INFO - DAG(s) 'dataset_consumes_1_and_2', 'dataset_consumes_1_never_scheduled', 'dataset_produces_2', 'dataset_produces_1', 'consume_1_and_2_with_dataset_expressions', 'dataset_consumes_unknown_never_scheduled', 'consume_1_or_both_2_and_3_with_dataset_expressions', 'consume_1_or_2_with_dataset_expressions', 'conditional_dataset_and_time_based_timetable', 'dataset_consumes_1' retrieved from /home/airflow/.local/lib/python3.12/site-packages/airflow/example_dags/example_datasets.py
[2025-01-08T10:46:59.915+0000] {logging_mixin.py:190} INFO - [2025-01-08T10:46:59.915+0000] {dag.py:3239} INFO - Sync 10 DAGs
[2025-01-08T10:46:59.939+0000] {logging_mixin.py:190} INFO - [2025-01-08T10:46:59.939+0000] {dag.py:4180} INFO - Setting next_dagrun for conditional_dataset_and_time_based_timetable to 2025-01-08 01:00:00+00:00, run_after=2025-01-08 01:00:00+00:00
[2025-01-08T10:46:59.943+0000] {logging_mixin.py:190} INFO - [2025-01-08T10:46:59.943+0000] {dag.py:4180} INFO - Setting next_dagrun for consume_1_and_2_with_dataset_expressions to None, run_after=None
[2025-01-08T10:46:59.944+0000] {logging_mixin.py:190} INFO - [2025-01-08T10:46:59.944+0000] {dag.py:4180} INFO - Setting next_dagrun for consume_1_or_2_with_dataset_expressions to None, run_after=None
[2025-01-08T10:46:59.945+0000] {logging_mixin.py:190} INFO - [2025-01-08T10:46:59.945+0000] {dag.py:4180} INFO - Setting next_dagrun for consume_1_or_both_2_and_3_with_dataset_expressions to None, run_after=None
[2025-01-08T10:46:59.946+0000] {logging_mixin.py:190} INFO - [2025-01-08T10:46:59.946+0000] {dag.py:4180} INFO - Setting next_dagrun for dataset_consumes_1 to None, run_after=None
[2025-01-08T10:46:59.947+0000] {logging_mixin.py:190} INFO - [2025-01-08T10:46:59.947+0000] {dag.py:4180} INFO - Setting next_dagrun for dataset_consumes_1_and_2 to None, run_after=None
[2025-01-08T10:46:59.948+0000] {logging_mixin.py:190} INFO - [2025-01-08T10:46:59.948+0000] {dag.py:4180} INFO - Setting next_dagrun for dataset_consumes_1_never_scheduled to None, run_after=None
[2025-01-08T10:46:59.949+0000] {logging_mixin.py:190} INFO - [2025-01-08T10:46:59.949+0000] {dag.py:4180} INFO - Setting next_dagrun for dataset_consumes_unknown_never_scheduled to None, run_after=None
[2025-01-08T10:46:59.951+0000] {logging_mixin.py:190} INFO - [2025-01-08T10:46:59.951+0000] {dag.py:4180} INFO - Setting next_dagrun for dataset_produces_1 to 2025-01-07 00:00:00+00:00, run_after=2025-01-08 00:00:00+00:00
[2025-01-08T10:46:59.952+0000] {logging_mixin.py:190} INFO - [2025-01-08T10:46:59.952+0000] {dag.py:4180} INFO - Setting next_dagrun for dataset_produces_2 to None, run_after=None
[2025-01-08T10:46:59.985+0000] {processor.py:208} INFO - Processing /home/airflow/.local/lib/python3.12/site-packages/airflow/example_dags/example_datasets.py took 0.612 seconds
[2025-01-08T10:47:30.561+0000] {processor.py:186} INFO - Started process (PID=2907) to work on /home/airflow/.local/lib/python3.12/site-packages/airflow/example_dags/example_datasets.py
[2025-01-08T10:47:30.563+0000] {processor.py:914} INFO - Processing file /home/airflow/.local/lib/python3.12/site-packages/airflow/example_dags/example_datasets.py for tasks to queue
[2025-01-08T10:47:30.566+0000] {logging_mixin.py:190} INFO - [2025-01-08T10:47:30.565+0000] {dagbag.py:588} INFO - Filling up the DagBag from /home/airflow/.local/lib/python3.12/site-packages/airflow/example_dags/example_datasets.py
[2025-01-08T10:47:31.049+0000] {processor.py:925} INFO - DAG(s) 'consume_1_or_2_with_dataset_expressions', 'dataset_produces_2', 'dataset_consumes_1_and_2', 'dataset_consumes_unknown_never_scheduled', 'conditional_dataset_and_time_based_timetable', 'consume_1_and_2_with_dataset_expressions', 'dataset_consumes_1_never_scheduled', 'consume_1_or_both_2_and_3_with_dataset_expressions', 'dataset_produces_1', 'dataset_consumes_1' retrieved from /home/airflow/.local/lib/python3.12/site-packages/airflow/example_dags/example_datasets.py
[2025-01-08T10:47:31.086+0000] {logging_mixin.py:190} INFO - [2025-01-08T10:47:31.086+0000] {dag.py:3239} INFO - Sync 10 DAGs
[2025-01-08T10:47:31.109+0000] {logging_mixin.py:190} INFO - [2025-01-08T10:47:31.109+0000] {dag.py:4180} INFO - Setting next_dagrun for conditional_dataset_and_time_based_timetable to 2025-01-08 01:00:00+00:00, run_after=2025-01-08 01:00:00+00:00
[2025-01-08T10:47:31.113+0000] {logging_mixin.py:190} INFO - [2025-01-08T10:47:31.112+0000] {dag.py:4180} INFO - Setting next_dagrun for consume_1_and_2_with_dataset_expressions to None, run_after=None
[2025-01-08T10:47:31.114+0000] {logging_mixin.py:190} INFO - [2025-01-08T10:47:31.114+0000] {dag.py:4180} INFO - Setting next_dagrun for consume_1_or_2_with_dataset_expressions to None, run_after=None
[2025-01-08T10:47:31.115+0000] {logging_mixin.py:190} INFO - [2025-01-08T10:47:31.115+0000] {dag.py:4180} INFO - Setting next_dagrun for consume_1_or_both_2_and_3_with_dataset_expressions to None, run_after=None
[2025-01-08T10:47:31.117+0000] {logging_mixin.py:190} INFO - [2025-01-08T10:47:31.116+0000] {dag.py:4180} INFO - Setting next_dagrun for dataset_consumes_1 to None, run_after=None
[2025-01-08T10:47:31.118+0000] {logging_mixin.py:190} INFO - [2025-01-08T10:47:31.118+0000] {dag.py:4180} INFO - Setting next_dagrun for dataset_consumes_1_and_2 to None, run_after=None
[2025-01-08T10:47:31.119+0000] {logging_mixin.py:190} INFO - [2025-01-08T10:47:31.119+0000] {dag.py:4180} INFO - Setting next_dagrun for dataset_consumes_1_never_scheduled to None, run_after=None
[2025-01-08T10:47:31.120+0000] {logging_mixin.py:190} INFO - [2025-01-08T10:47:31.120+0000] {dag.py:4180} INFO - Setting next_dagrun for dataset_consumes_unknown_never_scheduled to None, run_after=None
[2025-01-08T10:47:31.122+0000] {logging_mixin.py:190} INFO - [2025-01-08T10:47:31.122+0000] {dag.py:4180} INFO - Setting next_dagrun for dataset_produces_1 to 2025-01-07 00:00:00+00:00, run_after=2025-01-08 00:00:00+00:00
[2025-01-08T10:47:31.123+0000] {logging_mixin.py:190} INFO - [2025-01-08T10:47:31.123+0000] {dag.py:4180} INFO - Setting next_dagrun for dataset_produces_2 to None, run_after=None
[2025-01-08T10:47:31.151+0000] {processor.py:208} INFO - Processing /home/airflow/.local/lib/python3.12/site-packages/airflow/example_dags/example_datasets.py took 0.596 seconds
