[2025-01-08T10:35:12.038+0000] {processor.py:186} INFO - Started process (PID=317) to work on /home/airflow/.local/lib/python3.12/site-packages/airflow/example_dags/example_bash_decorator.py
[2025-01-08T10:35:12.039+0000] {processor.py:914} INFO - Processing file /home/airflow/.local/lib/python3.12/site-packages/airflow/example_dags/example_bash_decorator.py for tasks to queue
[2025-01-08T10:35:12.042+0000] {logging_mixin.py:190} INFO - [2025-01-08T10:35:12.042+0000] {dagbag.py:588} INFO - Filling up the DagBag from /home/airflow/.local/lib/python3.12/site-packages/airflow/example_dags/example_bash_decorator.py
[2025-01-08T10:35:12.066+0000] {processor.py:925} INFO - DAG(s) 'example_bash_decorator' retrieved from /home/airflow/.local/lib/python3.12/site-packages/airflow/example_dags/example_bash_decorator.py
[2025-01-08T10:35:12.213+0000] {logging_mixin.py:190} INFO - [2025-01-08T10:35:12.212+0000] {override.py:1911} INFO - Created Permission View: can delete on DAG:example_bash_decorator
[2025-01-08T10:35:12.227+0000] {logging_mixin.py:190} INFO - [2025-01-08T10:35:12.227+0000] {override.py:1911} INFO - Created Permission View: can read on DAG:example_bash_decorator
[2025-01-08T10:35:12.238+0000] {logging_mixin.py:190} INFO - [2025-01-08T10:35:12.237+0000] {override.py:1911} INFO - Created Permission View: can edit on DAG:example_bash_decorator
[2025-01-08T10:35:12.254+0000] {logging_mixin.py:190} INFO - [2025-01-08T10:35:12.254+0000] {override.py:1911} INFO - Created Permission View: menu access on DAG Run:example_bash_decorator
[2025-01-08T10:35:12.268+0000] {logging_mixin.py:190} INFO - [2025-01-08T10:35:12.267+0000] {override.py:1911} INFO - Created Permission View: can create on DAG Run:example_bash_decorator
[2025-01-08T10:35:12.282+0000] {logging_mixin.py:190} INFO - [2025-01-08T10:35:12.281+0000] {override.py:1911} INFO - Created Permission View: can read on DAG Run:example_bash_decorator
[2025-01-08T10:35:12.292+0000] {logging_mixin.py:190} INFO - [2025-01-08T10:35:12.292+0000] {override.py:1911} INFO - Created Permission View: can delete on DAG Run:example_bash_decorator
[2025-01-08T10:35:12.292+0000] {logging_mixin.py:190} INFO - [2025-01-08T10:35:12.292+0000] {dag.py:3239} INFO - Sync 1 DAGs
[2025-01-08T10:35:12.308+0000] {logging_mixin.py:190} INFO - [2025-01-08T10:35:12.307+0000] {dag.py:3262} INFO - Creating ORM DAG for example_bash_decorator
[2025-01-08T10:35:12.309+0000] {logging_mixin.py:190} INFO - [2025-01-08T10:35:12.308+0000] {dag.py:4180} INFO - Setting next_dagrun for example_bash_decorator to None, run_after=None
[2025-01-08T10:35:12.332+0000] {processor.py:208} INFO - Processing /home/airflow/.local/lib/python3.12/site-packages/airflow/example_dags/example_bash_decorator.py took 0.300 seconds
[2025-01-08T10:35:46.488+0000] {processor.py:186} INFO - Started process (PID=618) to work on /home/airflow/.local/lib/python3.12/site-packages/airflow/example_dags/example_bash_decorator.py
[2025-01-08T10:35:46.493+0000] {processor.py:914} INFO - Processing file /home/airflow/.local/lib/python3.12/site-packages/airflow/example_dags/example_bash_decorator.py for tasks to queue
[2025-01-08T10:35:46.497+0000] {logging_mixin.py:190} INFO - [2025-01-08T10:35:46.497+0000] {dagbag.py:588} INFO - Filling up the DagBag from /home/airflow/.local/lib/python3.12/site-packages/airflow/example_dags/example_bash_decorator.py
[2025-01-08T10:35:46.521+0000] {processor.py:925} INFO - DAG(s) 'example_bash_decorator' retrieved from /home/airflow/.local/lib/python3.12/site-packages/airflow/example_dags/example_bash_decorator.py
[2025-01-08T10:35:46.580+0000] {logging_mixin.py:190} INFO - [2025-01-08T10:35:46.579+0000] {dag.py:3239} INFO - Sync 1 DAGs
[2025-01-08T10:35:46.621+0000] {logging_mixin.py:190} INFO - [2025-01-08T10:35:46.621+0000] {dag.py:4180} INFO - Setting next_dagrun for example_bash_decorator to None, run_after=None
[2025-01-08T10:35:46.716+0000] {processor.py:208} INFO - Processing /home/airflow/.local/lib/python3.12/site-packages/airflow/example_dags/example_bash_decorator.py took 0.241 seconds
[2025-01-08T10:36:17.088+0000] {processor.py:186} INFO - Started process (PID=916) to work on /home/airflow/.local/lib/python3.12/site-packages/airflow/example_dags/example_bash_decorator.py
[2025-01-08T10:36:17.090+0000] {processor.py:914} INFO - Processing file /home/airflow/.local/lib/python3.12/site-packages/airflow/example_dags/example_bash_decorator.py for tasks to queue
[2025-01-08T10:36:17.093+0000] {logging_mixin.py:190} INFO - [2025-01-08T10:36:17.093+0000] {dagbag.py:588} INFO - Filling up the DagBag from /home/airflow/.local/lib/python3.12/site-packages/airflow/example_dags/example_bash_decorator.py
[2025-01-08T10:36:17.132+0000] {processor.py:925} INFO - DAG(s) 'example_bash_decorator' retrieved from /home/airflow/.local/lib/python3.12/site-packages/airflow/example_dags/example_bash_decorator.py
[2025-01-08T10:36:17.187+0000] {logging_mixin.py:190} INFO - [2025-01-08T10:36:17.186+0000] {dag.py:3239} INFO - Sync 1 DAGs
[2025-01-08T10:36:17.225+0000] {logging_mixin.py:190} INFO - [2025-01-08T10:36:17.225+0000] {dag.py:4180} INFO - Setting next_dagrun for example_bash_decorator to None, run_after=None
[2025-01-08T10:36:17.303+0000] {processor.py:208} INFO - Processing /home/airflow/.local/lib/python3.12/site-packages/airflow/example_dags/example_bash_decorator.py took 0.232 seconds
[2025-01-08T10:36:48.311+0000] {processor.py:186} INFO - Started process (PID=1217) to work on /home/airflow/.local/lib/python3.12/site-packages/airflow/example_dags/example_bash_decorator.py
[2025-01-08T10:36:48.312+0000] {processor.py:914} INFO - Processing file /home/airflow/.local/lib/python3.12/site-packages/airflow/example_dags/example_bash_decorator.py for tasks to queue
[2025-01-08T10:36:48.316+0000] {logging_mixin.py:190} INFO - [2025-01-08T10:36:48.315+0000] {dagbag.py:588} INFO - Filling up the DagBag from /home/airflow/.local/lib/python3.12/site-packages/airflow/example_dags/example_bash_decorator.py
[2025-01-08T10:36:48.341+0000] {processor.py:925} INFO - DAG(s) 'example_bash_decorator' retrieved from /home/airflow/.local/lib/python3.12/site-packages/airflow/example_dags/example_bash_decorator.py
[2025-01-08T10:36:48.377+0000] {logging_mixin.py:190} INFO - [2025-01-08T10:36:48.377+0000] {dag.py:3239} INFO - Sync 1 DAGs
[2025-01-08T10:36:48.401+0000] {logging_mixin.py:190} INFO - [2025-01-08T10:36:48.400+0000] {dag.py:4180} INFO - Setting next_dagrun for example_bash_decorator to None, run_after=None
[2025-01-08T10:36:48.433+0000] {processor.py:208} INFO - Processing /home/airflow/.local/lib/python3.12/site-packages/airflow/example_dags/example_bash_decorator.py took 0.129 seconds
[2025-01-08T10:37:18.587+0000] {processor.py:186} INFO - Started process (PID=1518) to work on /home/airflow/.local/lib/python3.12/site-packages/airflow/example_dags/example_bash_decorator.py
[2025-01-08T10:37:18.588+0000] {processor.py:914} INFO - Processing file /home/airflow/.local/lib/python3.12/site-packages/airflow/example_dags/example_bash_decorator.py for tasks to queue
[2025-01-08T10:37:18.591+0000] {logging_mixin.py:190} INFO - [2025-01-08T10:37:18.591+0000] {dagbag.py:588} INFO - Filling up the DagBag from /home/airflow/.local/lib/python3.12/site-packages/airflow/example_dags/example_bash_decorator.py
[2025-01-08T10:37:18.615+0000] {processor.py:925} INFO - DAG(s) 'example_bash_decorator' retrieved from /home/airflow/.local/lib/python3.12/site-packages/airflow/example_dags/example_bash_decorator.py
[2025-01-08T10:37:18.645+0000] {logging_mixin.py:190} INFO - [2025-01-08T10:37:18.644+0000] {dag.py:3239} INFO - Sync 1 DAGs
[2025-01-08T10:37:18.665+0000] {logging_mixin.py:190} INFO - [2025-01-08T10:37:18.665+0000] {dag.py:4180} INFO - Setting next_dagrun for example_bash_decorator to None, run_after=None
[2025-01-08T10:37:18.690+0000] {processor.py:208} INFO - Processing /home/airflow/.local/lib/python3.12/site-packages/airflow/example_dags/example_bash_decorator.py took 0.111 seconds
[2025-01-08T10:37:49.231+0000] {processor.py:186} INFO - Started process (PID=1819) to work on /home/airflow/.local/lib/python3.12/site-packages/airflow/example_dags/example_bash_decorator.py
[2025-01-08T10:37:49.233+0000] {processor.py:914} INFO - Processing file /home/airflow/.local/lib/python3.12/site-packages/airflow/example_dags/example_bash_decorator.py for tasks to queue
[2025-01-08T10:37:49.246+0000] {logging_mixin.py:190} INFO - [2025-01-08T10:37:49.245+0000] {dagbag.py:588} INFO - Filling up the DagBag from /home/airflow/.local/lib/python3.12/site-packages/airflow/example_dags/example_bash_decorator.py
[2025-01-08T10:37:49.314+0000] {processor.py:925} INFO - DAG(s) 'example_bash_decorator' retrieved from /home/airflow/.local/lib/python3.12/site-packages/airflow/example_dags/example_bash_decorator.py
[2025-01-08T10:37:49.464+0000] {logging_mixin.py:190} INFO - [2025-01-08T10:37:49.464+0000] {dag.py:3239} INFO - Sync 1 DAGs
[2025-01-08T10:37:49.519+0000] {logging_mixin.py:190} INFO - [2025-01-08T10:37:49.519+0000] {dag.py:4180} INFO - Setting next_dagrun for example_bash_decorator to None, run_after=None
[2025-01-08T10:37:49.667+0000] {processor.py:208} INFO - Processing /home/airflow/.local/lib/python3.12/site-packages/airflow/example_dags/example_bash_decorator.py took 0.453 seconds
[2025-01-08T10:38:19.799+0000] {processor.py:186} INFO - Started process (PID=2120) to work on /home/airflow/.local/lib/python3.12/site-packages/airflow/example_dags/example_bash_decorator.py
[2025-01-08T10:38:19.801+0000] {processor.py:914} INFO - Processing file /home/airflow/.local/lib/python3.12/site-packages/airflow/example_dags/example_bash_decorator.py for tasks to queue
[2025-01-08T10:38:19.804+0000] {logging_mixin.py:190} INFO - [2025-01-08T10:38:19.804+0000] {dagbag.py:588} INFO - Filling up the DagBag from /home/airflow/.local/lib/python3.12/site-packages/airflow/example_dags/example_bash_decorator.py
[2025-01-08T10:38:19.842+0000] {processor.py:925} INFO - DAG(s) 'example_bash_decorator' retrieved from /home/airflow/.local/lib/python3.12/site-packages/airflow/example_dags/example_bash_decorator.py
[2025-01-08T10:38:19.899+0000] {logging_mixin.py:190} INFO - [2025-01-08T10:38:19.899+0000] {dag.py:3239} INFO - Sync 1 DAGs
[2025-01-08T10:38:19.930+0000] {logging_mixin.py:190} INFO - [2025-01-08T10:38:19.930+0000] {dag.py:4180} INFO - Setting next_dagrun for example_bash_decorator to None, run_after=None
[2025-01-08T10:38:19.977+0000] {processor.py:208} INFO - Processing /home/airflow/.local/lib/python3.12/site-packages/airflow/example_dags/example_bash_decorator.py took 0.192 seconds
[2025-01-08T10:38:50.710+0000] {processor.py:186} INFO - Started process (PID=2420) to work on /home/airflow/.local/lib/python3.12/site-packages/airflow/example_dags/example_bash_decorator.py
[2025-01-08T10:38:50.713+0000] {processor.py:914} INFO - Processing file /home/airflow/.local/lib/python3.12/site-packages/airflow/example_dags/example_bash_decorator.py for tasks to queue
[2025-01-08T10:38:50.716+0000] {logging_mixin.py:190} INFO - [2025-01-08T10:38:50.715+0000] {dagbag.py:588} INFO - Filling up the DagBag from /home/airflow/.local/lib/python3.12/site-packages/airflow/example_dags/example_bash_decorator.py
[2025-01-08T10:38:50.740+0000] {processor.py:925} INFO - DAG(s) 'example_bash_decorator' retrieved from /home/airflow/.local/lib/python3.12/site-packages/airflow/example_dags/example_bash_decorator.py
[2025-01-08T10:38:50.779+0000] {logging_mixin.py:190} INFO - [2025-01-08T10:38:50.778+0000] {dag.py:3239} INFO - Sync 1 DAGs
[2025-01-08T10:38:50.819+0000] {logging_mixin.py:190} INFO - [2025-01-08T10:38:50.819+0000] {dag.py:4180} INFO - Setting next_dagrun for example_bash_decorator to None, run_after=None
[2025-01-08T10:38:50.857+0000] {processor.py:208} INFO - Processing /home/airflow/.local/lib/python3.12/site-packages/airflow/example_dags/example_bash_decorator.py took 0.157 seconds
[2025-01-08T10:39:21.194+0000] {processor.py:186} INFO - Started process (PID=2721) to work on /home/airflow/.local/lib/python3.12/site-packages/airflow/example_dags/example_bash_decorator.py
[2025-01-08T10:39:21.200+0000] {processor.py:914} INFO - Processing file /home/airflow/.local/lib/python3.12/site-packages/airflow/example_dags/example_bash_decorator.py for tasks to queue
[2025-01-08T10:39:21.204+0000] {logging_mixin.py:190} INFO - [2025-01-08T10:39:21.204+0000] {dagbag.py:588} INFO - Filling up the DagBag from /home/airflow/.local/lib/python3.12/site-packages/airflow/example_dags/example_bash_decorator.py
[2025-01-08T10:39:21.236+0000] {processor.py:925} INFO - DAG(s) 'example_bash_decorator' retrieved from /home/airflow/.local/lib/python3.12/site-packages/airflow/example_dags/example_bash_decorator.py
[2025-01-08T10:39:21.293+0000] {logging_mixin.py:190} INFO - [2025-01-08T10:39:21.293+0000] {dag.py:3239} INFO - Sync 1 DAGs
[2025-01-08T10:39:21.321+0000] {logging_mixin.py:190} INFO - [2025-01-08T10:39:21.321+0000] {dag.py:4180} INFO - Setting next_dagrun for example_bash_decorator to None, run_after=None
[2025-01-08T10:39:21.373+0000] {processor.py:208} INFO - Processing /home/airflow/.local/lib/python3.12/site-packages/airflow/example_dags/example_bash_decorator.py took 0.192 seconds
[2025-01-08T10:39:51.449+0000] {processor.py:186} INFO - Started process (PID=3020) to work on /home/airflow/.local/lib/python3.12/site-packages/airflow/example_dags/example_bash_decorator.py
[2025-01-08T10:39:51.452+0000] {processor.py:914} INFO - Processing file /home/airflow/.local/lib/python3.12/site-packages/airflow/example_dags/example_bash_decorator.py for tasks to queue
[2025-01-08T10:39:51.461+0000] {logging_mixin.py:190} INFO - [2025-01-08T10:39:51.461+0000] {dagbag.py:588} INFO - Filling up the DagBag from /home/airflow/.local/lib/python3.12/site-packages/airflow/example_dags/example_bash_decorator.py
[2025-01-08T10:39:51.501+0000] {processor.py:925} INFO - DAG(s) 'example_bash_decorator' retrieved from /home/airflow/.local/lib/python3.12/site-packages/airflow/example_dags/example_bash_decorator.py
[2025-01-08T10:39:51.572+0000] {logging_mixin.py:190} INFO - [2025-01-08T10:39:51.571+0000] {dag.py:3239} INFO - Sync 1 DAGs
[2025-01-08T10:39:51.612+0000] {logging_mixin.py:190} INFO - [2025-01-08T10:39:51.611+0000] {dag.py:4180} INFO - Setting next_dagrun for example_bash_decorator to None, run_after=None
[2025-01-08T10:39:51.702+0000] {processor.py:208} INFO - Processing /home/airflow/.local/lib/python3.12/site-packages/airflow/example_dags/example_bash_decorator.py took 0.267 seconds
[2025-01-08T10:40:22.473+0000] {processor.py:186} INFO - Started process (PID=3316) to work on /home/airflow/.local/lib/python3.12/site-packages/airflow/example_dags/example_bash_decorator.py
[2025-01-08T10:40:22.543+0000] {processor.py:914} INFO - Processing file /home/airflow/.local/lib/python3.12/site-packages/airflow/example_dags/example_bash_decorator.py for tasks to queue
[2025-01-08T10:40:22.546+0000] {logging_mixin.py:190} INFO - [2025-01-08T10:40:22.545+0000] {dagbag.py:588} INFO - Filling up the DagBag from /home/airflow/.local/lib/python3.12/site-packages/airflow/example_dags/example_bash_decorator.py
[2025-01-08T10:40:22.569+0000] {processor.py:925} INFO - DAG(s) 'example_bash_decorator' retrieved from /home/airflow/.local/lib/python3.12/site-packages/airflow/example_dags/example_bash_decorator.py
[2025-01-08T10:40:22.602+0000] {logging_mixin.py:190} INFO - [2025-01-08T10:40:22.602+0000] {dag.py:3239} INFO - Sync 1 DAGs
[2025-01-08T10:40:22.624+0000] {logging_mixin.py:190} INFO - [2025-01-08T10:40:22.624+0000] {dag.py:4180} INFO - Setting next_dagrun for example_bash_decorator to None, run_after=None
[2025-01-08T10:40:22.654+0000] {processor.py:208} INFO - Processing /home/airflow/.local/lib/python3.12/site-packages/airflow/example_dags/example_bash_decorator.py took 0.191 seconds
[2025-01-08T10:43:18.382+0000] {processor.py:186} INFO - Started process (PID=318) to work on /home/airflow/.local/lib/python3.12/site-packages/airflow/example_dags/example_bash_decorator.py
[2025-01-08T10:43:18.389+0000] {processor.py:914} INFO - Processing file /home/airflow/.local/lib/python3.12/site-packages/airflow/example_dags/example_bash_decorator.py for tasks to queue
[2025-01-08T10:43:18.397+0000] {logging_mixin.py:190} INFO - [2025-01-08T10:43:18.392+0000] {dagbag.py:588} INFO - Filling up the DagBag from /home/airflow/.local/lib/python3.12/site-packages/airflow/example_dags/example_bash_decorator.py
[2025-01-08T10:43:18.460+0000] {processor.py:925} INFO - DAG(s) 'example_bash_decorator' retrieved from /home/airflow/.local/lib/python3.12/site-packages/airflow/example_dags/example_bash_decorator.py
[2025-01-08T10:43:18.706+0000] {logging_mixin.py:190} INFO - [2025-01-08T10:43:18.706+0000] {dag.py:3239} INFO - Sync 1 DAGs
[2025-01-08T10:43:18.721+0000] {logging_mixin.py:190} INFO - [2025-01-08T10:43:18.721+0000] {dag.py:4180} INFO - Setting next_dagrun for example_bash_decorator to None, run_after=None
[2025-01-08T10:43:18.743+0000] {processor.py:208} INFO - Processing /home/airflow/.local/lib/python3.12/site-packages/airflow/example_dags/example_bash_decorator.py took 0.380 seconds
[2025-01-08T10:43:49.593+0000] {processor.py:186} INFO - Started process (PID=619) to work on /home/airflow/.local/lib/python3.12/site-packages/airflow/example_dags/example_bash_decorator.py
[2025-01-08T10:43:49.594+0000] {processor.py:914} INFO - Processing file /home/airflow/.local/lib/python3.12/site-packages/airflow/example_dags/example_bash_decorator.py for tasks to queue
[2025-01-08T10:43:49.596+0000] {logging_mixin.py:190} INFO - [2025-01-08T10:43:49.596+0000] {dagbag.py:588} INFO - Filling up the DagBag from /home/airflow/.local/lib/python3.12/site-packages/airflow/example_dags/example_bash_decorator.py
[2025-01-08T10:43:49.613+0000] {processor.py:925} INFO - DAG(s) 'example_bash_decorator' retrieved from /home/airflow/.local/lib/python3.12/site-packages/airflow/example_dags/example_bash_decorator.py
[2025-01-08T10:43:49.637+0000] {logging_mixin.py:190} INFO - [2025-01-08T10:43:49.637+0000] {dag.py:3239} INFO - Sync 1 DAGs
[2025-01-08T10:43:49.653+0000] {logging_mixin.py:190} INFO - [2025-01-08T10:43:49.653+0000] {dag.py:4180} INFO - Setting next_dagrun for example_bash_decorator to None, run_after=None
[2025-01-08T10:43:49.675+0000] {processor.py:208} INFO - Processing /home/airflow/.local/lib/python3.12/site-packages/airflow/example_dags/example_bash_decorator.py took 0.088 seconds
[2025-01-08T10:44:20.616+0000] {processor.py:186} INFO - Started process (PID=919) to work on /home/airflow/.local/lib/python3.12/site-packages/airflow/example_dags/example_bash_decorator.py
[2025-01-08T10:44:20.617+0000] {processor.py:914} INFO - Processing file /home/airflow/.local/lib/python3.12/site-packages/airflow/example_dags/example_bash_decorator.py for tasks to queue
[2025-01-08T10:44:20.619+0000] {logging_mixin.py:190} INFO - [2025-01-08T10:44:20.619+0000] {dagbag.py:588} INFO - Filling up the DagBag from /home/airflow/.local/lib/python3.12/site-packages/airflow/example_dags/example_bash_decorator.py
[2025-01-08T10:44:20.635+0000] {processor.py:925} INFO - DAG(s) 'example_bash_decorator' retrieved from /home/airflow/.local/lib/python3.12/site-packages/airflow/example_dags/example_bash_decorator.py
[2025-01-08T10:44:20.658+0000] {logging_mixin.py:190} INFO - [2025-01-08T10:44:20.658+0000] {dag.py:3239} INFO - Sync 1 DAGs
[2025-01-08T10:44:20.673+0000] {logging_mixin.py:190} INFO - [2025-01-08T10:44:20.673+0000] {dag.py:4180} INFO - Setting next_dagrun for example_bash_decorator to None, run_after=None
[2025-01-08T10:44:20.696+0000] {processor.py:208} INFO - Processing /home/airflow/.local/lib/python3.12/site-packages/airflow/example_dags/example_bash_decorator.py took 0.086 seconds
[2025-01-08T10:44:51.086+0000] {processor.py:186} INFO - Started process (PID=1217) to work on /home/airflow/.local/lib/python3.12/site-packages/airflow/example_dags/example_bash_decorator.py
[2025-01-08T10:44:51.087+0000] {processor.py:914} INFO - Processing file /home/airflow/.local/lib/python3.12/site-packages/airflow/example_dags/example_bash_decorator.py for tasks to queue
[2025-01-08T10:44:51.089+0000] {logging_mixin.py:190} INFO - [2025-01-08T10:44:51.089+0000] {dagbag.py:588} INFO - Filling up the DagBag from /home/airflow/.local/lib/python3.12/site-packages/airflow/example_dags/example_bash_decorator.py
[2025-01-08T10:44:51.119+0000] {processor.py:925} INFO - DAG(s) 'example_bash_decorator' retrieved from /home/airflow/.local/lib/python3.12/site-packages/airflow/example_dags/example_bash_decorator.py
[2025-01-08T10:44:51.155+0000] {logging_mixin.py:190} INFO - [2025-01-08T10:44:51.155+0000] {dag.py:3239} INFO - Sync 1 DAGs
[2025-01-08T10:44:51.179+0000] {logging_mixin.py:190} INFO - [2025-01-08T10:44:51.179+0000] {dag.py:4180} INFO - Setting next_dagrun for example_bash_decorator to None, run_after=None
[2025-01-08T10:44:51.205+0000] {processor.py:208} INFO - Processing /home/airflow/.local/lib/python3.12/site-packages/airflow/example_dags/example_bash_decorator.py took 0.126 seconds
[2025-01-08T10:45:22.050+0000] {processor.py:186} INFO - Started process (PID=1516) to work on /home/airflow/.local/lib/python3.12/site-packages/airflow/example_dags/example_bash_decorator.py
[2025-01-08T10:45:22.051+0000] {processor.py:914} INFO - Processing file /home/airflow/.local/lib/python3.12/site-packages/airflow/example_dags/example_bash_decorator.py for tasks to queue
[2025-01-08T10:45:22.053+0000] {logging_mixin.py:190} INFO - [2025-01-08T10:45:22.053+0000] {dagbag.py:588} INFO - Filling up the DagBag from /home/airflow/.local/lib/python3.12/site-packages/airflow/example_dags/example_bash_decorator.py
[2025-01-08T10:45:22.068+0000] {processor.py:925} INFO - DAG(s) 'example_bash_decorator' retrieved from /home/airflow/.local/lib/python3.12/site-packages/airflow/example_dags/example_bash_decorator.py
[2025-01-08T10:45:22.091+0000] {logging_mixin.py:190} INFO - [2025-01-08T10:45:22.090+0000] {dag.py:3239} INFO - Sync 1 DAGs
[2025-01-08T10:45:22.105+0000] {logging_mixin.py:190} INFO - [2025-01-08T10:45:22.105+0000] {dag.py:4180} INFO - Setting next_dagrun for example_bash_decorator to None, run_after=None
[2025-01-08T10:45:22.125+0000] {processor.py:208} INFO - Processing /home/airflow/.local/lib/python3.12/site-packages/airflow/example_dags/example_bash_decorator.py took 0.082 seconds
[2025-01-08T10:45:52.893+0000] {processor.py:186} INFO - Started process (PID=1817) to work on /home/airflow/.local/lib/python3.12/site-packages/airflow/example_dags/example_bash_decorator.py
[2025-01-08T10:45:52.894+0000] {processor.py:914} INFO - Processing file /home/airflow/.local/lib/python3.12/site-packages/airflow/example_dags/example_bash_decorator.py for tasks to queue
[2025-01-08T10:45:52.896+0000] {logging_mixin.py:190} INFO - [2025-01-08T10:45:52.896+0000] {dagbag.py:588} INFO - Filling up the DagBag from /home/airflow/.local/lib/python3.12/site-packages/airflow/example_dags/example_bash_decorator.py
[2025-01-08T10:45:52.910+0000] {processor.py:925} INFO - DAG(s) 'example_bash_decorator' retrieved from /home/airflow/.local/lib/python3.12/site-packages/airflow/example_dags/example_bash_decorator.py
[2025-01-08T10:45:52.932+0000] {logging_mixin.py:190} INFO - [2025-01-08T10:45:52.932+0000] {dag.py:3239} INFO - Sync 1 DAGs
[2025-01-08T10:45:52.946+0000] {logging_mixin.py:190} INFO - [2025-01-08T10:45:52.945+0000] {dag.py:4180} INFO - Setting next_dagrun for example_bash_decorator to None, run_after=None
[2025-01-08T10:45:52.966+0000] {processor.py:208} INFO - Processing /home/airflow/.local/lib/python3.12/site-packages/airflow/example_dags/example_bash_decorator.py took 0.079 seconds
[2025-01-08T10:46:23.202+0000] {processor.py:186} INFO - Started process (PID=2118) to work on /home/airflow/.local/lib/python3.12/site-packages/airflow/example_dags/example_bash_decorator.py
[2025-01-08T10:46:23.203+0000] {processor.py:914} INFO - Processing file /home/airflow/.local/lib/python3.12/site-packages/airflow/example_dags/example_bash_decorator.py for tasks to queue
[2025-01-08T10:46:23.204+0000] {logging_mixin.py:190} INFO - [2025-01-08T10:46:23.204+0000] {dagbag.py:588} INFO - Filling up the DagBag from /home/airflow/.local/lib/python3.12/site-packages/airflow/example_dags/example_bash_decorator.py
[2025-01-08T10:46:23.218+0000] {processor.py:925} INFO - DAG(s) 'example_bash_decorator' retrieved from /home/airflow/.local/lib/python3.12/site-packages/airflow/example_dags/example_bash_decorator.py
[2025-01-08T10:46:23.239+0000] {logging_mixin.py:190} INFO - [2025-01-08T10:46:23.238+0000] {dag.py:3239} INFO - Sync 1 DAGs
[2025-01-08T10:46:23.251+0000] {logging_mixin.py:190} INFO - [2025-01-08T10:46:23.251+0000] {dag.py:4180} INFO - Setting next_dagrun for example_bash_decorator to None, run_after=None
[2025-01-08T10:46:23.270+0000] {processor.py:208} INFO - Processing /home/airflow/.local/lib/python3.12/site-packages/airflow/example_dags/example_bash_decorator.py took 0.074 seconds
[2025-01-08T10:46:53.566+0000] {processor.py:186} INFO - Started process (PID=2416) to work on /home/airflow/.local/lib/python3.12/site-packages/airflow/example_dags/example_bash_decorator.py
[2025-01-08T10:46:53.567+0000] {processor.py:914} INFO - Processing file /home/airflow/.local/lib/python3.12/site-packages/airflow/example_dags/example_bash_decorator.py for tasks to queue
[2025-01-08T10:46:53.569+0000] {logging_mixin.py:190} INFO - [2025-01-08T10:46:53.569+0000] {dagbag.py:588} INFO - Filling up the DagBag from /home/airflow/.local/lib/python3.12/site-packages/airflow/example_dags/example_bash_decorator.py
[2025-01-08T10:46:53.582+0000] {processor.py:925} INFO - DAG(s) 'example_bash_decorator' retrieved from /home/airflow/.local/lib/python3.12/site-packages/airflow/example_dags/example_bash_decorator.py
[2025-01-08T10:46:53.604+0000] {logging_mixin.py:190} INFO - [2025-01-08T10:46:53.604+0000] {dag.py:3239} INFO - Sync 1 DAGs
[2025-01-08T10:46:53.618+0000] {logging_mixin.py:190} INFO - [2025-01-08T10:46:53.618+0000] {dag.py:4180} INFO - Setting next_dagrun for example_bash_decorator to None, run_after=None
[2025-01-08T10:46:53.637+0000] {processor.py:208} INFO - Processing /home/airflow/.local/lib/python3.12/site-packages/airflow/example_dags/example_bash_decorator.py took 0.076 seconds
[2025-01-08T10:47:24.012+0000] {processor.py:186} INFO - Started process (PID=2717) to work on /home/airflow/.local/lib/python3.12/site-packages/airflow/example_dags/example_bash_decorator.py
[2025-01-08T10:47:24.013+0000] {processor.py:914} INFO - Processing file /home/airflow/.local/lib/python3.12/site-packages/airflow/example_dags/example_bash_decorator.py for tasks to queue
[2025-01-08T10:47:24.015+0000] {logging_mixin.py:190} INFO - [2025-01-08T10:47:24.015+0000] {dagbag.py:588} INFO - Filling up the DagBag from /home/airflow/.local/lib/python3.12/site-packages/airflow/example_dags/example_bash_decorator.py
[2025-01-08T10:47:24.028+0000] {processor.py:925} INFO - DAG(s) 'example_bash_decorator' retrieved from /home/airflow/.local/lib/python3.12/site-packages/airflow/example_dags/example_bash_decorator.py
[2025-01-08T10:47:24.051+0000] {logging_mixin.py:190} INFO - [2025-01-08T10:47:24.051+0000] {dag.py:3239} INFO - Sync 1 DAGs
[2025-01-08T10:47:24.066+0000] {logging_mixin.py:190} INFO - [2025-01-08T10:47:24.066+0000] {dag.py:4180} INFO - Setting next_dagrun for example_bash_decorator to None, run_after=None
[2025-01-08T10:47:24.086+0000] {processor.py:208} INFO - Processing /home/airflow/.local/lib/python3.12/site-packages/airflow/example_dags/example_bash_decorator.py took 0.079 seconds
[2025-01-08T10:47:54.463+0000] {processor.py:186} INFO - Started process (PID=3018) to work on /home/airflow/.local/lib/python3.12/site-packages/airflow/example_dags/example_bash_decorator.py
[2025-01-08T10:47:54.465+0000] {processor.py:914} INFO - Processing file /home/airflow/.local/lib/python3.12/site-packages/airflow/example_dags/example_bash_decorator.py for tasks to queue
[2025-01-08T10:47:54.468+0000] {logging_mixin.py:190} INFO - [2025-01-08T10:47:54.467+0000] {dagbag.py:588} INFO - Filling up the DagBag from /home/airflow/.local/lib/python3.12/site-packages/airflow/example_dags/example_bash_decorator.py
[2025-01-08T10:47:54.488+0000] {processor.py:925} INFO - DAG(s) 'example_bash_decorator' retrieved from /home/airflow/.local/lib/python3.12/site-packages/airflow/example_dags/example_bash_decorator.py
[2025-01-08T10:47:54.512+0000] {logging_mixin.py:190} INFO - [2025-01-08T10:47:54.512+0000] {dag.py:3239} INFO - Sync 1 DAGs
[2025-01-08T10:47:54.528+0000] {logging_mixin.py:190} INFO - [2025-01-08T10:47:54.528+0000] {dag.py:4180} INFO - Setting next_dagrun for example_bash_decorator to None, run_after=None
[2025-01-08T10:47:54.551+0000] {processor.py:208} INFO - Processing /home/airflow/.local/lib/python3.12/site-packages/airflow/example_dags/example_bash_decorator.py took 0.094 seconds
