[2025-01-08T10:35:16.433+0000] {processor.py:186} INFO - Started process (PID=387) to work on /home/airflow/.local/lib/python3.12/site-packages/airflow/example_dags/example_branch_operator_decorator.py
[2025-01-08T10:35:16.434+0000] {processor.py:914} INFO - Processing file /home/airflow/.local/lib/python3.12/site-packages/airflow/example_dags/example_branch_operator_decorator.py for tasks to queue
[2025-01-08T10:35:16.437+0000] {logging_mixin.py:190} INFO - [2025-01-08T10:35:16.437+0000] {dagbag.py:588} INFO - Filling up the DagBag from /home/airflow/.local/lib/python3.12/site-packages/airflow/example_dags/example_branch_operator_decorator.py
[2025-01-08T10:35:16.466+0000] {processor.py:925} INFO - DAG(s) 'example_branch_python_operator_decorator' retrieved from /home/airflow/.local/lib/python3.12/site-packages/airflow/example_dags/example_branch_operator_decorator.py
[2025-01-08T10:35:16.624+0000] {logging_mixin.py:190} INFO - [2025-01-08T10:35:16.623+0000] {override.py:1911} INFO - Created Permission View: can delete on DAG:example_branch_python_operator_decorator
[2025-01-08T10:35:16.644+0000] {logging_mixin.py:190} INFO - [2025-01-08T10:35:16.643+0000] {override.py:1911} INFO - Created Permission View: can read on DAG:example_branch_python_operator_decorator
[2025-01-08T10:35:16.656+0000] {logging_mixin.py:190} INFO - [2025-01-08T10:35:16.655+0000] {override.py:1911} INFO - Created Permission View: can edit on DAG:example_branch_python_operator_decorator
[2025-01-08T10:35:16.671+0000] {logging_mixin.py:190} INFO - [2025-01-08T10:35:16.671+0000] {override.py:1911} INFO - Created Permission View: menu access on DAG Run:example_branch_python_operator_decorator
[2025-01-08T10:35:16.683+0000] {logging_mixin.py:190} INFO - [2025-01-08T10:35:16.683+0000] {override.py:1911} INFO - Created Permission View: can create on DAG Run:example_branch_python_operator_decorator
[2025-01-08T10:35:16.697+0000] {logging_mixin.py:190} INFO - [2025-01-08T10:35:16.697+0000] {override.py:1911} INFO - Created Permission View: can read on DAG Run:example_branch_python_operator_decorator
[2025-01-08T10:35:16.710+0000] {logging_mixin.py:190} INFO - [2025-01-08T10:35:16.710+0000] {override.py:1911} INFO - Created Permission View: can delete on DAG Run:example_branch_python_operator_decorator
[2025-01-08T10:35:16.711+0000] {logging_mixin.py:190} INFO - [2025-01-08T10:35:16.711+0000] {dag.py:3239} INFO - Sync 1 DAGs
[2025-01-08T10:35:16.731+0000] {logging_mixin.py:190} INFO - [2025-01-08T10:35:16.731+0000] {dag.py:3262} INFO - Creating ORM DAG for example_branch_python_operator_decorator
[2025-01-08T10:35:16.750+0000] {logging_mixin.py:190} INFO - [2025-01-08T10:35:16.749+0000] {dag.py:4180} INFO - Setting next_dagrun for example_branch_python_operator_decorator to 2025-01-07 00:00:00+00:00, run_after=2025-01-08 00:00:00+00:00
[2025-01-08T10:35:16.775+0000] {processor.py:208} INFO - Processing /home/airflow/.local/lib/python3.12/site-packages/airflow/example_dags/example_branch_operator_decorator.py took 0.350 seconds
[2025-01-08T10:35:50.674+0000] {processor.py:186} INFO - Started process (PID=688) to work on /home/airflow/.local/lib/python3.12/site-packages/airflow/example_dags/example_branch_operator_decorator.py
[2025-01-08T10:35:50.678+0000] {processor.py:914} INFO - Processing file /home/airflow/.local/lib/python3.12/site-packages/airflow/example_dags/example_branch_operator_decorator.py for tasks to queue
[2025-01-08T10:35:50.681+0000] {logging_mixin.py:190} INFO - [2025-01-08T10:35:50.680+0000] {dagbag.py:588} INFO - Filling up the DagBag from /home/airflow/.local/lib/python3.12/site-packages/airflow/example_dags/example_branch_operator_decorator.py
[2025-01-08T10:35:50.741+0000] {processor.py:925} INFO - DAG(s) 'example_branch_python_operator_decorator' retrieved from /home/airflow/.local/lib/python3.12/site-packages/airflow/example_dags/example_branch_operator_decorator.py
[2025-01-08T10:35:50.808+0000] {logging_mixin.py:190} INFO - [2025-01-08T10:35:50.808+0000] {dag.py:3239} INFO - Sync 1 DAGs
[2025-01-08T10:35:50.872+0000] {logging_mixin.py:190} INFO - [2025-01-08T10:35:50.872+0000] {dag.py:4180} INFO - Setting next_dagrun for example_branch_python_operator_decorator to 2025-01-07 00:00:00+00:00, run_after=2025-01-08 00:00:00+00:00
[2025-01-08T10:35:50.943+0000] {processor.py:208} INFO - Processing /home/airflow/.local/lib/python3.12/site-packages/airflow/example_dags/example_branch_operator_decorator.py took 0.286 seconds
[2025-01-08T10:36:25.480+0000] {processor.py:186} INFO - Started process (PID=997) to work on /home/airflow/.local/lib/python3.12/site-packages/airflow/example_dags/example_branch_operator_decorator.py
[2025-01-08T10:36:25.485+0000] {processor.py:914} INFO - Processing file /home/airflow/.local/lib/python3.12/site-packages/airflow/example_dags/example_branch_operator_decorator.py for tasks to queue
[2025-01-08T10:36:25.488+0000] {logging_mixin.py:190} INFO - [2025-01-08T10:36:25.487+0000] {dagbag.py:588} INFO - Filling up the DagBag from /home/airflow/.local/lib/python3.12/site-packages/airflow/example_dags/example_branch_operator_decorator.py
[2025-01-08T10:36:25.571+0000] {processor.py:925} INFO - DAG(s) 'example_branch_python_operator_decorator' retrieved from /home/airflow/.local/lib/python3.12/site-packages/airflow/example_dags/example_branch_operator_decorator.py
[2025-01-08T10:36:25.658+0000] {logging_mixin.py:190} INFO - [2025-01-08T10:36:25.658+0000] {dag.py:3239} INFO - Sync 1 DAGs
[2025-01-08T10:36:25.779+0000] {logging_mixin.py:190} INFO - [2025-01-08T10:36:25.778+0000] {dag.py:4180} INFO - Setting next_dagrun for example_branch_python_operator_decorator to 2025-01-07 00:00:00+00:00, run_after=2025-01-08 00:00:00+00:00
[2025-01-08T10:36:25.852+0000] {processor.py:208} INFO - Processing /home/airflow/.local/lib/python3.12/site-packages/airflow/example_dags/example_branch_operator_decorator.py took 0.401 seconds
[2025-01-08T10:36:56.673+0000] {processor.py:186} INFO - Started process (PID=1296) to work on /home/airflow/.local/lib/python3.12/site-packages/airflow/example_dags/example_branch_operator_decorator.py
[2025-01-08T10:36:56.675+0000] {processor.py:914} INFO - Processing file /home/airflow/.local/lib/python3.12/site-packages/airflow/example_dags/example_branch_operator_decorator.py for tasks to queue
[2025-01-08T10:36:56.679+0000] {logging_mixin.py:190} INFO - [2025-01-08T10:36:56.678+0000] {dagbag.py:588} INFO - Filling up the DagBag from /home/airflow/.local/lib/python3.12/site-packages/airflow/example_dags/example_branch_operator_decorator.py
[2025-01-08T10:36:56.710+0000] {processor.py:925} INFO - DAG(s) 'example_branch_python_operator_decorator' retrieved from /home/airflow/.local/lib/python3.12/site-packages/airflow/example_dags/example_branch_operator_decorator.py
[2025-01-08T10:36:56.755+0000] {logging_mixin.py:190} INFO - [2025-01-08T10:36:56.755+0000] {dag.py:3239} INFO - Sync 1 DAGs
[2025-01-08T10:36:56.793+0000] {logging_mixin.py:190} INFO - [2025-01-08T10:36:56.793+0000] {dag.py:4180} INFO - Setting next_dagrun for example_branch_python_operator_decorator to 2025-01-07 00:00:00+00:00, run_after=2025-01-08 00:00:00+00:00
[2025-01-08T10:36:56.831+0000] {processor.py:208} INFO - Processing /home/airflow/.local/lib/python3.12/site-packages/airflow/example_dags/example_branch_operator_decorator.py took 0.168 seconds
[2025-01-08T10:37:28.075+0000] {processor.py:186} INFO - Started process (PID=1597) to work on /home/airflow/.local/lib/python3.12/site-packages/airflow/example_dags/example_branch_operator_decorator.py
[2025-01-08T10:37:28.076+0000] {processor.py:914} INFO - Processing file /home/airflow/.local/lib/python3.12/site-packages/airflow/example_dags/example_branch_operator_decorator.py for tasks to queue
[2025-01-08T10:37:28.079+0000] {logging_mixin.py:190} INFO - [2025-01-08T10:37:28.079+0000] {dagbag.py:588} INFO - Filling up the DagBag from /home/airflow/.local/lib/python3.12/site-packages/airflow/example_dags/example_branch_operator_decorator.py
[2025-01-08T10:37:28.113+0000] {processor.py:925} INFO - DAG(s) 'example_branch_python_operator_decorator' retrieved from /home/airflow/.local/lib/python3.12/site-packages/airflow/example_dags/example_branch_operator_decorator.py
[2025-01-08T10:37:28.152+0000] {logging_mixin.py:190} INFO - [2025-01-08T10:37:28.152+0000] {dag.py:3239} INFO - Sync 1 DAGs
[2025-01-08T10:37:28.190+0000] {logging_mixin.py:190} INFO - [2025-01-08T10:37:28.189+0000] {dag.py:4180} INFO - Setting next_dagrun for example_branch_python_operator_decorator to 2025-01-07 00:00:00+00:00, run_after=2025-01-08 00:00:00+00:00
[2025-01-08T10:37:28.220+0000] {processor.py:208} INFO - Processing /home/airflow/.local/lib/python3.12/site-packages/airflow/example_dags/example_branch_operator_decorator.py took 0.153 seconds
[2025-01-08T10:38:00.762+0000] {processor.py:186} INFO - Started process (PID=1898) to work on /home/airflow/.local/lib/python3.12/site-packages/airflow/example_dags/example_branch_operator_decorator.py
[2025-01-08T10:38:00.767+0000] {processor.py:914} INFO - Processing file /home/airflow/.local/lib/python3.12/site-packages/airflow/example_dags/example_branch_operator_decorator.py for tasks to queue
[2025-01-08T10:38:00.777+0000] {logging_mixin.py:190} INFO - [2025-01-08T10:38:00.775+0000] {dagbag.py:588} INFO - Filling up the DagBag from /home/airflow/.local/lib/python3.12/site-packages/airflow/example_dags/example_branch_operator_decorator.py
[2025-01-08T10:38:00.861+0000] {processor.py:925} INFO - DAG(s) 'example_branch_python_operator_decorator' retrieved from /home/airflow/.local/lib/python3.12/site-packages/airflow/example_dags/example_branch_operator_decorator.py
[2025-01-08T10:38:00.956+0000] {logging_mixin.py:190} INFO - [2025-01-08T10:38:00.955+0000] {dag.py:3239} INFO - Sync 1 DAGs
[2025-01-08T10:38:01.019+0000] {logging_mixin.py:190} INFO - [2025-01-08T10:38:01.019+0000] {dag.py:4180} INFO - Setting next_dagrun for example_branch_python_operator_decorator to 2025-01-07 00:00:00+00:00, run_after=2025-01-08 00:00:00+00:00
[2025-01-08T10:38:01.086+0000] {processor.py:208} INFO - Processing /home/airflow/.local/lib/python3.12/site-packages/airflow/example_dags/example_branch_operator_decorator.py took 0.339 seconds
[2025-01-08T10:38:33.186+0000] {processor.py:186} INFO - Started process (PID=2198) to work on /home/airflow/.local/lib/python3.12/site-packages/airflow/example_dags/example_branch_operator_decorator.py
[2025-01-08T10:38:33.198+0000] {processor.py:914} INFO - Processing file /home/airflow/.local/lib/python3.12/site-packages/airflow/example_dags/example_branch_operator_decorator.py for tasks to queue
[2025-01-08T10:38:33.202+0000] {logging_mixin.py:190} INFO - [2025-01-08T10:38:33.201+0000] {dagbag.py:588} INFO - Filling up the DagBag from /home/airflow/.local/lib/python3.12/site-packages/airflow/example_dags/example_branch_operator_decorator.py
[2025-01-08T10:38:33.281+0000] {processor.py:925} INFO - DAG(s) 'example_branch_python_operator_decorator' retrieved from /home/airflow/.local/lib/python3.12/site-packages/airflow/example_dags/example_branch_operator_decorator.py
[2025-01-08T10:38:33.389+0000] {logging_mixin.py:190} INFO - [2025-01-08T10:38:33.388+0000] {dag.py:3239} INFO - Sync 1 DAGs
[2025-01-08T10:38:33.472+0000] {logging_mixin.py:190} INFO - [2025-01-08T10:38:33.472+0000] {dag.py:4180} INFO - Setting next_dagrun for example_branch_python_operator_decorator to 2025-01-07 00:00:00+00:00, run_after=2025-01-08 00:00:00+00:00
[2025-01-08T10:38:33.529+0000] {processor.py:208} INFO - Processing /home/airflow/.local/lib/python3.12/site-packages/airflow/example_dags/example_branch_operator_decorator.py took 0.360 seconds
[2025-01-08T10:39:04.765+0000] {processor.py:186} INFO - Started process (PID=2499) to work on /home/airflow/.local/lib/python3.12/site-packages/airflow/example_dags/example_branch_operator_decorator.py
[2025-01-08T10:39:04.767+0000] {processor.py:914} INFO - Processing file /home/airflow/.local/lib/python3.12/site-packages/airflow/example_dags/example_branch_operator_decorator.py for tasks to queue
[2025-01-08T10:39:04.769+0000] {logging_mixin.py:190} INFO - [2025-01-08T10:39:04.769+0000] {dagbag.py:588} INFO - Filling up the DagBag from /home/airflow/.local/lib/python3.12/site-packages/airflow/example_dags/example_branch_operator_decorator.py
[2025-01-08T10:39:04.803+0000] {processor.py:925} INFO - DAG(s) 'example_branch_python_operator_decorator' retrieved from /home/airflow/.local/lib/python3.12/site-packages/airflow/example_dags/example_branch_operator_decorator.py
[2025-01-08T10:39:04.843+0000] {logging_mixin.py:190} INFO - [2025-01-08T10:39:04.842+0000] {dag.py:3239} INFO - Sync 1 DAGs
[2025-01-08T10:39:04.880+0000] {logging_mixin.py:190} INFO - [2025-01-08T10:39:04.880+0000] {dag.py:4180} INFO - Setting next_dagrun for example_branch_python_operator_decorator to 2025-01-07 00:00:00+00:00, run_after=2025-01-08 00:00:00+00:00
[2025-01-08T10:39:04.913+0000] {processor.py:208} INFO - Processing /home/airflow/.local/lib/python3.12/site-packages/airflow/example_dags/example_branch_operator_decorator.py took 0.156 seconds
[2025-01-08T10:39:39.084+0000] {processor.py:186} INFO - Started process (PID=2802) to work on /home/airflow/.local/lib/python3.12/site-packages/airflow/example_dags/example_branch_operator_decorator.py
[2025-01-08T10:39:39.087+0000] {processor.py:914} INFO - Processing file /home/airflow/.local/lib/python3.12/site-packages/airflow/example_dags/example_branch_operator_decorator.py for tasks to queue
[2025-01-08T10:39:39.101+0000] {logging_mixin.py:190} INFO - [2025-01-08T10:39:39.100+0000] {dagbag.py:588} INFO - Filling up the DagBag from /home/airflow/.local/lib/python3.12/site-packages/airflow/example_dags/example_branch_operator_decorator.py
[2025-01-08T10:39:39.203+0000] {processor.py:925} INFO - DAG(s) 'example_branch_python_operator_decorator' retrieved from /home/airflow/.local/lib/python3.12/site-packages/airflow/example_dags/example_branch_operator_decorator.py
[2025-01-08T10:39:39.328+0000] {logging_mixin.py:190} INFO - [2025-01-08T10:39:39.327+0000] {dag.py:3239} INFO - Sync 1 DAGs
[2025-01-08T10:39:39.440+0000] {logging_mixin.py:190} INFO - [2025-01-08T10:39:39.439+0000] {dag.py:4180} INFO - Setting next_dagrun for example_branch_python_operator_decorator to 2025-01-07 00:00:00+00:00, run_after=2025-01-08 00:00:00+00:00
[2025-01-08T10:39:39.518+0000] {processor.py:208} INFO - Processing /home/airflow/.local/lib/python3.12/site-packages/airflow/example_dags/example_branch_operator_decorator.py took 0.459 seconds
[2025-01-08T10:40:12.955+0000] {processor.py:186} INFO - Started process (PID=3101) to work on /home/airflow/.local/lib/python3.12/site-packages/airflow/example_dags/example_branch_operator_decorator.py
[2025-01-08T10:40:12.956+0000] {processor.py:914} INFO - Processing file /home/airflow/.local/lib/python3.12/site-packages/airflow/example_dags/example_branch_operator_decorator.py for tasks to queue
[2025-01-08T10:40:12.959+0000] {logging_mixin.py:190} INFO - [2025-01-08T10:40:12.958+0000] {dagbag.py:588} INFO - Filling up the DagBag from /home/airflow/.local/lib/python3.12/site-packages/airflow/example_dags/example_branch_operator_decorator.py
[2025-01-08T10:40:12.998+0000] {processor.py:925} INFO - DAG(s) 'example_branch_python_operator_decorator' retrieved from /home/airflow/.local/lib/python3.12/site-packages/airflow/example_dags/example_branch_operator_decorator.py
[2025-01-08T10:40:13.045+0000] {logging_mixin.py:190} INFO - [2025-01-08T10:40:13.045+0000] {dag.py:3239} INFO - Sync 1 DAGs
[2025-01-08T10:40:13.089+0000] {logging_mixin.py:190} INFO - [2025-01-08T10:40:13.088+0000] {dag.py:4180} INFO - Setting next_dagrun for example_branch_python_operator_decorator to 2025-01-07 00:00:00+00:00, run_after=2025-01-08 00:00:00+00:00
[2025-01-08T10:40:13.201+0000] {processor.py:208} INFO - Processing /home/airflow/.local/lib/python3.12/site-packages/airflow/example_dags/example_branch_operator_decorator.py took 0.252 seconds
[2025-01-08T10:43:20.523+0000] {processor.py:186} INFO - Started process (PID=388) to work on /home/airflow/.local/lib/python3.12/site-packages/airflow/example_dags/example_branch_operator_decorator.py
[2025-01-08T10:43:20.525+0000] {processor.py:914} INFO - Processing file /home/airflow/.local/lib/python3.12/site-packages/airflow/example_dags/example_branch_operator_decorator.py for tasks to queue
[2025-01-08T10:43:20.529+0000] {logging_mixin.py:190} INFO - [2025-01-08T10:43:20.528+0000] {dagbag.py:588} INFO - Filling up the DagBag from /home/airflow/.local/lib/python3.12/site-packages/airflow/example_dags/example_branch_operator_decorator.py
[2025-01-08T10:43:20.576+0000] {processor.py:925} INFO - DAG(s) 'example_branch_python_operator_decorator' retrieved from /home/airflow/.local/lib/python3.12/site-packages/airflow/example_dags/example_branch_operator_decorator.py
[2025-01-08T10:43:20.821+0000] {logging_mixin.py:190} INFO - [2025-01-08T10:43:20.821+0000] {dag.py:3239} INFO - Sync 1 DAGs
[2025-01-08T10:43:20.866+0000] {logging_mixin.py:190} INFO - [2025-01-08T10:43:20.866+0000] {dag.py:4180} INFO - Setting next_dagrun for example_branch_python_operator_decorator to 2025-01-07 00:00:00+00:00, run_after=2025-01-08 00:00:00+00:00
[2025-01-08T10:43:20.905+0000] {processor.py:208} INFO - Processing /home/airflow/.local/lib/python3.12/site-packages/airflow/example_dags/example_branch_operator_decorator.py took 0.394 seconds
[2025-01-08T10:43:52.059+0000] {processor.py:186} INFO - Started process (PID=689) to work on /home/airflow/.local/lib/python3.12/site-packages/airflow/example_dags/example_branch_operator_decorator.py
[2025-01-08T10:43:52.060+0000] {processor.py:914} INFO - Processing file /home/airflow/.local/lib/python3.12/site-packages/airflow/example_dags/example_branch_operator_decorator.py for tasks to queue
[2025-01-08T10:43:52.062+0000] {logging_mixin.py:190} INFO - [2025-01-08T10:43:52.062+0000] {dagbag.py:588} INFO - Filling up the DagBag from /home/airflow/.local/lib/python3.12/site-packages/airflow/example_dags/example_branch_operator_decorator.py
[2025-01-08T10:43:52.085+0000] {processor.py:925} INFO - DAG(s) 'example_branch_python_operator_decorator' retrieved from /home/airflow/.local/lib/python3.12/site-packages/airflow/example_dags/example_branch_operator_decorator.py
[2025-01-08T10:43:52.121+0000] {logging_mixin.py:190} INFO - [2025-01-08T10:43:52.121+0000] {dag.py:3239} INFO - Sync 1 DAGs
[2025-01-08T10:43:52.152+0000] {logging_mixin.py:190} INFO - [2025-01-08T10:43:52.151+0000] {dag.py:4180} INFO - Setting next_dagrun for example_branch_python_operator_decorator to 2025-01-07 00:00:00+00:00, run_after=2025-01-08 00:00:00+00:00
[2025-01-08T10:43:52.176+0000] {processor.py:208} INFO - Processing /home/airflow/.local/lib/python3.12/site-packages/airflow/example_dags/example_branch_operator_decorator.py took 0.122 seconds
[2025-01-08T10:44:23.113+0000] {processor.py:186} INFO - Started process (PID=989) to work on /home/airflow/.local/lib/python3.12/site-packages/airflow/example_dags/example_branch_operator_decorator.py
[2025-01-08T10:44:23.114+0000] {processor.py:914} INFO - Processing file /home/airflow/.local/lib/python3.12/site-packages/airflow/example_dags/example_branch_operator_decorator.py for tasks to queue
[2025-01-08T10:44:23.116+0000] {logging_mixin.py:190} INFO - [2025-01-08T10:44:23.116+0000] {dagbag.py:588} INFO - Filling up the DagBag from /home/airflow/.local/lib/python3.12/site-packages/airflow/example_dags/example_branch_operator_decorator.py
[2025-01-08T10:44:23.142+0000] {processor.py:925} INFO - DAG(s) 'example_branch_python_operator_decorator' retrieved from /home/airflow/.local/lib/python3.12/site-packages/airflow/example_dags/example_branch_operator_decorator.py
[2025-01-08T10:44:23.177+0000] {logging_mixin.py:190} INFO - [2025-01-08T10:44:23.177+0000] {dag.py:3239} INFO - Sync 1 DAGs
[2025-01-08T10:44:23.210+0000] {logging_mixin.py:190} INFO - [2025-01-08T10:44:23.209+0000] {dag.py:4180} INFO - Setting next_dagrun for example_branch_python_operator_decorator to 2025-01-07 00:00:00+00:00, run_after=2025-01-08 00:00:00+00:00
[2025-01-08T10:44:23.234+0000] {processor.py:208} INFO - Processing /home/airflow/.local/lib/python3.12/site-packages/airflow/example_dags/example_branch_operator_decorator.py took 0.127 seconds
[2025-01-08T10:44:53.908+0000] {processor.py:186} INFO - Started process (PID=1290) to work on /home/airflow/.local/lib/python3.12/site-packages/airflow/example_dags/example_branch_operator_decorator.py
[2025-01-08T10:44:53.909+0000] {processor.py:914} INFO - Processing file /home/airflow/.local/lib/python3.12/site-packages/airflow/example_dags/example_branch_operator_decorator.py for tasks to queue
[2025-01-08T10:44:53.911+0000] {logging_mixin.py:190} INFO - [2025-01-08T10:44:53.911+0000] {dagbag.py:588} INFO - Filling up the DagBag from /home/airflow/.local/lib/python3.12/site-packages/airflow/example_dags/example_branch_operator_decorator.py
[2025-01-08T10:44:53.942+0000] {processor.py:925} INFO - DAG(s) 'example_branch_python_operator_decorator' retrieved from /home/airflow/.local/lib/python3.12/site-packages/airflow/example_dags/example_branch_operator_decorator.py
[2025-01-08T10:44:53.967+0000] {logging_mixin.py:190} INFO - [2025-01-08T10:44:53.967+0000] {dag.py:3239} INFO - Sync 1 DAGs
[2025-01-08T10:44:53.992+0000] {logging_mixin.py:190} INFO - [2025-01-08T10:44:53.992+0000] {dag.py:4180} INFO - Setting next_dagrun for example_branch_python_operator_decorator to 2025-01-07 00:00:00+00:00, run_after=2025-01-08 00:00:00+00:00
[2025-01-08T10:44:54.012+0000] {processor.py:208} INFO - Processing /home/airflow/.local/lib/python3.12/site-packages/airflow/example_dags/example_branch_operator_decorator.py took 0.111 seconds
[2025-01-08T10:45:24.757+0000] {processor.py:186} INFO - Started process (PID=1593) to work on /home/airflow/.local/lib/python3.12/site-packages/airflow/example_dags/example_branch_operator_decorator.py
[2025-01-08T10:45:24.759+0000] {processor.py:914} INFO - Processing file /home/airflow/.local/lib/python3.12/site-packages/airflow/example_dags/example_branch_operator_decorator.py for tasks to queue
[2025-01-08T10:45:24.762+0000] {logging_mixin.py:190} INFO - [2025-01-08T10:45:24.761+0000] {dagbag.py:588} INFO - Filling up the DagBag from /home/airflow/.local/lib/python3.12/site-packages/airflow/example_dags/example_branch_operator_decorator.py
[2025-01-08T10:45:24.786+0000] {processor.py:925} INFO - DAG(s) 'example_branch_python_operator_decorator' retrieved from /home/airflow/.local/lib/python3.12/site-packages/airflow/example_dags/example_branch_operator_decorator.py
[2025-01-08T10:45:24.814+0000] {logging_mixin.py:190} INFO - [2025-01-08T10:45:24.814+0000] {dag.py:3239} INFO - Sync 1 DAGs
[2025-01-08T10:45:24.841+0000] {logging_mixin.py:190} INFO - [2025-01-08T10:45:24.840+0000] {dag.py:4180} INFO - Setting next_dagrun for example_branch_python_operator_decorator to 2025-01-07 00:00:00+00:00, run_after=2025-01-08 00:00:00+00:00
[2025-01-08T10:45:24.860+0000] {processor.py:208} INFO - Processing /home/airflow/.local/lib/python3.12/site-packages/airflow/example_dags/example_branch_operator_decorator.py took 0.110 seconds
[2025-01-08T10:45:55.474+0000] {processor.py:186} INFO - Started process (PID=1892) to work on /home/airflow/.local/lib/python3.12/site-packages/airflow/example_dags/example_branch_operator_decorator.py
[2025-01-08T10:45:55.475+0000] {processor.py:914} INFO - Processing file /home/airflow/.local/lib/python3.12/site-packages/airflow/example_dags/example_branch_operator_decorator.py for tasks to queue
[2025-01-08T10:45:55.477+0000] {logging_mixin.py:190} INFO - [2025-01-08T10:45:55.477+0000] {dagbag.py:588} INFO - Filling up the DagBag from /home/airflow/.local/lib/python3.12/site-packages/airflow/example_dags/example_branch_operator_decorator.py
[2025-01-08T10:45:55.498+0000] {processor.py:925} INFO - DAG(s) 'example_branch_python_operator_decorator' retrieved from /home/airflow/.local/lib/python3.12/site-packages/airflow/example_dags/example_branch_operator_decorator.py
[2025-01-08T10:45:55.526+0000] {logging_mixin.py:190} INFO - [2025-01-08T10:45:55.526+0000] {dag.py:3239} INFO - Sync 1 DAGs
[2025-01-08T10:45:55.553+0000] {logging_mixin.py:190} INFO - [2025-01-08T10:45:55.553+0000] {dag.py:4180} INFO - Setting next_dagrun for example_branch_python_operator_decorator to 2025-01-07 00:00:00+00:00, run_after=2025-01-08 00:00:00+00:00
[2025-01-08T10:45:55.579+0000] {processor.py:208} INFO - Processing /home/airflow/.local/lib/python3.12/site-packages/airflow/example_dags/example_branch_operator_decorator.py took 0.110 seconds
[2025-01-08T10:46:26.321+0000] {processor.py:186} INFO - Started process (PID=2193) to work on /home/airflow/.local/lib/python3.12/site-packages/airflow/example_dags/example_branch_operator_decorator.py
[2025-01-08T10:46:26.322+0000] {processor.py:914} INFO - Processing file /home/airflow/.local/lib/python3.12/site-packages/airflow/example_dags/example_branch_operator_decorator.py for tasks to queue
[2025-01-08T10:46:26.325+0000] {logging_mixin.py:190} INFO - [2025-01-08T10:46:26.324+0000] {dagbag.py:588} INFO - Filling up the DagBag from /home/airflow/.local/lib/python3.12/site-packages/airflow/example_dags/example_branch_operator_decorator.py
[2025-01-08T10:46:26.364+0000] {processor.py:925} INFO - DAG(s) 'example_branch_python_operator_decorator' retrieved from /home/airflow/.local/lib/python3.12/site-packages/airflow/example_dags/example_branch_operator_decorator.py
[2025-01-08T10:46:26.401+0000] {logging_mixin.py:190} INFO - [2025-01-08T10:46:26.400+0000] {dag.py:3239} INFO - Sync 1 DAGs
[2025-01-08T10:46:26.434+0000] {logging_mixin.py:190} INFO - [2025-01-08T10:46:26.434+0000] {dag.py:4180} INFO - Setting next_dagrun for example_branch_python_operator_decorator to 2025-01-07 00:00:00+00:00, run_after=2025-01-08 00:00:00+00:00
[2025-01-08T10:46:26.463+0000] {processor.py:208} INFO - Processing /home/airflow/.local/lib/python3.12/site-packages/airflow/example_dags/example_branch_operator_decorator.py took 0.147 seconds
[2025-01-08T10:46:57.184+0000] {processor.py:186} INFO - Started process (PID=2496) to work on /home/airflow/.local/lib/python3.12/site-packages/airflow/example_dags/example_branch_operator_decorator.py
[2025-01-08T10:46:57.185+0000] {processor.py:914} INFO - Processing file /home/airflow/.local/lib/python3.12/site-packages/airflow/example_dags/example_branch_operator_decorator.py for tasks to queue
[2025-01-08T10:46:57.187+0000] {logging_mixin.py:190} INFO - [2025-01-08T10:46:57.187+0000] {dagbag.py:588} INFO - Filling up the DagBag from /home/airflow/.local/lib/python3.12/site-packages/airflow/example_dags/example_branch_operator_decorator.py
[2025-01-08T10:46:57.207+0000] {processor.py:925} INFO - DAG(s) 'example_branch_python_operator_decorator' retrieved from /home/airflow/.local/lib/python3.12/site-packages/airflow/example_dags/example_branch_operator_decorator.py
[2025-01-08T10:46:57.232+0000] {logging_mixin.py:190} INFO - [2025-01-08T10:46:57.232+0000] {dag.py:3239} INFO - Sync 1 DAGs
[2025-01-08T10:46:57.256+0000] {logging_mixin.py:190} INFO - [2025-01-08T10:46:57.255+0000] {dag.py:4180} INFO - Setting next_dagrun for example_branch_python_operator_decorator to 2025-01-07 00:00:00+00:00, run_after=2025-01-08 00:00:00+00:00
[2025-01-08T10:46:57.274+0000] {processor.py:208} INFO - Processing /home/airflow/.local/lib/python3.12/site-packages/airflow/example_dags/example_branch_operator_decorator.py took 0.095 seconds
[2025-01-08T10:47:28.393+0000] {processor.py:186} INFO - Started process (PID=2797) to work on /home/airflow/.local/lib/python3.12/site-packages/airflow/example_dags/example_branch_operator_decorator.py
[2025-01-08T10:47:28.394+0000] {processor.py:914} INFO - Processing file /home/airflow/.local/lib/python3.12/site-packages/airflow/example_dags/example_branch_operator_decorator.py for tasks to queue
[2025-01-08T10:47:28.396+0000] {logging_mixin.py:190} INFO - [2025-01-08T10:47:28.396+0000] {dagbag.py:588} INFO - Filling up the DagBag from /home/airflow/.local/lib/python3.12/site-packages/airflow/example_dags/example_branch_operator_decorator.py
[2025-01-08T10:47:28.418+0000] {processor.py:925} INFO - DAG(s) 'example_branch_python_operator_decorator' retrieved from /home/airflow/.local/lib/python3.12/site-packages/airflow/example_dags/example_branch_operator_decorator.py
[2025-01-08T10:47:28.450+0000] {logging_mixin.py:190} INFO - [2025-01-08T10:47:28.450+0000] {dag.py:3239} INFO - Sync 1 DAGs
[2025-01-08T10:47:28.477+0000] {logging_mixin.py:190} INFO - [2025-01-08T10:47:28.477+0000] {dag.py:4180} INFO - Setting next_dagrun for example_branch_python_operator_decorator to 2025-01-07 00:00:00+00:00, run_after=2025-01-08 00:00:00+00:00
[2025-01-08T10:47:28.502+0000] {processor.py:208} INFO - Processing /home/airflow/.local/lib/python3.12/site-packages/airflow/example_dags/example_branch_operator_decorator.py took 0.114 seconds
[2025-01-08T10:47:59.363+0000] {processor.py:186} INFO - Started process (PID=3098) to work on /home/airflow/.local/lib/python3.12/site-packages/airflow/example_dags/example_branch_operator_decorator.py
[2025-01-08T10:47:59.364+0000] {processor.py:914} INFO - Processing file /home/airflow/.local/lib/python3.12/site-packages/airflow/example_dags/example_branch_operator_decorator.py for tasks to queue
[2025-01-08T10:47:59.366+0000] {logging_mixin.py:190} INFO - [2025-01-08T10:47:59.366+0000] {dagbag.py:588} INFO - Filling up the DagBag from /home/airflow/.local/lib/python3.12/site-packages/airflow/example_dags/example_branch_operator_decorator.py
[2025-01-08T10:47:59.388+0000] {processor.py:925} INFO - DAG(s) 'example_branch_python_operator_decorator' retrieved from /home/airflow/.local/lib/python3.12/site-packages/airflow/example_dags/example_branch_operator_decorator.py
[2025-01-08T10:47:59.414+0000] {logging_mixin.py:190} INFO - [2025-01-08T10:47:59.414+0000] {dag.py:3239} INFO - Sync 1 DAGs
[2025-01-08T10:47:59.437+0000] {logging_mixin.py:190} INFO - [2025-01-08T10:47:59.436+0000] {dag.py:4180} INFO - Setting next_dagrun for example_branch_python_operator_decorator to 2025-01-07 00:00:00+00:00, run_after=2025-01-08 00:00:00+00:00
[2025-01-08T10:47:59.456+0000] {processor.py:208} INFO - Processing /home/airflow/.local/lib/python3.12/site-packages/airflow/example_dags/example_branch_operator_decorator.py took 0.099 seconds
