[2025-01-08T10:35:17.711+0000] {processor.py:186} INFO - Started process (PID=417) to work on /home/airflow/.local/lib/python3.12/site-packages/airflow/example_dags/example_sla_dag.py
[2025-01-08T10:35:17.712+0000] {processor.py:914} INFO - Processing file /home/airflow/.local/lib/python3.12/site-packages/airflow/example_dags/example_sla_dag.py for tasks to queue
[2025-01-08T10:35:17.715+0000] {logging_mixin.py:190} INFO - [2025-01-08T10:35:17.715+0000] {dagbag.py:588} INFO - Filling up the DagBag from /home/airflow/.local/lib/python3.12/site-packages/airflow/example_dags/example_sla_dag.py
[2025-01-08T10:35:17.730+0000] {processor.py:925} INFO - DAG(s) 'example_sla_dag' retrieved from /home/airflow/.local/lib/python3.12/site-packages/airflow/example_dags/example_sla_dag.py
[2025-01-08T10:35:17.863+0000] {logging_mixin.py:190} INFO - [2025-01-08T10:35:17.862+0000] {override.py:1911} INFO - Created Permission View: can delete on DAG:example_sla_dag
[2025-01-08T10:35:17.879+0000] {logging_mixin.py:190} INFO - [2025-01-08T10:35:17.878+0000] {override.py:1911} INFO - Created Permission View: can read on DAG:example_sla_dag
[2025-01-08T10:35:17.890+0000] {logging_mixin.py:190} INFO - [2025-01-08T10:35:17.890+0000] {override.py:1911} INFO - Created Permission View: can edit on DAG:example_sla_dag
[2025-01-08T10:35:17.903+0000] {logging_mixin.py:190} INFO - [2025-01-08T10:35:17.903+0000] {override.py:1911} INFO - Created Permission View: menu access on DAG Run:example_sla_dag
[2025-01-08T10:35:17.914+0000] {logging_mixin.py:190} INFO - [2025-01-08T10:35:17.914+0000] {override.py:1911} INFO - Created Permission View: can create on DAG Run:example_sla_dag
[2025-01-08T10:35:17.927+0000] {logging_mixin.py:190} INFO - [2025-01-08T10:35:17.926+0000] {override.py:1911} INFO - Created Permission View: can read on DAG Run:example_sla_dag
[2025-01-08T10:35:17.939+0000] {logging_mixin.py:190} INFO - [2025-01-08T10:35:17.939+0000] {override.py:1911} INFO - Created Permission View: can delete on DAG Run:example_sla_dag
[2025-01-08T10:35:17.940+0000] {logging_mixin.py:190} INFO - [2025-01-08T10:35:17.939+0000] {dag.py:3239} INFO - Sync 1 DAGs
[2025-01-08T10:35:17.955+0000] {logging_mixin.py:190} INFO - [2025-01-08T10:35:17.955+0000] {dag.py:3262} INFO - Creating ORM DAG for example_sla_dag
[2025-01-08T10:35:17.973+0000] {logging_mixin.py:190} INFO - [2025-01-08T10:35:17.972+0000] {dag.py:4180} INFO - Setting next_dagrun for example_sla_dag to 2025-01-08 10:32:00+00:00, run_after=2025-01-08 10:34:00+00:00
[2025-01-08T10:35:17.992+0000] {processor.py:208} INFO - Processing /home/airflow/.local/lib/python3.12/site-packages/airflow/example_dags/example_sla_dag.py took 0.290 seconds
[2025-01-08T10:35:51.587+0000] {processor.py:186} INFO - Started process (PID=718) to work on /home/airflow/.local/lib/python3.12/site-packages/airflow/example_dags/example_sla_dag.py
[2025-01-08T10:35:51.591+0000] {processor.py:914} INFO - Processing file /home/airflow/.local/lib/python3.12/site-packages/airflow/example_dags/example_sla_dag.py for tasks to queue
[2025-01-08T10:35:51.597+0000] {logging_mixin.py:190} INFO - [2025-01-08T10:35:51.596+0000] {dagbag.py:588} INFO - Filling up the DagBag from /home/airflow/.local/lib/python3.12/site-packages/airflow/example_dags/example_sla_dag.py
[2025-01-08T10:35:51.625+0000] {processor.py:925} INFO - DAG(s) 'example_sla_dag' retrieved from /home/airflow/.local/lib/python3.12/site-packages/airflow/example_dags/example_sla_dag.py
[2025-01-08T10:35:51.665+0000] {logging_mixin.py:190} INFO - [2025-01-08T10:35:51.665+0000] {dag.py:3239} INFO - Sync 1 DAGs
[2025-01-08T10:35:51.728+0000] {logging_mixin.py:190} INFO - [2025-01-08T10:35:51.728+0000] {dag.py:4180} INFO - Setting next_dagrun for example_sla_dag to 2025-01-08 10:32:00+00:00, run_after=2025-01-08 10:34:00+00:00
[2025-01-08T10:35:51.810+0000] {processor.py:208} INFO - Processing /home/airflow/.local/lib/python3.12/site-packages/airflow/example_dags/example_sla_dag.py took 0.233 seconds
[2025-01-08T10:36:26.482+0000] {processor.py:186} INFO - Started process (PID=1025) to work on /home/airflow/.local/lib/python3.12/site-packages/airflow/example_dags/example_sla_dag.py
[2025-01-08T10:36:26.485+0000] {processor.py:914} INFO - Processing file /home/airflow/.local/lib/python3.12/site-packages/airflow/example_dags/example_sla_dag.py for tasks to queue
[2025-01-08T10:36:26.488+0000] {logging_mixin.py:190} INFO - [2025-01-08T10:36:26.488+0000] {dagbag.py:588} INFO - Filling up the DagBag from /home/airflow/.local/lib/python3.12/site-packages/airflow/example_dags/example_sla_dag.py
[2025-01-08T10:36:26.516+0000] {processor.py:925} INFO - DAG(s) 'example_sla_dag' retrieved from /home/airflow/.local/lib/python3.12/site-packages/airflow/example_dags/example_sla_dag.py
[2025-01-08T10:36:26.562+0000] {logging_mixin.py:190} INFO - [2025-01-08T10:36:26.559+0000] {dag.py:3239} INFO - Sync 1 DAGs
[2025-01-08T10:36:26.635+0000] {logging_mixin.py:190} INFO - [2025-01-08T10:36:26.635+0000] {dag.py:4180} INFO - Setting next_dagrun for example_sla_dag to 2025-01-08 10:34:00+00:00, run_after=2025-01-08 10:36:00+00:00
[2025-01-08T10:36:26.684+0000] {processor.py:208} INFO - Processing /home/airflow/.local/lib/python3.12/site-packages/airflow/example_dags/example_sla_dag.py took 0.215 seconds
[2025-01-08T10:36:57.244+0000] {processor.py:186} INFO - Started process (PID=1328) to work on /home/airflow/.local/lib/python3.12/site-packages/airflow/example_dags/example_sla_dag.py
[2025-01-08T10:36:57.245+0000] {processor.py:914} INFO - Processing file /home/airflow/.local/lib/python3.12/site-packages/airflow/example_dags/example_sla_dag.py for tasks to queue
[2025-01-08T10:36:57.251+0000] {logging_mixin.py:190} INFO - [2025-01-08T10:36:57.250+0000] {dagbag.py:588} INFO - Filling up the DagBag from /home/airflow/.local/lib/python3.12/site-packages/airflow/example_dags/example_sla_dag.py
[2025-01-08T10:36:57.269+0000] {processor.py:925} INFO - DAG(s) 'example_sla_dag' retrieved from /home/airflow/.local/lib/python3.12/site-packages/airflow/example_dags/example_sla_dag.py
[2025-01-08T10:36:57.293+0000] {logging_mixin.py:190} INFO - [2025-01-08T10:36:57.292+0000] {dag.py:3239} INFO - Sync 1 DAGs
[2025-01-08T10:36:57.332+0000] {logging_mixin.py:190} INFO - [2025-01-08T10:36:57.331+0000] {dag.py:4180} INFO - Setting next_dagrun for example_sla_dag to 2025-01-08 10:34:00+00:00, run_after=2025-01-08 10:36:00+00:00
[2025-01-08T10:36:57.362+0000] {processor.py:208} INFO - Processing /home/airflow/.local/lib/python3.12/site-packages/airflow/example_dags/example_sla_dag.py took 0.127 seconds
[2025-01-08T10:37:28.593+0000] {processor.py:186} INFO - Started process (PID=1629) to work on /home/airflow/.local/lib/python3.12/site-packages/airflow/example_dags/example_sla_dag.py
[2025-01-08T10:37:28.594+0000] {processor.py:914} INFO - Processing file /home/airflow/.local/lib/python3.12/site-packages/airflow/example_dags/example_sla_dag.py for tasks to queue
[2025-01-08T10:37:28.596+0000] {logging_mixin.py:190} INFO - [2025-01-08T10:37:28.596+0000] {dagbag.py:588} INFO - Filling up the DagBag from /home/airflow/.local/lib/python3.12/site-packages/airflow/example_dags/example_sla_dag.py
[2025-01-08T10:37:28.612+0000] {processor.py:925} INFO - DAG(s) 'example_sla_dag' retrieved from /home/airflow/.local/lib/python3.12/site-packages/airflow/example_dags/example_sla_dag.py
[2025-01-08T10:37:28.636+0000] {logging_mixin.py:190} INFO - [2025-01-08T10:37:28.636+0000] {dag.py:3239} INFO - Sync 1 DAGs
[2025-01-08T10:37:28.671+0000] {logging_mixin.py:190} INFO - [2025-01-08T10:37:28.671+0000] {dag.py:4180} INFO - Setting next_dagrun for example_sla_dag to 2025-01-08 10:34:00+00:00, run_after=2025-01-08 10:36:00+00:00
[2025-01-08T10:37:28.694+0000] {processor.py:208} INFO - Processing /home/airflow/.local/lib/python3.12/site-packages/airflow/example_dags/example_sla_dag.py took 0.108 seconds
[2025-01-08T10:38:01.819+0000] {processor.py:186} INFO - Started process (PID=1928) to work on /home/airflow/.local/lib/python3.12/site-packages/airflow/example_dags/example_sla_dag.py
[2025-01-08T10:38:01.823+0000] {processor.py:914} INFO - Processing file /home/airflow/.local/lib/python3.12/site-packages/airflow/example_dags/example_sla_dag.py for tasks to queue
[2025-01-08T10:38:01.826+0000] {logging_mixin.py:190} INFO - [2025-01-08T10:38:01.825+0000] {dagbag.py:588} INFO - Filling up the DagBag from /home/airflow/.local/lib/python3.12/site-packages/airflow/example_dags/example_sla_dag.py
[2025-01-08T10:38:01.846+0000] {processor.py:925} INFO - DAG(s) 'example_sla_dag' retrieved from /home/airflow/.local/lib/python3.12/site-packages/airflow/example_dags/example_sla_dag.py
[2025-01-08T10:38:01.907+0000] {logging_mixin.py:190} INFO - [2025-01-08T10:38:01.907+0000] {dag.py:3239} INFO - Sync 1 DAGs
[2025-01-08T10:38:01.995+0000] {logging_mixin.py:190} INFO - [2025-01-08T10:38:01.994+0000] {dag.py:4180} INFO - Setting next_dagrun for example_sla_dag to 2025-01-08 10:36:00+00:00, run_after=2025-01-08 10:38:00+00:00
[2025-01-08T10:38:02.047+0000] {processor.py:208} INFO - Processing /home/airflow/.local/lib/python3.12/site-packages/airflow/example_dags/example_sla_dag.py took 0.240 seconds
[2025-01-08T10:38:34.355+0000] {processor.py:186} INFO - Started process (PID=2230) to work on /home/airflow/.local/lib/python3.12/site-packages/airflow/example_dags/example_sla_dag.py
[2025-01-08T10:38:34.358+0000] {processor.py:914} INFO - Processing file /home/airflow/.local/lib/python3.12/site-packages/airflow/example_dags/example_sla_dag.py for tasks to queue
[2025-01-08T10:38:34.373+0000] {logging_mixin.py:190} INFO - [2025-01-08T10:38:34.372+0000] {dagbag.py:588} INFO - Filling up the DagBag from /home/airflow/.local/lib/python3.12/site-packages/airflow/example_dags/example_sla_dag.py
[2025-01-08T10:38:34.413+0000] {processor.py:925} INFO - DAG(s) 'example_sla_dag' retrieved from /home/airflow/.local/lib/python3.12/site-packages/airflow/example_dags/example_sla_dag.py
[2025-01-08T10:38:34.477+0000] {logging_mixin.py:190} INFO - [2025-01-08T10:38:34.477+0000] {dag.py:3239} INFO - Sync 1 DAGs
[2025-01-08T10:38:34.617+0000] {logging_mixin.py:190} INFO - [2025-01-08T10:38:34.617+0000] {dag.py:4180} INFO - Setting next_dagrun for example_sla_dag to 2025-01-08 10:36:00+00:00, run_after=2025-01-08 10:38:00+00:00
[2025-01-08T10:38:34.670+0000] {processor.py:208} INFO - Processing /home/airflow/.local/lib/python3.12/site-packages/airflow/example_dags/example_sla_dag.py took 0.336 seconds
[2025-01-08T10:39:05.339+0000] {processor.py:186} INFO - Started process (PID=2529) to work on /home/airflow/.local/lib/python3.12/site-packages/airflow/example_dags/example_sla_dag.py
[2025-01-08T10:39:05.342+0000] {processor.py:914} INFO - Processing file /home/airflow/.local/lib/python3.12/site-packages/airflow/example_dags/example_sla_dag.py for tasks to queue
[2025-01-08T10:39:05.347+0000] {logging_mixin.py:190} INFO - [2025-01-08T10:39:05.346+0000] {dagbag.py:588} INFO - Filling up the DagBag from /home/airflow/.local/lib/python3.12/site-packages/airflow/example_dags/example_sla_dag.py
[2025-01-08T10:39:05.366+0000] {processor.py:925} INFO - DAG(s) 'example_sla_dag' retrieved from /home/airflow/.local/lib/python3.12/site-packages/airflow/example_dags/example_sla_dag.py
[2025-01-08T10:39:05.399+0000] {logging_mixin.py:190} INFO - [2025-01-08T10:39:05.398+0000] {dag.py:3239} INFO - Sync 1 DAGs
[2025-01-08T10:39:05.455+0000] {logging_mixin.py:190} INFO - [2025-01-08T10:39:05.455+0000] {dag.py:4180} INFO - Setting next_dagrun for example_sla_dag to 2025-01-08 10:36:00+00:00, run_after=2025-01-08 10:38:00+00:00
[2025-01-08T10:39:05.497+0000] {processor.py:208} INFO - Processing /home/airflow/.local/lib/python3.12/site-packages/airflow/example_dags/example_sla_dag.py took 0.168 seconds
[2025-01-08T10:39:40.797+0000] {processor.py:186} INFO - Started process (PID=2840) to work on /home/airflow/.local/lib/python3.12/site-packages/airflow/example_dags/example_sla_dag.py
[2025-01-08T10:39:40.801+0000] {processor.py:914} INFO - Processing file /home/airflow/.local/lib/python3.12/site-packages/airflow/example_dags/example_sla_dag.py for tasks to queue
[2025-01-08T10:39:40.810+0000] {logging_mixin.py:190} INFO - [2025-01-08T10:39:40.810+0000] {dagbag.py:588} INFO - Filling up the DagBag from /home/airflow/.local/lib/python3.12/site-packages/airflow/example_dags/example_sla_dag.py
[2025-01-08T10:39:40.831+0000] {processor.py:925} INFO - DAG(s) 'example_sla_dag' retrieved from /home/airflow/.local/lib/python3.12/site-packages/airflow/example_dags/example_sla_dag.py
[2025-01-08T10:39:40.879+0000] {logging_mixin.py:190} INFO - [2025-01-08T10:39:40.879+0000] {dag.py:3239} INFO - Sync 1 DAGs
[2025-01-08T10:39:40.961+0000] {logging_mixin.py:190} INFO - [2025-01-08T10:39:40.961+0000] {dag.py:4180} INFO - Setting next_dagrun for example_sla_dag to 2025-01-08 10:36:00+00:00, run_after=2025-01-08 10:38:00+00:00
[2025-01-08T10:39:41.021+0000] {processor.py:208} INFO - Processing /home/airflow/.local/lib/python3.12/site-packages/airflow/example_dags/example_sla_dag.py took 0.242 seconds
[2025-01-08T10:40:16.337+0000] {processor.py:186} INFO - Started process (PID=3143) to work on /home/airflow/.local/lib/python3.12/site-packages/airflow/example_dags/example_sla_dag.py
[2025-01-08T10:40:16.349+0000] {processor.py:914} INFO - Processing file /home/airflow/.local/lib/python3.12/site-packages/airflow/example_dags/example_sla_dag.py for tasks to queue
[2025-01-08T10:40:16.357+0000] {logging_mixin.py:190} INFO - [2025-01-08T10:40:16.357+0000] {dagbag.py:588} INFO - Filling up the DagBag from /home/airflow/.local/lib/python3.12/site-packages/airflow/example_dags/example_sla_dag.py
[2025-01-08T10:40:16.385+0000] {processor.py:925} INFO - DAG(s) 'example_sla_dag' retrieved from /home/airflow/.local/lib/python3.12/site-packages/airflow/example_dags/example_sla_dag.py
[2025-01-08T10:40:16.432+0000] {logging_mixin.py:190} INFO - [2025-01-08T10:40:16.432+0000] {dag.py:3239} INFO - Sync 1 DAGs
[2025-01-08T10:40:16.529+0000] {logging_mixin.py:190} INFO - [2025-01-08T10:40:16.528+0000] {dag.py:4180} INFO - Setting next_dagrun for example_sla_dag to 2025-01-08 10:38:00+00:00, run_after=2025-01-08 10:40:00+00:00
[2025-01-08T10:40:16.604+0000] {processor.py:208} INFO - Processing /home/airflow/.local/lib/python3.12/site-packages/airflow/example_dags/example_sla_dag.py took 0.280 seconds
[2025-01-08T10:43:21.312+0000] {processor.py:186} INFO - Started process (PID=418) to work on /home/airflow/.local/lib/python3.12/site-packages/airflow/example_dags/example_sla_dag.py
[2025-01-08T10:43:21.315+0000] {processor.py:914} INFO - Processing file /home/airflow/.local/lib/python3.12/site-packages/airflow/example_dags/example_sla_dag.py for tasks to queue
[2025-01-08T10:43:21.318+0000] {logging_mixin.py:190} INFO - [2025-01-08T10:43:21.317+0000] {dagbag.py:588} INFO - Filling up the DagBag from /home/airflow/.local/lib/python3.12/site-packages/airflow/example_dags/example_sla_dag.py
[2025-01-08T10:43:21.334+0000] {processor.py:925} INFO - DAG(s) 'example_sla_dag' retrieved from /home/airflow/.local/lib/python3.12/site-packages/airflow/example_dags/example_sla_dag.py
[2025-01-08T10:43:21.361+0000] {logging_mixin.py:190} INFO - [2025-01-08T10:43:21.361+0000] {dag.py:3239} INFO - Sync 1 DAGs
[2025-01-08T10:43:21.404+0000] {logging_mixin.py:190} INFO - [2025-01-08T10:43:21.404+0000] {dag.py:4180} INFO - Setting next_dagrun for example_sla_dag to 2025-01-08 10:40:00+00:00, run_after=2025-01-08 10:42:00+00:00
[2025-01-08T10:43:21.437+0000] {processor.py:208} INFO - Processing /home/airflow/.local/lib/python3.12/site-packages/airflow/example_dags/example_sla_dag.py took 0.135 seconds
[2025-01-08T10:43:52.472+0000] {processor.py:186} INFO - Started process (PID=721) to work on /home/airflow/.local/lib/python3.12/site-packages/airflow/example_dags/example_sla_dag.py
[2025-01-08T10:43:52.474+0000] {processor.py:914} INFO - Processing file /home/airflow/.local/lib/python3.12/site-packages/airflow/example_dags/example_sla_dag.py for tasks to queue
[2025-01-08T10:43:52.476+0000] {logging_mixin.py:190} INFO - [2025-01-08T10:43:52.476+0000] {dagbag.py:588} INFO - Filling up the DagBag from /home/airflow/.local/lib/python3.12/site-packages/airflow/example_dags/example_sla_dag.py
[2025-01-08T10:43:52.486+0000] {processor.py:925} INFO - DAG(s) 'example_sla_dag' retrieved from /home/airflow/.local/lib/python3.12/site-packages/airflow/example_dags/example_sla_dag.py
[2025-01-08T10:43:52.505+0000] {logging_mixin.py:190} INFO - [2025-01-08T10:43:52.505+0000] {dag.py:3239} INFO - Sync 1 DAGs
[2025-01-08T10:43:52.531+0000] {logging_mixin.py:190} INFO - [2025-01-08T10:43:52.531+0000] {dag.py:4180} INFO - Setting next_dagrun for example_sla_dag to 2025-01-08 10:40:00+00:00, run_after=2025-01-08 10:42:00+00:00
[2025-01-08T10:43:52.554+0000] {processor.py:208} INFO - Processing /home/airflow/.local/lib/python3.12/site-packages/airflow/example_dags/example_sla_dag.py took 0.088 seconds
[2025-01-08T10:44:23.559+0000] {processor.py:186} INFO - Started process (PID=1019) to work on /home/airflow/.local/lib/python3.12/site-packages/airflow/example_dags/example_sla_dag.py
[2025-01-08T10:44:23.560+0000] {processor.py:914} INFO - Processing file /home/airflow/.local/lib/python3.12/site-packages/airflow/example_dags/example_sla_dag.py for tasks to queue
[2025-01-08T10:44:23.563+0000] {logging_mixin.py:190} INFO - [2025-01-08T10:44:23.562+0000] {dagbag.py:588} INFO - Filling up the DagBag from /home/airflow/.local/lib/python3.12/site-packages/airflow/example_dags/example_sla_dag.py
[2025-01-08T10:44:23.575+0000] {processor.py:925} INFO - DAG(s) 'example_sla_dag' retrieved from /home/airflow/.local/lib/python3.12/site-packages/airflow/example_dags/example_sla_dag.py
[2025-01-08T10:44:23.594+0000] {logging_mixin.py:190} INFO - [2025-01-08T10:44:23.594+0000] {dag.py:3239} INFO - Sync 1 DAGs
[2025-01-08T10:44:23.621+0000] {logging_mixin.py:190} INFO - [2025-01-08T10:44:23.621+0000] {dag.py:4180} INFO - Setting next_dagrun for example_sla_dag to 2025-01-08 10:42:00+00:00, run_after=2025-01-08 10:44:00+00:00
[2025-01-08T10:44:23.643+0000] {processor.py:208} INFO - Processing /home/airflow/.local/lib/python3.12/site-packages/airflow/example_dags/example_sla_dag.py took 0.093 seconds
[2025-01-08T10:44:54.303+0000] {processor.py:186} INFO - Started process (PID=1320) to work on /home/airflow/.local/lib/python3.12/site-packages/airflow/example_dags/example_sla_dag.py
[2025-01-08T10:44:54.304+0000] {processor.py:914} INFO - Processing file /home/airflow/.local/lib/python3.12/site-packages/airflow/example_dags/example_sla_dag.py for tasks to queue
[2025-01-08T10:44:54.306+0000] {logging_mixin.py:190} INFO - [2025-01-08T10:44:54.306+0000] {dagbag.py:588} INFO - Filling up the DagBag from /home/airflow/.local/lib/python3.12/site-packages/airflow/example_dags/example_sla_dag.py
[2025-01-08T10:44:54.319+0000] {processor.py:925} INFO - DAG(s) 'example_sla_dag' retrieved from /home/airflow/.local/lib/python3.12/site-packages/airflow/example_dags/example_sla_dag.py
[2025-01-08T10:44:54.338+0000] {logging_mixin.py:190} INFO - [2025-01-08T10:44:54.337+0000] {dag.py:3239} INFO - Sync 1 DAGs
[2025-01-08T10:44:54.364+0000] {logging_mixin.py:190} INFO - [2025-01-08T10:44:54.364+0000] {dag.py:4180} INFO - Setting next_dagrun for example_sla_dag to 2025-01-08 10:42:00+00:00, run_after=2025-01-08 10:44:00+00:00
[2025-01-08T10:44:54.384+0000] {processor.py:208} INFO - Processing /home/airflow/.local/lib/python3.12/site-packages/airflow/example_dags/example_sla_dag.py took 0.088 seconds
[2025-01-08T10:45:25.232+0000] {processor.py:186} INFO - Started process (PID=1621) to work on /home/airflow/.local/lib/python3.12/site-packages/airflow/example_dags/example_sla_dag.py
[2025-01-08T10:45:25.235+0000] {processor.py:914} INFO - Processing file /home/airflow/.local/lib/python3.12/site-packages/airflow/example_dags/example_sla_dag.py for tasks to queue
[2025-01-08T10:45:25.241+0000] {logging_mixin.py:190} INFO - [2025-01-08T10:45:25.239+0000] {dagbag.py:588} INFO - Filling up the DagBag from /home/airflow/.local/lib/python3.12/site-packages/airflow/example_dags/example_sla_dag.py
[2025-01-08T10:45:25.258+0000] {processor.py:925} INFO - DAG(s) 'example_sla_dag' retrieved from /home/airflow/.local/lib/python3.12/site-packages/airflow/example_dags/example_sla_dag.py
[2025-01-08T10:45:25.281+0000] {logging_mixin.py:190} INFO - [2025-01-08T10:45:25.281+0000] {dag.py:3239} INFO - Sync 1 DAGs
[2025-01-08T10:45:25.317+0000] {logging_mixin.py:190} INFO - [2025-01-08T10:45:25.317+0000] {dag.py:4180} INFO - Setting next_dagrun for example_sla_dag to 2025-01-08 10:42:00+00:00, run_after=2025-01-08 10:44:00+00:00
[2025-01-08T10:45:25.339+0000] {processor.py:208} INFO - Processing /home/airflow/.local/lib/python3.12/site-packages/airflow/example_dags/example_sla_dag.py took 0.118 seconds
[2025-01-08T10:45:55.849+0000] {processor.py:186} INFO - Started process (PID=1924) to work on /home/airflow/.local/lib/python3.12/site-packages/airflow/example_dags/example_sla_dag.py
[2025-01-08T10:45:55.850+0000] {processor.py:914} INFO - Processing file /home/airflow/.local/lib/python3.12/site-packages/airflow/example_dags/example_sla_dag.py for tasks to queue
[2025-01-08T10:45:55.852+0000] {logging_mixin.py:190} INFO - [2025-01-08T10:45:55.852+0000] {dagbag.py:588} INFO - Filling up the DagBag from /home/airflow/.local/lib/python3.12/site-packages/airflow/example_dags/example_sla_dag.py
[2025-01-08T10:45:55.863+0000] {processor.py:925} INFO - DAG(s) 'example_sla_dag' retrieved from /home/airflow/.local/lib/python3.12/site-packages/airflow/example_dags/example_sla_dag.py
[2025-01-08T10:45:55.881+0000] {logging_mixin.py:190} INFO - [2025-01-08T10:45:55.881+0000] {dag.py:3239} INFO - Sync 1 DAGs
[2025-01-08T10:45:55.907+0000] {logging_mixin.py:190} INFO - [2025-01-08T10:45:55.906+0000] {dag.py:4180} INFO - Setting next_dagrun for example_sla_dag to 2025-01-08 10:42:00+00:00, run_after=2025-01-08 10:44:00+00:00
[2025-01-08T10:45:55.930+0000] {processor.py:208} INFO - Processing /home/airflow/.local/lib/python3.12/site-packages/airflow/example_dags/example_sla_dag.py took 0.087 seconds
[2025-01-08T10:46:26.805+0000] {processor.py:186} INFO - Started process (PID=2225) to work on /home/airflow/.local/lib/python3.12/site-packages/airflow/example_dags/example_sla_dag.py
[2025-01-08T10:46:26.806+0000] {processor.py:914} INFO - Processing file /home/airflow/.local/lib/python3.12/site-packages/airflow/example_dags/example_sla_dag.py for tasks to queue
[2025-01-08T10:46:26.808+0000] {logging_mixin.py:190} INFO - [2025-01-08T10:46:26.808+0000] {dagbag.py:588} INFO - Filling up the DagBag from /home/airflow/.local/lib/python3.12/site-packages/airflow/example_dags/example_sla_dag.py
[2025-01-08T10:46:26.826+0000] {processor.py:925} INFO - DAG(s) 'example_sla_dag' retrieved from /home/airflow/.local/lib/python3.12/site-packages/airflow/example_dags/example_sla_dag.py
[2025-01-08T10:46:26.850+0000] {logging_mixin.py:190} INFO - [2025-01-08T10:46:26.850+0000] {dag.py:3239} INFO - Sync 1 DAGs
[2025-01-08T10:46:26.876+0000] {logging_mixin.py:190} INFO - [2025-01-08T10:46:26.876+0000] {dag.py:4180} INFO - Setting next_dagrun for example_sla_dag to 2025-01-08 10:44:00+00:00, run_after=2025-01-08 10:46:00+00:00
[2025-01-08T10:46:26.897+0000] {processor.py:208} INFO - Processing /home/airflow/.local/lib/python3.12/site-packages/airflow/example_dags/example_sla_dag.py took 0.098 seconds
[2025-01-08T10:46:57.483+0000] {processor.py:186} INFO - Started process (PID=2526) to work on /home/airflow/.local/lib/python3.12/site-packages/airflow/example_dags/example_sla_dag.py
[2025-01-08T10:46:57.484+0000] {processor.py:914} INFO - Processing file /home/airflow/.local/lib/python3.12/site-packages/airflow/example_dags/example_sla_dag.py for tasks to queue
[2025-01-08T10:46:57.486+0000] {logging_mixin.py:190} INFO - [2025-01-08T10:46:57.486+0000] {dagbag.py:588} INFO - Filling up the DagBag from /home/airflow/.local/lib/python3.12/site-packages/airflow/example_dags/example_sla_dag.py
[2025-01-08T10:46:57.495+0000] {processor.py:925} INFO - DAG(s) 'example_sla_dag' retrieved from /home/airflow/.local/lib/python3.12/site-packages/airflow/example_dags/example_sla_dag.py
[2025-01-08T10:46:57.510+0000] {logging_mixin.py:190} INFO - [2025-01-08T10:46:57.510+0000] {dag.py:3239} INFO - Sync 1 DAGs
[2025-01-08T10:46:57.533+0000] {logging_mixin.py:190} INFO - [2025-01-08T10:46:57.532+0000] {dag.py:4180} INFO - Setting next_dagrun for example_sla_dag to 2025-01-08 10:44:00+00:00, run_after=2025-01-08 10:46:00+00:00
[2025-01-08T10:46:57.551+0000] {processor.py:208} INFO - Processing /home/airflow/.local/lib/python3.12/site-packages/airflow/example_dags/example_sla_dag.py took 0.072 seconds
[2025-01-08T10:47:28.715+0000] {processor.py:186} INFO - Started process (PID=2827) to work on /home/airflow/.local/lib/python3.12/site-packages/airflow/example_dags/example_sla_dag.py
[2025-01-08T10:47:28.716+0000] {processor.py:914} INFO - Processing file /home/airflow/.local/lib/python3.12/site-packages/airflow/example_dags/example_sla_dag.py for tasks to queue
[2025-01-08T10:47:28.718+0000] {logging_mixin.py:190} INFO - [2025-01-08T10:47:28.718+0000] {dagbag.py:588} INFO - Filling up the DagBag from /home/airflow/.local/lib/python3.12/site-packages/airflow/example_dags/example_sla_dag.py
[2025-01-08T10:47:28.727+0000] {processor.py:925} INFO - DAG(s) 'example_sla_dag' retrieved from /home/airflow/.local/lib/python3.12/site-packages/airflow/example_dags/example_sla_dag.py
[2025-01-08T10:47:28.745+0000] {logging_mixin.py:190} INFO - [2025-01-08T10:47:28.745+0000] {dag.py:3239} INFO - Sync 1 DAGs
[2025-01-08T10:47:28.769+0000] {logging_mixin.py:190} INFO - [2025-01-08T10:47:28.768+0000] {dag.py:4180} INFO - Setting next_dagrun for example_sla_dag to 2025-01-08 10:44:00+00:00, run_after=2025-01-08 10:46:00+00:00
[2025-01-08T10:47:28.788+0000] {processor.py:208} INFO - Processing /home/airflow/.local/lib/python3.12/site-packages/airflow/example_dags/example_sla_dag.py took 0.078 seconds
[2025-01-08T10:47:59.703+0000] {processor.py:186} INFO - Started process (PID=3126) to work on /home/airflow/.local/lib/python3.12/site-packages/airflow/example_dags/example_sla_dag.py
[2025-01-08T10:47:59.704+0000] {processor.py:914} INFO - Processing file /home/airflow/.local/lib/python3.12/site-packages/airflow/example_dags/example_sla_dag.py for tasks to queue
[2025-01-08T10:47:59.706+0000] {logging_mixin.py:190} INFO - [2025-01-08T10:47:59.706+0000] {dagbag.py:588} INFO - Filling up the DagBag from /home/airflow/.local/lib/python3.12/site-packages/airflow/example_dags/example_sla_dag.py
[2025-01-08T10:47:59.716+0000] {processor.py:925} INFO - DAG(s) 'example_sla_dag' retrieved from /home/airflow/.local/lib/python3.12/site-packages/airflow/example_dags/example_sla_dag.py
[2025-01-08T10:47:59.738+0000] {logging_mixin.py:190} INFO - [2025-01-08T10:47:59.738+0000] {dag.py:3239} INFO - Sync 1 DAGs
[2025-01-08T10:47:59.766+0000] {logging_mixin.py:190} INFO - [2025-01-08T10:47:59.765+0000] {dag.py:4180} INFO - Setting next_dagrun for example_sla_dag to 2025-01-08 10:44:00+00:00, run_after=2025-01-08 10:46:00+00:00
[2025-01-08T10:47:59.786+0000] {processor.py:208} INFO - Processing /home/airflow/.local/lib/python3.12/site-packages/airflow/example_dags/example_sla_dag.py took 0.090 seconds
