[2025-01-08T10:35:16.611+0000] {processor.py:186} INFO - Started process (PID=392) to work on /home/airflow/.local/lib/python3.12/site-packages/airflow/example_dags/example_sensor_decorator.py
[2025-01-08T10:35:16.612+0000] {processor.py:914} INFO - Processing file /home/airflow/.local/lib/python3.12/site-packages/airflow/example_dags/example_sensor_decorator.py for tasks to queue
[2025-01-08T10:35:16.616+0000] {logging_mixin.py:190} INFO - [2025-01-08T10:35:16.615+0000] {dagbag.py:588} INFO - Filling up the DagBag from /home/airflow/.local/lib/python3.12/site-packages/airflow/example_dags/example_sensor_decorator.py
[2025-01-08T10:35:16.630+0000] {processor.py:925} INFO - DAG(s) 'example_sensor_decorator' retrieved from /home/airflow/.local/lib/python3.12/site-packages/airflow/example_dags/example_sensor_decorator.py
[2025-01-08T10:35:16.785+0000] {logging_mixin.py:190} INFO - [2025-01-08T10:35:16.785+0000] {override.py:1911} INFO - Created Permission View: can delete on DAG:example_sensor_decorator
[2025-01-08T10:35:16.800+0000] {logging_mixin.py:190} INFO - [2025-01-08T10:35:16.799+0000] {override.py:1911} INFO - Created Permission View: can read on DAG:example_sensor_decorator
[2025-01-08T10:35:16.810+0000] {logging_mixin.py:190} INFO - [2025-01-08T10:35:16.810+0000] {override.py:1911} INFO - Created Permission View: can edit on DAG:example_sensor_decorator
[2025-01-08T10:35:16.841+0000] {logging_mixin.py:190} INFO - [2025-01-08T10:35:16.841+0000] {override.py:1911} INFO - Created Permission View: menu access on DAG Run:example_sensor_decorator
[2025-01-08T10:35:16.856+0000] {logging_mixin.py:190} INFO - [2025-01-08T10:35:16.856+0000] {override.py:1911} INFO - Created Permission View: can create on DAG Run:example_sensor_decorator
[2025-01-08T10:35:16.869+0000] {logging_mixin.py:190} INFO - [2025-01-08T10:35:16.868+0000] {override.py:1911} INFO - Created Permission View: can read on DAG Run:example_sensor_decorator
[2025-01-08T10:35:16.881+0000] {logging_mixin.py:190} INFO - [2025-01-08T10:35:16.881+0000] {override.py:1911} INFO - Created Permission View: can delete on DAG Run:example_sensor_decorator
[2025-01-08T10:35:16.882+0000] {logging_mixin.py:190} INFO - [2025-01-08T10:35:16.882+0000] {dag.py:3239} INFO - Sync 1 DAGs
[2025-01-08T10:35:16.899+0000] {logging_mixin.py:190} INFO - [2025-01-08T10:35:16.899+0000] {dag.py:3262} INFO - Creating ORM DAG for example_sensor_decorator
[2025-01-08T10:35:16.900+0000] {logging_mixin.py:190} INFO - [2025-01-08T10:35:16.900+0000] {dag.py:4180} INFO - Setting next_dagrun for example_sensor_decorator to None, run_after=None
[2025-01-08T10:35:16.930+0000] {processor.py:208} INFO - Processing /home/airflow/.local/lib/python3.12/site-packages/airflow/example_dags/example_sensor_decorator.py took 0.327 seconds
[2025-01-08T10:35:50.873+0000] {processor.py:186} INFO - Started process (PID=693) to work on /home/airflow/.local/lib/python3.12/site-packages/airflow/example_dags/example_sensor_decorator.py
[2025-01-08T10:35:50.876+0000] {processor.py:914} INFO - Processing file /home/airflow/.local/lib/python3.12/site-packages/airflow/example_dags/example_sensor_decorator.py for tasks to queue
[2025-01-08T10:35:50.879+0000] {logging_mixin.py:190} INFO - [2025-01-08T10:35:50.879+0000] {dagbag.py:588} INFO - Filling up the DagBag from /home/airflow/.local/lib/python3.12/site-packages/airflow/example_dags/example_sensor_decorator.py
[2025-01-08T10:35:50.899+0000] {processor.py:925} INFO - DAG(s) 'example_sensor_decorator' retrieved from /home/airflow/.local/lib/python3.12/site-packages/airflow/example_dags/example_sensor_decorator.py
[2025-01-08T10:35:50.939+0000] {logging_mixin.py:190} INFO - [2025-01-08T10:35:50.938+0000] {dag.py:3239} INFO - Sync 1 DAGs
[2025-01-08T10:35:50.965+0000] {logging_mixin.py:190} INFO - [2025-01-08T10:35:50.964+0000] {dag.py:4180} INFO - Setting next_dagrun for example_sensor_decorator to None, run_after=None
[2025-01-08T10:35:51.020+0000] {processor.py:208} INFO - Processing /home/airflow/.local/lib/python3.12/site-packages/airflow/example_dags/example_sensor_decorator.py took 0.160 seconds
[2025-01-08T10:36:25.511+0000] {processor.py:186} INFO - Started process (PID=1000) to work on /home/airflow/.local/lib/python3.12/site-packages/airflow/example_dags/example_sensor_decorator.py
[2025-01-08T10:36:25.514+0000] {processor.py:914} INFO - Processing file /home/airflow/.local/lib/python3.12/site-packages/airflow/example_dags/example_sensor_decorator.py for tasks to queue
[2025-01-08T10:36:25.527+0000] {logging_mixin.py:190} INFO - [2025-01-08T10:36:25.527+0000] {dagbag.py:588} INFO - Filling up the DagBag from /home/airflow/.local/lib/python3.12/site-packages/airflow/example_dags/example_sensor_decorator.py
[2025-01-08T10:36:25.550+0000] {processor.py:925} INFO - DAG(s) 'example_sensor_decorator' retrieved from /home/airflow/.local/lib/python3.12/site-packages/airflow/example_dags/example_sensor_decorator.py
[2025-01-08T10:36:25.598+0000] {logging_mixin.py:190} INFO - [2025-01-08T10:36:25.597+0000] {dag.py:3239} INFO - Sync 1 DAGs
[2025-01-08T10:36:25.644+0000] {logging_mixin.py:190} INFO - [2025-01-08T10:36:25.644+0000] {dag.py:4180} INFO - Setting next_dagrun for example_sensor_decorator to None, run_after=None
[2025-01-08T10:36:25.722+0000] {processor.py:208} INFO - Processing /home/airflow/.local/lib/python3.12/site-packages/airflow/example_dags/example_sensor_decorator.py took 0.230 seconds
[2025-01-08T10:36:56.814+0000] {processor.py:186} INFO - Started process (PID=1301) to work on /home/airflow/.local/lib/python3.12/site-packages/airflow/example_dags/example_sensor_decorator.py
[2025-01-08T10:36:56.815+0000] {processor.py:914} INFO - Processing file /home/airflow/.local/lib/python3.12/site-packages/airflow/example_dags/example_sensor_decorator.py for tasks to queue
[2025-01-08T10:36:56.819+0000] {logging_mixin.py:190} INFO - [2025-01-08T10:36:56.819+0000] {dagbag.py:588} INFO - Filling up the DagBag from /home/airflow/.local/lib/python3.12/site-packages/airflow/example_dags/example_sensor_decorator.py
[2025-01-08T10:36:56.834+0000] {processor.py:925} INFO - DAG(s) 'example_sensor_decorator' retrieved from /home/airflow/.local/lib/python3.12/site-packages/airflow/example_dags/example_sensor_decorator.py
[2025-01-08T10:36:56.860+0000] {logging_mixin.py:190} INFO - [2025-01-08T10:36:56.860+0000] {dag.py:3239} INFO - Sync 1 DAGs
[2025-01-08T10:36:56.879+0000] {logging_mixin.py:190} INFO - [2025-01-08T10:36:56.878+0000] {dag.py:4180} INFO - Setting next_dagrun for example_sensor_decorator to None, run_after=None
[2025-01-08T10:36:56.906+0000] {processor.py:208} INFO - Processing /home/airflow/.local/lib/python3.12/site-packages/airflow/example_dags/example_sensor_decorator.py took 0.101 seconds
[2025-01-08T10:37:28.186+0000] {processor.py:186} INFO - Started process (PID=1602) to work on /home/airflow/.local/lib/python3.12/site-packages/airflow/example_dags/example_sensor_decorator.py
[2025-01-08T10:37:28.187+0000] {processor.py:914} INFO - Processing file /home/airflow/.local/lib/python3.12/site-packages/airflow/example_dags/example_sensor_decorator.py for tasks to queue
[2025-01-08T10:37:28.190+0000] {logging_mixin.py:190} INFO - [2025-01-08T10:37:28.190+0000] {dagbag.py:588} INFO - Filling up the DagBag from /home/airflow/.local/lib/python3.12/site-packages/airflow/example_dags/example_sensor_decorator.py
[2025-01-08T10:37:28.201+0000] {processor.py:925} INFO - DAG(s) 'example_sensor_decorator' retrieved from /home/airflow/.local/lib/python3.12/site-packages/airflow/example_dags/example_sensor_decorator.py
[2025-01-08T10:37:28.225+0000] {logging_mixin.py:190} INFO - [2025-01-08T10:37:28.225+0000] {dag.py:3239} INFO - Sync 1 DAGs
[2025-01-08T10:37:28.249+0000] {logging_mixin.py:190} INFO - [2025-01-08T10:37:28.249+0000] {dag.py:4180} INFO - Setting next_dagrun for example_sensor_decorator to None, run_after=None
[2025-01-08T10:37:28.275+0000] {processor.py:208} INFO - Processing /home/airflow/.local/lib/python3.12/site-packages/airflow/example_dags/example_sensor_decorator.py took 0.097 seconds
[2025-01-08T10:38:00.949+0000] {processor.py:186} INFO - Started process (PID=1903) to work on /home/airflow/.local/lib/python3.12/site-packages/airflow/example_dags/example_sensor_decorator.py
[2025-01-08T10:38:00.951+0000] {processor.py:914} INFO - Processing file /home/airflow/.local/lib/python3.12/site-packages/airflow/example_dags/example_sensor_decorator.py for tasks to queue
[2025-01-08T10:38:00.955+0000] {logging_mixin.py:190} INFO - [2025-01-08T10:38:00.955+0000] {dagbag.py:588} INFO - Filling up the DagBag from /home/airflow/.local/lib/python3.12/site-packages/airflow/example_dags/example_sensor_decorator.py
[2025-01-08T10:38:00.974+0000] {processor.py:925} INFO - DAG(s) 'example_sensor_decorator' retrieved from /home/airflow/.local/lib/python3.12/site-packages/airflow/example_dags/example_sensor_decorator.py
[2025-01-08T10:38:01.016+0000] {logging_mixin.py:190} INFO - [2025-01-08T10:38:01.015+0000] {dag.py:3239} INFO - Sync 1 DAGs
[2025-01-08T10:38:01.047+0000] {logging_mixin.py:190} INFO - [2025-01-08T10:38:01.047+0000] {dag.py:4180} INFO - Setting next_dagrun for example_sensor_decorator to None, run_after=None
[2025-01-08T10:38:01.095+0000] {processor.py:208} INFO - Processing /home/airflow/.local/lib/python3.12/site-packages/airflow/example_dags/example_sensor_decorator.py took 0.160 seconds
[2025-01-08T10:38:33.421+0000] {processor.py:186} INFO - Started process (PID=2203) to work on /home/airflow/.local/lib/python3.12/site-packages/airflow/example_dags/example_sensor_decorator.py
[2025-01-08T10:38:33.426+0000] {processor.py:914} INFO - Processing file /home/airflow/.local/lib/python3.12/site-packages/airflow/example_dags/example_sensor_decorator.py for tasks to queue
[2025-01-08T10:38:33.430+0000] {logging_mixin.py:190} INFO - [2025-01-08T10:38:33.429+0000] {dagbag.py:588} INFO - Filling up the DagBag from /home/airflow/.local/lib/python3.12/site-packages/airflow/example_dags/example_sensor_decorator.py
[2025-01-08T10:38:33.466+0000] {processor.py:925} INFO - DAG(s) 'example_sensor_decorator' retrieved from /home/airflow/.local/lib/python3.12/site-packages/airflow/example_dags/example_sensor_decorator.py
[2025-01-08T10:38:33.531+0000] {logging_mixin.py:190} INFO - [2025-01-08T10:38:33.531+0000] {dag.py:3239} INFO - Sync 1 DAGs
[2025-01-08T10:38:33.561+0000] {logging_mixin.py:190} INFO - [2025-01-08T10:38:33.561+0000] {dag.py:4180} INFO - Setting next_dagrun for example_sensor_decorator to None, run_after=None
[2025-01-08T10:38:33.632+0000] {processor.py:208} INFO - Processing /home/airflow/.local/lib/python3.12/site-packages/airflow/example_dags/example_sensor_decorator.py took 0.226 seconds
[2025-01-08T10:39:04.879+0000] {processor.py:186} INFO - Started process (PID=2504) to work on /home/airflow/.local/lib/python3.12/site-packages/airflow/example_dags/example_sensor_decorator.py
[2025-01-08T10:39:04.880+0000] {processor.py:914} INFO - Processing file /home/airflow/.local/lib/python3.12/site-packages/airflow/example_dags/example_sensor_decorator.py for tasks to queue
[2025-01-08T10:39:04.883+0000] {logging_mixin.py:190} INFO - [2025-01-08T10:39:04.883+0000] {dagbag.py:588} INFO - Filling up the DagBag from /home/airflow/.local/lib/python3.12/site-packages/airflow/example_dags/example_sensor_decorator.py
[2025-01-08T10:39:04.893+0000] {processor.py:925} INFO - DAG(s) 'example_sensor_decorator' retrieved from /home/airflow/.local/lib/python3.12/site-packages/airflow/example_dags/example_sensor_decorator.py
[2025-01-08T10:39:04.922+0000] {logging_mixin.py:190} INFO - [2025-01-08T10:39:04.922+0000] {dag.py:3239} INFO - Sync 1 DAGs
[2025-01-08T10:39:04.950+0000] {logging_mixin.py:190} INFO - [2025-01-08T10:39:04.949+0000] {dag.py:4180} INFO - Setting next_dagrun for example_sensor_decorator to None, run_after=None
[2025-01-08T10:39:04.982+0000] {processor.py:208} INFO - Processing /home/airflow/.local/lib/python3.12/site-packages/airflow/example_dags/example_sensor_decorator.py took 0.112 seconds
[2025-01-08T10:39:39.108+0000] {processor.py:186} INFO - Started process (PID=2805) to work on /home/airflow/.local/lib/python3.12/site-packages/airflow/example_dags/example_sensor_decorator.py
[2025-01-08T10:39:39.112+0000] {processor.py:914} INFO - Processing file /home/airflow/.local/lib/python3.12/site-packages/airflow/example_dags/example_sensor_decorator.py for tasks to queue
[2025-01-08T10:39:39.126+0000] {logging_mixin.py:190} INFO - [2025-01-08T10:39:39.125+0000] {dagbag.py:588} INFO - Filling up the DagBag from /home/airflow/.local/lib/python3.12/site-packages/airflow/example_dags/example_sensor_decorator.py
[2025-01-08T10:39:39.164+0000] {processor.py:925} INFO - DAG(s) 'example_sensor_decorator' retrieved from /home/airflow/.local/lib/python3.12/site-packages/airflow/example_dags/example_sensor_decorator.py
[2025-01-08T10:39:39.237+0000] {logging_mixin.py:190} INFO - [2025-01-08T10:39:39.237+0000] {dag.py:3239} INFO - Sync 1 DAGs
[2025-01-08T10:39:39.311+0000] {logging_mixin.py:190} INFO - [2025-01-08T10:39:39.310+0000] {dag.py:4180} INFO - Setting next_dagrun for example_sensor_decorator to None, run_after=None
[2025-01-08T10:39:39.406+0000] {processor.py:208} INFO - Processing /home/airflow/.local/lib/python3.12/site-packages/airflow/example_dags/example_sensor_decorator.py took 0.321 seconds
[2025-01-08T10:40:13.263+0000] {processor.py:186} INFO - Started process (PID=3106) to work on /home/airflow/.local/lib/python3.12/site-packages/airflow/example_dags/example_sensor_decorator.py
[2025-01-08T10:40:13.266+0000] {processor.py:914} INFO - Processing file /home/airflow/.local/lib/python3.12/site-packages/airflow/example_dags/example_sensor_decorator.py for tasks to queue
[2025-01-08T10:40:13.271+0000] {logging_mixin.py:190} INFO - [2025-01-08T10:40:13.270+0000] {dagbag.py:588} INFO - Filling up the DagBag from /home/airflow/.local/lib/python3.12/site-packages/airflow/example_dags/example_sensor_decorator.py
[2025-01-08T10:40:13.286+0000] {processor.py:925} INFO - DAG(s) 'example_sensor_decorator' retrieved from /home/airflow/.local/lib/python3.12/site-packages/airflow/example_dags/example_sensor_decorator.py
[2025-01-08T10:40:13.334+0000] {logging_mixin.py:190} INFO - [2025-01-08T10:40:13.333+0000] {dag.py:3239} INFO - Sync 1 DAGs
[2025-01-08T10:40:13.368+0000] {logging_mixin.py:190} INFO - [2025-01-08T10:40:13.367+0000] {dag.py:4180} INFO - Setting next_dagrun for example_sensor_decorator to None, run_after=None
[2025-01-08T10:40:13.441+0000] {processor.py:208} INFO - Processing /home/airflow/.local/lib/python3.12/site-packages/airflow/example_dags/example_sensor_decorator.py took 0.191 seconds
[2025-01-08T10:43:20.663+0000] {processor.py:186} INFO - Started process (PID=393) to work on /home/airflow/.local/lib/python3.12/site-packages/airflow/example_dags/example_sensor_decorator.py
[2025-01-08T10:43:20.665+0000] {processor.py:914} INFO - Processing file /home/airflow/.local/lib/python3.12/site-packages/airflow/example_dags/example_sensor_decorator.py for tasks to queue
[2025-01-08T10:43:20.669+0000] {logging_mixin.py:190} INFO - [2025-01-08T10:43:20.668+0000] {dagbag.py:588} INFO - Filling up the DagBag from /home/airflow/.local/lib/python3.12/site-packages/airflow/example_dags/example_sensor_decorator.py
[2025-01-08T10:43:20.685+0000] {processor.py:925} INFO - DAG(s) 'example_sensor_decorator' retrieved from /home/airflow/.local/lib/python3.12/site-packages/airflow/example_dags/example_sensor_decorator.py
[2025-01-08T10:43:20.719+0000] {logging_mixin.py:190} INFO - [2025-01-08T10:43:20.718+0000] {dag.py:3239} INFO - Sync 1 DAGs
[2025-01-08T10:43:20.751+0000] {logging_mixin.py:190} INFO - [2025-01-08T10:43:20.750+0000] {dag.py:4180} INFO - Setting next_dagrun for example_sensor_decorator to None, run_after=None
[2025-01-08T10:43:20.797+0000] {processor.py:208} INFO - Processing /home/airflow/.local/lib/python3.12/site-packages/airflow/example_dags/example_sensor_decorator.py took 0.143 seconds
[2025-01-08T10:43:52.160+0000] {processor.py:186} INFO - Started process (PID=694) to work on /home/airflow/.local/lib/python3.12/site-packages/airflow/example_dags/example_sensor_decorator.py
[2025-01-08T10:43:52.161+0000] {processor.py:914} INFO - Processing file /home/airflow/.local/lib/python3.12/site-packages/airflow/example_dags/example_sensor_decorator.py for tasks to queue
[2025-01-08T10:43:52.164+0000] {logging_mixin.py:190} INFO - [2025-01-08T10:43:52.163+0000] {dagbag.py:588} INFO - Filling up the DagBag from /home/airflow/.local/lib/python3.12/site-packages/airflow/example_dags/example_sensor_decorator.py
[2025-01-08T10:43:52.174+0000] {processor.py:925} INFO - DAG(s) 'example_sensor_decorator' retrieved from /home/airflow/.local/lib/python3.12/site-packages/airflow/example_dags/example_sensor_decorator.py
[2025-01-08T10:43:52.195+0000] {logging_mixin.py:190} INFO - [2025-01-08T10:43:52.194+0000] {dag.py:3239} INFO - Sync 1 DAGs
[2025-01-08T10:43:52.211+0000] {logging_mixin.py:190} INFO - [2025-01-08T10:43:52.211+0000] {dag.py:4180} INFO - Setting next_dagrun for example_sensor_decorator to None, run_after=None
[2025-01-08T10:43:52.234+0000] {processor.py:208} INFO - Processing /home/airflow/.local/lib/python3.12/site-packages/airflow/example_dags/example_sensor_decorator.py took 0.080 seconds
[2025-01-08T10:44:23.192+0000] {processor.py:186} INFO - Started process (PID=994) to work on /home/airflow/.local/lib/python3.12/site-packages/airflow/example_dags/example_sensor_decorator.py
[2025-01-08T10:44:23.193+0000] {processor.py:914} INFO - Processing file /home/airflow/.local/lib/python3.12/site-packages/airflow/example_dags/example_sensor_decorator.py for tasks to queue
[2025-01-08T10:44:23.195+0000] {logging_mixin.py:190} INFO - [2025-01-08T10:44:23.195+0000] {dagbag.py:588} INFO - Filling up the DagBag from /home/airflow/.local/lib/python3.12/site-packages/airflow/example_dags/example_sensor_decorator.py
[2025-01-08T10:44:23.206+0000] {processor.py:925} INFO - DAG(s) 'example_sensor_decorator' retrieved from /home/airflow/.local/lib/python3.12/site-packages/airflow/example_dags/example_sensor_decorator.py
[2025-01-08T10:44:23.228+0000] {logging_mixin.py:190} INFO - [2025-01-08T10:44:23.228+0000] {dag.py:3239} INFO - Sync 1 DAGs
[2025-01-08T10:44:23.250+0000] {logging_mixin.py:190} INFO - [2025-01-08T10:44:23.249+0000] {dag.py:4180} INFO - Setting next_dagrun for example_sensor_decorator to None, run_after=None
[2025-01-08T10:44:23.276+0000] {processor.py:208} INFO - Processing /home/airflow/.local/lib/python3.12/site-packages/airflow/example_dags/example_sensor_decorator.py took 0.090 seconds
[2025-01-08T10:44:53.978+0000] {processor.py:186} INFO - Started process (PID=1295) to work on /home/airflow/.local/lib/python3.12/site-packages/airflow/example_dags/example_sensor_decorator.py
[2025-01-08T10:44:53.979+0000] {processor.py:914} INFO - Processing file /home/airflow/.local/lib/python3.12/site-packages/airflow/example_dags/example_sensor_decorator.py for tasks to queue
[2025-01-08T10:44:53.981+0000] {logging_mixin.py:190} INFO - [2025-01-08T10:44:53.981+0000] {dagbag.py:588} INFO - Filling up the DagBag from /home/airflow/.local/lib/python3.12/site-packages/airflow/example_dags/example_sensor_decorator.py
[2025-01-08T10:44:53.989+0000] {processor.py:925} INFO - DAG(s) 'example_sensor_decorator' retrieved from /home/airflow/.local/lib/python3.12/site-packages/airflow/example_dags/example_sensor_decorator.py
[2025-01-08T10:44:54.006+0000] {logging_mixin.py:190} INFO - [2025-01-08T10:44:54.006+0000] {dag.py:3239} INFO - Sync 1 DAGs
[2025-01-08T10:44:54.021+0000] {logging_mixin.py:190} INFO - [2025-01-08T10:44:54.021+0000] {dag.py:4180} INFO - Setting next_dagrun for example_sensor_decorator to None, run_after=None
[2025-01-08T10:44:54.043+0000] {processor.py:208} INFO - Processing /home/airflow/.local/lib/python3.12/site-packages/airflow/example_dags/example_sensor_decorator.py took 0.071 seconds
[2025-01-08T10:45:24.889+0000] {processor.py:186} INFO - Started process (PID=1598) to work on /home/airflow/.local/lib/python3.12/site-packages/airflow/example_dags/example_sensor_decorator.py
[2025-01-08T10:45:24.890+0000] {processor.py:914} INFO - Processing file /home/airflow/.local/lib/python3.12/site-packages/airflow/example_dags/example_sensor_decorator.py for tasks to queue
[2025-01-08T10:45:24.892+0000] {logging_mixin.py:190} INFO - [2025-01-08T10:45:24.892+0000] {dagbag.py:588} INFO - Filling up the DagBag from /home/airflow/.local/lib/python3.12/site-packages/airflow/example_dags/example_sensor_decorator.py
[2025-01-08T10:45:24.899+0000] {processor.py:925} INFO - DAG(s) 'example_sensor_decorator' retrieved from /home/airflow/.local/lib/python3.12/site-packages/airflow/example_dags/example_sensor_decorator.py
[2025-01-08T10:45:24.926+0000] {logging_mixin.py:190} INFO - [2025-01-08T10:45:24.926+0000] {dag.py:3239} INFO - Sync 1 DAGs
[2025-01-08T10:45:24.943+0000] {logging_mixin.py:190} INFO - [2025-01-08T10:45:24.942+0000] {dag.py:4180} INFO - Setting next_dagrun for example_sensor_decorator to None, run_after=None
[2025-01-08T10:45:24.966+0000] {processor.py:208} INFO - Processing /home/airflow/.local/lib/python3.12/site-packages/airflow/example_dags/example_sensor_decorator.py took 0.085 seconds
[2025-01-08T10:45:55.543+0000] {processor.py:186} INFO - Started process (PID=1897) to work on /home/airflow/.local/lib/python3.12/site-packages/airflow/example_dags/example_sensor_decorator.py
[2025-01-08T10:45:55.544+0000] {processor.py:914} INFO - Processing file /home/airflow/.local/lib/python3.12/site-packages/airflow/example_dags/example_sensor_decorator.py for tasks to queue
[2025-01-08T10:45:55.546+0000] {logging_mixin.py:190} INFO - [2025-01-08T10:45:55.546+0000] {dagbag.py:588} INFO - Filling up the DagBag from /home/airflow/.local/lib/python3.12/site-packages/airflow/example_dags/example_sensor_decorator.py
[2025-01-08T10:45:55.559+0000] {processor.py:925} INFO - DAG(s) 'example_sensor_decorator' retrieved from /home/airflow/.local/lib/python3.12/site-packages/airflow/example_dags/example_sensor_decorator.py
[2025-01-08T10:45:55.582+0000] {logging_mixin.py:190} INFO - [2025-01-08T10:45:55.581+0000] {dag.py:3239} INFO - Sync 1 DAGs
[2025-01-08T10:45:55.602+0000] {logging_mixin.py:190} INFO - [2025-01-08T10:45:55.602+0000] {dag.py:4180} INFO - Setting next_dagrun for example_sensor_decorator to None, run_after=None
[2025-01-08T10:45:55.627+0000] {processor.py:208} INFO - Processing /home/airflow/.local/lib/python3.12/site-packages/airflow/example_dags/example_sensor_decorator.py took 0.089 seconds
[2025-01-08T10:46:26.444+0000] {processor.py:186} INFO - Started process (PID=2198) to work on /home/airflow/.local/lib/python3.12/site-packages/airflow/example_dags/example_sensor_decorator.py
[2025-01-08T10:46:26.445+0000] {processor.py:914} INFO - Processing file /home/airflow/.local/lib/python3.12/site-packages/airflow/example_dags/example_sensor_decorator.py for tasks to queue
[2025-01-08T10:46:26.450+0000] {logging_mixin.py:190} INFO - [2025-01-08T10:46:26.449+0000] {dagbag.py:588} INFO - Filling up the DagBag from /home/airflow/.local/lib/python3.12/site-packages/airflow/example_dags/example_sensor_decorator.py
[2025-01-08T10:46:26.459+0000] {processor.py:925} INFO - DAG(s) 'example_sensor_decorator' retrieved from /home/airflow/.local/lib/python3.12/site-packages/airflow/example_dags/example_sensor_decorator.py
[2025-01-08T10:46:26.481+0000] {logging_mixin.py:190} INFO - [2025-01-08T10:46:26.481+0000] {dag.py:3239} INFO - Sync 1 DAGs
[2025-01-08T10:46:26.498+0000] {logging_mixin.py:190} INFO - [2025-01-08T10:46:26.497+0000] {dag.py:4180} INFO - Setting next_dagrun for example_sensor_decorator to None, run_after=None
[2025-01-08T10:46:26.543+0000] {processor.py:208} INFO - Processing /home/airflow/.local/lib/python3.12/site-packages/airflow/example_dags/example_sensor_decorator.py took 0.107 seconds
[2025-01-08T10:46:57.189+0000] {processor.py:186} INFO - Started process (PID=2499) to work on /home/airflow/.local/lib/python3.12/site-packages/airflow/example_dags/example_sensor_decorator.py
[2025-01-08T10:46:57.191+0000] {processor.py:914} INFO - Processing file /home/airflow/.local/lib/python3.12/site-packages/airflow/example_dags/example_sensor_decorator.py for tasks to queue
[2025-01-08T10:46:57.192+0000] {logging_mixin.py:190} INFO - [2025-01-08T10:46:57.192+0000] {dagbag.py:588} INFO - Filling up the DagBag from /home/airflow/.local/lib/python3.12/site-packages/airflow/example_dags/example_sensor_decorator.py
[2025-01-08T10:46:57.199+0000] {processor.py:925} INFO - DAG(s) 'example_sensor_decorator' retrieved from /home/airflow/.local/lib/python3.12/site-packages/airflow/example_dags/example_sensor_decorator.py
[2025-01-08T10:46:57.215+0000] {logging_mixin.py:190} INFO - [2025-01-08T10:46:57.215+0000] {dag.py:3239} INFO - Sync 1 DAGs
[2025-01-08T10:46:57.227+0000] {logging_mixin.py:190} INFO - [2025-01-08T10:46:57.227+0000] {dag.py:4180} INFO - Setting next_dagrun for example_sensor_decorator to None, run_after=None
[2025-01-08T10:46:57.246+0000] {processor.py:208} INFO - Processing /home/airflow/.local/lib/python3.12/site-packages/airflow/example_dags/example_sensor_decorator.py took 0.062 seconds
[2025-01-08T10:47:28.398+0000] {processor.py:186} INFO - Started process (PID=2800) to work on /home/airflow/.local/lib/python3.12/site-packages/airflow/example_dags/example_sensor_decorator.py
[2025-01-08T10:47:28.399+0000] {processor.py:914} INFO - Processing file /home/airflow/.local/lib/python3.12/site-packages/airflow/example_dags/example_sensor_decorator.py for tasks to queue
[2025-01-08T10:47:28.401+0000] {logging_mixin.py:190} INFO - [2025-01-08T10:47:28.401+0000] {dagbag.py:588} INFO - Filling up the DagBag from /home/airflow/.local/lib/python3.12/site-packages/airflow/example_dags/example_sensor_decorator.py
[2025-01-08T10:47:28.409+0000] {processor.py:925} INFO - DAG(s) 'example_sensor_decorator' retrieved from /home/airflow/.local/lib/python3.12/site-packages/airflow/example_dags/example_sensor_decorator.py
[2025-01-08T10:47:28.427+0000] {logging_mixin.py:190} INFO - [2025-01-08T10:47:28.427+0000] {dag.py:3239} INFO - Sync 1 DAGs
[2025-01-08T10:47:28.445+0000] {logging_mixin.py:190} INFO - [2025-01-08T10:47:28.445+0000] {dag.py:4180} INFO - Setting next_dagrun for example_sensor_decorator to None, run_after=None
[2025-01-08T10:47:28.464+0000] {processor.py:208} INFO - Processing /home/airflow/.local/lib/python3.12/site-packages/airflow/example_dags/example_sensor_decorator.py took 0.072 seconds
[2025-01-08T10:47:59.370+0000] {processor.py:186} INFO - Started process (PID=3101) to work on /home/airflow/.local/lib/python3.12/site-packages/airflow/example_dags/example_sensor_decorator.py
[2025-01-08T10:47:59.371+0000] {processor.py:914} INFO - Processing file /home/airflow/.local/lib/python3.12/site-packages/airflow/example_dags/example_sensor_decorator.py for tasks to queue
[2025-01-08T10:47:59.373+0000] {logging_mixin.py:190} INFO - [2025-01-08T10:47:59.373+0000] {dagbag.py:588} INFO - Filling up the DagBag from /home/airflow/.local/lib/python3.12/site-packages/airflow/example_dags/example_sensor_decorator.py
[2025-01-08T10:47:59.381+0000] {processor.py:925} INFO - DAG(s) 'example_sensor_decorator' retrieved from /home/airflow/.local/lib/python3.12/site-packages/airflow/example_dags/example_sensor_decorator.py
[2025-01-08T10:47:59.399+0000] {logging_mixin.py:190} INFO - [2025-01-08T10:47:59.398+0000] {dag.py:3239} INFO - Sync 1 DAGs
[2025-01-08T10:47:59.412+0000] {logging_mixin.py:190} INFO - [2025-01-08T10:47:59.412+0000] {dag.py:4180} INFO - Setting next_dagrun for example_sensor_decorator to None, run_after=None
[2025-01-08T10:47:59.430+0000] {processor.py:208} INFO - Processing /home/airflow/.local/lib/python3.12/site-packages/airflow/example_dags/example_sensor_decorator.py took 0.066 seconds
