[2025-01-08T10:35:05.069+0000] {processor.py:186} INFO - Started process (PID=242) to work on /home/airflow/.local/lib/python3.12/site-packages/airflow/example_dags/example_inlet_event_extra.py
[2025-01-08T10:35:05.071+0000] {processor.py:914} INFO - Processing file /home/airflow/.local/lib/python3.12/site-packages/airflow/example_dags/example_inlet_event_extra.py for tasks to queue
[2025-01-08T10:35:05.074+0000] {logging_mixin.py:190} INFO - [2025-01-08T10:35:05.073+0000] {dagbag.py:588} INFO - Filling up the DagBag from /home/airflow/.local/lib/python3.12/site-packages/airflow/example_dags/example_inlet_event_extra.py
[2025-01-08T10:35:07.155+0000] {processor.py:925} INFO - DAG(s) 'read_dataset_event_from_classic', 'read_dataset_event' retrieved from /home/airflow/.local/lib/python3.12/site-packages/airflow/example_dags/example_inlet_event_extra.py
[2025-01-08T10:35:07.620+0000] {logging_mixin.py:190} INFO - [2025-01-08T10:35:07.618+0000] {override.py:1911} INFO - Created Permission View: can delete on DAG:read_dataset_event_from_classic
[2025-01-08T10:35:07.698+0000] {logging_mixin.py:190} INFO - [2025-01-08T10:35:07.698+0000] {override.py:1911} INFO - Created Permission View: can read on DAG:read_dataset_event_from_classic
[2025-01-08T10:35:07.797+0000] {logging_mixin.py:190} INFO - [2025-01-08T10:35:07.796+0000] {override.py:1911} INFO - Created Permission View: can edit on DAG:read_dataset_event_from_classic
[2025-01-08T10:35:08.023+0000] {logging_mixin.py:190} INFO - [2025-01-08T10:35:08.023+0000] {override.py:1911} INFO - Created Permission View: menu access on DAG Run:read_dataset_event_from_classic
[2025-01-08T10:35:08.103+0000] {logging_mixin.py:190} INFO - [2025-01-08T10:35:08.103+0000] {override.py:1911} INFO - Created Permission View: can create on DAG Run:read_dataset_event_from_classic
[2025-01-08T10:35:08.202+0000] {logging_mixin.py:190} INFO - [2025-01-08T10:35:08.201+0000] {override.py:1911} INFO - Created Permission View: can read on DAG Run:read_dataset_event_from_classic
[2025-01-08T10:35:08.246+0000] {logging_mixin.py:190} INFO - [2025-01-08T10:35:08.246+0000] {override.py:1911} INFO - Created Permission View: can delete on DAG Run:read_dataset_event_from_classic
[2025-01-08T10:35:08.387+0000] {logging_mixin.py:190} INFO - [2025-01-08T10:35:08.386+0000] {override.py:1911} INFO - Created Permission View: can delete on DAG:read_dataset_event
[2025-01-08T10:35:08.449+0000] {logging_mixin.py:190} INFO - [2025-01-08T10:35:08.449+0000] {override.py:1911} INFO - Created Permission View: can read on DAG:read_dataset_event
[2025-01-08T10:35:08.517+0000] {logging_mixin.py:190} INFO - [2025-01-08T10:35:08.516+0000] {override.py:1911} INFO - Created Permission View: can edit on DAG:read_dataset_event
[2025-01-08T10:35:08.693+0000] {logging_mixin.py:190} INFO - [2025-01-08T10:35:08.693+0000] {override.py:1911} INFO - Created Permission View: menu access on DAG Run:read_dataset_event
[2025-01-08T10:35:08.737+0000] {logging_mixin.py:190} INFO - [2025-01-08T10:35:08.736+0000] {override.py:1911} INFO - Created Permission View: can create on DAG Run:read_dataset_event
[2025-01-08T10:35:08.803+0000] {logging_mixin.py:190} INFO - [2025-01-08T10:35:08.803+0000] {override.py:1911} INFO - Created Permission View: can read on DAG Run:read_dataset_event
[2025-01-08T10:35:08.846+0000] {logging_mixin.py:190} INFO - [2025-01-08T10:35:08.845+0000] {override.py:1911} INFO - Created Permission View: can delete on DAG Run:read_dataset_event
[2025-01-08T10:35:08.846+0000] {logging_mixin.py:190} INFO - [2025-01-08T10:35:08.846+0000] {dag.py:3239} INFO - Sync 2 DAGs
[2025-01-08T10:35:08.864+0000] {logging_mixin.py:190} INFO - [2025-01-08T10:35:08.864+0000] {dag.py:3262} INFO - Creating ORM DAG for read_dataset_event_from_classic
[2025-01-08T10:35:08.865+0000] {logging_mixin.py:190} INFO - [2025-01-08T10:35:08.865+0000] {dag.py:3262} INFO - Creating ORM DAG for read_dataset_event
[2025-01-08T10:35:08.882+0000] {logging_mixin.py:190} INFO - [2025-01-08T10:35:08.881+0000] {dag.py:4180} INFO - Setting next_dagrun for read_dataset_event to 2025-01-07 00:00:00+00:00, run_after=2025-01-08 00:00:00+00:00
[2025-01-08T10:35:08.886+0000] {logging_mixin.py:190} INFO - [2025-01-08T10:35:08.885+0000] {dag.py:4180} INFO - Setting next_dagrun for read_dataset_event_from_classic to 2025-01-07 00:00:00+00:00, run_after=2025-01-08 00:00:00+00:00
[2025-01-08T10:35:08.932+0000] {processor.py:208} INFO - Processing /home/airflow/.local/lib/python3.12/site-packages/airflow/example_dags/example_inlet_event_extra.py took 3.873 seconds
[2025-01-08T10:35:39.114+0000] {processor.py:186} INFO - Started process (PID=555) to work on /home/airflow/.local/lib/python3.12/site-packages/airflow/example_dags/example_inlet_event_extra.py
[2025-01-08T10:35:39.116+0000] {processor.py:914} INFO - Processing file /home/airflow/.local/lib/python3.12/site-packages/airflow/example_dags/example_inlet_event_extra.py for tasks to queue
[2025-01-08T10:35:39.120+0000] {logging_mixin.py:190} INFO - [2025-01-08T10:35:39.120+0000] {dagbag.py:588} INFO - Filling up the DagBag from /home/airflow/.local/lib/python3.12/site-packages/airflow/example_dags/example_inlet_event_extra.py
[2025-01-08T10:35:39.878+0000] {processor.py:925} INFO - DAG(s) 'read_dataset_event_from_classic', 'read_dataset_event' retrieved from /home/airflow/.local/lib/python3.12/site-packages/airflow/example_dags/example_inlet_event_extra.py
[2025-01-08T10:35:39.908+0000] {logging_mixin.py:190} INFO - [2025-01-08T10:35:39.908+0000] {dag.py:3239} INFO - Sync 2 DAGs
[2025-01-08T10:35:39.945+0000] {logging_mixin.py:190} INFO - [2025-01-08T10:35:39.945+0000] {dag.py:4180} INFO - Setting next_dagrun for read_dataset_event to 2025-01-07 00:00:00+00:00, run_after=2025-01-08 00:00:00+00:00
[2025-01-08T10:35:39.951+0000] {logging_mixin.py:190} INFO - [2025-01-08T10:35:39.951+0000] {dag.py:4180} INFO - Setting next_dagrun for read_dataset_event_from_classic to 2025-01-07 00:00:00+00:00, run_after=2025-01-08 00:00:00+00:00
[2025-01-08T10:35:40.032+0000] {processor.py:208} INFO - Processing /home/airflow/.local/lib/python3.12/site-packages/airflow/example_dags/example_inlet_event_extra.py took 0.927 seconds
[2025-01-08T10:36:10.081+0000] {processor.py:186} INFO - Started process (PID=856) to work on /home/airflow/.local/lib/python3.12/site-packages/airflow/example_dags/example_inlet_event_extra.py
[2025-01-08T10:36:10.086+0000] {processor.py:914} INFO - Processing file /home/airflow/.local/lib/python3.12/site-packages/airflow/example_dags/example_inlet_event_extra.py for tasks to queue
[2025-01-08T10:36:10.088+0000] {logging_mixin.py:190} INFO - [2025-01-08T10:36:10.088+0000] {dagbag.py:588} INFO - Filling up the DagBag from /home/airflow/.local/lib/python3.12/site-packages/airflow/example_dags/example_inlet_event_extra.py
[2025-01-08T10:36:11.120+0000] {processor.py:925} INFO - DAG(s) 'read_dataset_event', 'read_dataset_event_from_classic' retrieved from /home/airflow/.local/lib/python3.12/site-packages/airflow/example_dags/example_inlet_event_extra.py
[2025-01-08T10:36:11.165+0000] {logging_mixin.py:190} INFO - [2025-01-08T10:36:11.165+0000] {dag.py:3239} INFO - Sync 2 DAGs
[2025-01-08T10:36:11.244+0000] {logging_mixin.py:190} INFO - [2025-01-08T10:36:11.244+0000] {dag.py:4180} INFO - Setting next_dagrun for read_dataset_event to 2025-01-07 00:00:00+00:00, run_after=2025-01-08 00:00:00+00:00
[2025-01-08T10:36:11.261+0000] {logging_mixin.py:190} INFO - [2025-01-08T10:36:11.261+0000] {dag.py:4180} INFO - Setting next_dagrun for read_dataset_event_from_classic to 2025-01-07 00:00:00+00:00, run_after=2025-01-08 00:00:00+00:00
[2025-01-08T10:36:11.326+0000] {processor.py:208} INFO - Processing /home/airflow/.local/lib/python3.12/site-packages/airflow/example_dags/example_inlet_event_extra.py took 1.252 seconds
[2025-01-08T10:36:41.651+0000] {processor.py:186} INFO - Started process (PID=1185) to work on /home/airflow/.local/lib/python3.12/site-packages/airflow/example_dags/example_inlet_event_extra.py
[2025-01-08T10:36:41.652+0000] {processor.py:914} INFO - Processing file /home/airflow/.local/lib/python3.12/site-packages/airflow/example_dags/example_inlet_event_extra.py for tasks to queue
[2025-01-08T10:36:41.655+0000] {logging_mixin.py:190} INFO - [2025-01-08T10:36:41.655+0000] {dagbag.py:588} INFO - Filling up the DagBag from /home/airflow/.local/lib/python3.12/site-packages/airflow/example_dags/example_inlet_event_extra.py
[2025-01-08T10:36:42.531+0000] {processor.py:925} INFO - DAG(s) 'read_dataset_event', 'read_dataset_event_from_classic' retrieved from /home/airflow/.local/lib/python3.12/site-packages/airflow/example_dags/example_inlet_event_extra.py
[2025-01-08T10:36:42.554+0000] {logging_mixin.py:190} INFO - [2025-01-08T10:36:42.554+0000] {dag.py:3239} INFO - Sync 2 DAGs
[2025-01-08T10:36:42.589+0000] {logging_mixin.py:190} INFO - [2025-01-08T10:36:42.589+0000] {dag.py:4180} INFO - Setting next_dagrun for read_dataset_event to 2025-01-07 00:00:00+00:00, run_after=2025-01-08 00:00:00+00:00
[2025-01-08T10:36:42.597+0000] {logging_mixin.py:190} INFO - [2025-01-08T10:36:42.597+0000] {dag.py:4180} INFO - Setting next_dagrun for read_dataset_event_from_classic to 2025-01-07 00:00:00+00:00, run_after=2025-01-08 00:00:00+00:00
[2025-01-08T10:36:42.625+0000] {processor.py:208} INFO - Processing /home/airflow/.local/lib/python3.12/site-packages/airflow/example_dags/example_inlet_event_extra.py took 0.982 seconds
[2025-01-08T10:37:13.011+0000] {processor.py:186} INFO - Started process (PID=1493) to work on /home/airflow/.local/lib/python3.12/site-packages/airflow/example_dags/example_inlet_event_extra.py
[2025-01-08T10:37:13.013+0000] {processor.py:914} INFO - Processing file /home/airflow/.local/lib/python3.12/site-packages/airflow/example_dags/example_inlet_event_extra.py for tasks to queue
[2025-01-08T10:37:13.016+0000] {logging_mixin.py:190} INFO - [2025-01-08T10:37:13.016+0000] {dagbag.py:588} INFO - Filling up the DagBag from /home/airflow/.local/lib/python3.12/site-packages/airflow/example_dags/example_inlet_event_extra.py
[2025-01-08T10:37:13.733+0000] {processor.py:925} INFO - DAG(s) 'read_dataset_event_from_classic', 'read_dataset_event' retrieved from /home/airflow/.local/lib/python3.12/site-packages/airflow/example_dags/example_inlet_event_extra.py
[2025-01-08T10:37:13.754+0000] {logging_mixin.py:190} INFO - [2025-01-08T10:37:13.754+0000] {dag.py:3239} INFO - Sync 2 DAGs
[2025-01-08T10:37:13.785+0000] {logging_mixin.py:190} INFO - [2025-01-08T10:37:13.785+0000] {dag.py:4180} INFO - Setting next_dagrun for read_dataset_event to 2025-01-07 00:00:00+00:00, run_after=2025-01-08 00:00:00+00:00
[2025-01-08T10:37:13.791+0000] {logging_mixin.py:190} INFO - [2025-01-08T10:37:13.790+0000] {dag.py:4180} INFO - Setting next_dagrun for read_dataset_event_from_classic to 2025-01-07 00:00:00+00:00, run_after=2025-01-08 00:00:00+00:00
[2025-01-08T10:37:13.812+0000] {processor.py:208} INFO - Processing /home/airflow/.local/lib/python3.12/site-packages/airflow/example_dags/example_inlet_event_extra.py took 0.807 seconds
[2025-01-08T10:37:43.884+0000] {processor.py:186} INFO - Started process (PID=1794) to work on /home/airflow/.local/lib/python3.12/site-packages/airflow/example_dags/example_inlet_event_extra.py
[2025-01-08T10:37:43.885+0000] {processor.py:914} INFO - Processing file /home/airflow/.local/lib/python3.12/site-packages/airflow/example_dags/example_inlet_event_extra.py for tasks to queue
[2025-01-08T10:37:43.888+0000] {logging_mixin.py:190} INFO - [2025-01-08T10:37:43.887+0000] {dagbag.py:588} INFO - Filling up the DagBag from /home/airflow/.local/lib/python3.12/site-packages/airflow/example_dags/example_inlet_event_extra.py
[2025-01-08T10:37:44.633+0000] {processor.py:925} INFO - DAG(s) 'read_dataset_event_from_classic', 'read_dataset_event' retrieved from /home/airflow/.local/lib/python3.12/site-packages/airflow/example_dags/example_inlet_event_extra.py
[2025-01-08T10:37:44.656+0000] {logging_mixin.py:190} INFO - [2025-01-08T10:37:44.655+0000] {dag.py:3239} INFO - Sync 2 DAGs
[2025-01-08T10:37:44.684+0000] {logging_mixin.py:190} INFO - [2025-01-08T10:37:44.684+0000] {dag.py:4180} INFO - Setting next_dagrun for read_dataset_event to 2025-01-07 00:00:00+00:00, run_after=2025-01-08 00:00:00+00:00
[2025-01-08T10:37:44.690+0000] {logging_mixin.py:190} INFO - [2025-01-08T10:37:44.690+0000] {dag.py:4180} INFO - Setting next_dagrun for read_dataset_event_from_classic to 2025-01-07 00:00:00+00:00, run_after=2025-01-08 00:00:00+00:00
[2025-01-08T10:37:44.776+0000] {processor.py:208} INFO - Processing /home/airflow/.local/lib/python3.12/site-packages/airflow/example_dags/example_inlet_event_extra.py took 0.900 seconds
[2025-01-08T10:38:14.975+0000] {processor.py:186} INFO - Started process (PID=2095) to work on /home/airflow/.local/lib/python3.12/site-packages/airflow/example_dags/example_inlet_event_extra.py
[2025-01-08T10:38:14.977+0000] {processor.py:914} INFO - Processing file /home/airflow/.local/lib/python3.12/site-packages/airflow/example_dags/example_inlet_event_extra.py for tasks to queue
[2025-01-08T10:38:14.985+0000] {logging_mixin.py:190} INFO - [2025-01-08T10:38:14.983+0000] {dagbag.py:588} INFO - Filling up the DagBag from /home/airflow/.local/lib/python3.12/site-packages/airflow/example_dags/example_inlet_event_extra.py
[2025-01-08T10:38:16.394+0000] {processor.py:925} INFO - DAG(s) 'read_dataset_event', 'read_dataset_event_from_classic' retrieved from /home/airflow/.local/lib/python3.12/site-packages/airflow/example_dags/example_inlet_event_extra.py
[2025-01-08T10:38:16.443+0000] {logging_mixin.py:190} INFO - [2025-01-08T10:38:16.443+0000] {dag.py:3239} INFO - Sync 2 DAGs
[2025-01-08T10:38:16.533+0000] {logging_mixin.py:190} INFO - [2025-01-08T10:38:16.533+0000] {dag.py:4180} INFO - Setting next_dagrun for read_dataset_event to 2025-01-07 00:00:00+00:00, run_after=2025-01-08 00:00:00+00:00
[2025-01-08T10:38:16.552+0000] {logging_mixin.py:190} INFO - [2025-01-08T10:38:16.551+0000] {dag.py:4180} INFO - Setting next_dagrun for read_dataset_event_from_classic to 2025-01-07 00:00:00+00:00, run_after=2025-01-08 00:00:00+00:00
[2025-01-08T10:38:16.604+0000] {processor.py:208} INFO - Processing /home/airflow/.local/lib/python3.12/site-packages/airflow/example_dags/example_inlet_event_extra.py took 1.647 seconds
[2025-01-08T10:38:47.333+0000] {processor.py:186} INFO - Started process (PID=2395) to work on /home/airflow/.local/lib/python3.12/site-packages/airflow/example_dags/example_inlet_event_extra.py
[2025-01-08T10:38:47.336+0000] {processor.py:914} INFO - Processing file /home/airflow/.local/lib/python3.12/site-packages/airflow/example_dags/example_inlet_event_extra.py for tasks to queue
[2025-01-08T10:38:47.340+0000] {logging_mixin.py:190} INFO - [2025-01-08T10:38:47.339+0000] {dagbag.py:588} INFO - Filling up the DagBag from /home/airflow/.local/lib/python3.12/site-packages/airflow/example_dags/example_inlet_event_extra.py
[2025-01-08T10:38:48.194+0000] {processor.py:925} INFO - DAG(s) 'read_dataset_event_from_classic', 'read_dataset_event' retrieved from /home/airflow/.local/lib/python3.12/site-packages/airflow/example_dags/example_inlet_event_extra.py
[2025-01-08T10:38:48.220+0000] {logging_mixin.py:190} INFO - [2025-01-08T10:38:48.219+0000] {dag.py:3239} INFO - Sync 2 DAGs
[2025-01-08T10:38:48.256+0000] {logging_mixin.py:190} INFO - [2025-01-08T10:38:48.255+0000] {dag.py:4180} INFO - Setting next_dagrun for read_dataset_event to 2025-01-07 00:00:00+00:00, run_after=2025-01-08 00:00:00+00:00
[2025-01-08T10:38:48.262+0000] {logging_mixin.py:190} INFO - [2025-01-08T10:38:48.262+0000] {dag.py:4180} INFO - Setting next_dagrun for read_dataset_event_from_classic to 2025-01-07 00:00:00+00:00, run_after=2025-01-08 00:00:00+00:00
[2025-01-08T10:38:48.289+0000] {processor.py:208} INFO - Processing /home/airflow/.local/lib/python3.12/site-packages/airflow/example_dags/example_inlet_event_extra.py took 0.962 seconds
[2025-01-08T10:39:19.286+0000] {processor.py:186} INFO - Started process (PID=2696) to work on /home/airflow/.local/lib/python3.12/site-packages/airflow/example_dags/example_inlet_event_extra.py
[2025-01-08T10:39:19.292+0000] {processor.py:914} INFO - Processing file /home/airflow/.local/lib/python3.12/site-packages/airflow/example_dags/example_inlet_event_extra.py for tasks to queue
[2025-01-08T10:39:19.302+0000] {logging_mixin.py:190} INFO - [2025-01-08T10:39:19.302+0000] {dagbag.py:588} INFO - Filling up the DagBag from /home/airflow/.local/lib/python3.12/site-packages/airflow/example_dags/example_inlet_event_extra.py
[2025-01-08T10:39:20.935+0000] {processor.py:925} INFO - DAG(s) 'read_dataset_event', 'read_dataset_event_from_classic' retrieved from /home/airflow/.local/lib/python3.12/site-packages/airflow/example_dags/example_inlet_event_extra.py
[2025-01-08T10:39:20.983+0000] {logging_mixin.py:190} INFO - [2025-01-08T10:39:20.982+0000] {dag.py:3239} INFO - Sync 2 DAGs
[2025-01-08T10:39:21.051+0000] {logging_mixin.py:190} INFO - [2025-01-08T10:39:21.050+0000] {dag.py:4180} INFO - Setting next_dagrun for read_dataset_event to 2025-01-07 00:00:00+00:00, run_after=2025-01-08 00:00:00+00:00
[2025-01-08T10:39:21.064+0000] {logging_mixin.py:190} INFO - [2025-01-08T10:39:21.064+0000] {dag.py:4180} INFO - Setting next_dagrun for read_dataset_event_from_classic to 2025-01-07 00:00:00+00:00, run_after=2025-01-08 00:00:00+00:00
[2025-01-08T10:39:21.117+0000] {processor.py:208} INFO - Processing /home/airflow/.local/lib/python3.12/site-packages/airflow/example_dags/example_inlet_event_extra.py took 1.852 seconds
[2025-01-08T10:39:51.344+0000] {processor.py:186} INFO - Started process (PID=3015) to work on /home/airflow/.local/lib/python3.12/site-packages/airflow/example_dags/example_inlet_event_extra.py
[2025-01-08T10:39:51.349+0000] {processor.py:914} INFO - Processing file /home/airflow/.local/lib/python3.12/site-packages/airflow/example_dags/example_inlet_event_extra.py for tasks to queue
[2025-01-08T10:39:51.356+0000] {logging_mixin.py:190} INFO - [2025-01-08T10:39:51.355+0000] {dagbag.py:588} INFO - Filling up the DagBag from /home/airflow/.local/lib/python3.12/site-packages/airflow/example_dags/example_inlet_event_extra.py
[2025-01-08T10:39:52.747+0000] {processor.py:925} INFO - DAG(s) 'read_dataset_event', 'read_dataset_event_from_classic' retrieved from /home/airflow/.local/lib/python3.12/site-packages/airflow/example_dags/example_inlet_event_extra.py
[2025-01-08T10:39:52.817+0000] {logging_mixin.py:190} INFO - [2025-01-08T10:39:52.815+0000] {dag.py:3239} INFO - Sync 2 DAGs
[2025-01-08T10:39:52.891+0000] {logging_mixin.py:190} INFO - [2025-01-08T10:39:52.890+0000] {dag.py:4180} INFO - Setting next_dagrun for read_dataset_event to 2025-01-07 00:00:00+00:00, run_after=2025-01-08 00:00:00+00:00
[2025-01-08T10:39:52.913+0000] {logging_mixin.py:190} INFO - [2025-01-08T10:39:52.913+0000] {dag.py:4180} INFO - Setting next_dagrun for read_dataset_event_from_classic to 2025-01-07 00:00:00+00:00, run_after=2025-01-08 00:00:00+00:00
[2025-01-08T10:39:52.981+0000] {processor.py:208} INFO - Processing /home/airflow/.local/lib/python3.12/site-packages/airflow/example_dags/example_inlet_event_extra.py took 1.648 seconds
[2025-01-08T10:40:23.807+0000] {processor.py:186} INFO - Started process (PID=3349) to work on /home/airflow/.local/lib/python3.12/site-packages/airflow/example_dags/example_inlet_event_extra.py
[2025-01-08T10:40:23.817+0000] {processor.py:914} INFO - Processing file /home/airflow/.local/lib/python3.12/site-packages/airflow/example_dags/example_inlet_event_extra.py for tasks to queue
[2025-01-08T10:40:23.834+0000] {logging_mixin.py:190} INFO - [2025-01-08T10:40:23.833+0000] {dagbag.py:588} INFO - Filling up the DagBag from /home/airflow/.local/lib/python3.12/site-packages/airflow/example_dags/example_inlet_event_extra.py
[2025-01-08T10:40:25.651+0000] {processor.py:925} INFO - DAG(s) 'read_dataset_event_from_classic', 'read_dataset_event' retrieved from /home/airflow/.local/lib/python3.12/site-packages/airflow/example_dags/example_inlet_event_extra.py
[2025-01-08T10:40:25.708+0000] {logging_mixin.py:190} INFO - [2025-01-08T10:40:25.708+0000] {dag.py:3239} INFO - Sync 2 DAGs
[2025-01-08T10:40:25.793+0000] {logging_mixin.py:190} INFO - [2025-01-08T10:40:25.792+0000] {dag.py:4180} INFO - Setting next_dagrun for read_dataset_event to 2025-01-07 00:00:00+00:00, run_after=2025-01-08 00:00:00+00:00
[2025-01-08T10:40:25.812+0000] {logging_mixin.py:190} INFO - [2025-01-08T10:40:25.812+0000] {dag.py:4180} INFO - Setting next_dagrun for read_dataset_event_from_classic to 2025-01-07 00:00:00+00:00, run_after=2025-01-08 00:00:00+00:00
[2025-01-08T10:40:26.129+0000] {processor.py:208} INFO - Processing /home/airflow/.local/lib/python3.12/site-packages/airflow/example_dags/example_inlet_event_extra.py took 2.344 seconds
[2025-01-08T10:43:15.560+0000] {processor.py:186} INFO - Started process (PID=237) to work on /home/airflow/.local/lib/python3.12/site-packages/airflow/example_dags/example_inlet_event_extra.py
[2025-01-08T10:43:15.561+0000] {processor.py:914} INFO - Processing file /home/airflow/.local/lib/python3.12/site-packages/airflow/example_dags/example_inlet_event_extra.py for tasks to queue
[2025-01-08T10:43:15.564+0000] {logging_mixin.py:190} INFO - [2025-01-08T10:43:15.564+0000] {dagbag.py:588} INFO - Filling up the DagBag from /home/airflow/.local/lib/python3.12/site-packages/airflow/example_dags/example_inlet_event_extra.py
[2025-01-08T10:43:17.313+0000] {processor.py:925} INFO - DAG(s) 'read_dataset_event', 'read_dataset_event_from_classic' retrieved from /home/airflow/.local/lib/python3.12/site-packages/airflow/example_dags/example_inlet_event_extra.py
[2025-01-08T10:43:17.548+0000] {logging_mixin.py:190} INFO - [2025-01-08T10:43:17.548+0000] {dag.py:3239} INFO - Sync 2 DAGs
[2025-01-08T10:43:17.593+0000] {logging_mixin.py:190} INFO - [2025-01-08T10:43:17.591+0000] {dag.py:4180} INFO - Setting next_dagrun for read_dataset_event to 2025-01-07 00:00:00+00:00, run_after=2025-01-08 00:00:00+00:00
[2025-01-08T10:43:17.604+0000] {logging_mixin.py:190} INFO - [2025-01-08T10:43:17.604+0000] {dag.py:4180} INFO - Setting next_dagrun for read_dataset_event_from_classic to 2025-01-07 00:00:00+00:00, run_after=2025-01-08 00:00:00+00:00
[2025-01-08T10:43:17.637+0000] {processor.py:208} INFO - Processing /home/airflow/.local/lib/python3.12/site-packages/airflow/example_dags/example_inlet_event_extra.py took 2.086 seconds
[2025-01-08T10:43:48.464+0000] {processor.py:186} INFO - Started process (PID=591) to work on /home/airflow/.local/lib/python3.12/site-packages/airflow/example_dags/example_inlet_event_extra.py
[2025-01-08T10:43:48.466+0000] {processor.py:914} INFO - Processing file /home/airflow/.local/lib/python3.12/site-packages/airflow/example_dags/example_inlet_event_extra.py for tasks to queue
[2025-01-08T10:43:48.468+0000] {logging_mixin.py:190} INFO - [2025-01-08T10:43:48.468+0000] {dagbag.py:588} INFO - Filling up the DagBag from /home/airflow/.local/lib/python3.12/site-packages/airflow/example_dags/example_inlet_event_extra.py
[2025-01-08T10:43:49.157+0000] {processor.py:925} INFO - DAG(s) 'read_dataset_event_from_classic', 'read_dataset_event' retrieved from /home/airflow/.local/lib/python3.12/site-packages/airflow/example_dags/example_inlet_event_extra.py
[2025-01-08T10:43:49.181+0000] {logging_mixin.py:190} INFO - [2025-01-08T10:43:49.181+0000] {dag.py:3239} INFO - Sync 2 DAGs
[2025-01-08T10:43:49.212+0000] {logging_mixin.py:190} INFO - [2025-01-08T10:43:49.212+0000] {dag.py:4180} INFO - Setting next_dagrun for read_dataset_event to 2025-01-07 00:00:00+00:00, run_after=2025-01-08 00:00:00+00:00
[2025-01-08T10:43:49.219+0000] {logging_mixin.py:190} INFO - [2025-01-08T10:43:49.219+0000] {dag.py:4180} INFO - Setting next_dagrun for read_dataset_event_from_classic to 2025-01-07 00:00:00+00:00, run_after=2025-01-08 00:00:00+00:00
[2025-01-08T10:43:49.242+0000] {processor.py:208} INFO - Processing /home/airflow/.local/lib/python3.12/site-packages/airflow/example_dags/example_inlet_event_extra.py took 0.783 seconds
[2025-01-08T10:44:19.307+0000] {processor.py:186} INFO - Started process (PID=891) to work on /home/airflow/.local/lib/python3.12/site-packages/airflow/example_dags/example_inlet_event_extra.py
[2025-01-08T10:44:19.308+0000] {processor.py:914} INFO - Processing file /home/airflow/.local/lib/python3.12/site-packages/airflow/example_dags/example_inlet_event_extra.py for tasks to queue
[2025-01-08T10:44:19.312+0000] {logging_mixin.py:190} INFO - [2025-01-08T10:44:19.311+0000] {dagbag.py:588} INFO - Filling up the DagBag from /home/airflow/.local/lib/python3.12/site-packages/airflow/example_dags/example_inlet_event_extra.py
[2025-01-08T10:44:19.909+0000] {processor.py:925} INFO - DAG(s) 'read_dataset_event', 'read_dataset_event_from_classic' retrieved from /home/airflow/.local/lib/python3.12/site-packages/airflow/example_dags/example_inlet_event_extra.py
[2025-01-08T10:44:19.931+0000] {logging_mixin.py:190} INFO - [2025-01-08T10:44:19.931+0000] {dag.py:3239} INFO - Sync 2 DAGs
[2025-01-08T10:44:19.967+0000] {logging_mixin.py:190} INFO - [2025-01-08T10:44:19.966+0000] {dag.py:4180} INFO - Setting next_dagrun for read_dataset_event to 2025-01-07 00:00:00+00:00, run_after=2025-01-08 00:00:00+00:00
[2025-01-08T10:44:19.972+0000] {logging_mixin.py:190} INFO - [2025-01-08T10:44:19.972+0000] {dag.py:4180} INFO - Setting next_dagrun for read_dataset_event_from_classic to 2025-01-07 00:00:00+00:00, run_after=2025-01-08 00:00:00+00:00
[2025-01-08T10:44:19.997+0000] {processor.py:208} INFO - Processing /home/airflow/.local/lib/python3.12/site-packages/airflow/example_dags/example_inlet_event_extra.py took 0.699 seconds
[2025-01-08T10:44:50.050+0000] {processor.py:186} INFO - Started process (PID=1192) to work on /home/airflow/.local/lib/python3.12/site-packages/airflow/example_dags/example_inlet_event_extra.py
[2025-01-08T10:44:50.052+0000] {processor.py:914} INFO - Processing file /home/airflow/.local/lib/python3.12/site-packages/airflow/example_dags/example_inlet_event_extra.py for tasks to queue
[2025-01-08T10:44:50.055+0000] {logging_mixin.py:190} INFO - [2025-01-08T10:44:50.055+0000] {dagbag.py:588} INFO - Filling up the DagBag from /home/airflow/.local/lib/python3.12/site-packages/airflow/example_dags/example_inlet_event_extra.py
[2025-01-08T10:44:50.627+0000] {processor.py:925} INFO - DAG(s) 'read_dataset_event_from_classic', 'read_dataset_event' retrieved from /home/airflow/.local/lib/python3.12/site-packages/airflow/example_dags/example_inlet_event_extra.py
[2025-01-08T10:44:50.653+0000] {logging_mixin.py:190} INFO - [2025-01-08T10:44:50.652+0000] {dag.py:3239} INFO - Sync 2 DAGs
[2025-01-08T10:44:50.679+0000] {logging_mixin.py:190} INFO - [2025-01-08T10:44:50.678+0000] {dag.py:4180} INFO - Setting next_dagrun for read_dataset_event to 2025-01-07 00:00:00+00:00, run_after=2025-01-08 00:00:00+00:00
[2025-01-08T10:44:50.683+0000] {logging_mixin.py:190} INFO - [2025-01-08T10:44:50.683+0000] {dag.py:4180} INFO - Setting next_dagrun for read_dataset_event_from_classic to 2025-01-07 00:00:00+00:00, run_after=2025-01-08 00:00:00+00:00
[2025-01-08T10:44:50.701+0000] {processor.py:208} INFO - Processing /home/airflow/.local/lib/python3.12/site-packages/airflow/example_dags/example_inlet_event_extra.py took 0.659 seconds
[2025-01-08T10:45:21.514+0000] {processor.py:186} INFO - Started process (PID=1493) to work on /home/airflow/.local/lib/python3.12/site-packages/airflow/example_dags/example_inlet_event_extra.py
[2025-01-08T10:45:21.515+0000] {processor.py:914} INFO - Processing file /home/airflow/.local/lib/python3.12/site-packages/airflow/example_dags/example_inlet_event_extra.py for tasks to queue
[2025-01-08T10:45:21.517+0000] {logging_mixin.py:190} INFO - [2025-01-08T10:45:21.517+0000] {dagbag.py:588} INFO - Filling up the DagBag from /home/airflow/.local/lib/python3.12/site-packages/airflow/example_dags/example_inlet_event_extra.py
[2025-01-08T10:45:22.127+0000] {processor.py:925} INFO - DAG(s) 'read_dataset_event', 'read_dataset_event_from_classic' retrieved from /home/airflow/.local/lib/python3.12/site-packages/airflow/example_dags/example_inlet_event_extra.py
[2025-01-08T10:45:22.145+0000] {logging_mixin.py:190} INFO - [2025-01-08T10:45:22.145+0000] {dag.py:3239} INFO - Sync 2 DAGs
[2025-01-08T10:45:22.172+0000] {logging_mixin.py:190} INFO - [2025-01-08T10:45:22.171+0000] {dag.py:4180} INFO - Setting next_dagrun for read_dataset_event to 2025-01-07 00:00:00+00:00, run_after=2025-01-08 00:00:00+00:00
[2025-01-08T10:45:22.177+0000] {logging_mixin.py:190} INFO - [2025-01-08T10:45:22.177+0000] {dag.py:4180} INFO - Setting next_dagrun for read_dataset_event_from_classic to 2025-01-07 00:00:00+00:00, run_after=2025-01-08 00:00:00+00:00
[2025-01-08T10:45:22.196+0000] {processor.py:208} INFO - Processing /home/airflow/.local/lib/python3.12/site-packages/airflow/example_dags/example_inlet_event_extra.py took 0.686 seconds
[2025-01-08T10:45:52.454+0000] {processor.py:186} INFO - Started process (PID=1794) to work on /home/airflow/.local/lib/python3.12/site-packages/airflow/example_dags/example_inlet_event_extra.py
[2025-01-08T10:45:52.455+0000] {processor.py:914} INFO - Processing file /home/airflow/.local/lib/python3.12/site-packages/airflow/example_dags/example_inlet_event_extra.py for tasks to queue
[2025-01-08T10:45:52.457+0000] {logging_mixin.py:190} INFO - [2025-01-08T10:45:52.457+0000] {dagbag.py:588} INFO - Filling up the DagBag from /home/airflow/.local/lib/python3.12/site-packages/airflow/example_dags/example_inlet_event_extra.py
[2025-01-08T10:45:52.947+0000] {processor.py:925} INFO - DAG(s) 'read_dataset_event_from_classic', 'read_dataset_event' retrieved from /home/airflow/.local/lib/python3.12/site-packages/airflow/example_dags/example_inlet_event_extra.py
[2025-01-08T10:45:52.967+0000] {logging_mixin.py:190} INFO - [2025-01-08T10:45:52.966+0000] {dag.py:3239} INFO - Sync 2 DAGs
[2025-01-08T10:45:52.990+0000] {logging_mixin.py:190} INFO - [2025-01-08T10:45:52.990+0000] {dag.py:4180} INFO - Setting next_dagrun for read_dataset_event to 2025-01-07 00:00:00+00:00, run_after=2025-01-08 00:00:00+00:00
[2025-01-08T10:45:52.996+0000] {logging_mixin.py:190} INFO - [2025-01-08T10:45:52.996+0000] {dag.py:4180} INFO - Setting next_dagrun for read_dataset_event_from_classic to 2025-01-07 00:00:00+00:00, run_after=2025-01-08 00:00:00+00:00
[2025-01-08T10:45:53.016+0000] {processor.py:208} INFO - Processing /home/airflow/.local/lib/python3.12/site-packages/airflow/example_dags/example_inlet_event_extra.py took 0.566 seconds
[2025-01-08T10:46:23.183+0000] {processor.py:186} INFO - Started process (PID=2113) to work on /home/airflow/.local/lib/python3.12/site-packages/airflow/example_dags/example_inlet_event_extra.py
[2025-01-08T10:46:23.184+0000] {processor.py:914} INFO - Processing file /home/airflow/.local/lib/python3.12/site-packages/airflow/example_dags/example_inlet_event_extra.py for tasks to queue
[2025-01-08T10:46:23.186+0000] {logging_mixin.py:190} INFO - [2025-01-08T10:46:23.186+0000] {dagbag.py:588} INFO - Filling up the DagBag from /home/airflow/.local/lib/python3.12/site-packages/airflow/example_dags/example_inlet_event_extra.py
[2025-01-08T10:46:23.724+0000] {processor.py:925} INFO - DAG(s) 'read_dataset_event', 'read_dataset_event_from_classic' retrieved from /home/airflow/.local/lib/python3.12/site-packages/airflow/example_dags/example_inlet_event_extra.py
[2025-01-08T10:46:23.741+0000] {logging_mixin.py:190} INFO - [2025-01-08T10:46:23.741+0000] {dag.py:3239} INFO - Sync 2 DAGs
[2025-01-08T10:46:23.766+0000] {logging_mixin.py:190} INFO - [2025-01-08T10:46:23.765+0000] {dag.py:4180} INFO - Setting next_dagrun for read_dataset_event to 2025-01-07 00:00:00+00:00, run_after=2025-01-08 00:00:00+00:00
[2025-01-08T10:46:23.771+0000] {logging_mixin.py:190} INFO - [2025-01-08T10:46:23.771+0000] {dag.py:4180} INFO - Setting next_dagrun for read_dataset_event_from_classic to 2025-01-07 00:00:00+00:00, run_after=2025-01-08 00:00:00+00:00
[2025-01-08T10:46:23.790+0000] {processor.py:208} INFO - Processing /home/airflow/.local/lib/python3.12/site-packages/airflow/example_dags/example_inlet_event_extra.py took 0.613 seconds
[2025-01-08T10:46:53.863+0000] {processor.py:186} INFO - Started process (PID=2441) to work on /home/airflow/.local/lib/python3.12/site-packages/airflow/example_dags/example_inlet_event_extra.py
[2025-01-08T10:46:53.864+0000] {processor.py:914} INFO - Processing file /home/airflow/.local/lib/python3.12/site-packages/airflow/example_dags/example_inlet_event_extra.py for tasks to queue
[2025-01-08T10:46:53.866+0000] {logging_mixin.py:190} INFO - [2025-01-08T10:46:53.866+0000] {dagbag.py:588} INFO - Filling up the DagBag from /home/airflow/.local/lib/python3.12/site-packages/airflow/example_dags/example_inlet_event_extra.py
[2025-01-08T10:46:54.373+0000] {processor.py:925} INFO - DAG(s) 'read_dataset_event_from_classic', 'read_dataset_event' retrieved from /home/airflow/.local/lib/python3.12/site-packages/airflow/example_dags/example_inlet_event_extra.py
[2025-01-08T10:46:54.392+0000] {logging_mixin.py:190} INFO - [2025-01-08T10:46:54.392+0000] {dag.py:3239} INFO - Sync 2 DAGs
[2025-01-08T10:46:54.416+0000] {logging_mixin.py:190} INFO - [2025-01-08T10:46:54.415+0000] {dag.py:4180} INFO - Setting next_dagrun for read_dataset_event to 2025-01-07 00:00:00+00:00, run_after=2025-01-08 00:00:00+00:00
[2025-01-08T10:46:54.421+0000] {logging_mixin.py:190} INFO - [2025-01-08T10:46:54.421+0000] {dag.py:4180} INFO - Setting next_dagrun for read_dataset_event_from_classic to 2025-01-07 00:00:00+00:00, run_after=2025-01-08 00:00:00+00:00
[2025-01-08T10:46:54.440+0000] {processor.py:208} INFO - Processing /home/airflow/.local/lib/python3.12/site-packages/airflow/example_dags/example_inlet_event_extra.py took 0.583 seconds
[2025-01-08T10:47:24.492+0000] {processor.py:186} INFO - Started process (PID=2757) to work on /home/airflow/.local/lib/python3.12/site-packages/airflow/example_dags/example_inlet_event_extra.py
[2025-01-08T10:47:24.493+0000] {processor.py:914} INFO - Processing file /home/airflow/.local/lib/python3.12/site-packages/airflow/example_dags/example_inlet_event_extra.py for tasks to queue
[2025-01-08T10:47:24.495+0000] {logging_mixin.py:190} INFO - [2025-01-08T10:47:24.495+0000] {dagbag.py:588} INFO - Filling up the DagBag from /home/airflow/.local/lib/python3.12/site-packages/airflow/example_dags/example_inlet_event_extra.py
[2025-01-08T10:47:24.963+0000] {processor.py:925} INFO - DAG(s) 'read_dataset_event_from_classic', 'read_dataset_event' retrieved from /home/airflow/.local/lib/python3.12/site-packages/airflow/example_dags/example_inlet_event_extra.py
[2025-01-08T10:47:24.980+0000] {logging_mixin.py:190} INFO - [2025-01-08T10:47:24.980+0000] {dag.py:3239} INFO - Sync 2 DAGs
[2025-01-08T10:47:25.001+0000] {logging_mixin.py:190} INFO - [2025-01-08T10:47:25.001+0000] {dag.py:4180} INFO - Setting next_dagrun for read_dataset_event to 2025-01-07 00:00:00+00:00, run_after=2025-01-08 00:00:00+00:00
[2025-01-08T10:47:25.006+0000] {logging_mixin.py:190} INFO - [2025-01-08T10:47:25.006+0000] {dag.py:4180} INFO - Setting next_dagrun for read_dataset_event_from_classic to 2025-01-07 00:00:00+00:00, run_after=2025-01-08 00:00:00+00:00
[2025-01-08T10:47:25.028+0000] {processor.py:208} INFO - Processing /home/airflow/.local/lib/python3.12/site-packages/airflow/example_dags/example_inlet_event_extra.py took 0.541 seconds
[2025-01-08T10:47:55.239+0000] {processor.py:186} INFO - Started process (PID=3068) to work on /home/airflow/.local/lib/python3.12/site-packages/airflow/example_dags/example_inlet_event_extra.py
[2025-01-08T10:47:55.240+0000] {processor.py:914} INFO - Processing file /home/airflow/.local/lib/python3.12/site-packages/airflow/example_dags/example_inlet_event_extra.py for tasks to queue
[2025-01-08T10:47:55.242+0000] {logging_mixin.py:190} INFO - [2025-01-08T10:47:55.242+0000] {dagbag.py:588} INFO - Filling up the DagBag from /home/airflow/.local/lib/python3.12/site-packages/airflow/example_dags/example_inlet_event_extra.py
[2025-01-08T10:47:55.846+0000] {processor.py:925} INFO - DAG(s) 'read_dataset_event_from_classic', 'read_dataset_event' retrieved from /home/airflow/.local/lib/python3.12/site-packages/airflow/example_dags/example_inlet_event_extra.py
[2025-01-08T10:47:55.863+0000] {logging_mixin.py:190} INFO - [2025-01-08T10:47:55.863+0000] {dag.py:3239} INFO - Sync 2 DAGs
[2025-01-08T10:47:55.886+0000] {logging_mixin.py:190} INFO - [2025-01-08T10:47:55.886+0000] {dag.py:4180} INFO - Setting next_dagrun for read_dataset_event to 2025-01-07 00:00:00+00:00, run_after=2025-01-08 00:00:00+00:00
[2025-01-08T10:47:55.891+0000] {logging_mixin.py:190} INFO - [2025-01-08T10:47:55.891+0000] {dag.py:4180} INFO - Setting next_dagrun for read_dataset_event_from_classic to 2025-01-07 00:00:00+00:00, run_after=2025-01-08 00:00:00+00:00
[2025-01-08T10:47:55.910+0000] {processor.py:208} INFO - Processing /home/airflow/.local/lib/python3.12/site-packages/airflow/example_dags/example_inlet_event_extra.py took 0.677 seconds
