[2025-01-08T10:35:20.841+0000] {processor.py:186} INFO - Started process (PID=467) to work on /home/airflow/.local/lib/python3.12/site-packages/airflow/example_dags/example_dag_decorator.py
[2025-01-08T10:35:20.843+0000] {processor.py:914} INFO - Processing file /home/airflow/.local/lib/python3.12/site-packages/airflow/example_dags/example_dag_decorator.py for tasks to queue
[2025-01-08T10:35:20.846+0000] {logging_mixin.py:190} INFO - [2025-01-08T10:35:20.845+0000] {dagbag.py:588} INFO - Filling up the DagBag from /home/airflow/.local/lib/python3.12/site-packages/airflow/example_dags/example_dag_decorator.py
[2025-01-08T10:35:20.864+0000] {processor.py:925} INFO - DAG(s) 'example_dag_decorator' retrieved from /home/airflow/.local/lib/python3.12/site-packages/airflow/example_dags/example_dag_decorator.py
[2025-01-08T10:35:21.051+0000] {logging_mixin.py:190} INFO - [2025-01-08T10:35:21.050+0000] {override.py:1911} INFO - Created Permission View: can delete on DAG:example_dag_decorator
[2025-01-08T10:35:21.066+0000] {logging_mixin.py:190} INFO - [2025-01-08T10:35:21.065+0000] {override.py:1911} INFO - Created Permission View: can read on DAG:example_dag_decorator
[2025-01-08T10:35:21.078+0000] {logging_mixin.py:190} INFO - [2025-01-08T10:35:21.077+0000] {override.py:1911} INFO - Created Permission View: can edit on DAG:example_dag_decorator
[2025-01-08T10:35:21.092+0000] {logging_mixin.py:190} INFO - [2025-01-08T10:35:21.091+0000] {override.py:1911} INFO - Created Permission View: menu access on DAG Run:example_dag_decorator
[2025-01-08T10:35:21.103+0000] {logging_mixin.py:190} INFO - [2025-01-08T10:35:21.103+0000] {override.py:1911} INFO - Created Permission View: can create on DAG Run:example_dag_decorator
[2025-01-08T10:35:21.119+0000] {logging_mixin.py:190} INFO - [2025-01-08T10:35:21.118+0000] {override.py:1911} INFO - Created Permission View: can read on DAG Run:example_dag_decorator
[2025-01-08T10:35:21.132+0000] {logging_mixin.py:190} INFO - [2025-01-08T10:35:21.131+0000] {override.py:1911} INFO - Created Permission View: can delete on DAG Run:example_dag_decorator
[2025-01-08T10:35:21.132+0000] {logging_mixin.py:190} INFO - [2025-01-08T10:35:21.132+0000] {dag.py:3239} INFO - Sync 1 DAGs
[2025-01-08T10:35:21.154+0000] {logging_mixin.py:190} INFO - [2025-01-08T10:35:21.153+0000] {dag.py:3262} INFO - Creating ORM DAG for example_dag_decorator
[2025-01-08T10:35:21.155+0000] {logging_mixin.py:190} INFO - [2025-01-08T10:35:21.155+0000] {dag.py:4180} INFO - Setting next_dagrun for example_dag_decorator to None, run_after=None
[2025-01-08T10:35:21.180+0000] {processor.py:208} INFO - Processing /home/airflow/.local/lib/python3.12/site-packages/airflow/example_dags/example_dag_decorator.py took 0.347 seconds
[2025-01-08T10:35:54.005+0000] {processor.py:186} INFO - Started process (PID=774) to work on /home/airflow/.local/lib/python3.12/site-packages/airflow/example_dags/example_dag_decorator.py
[2025-01-08T10:35:54.011+0000] {processor.py:914} INFO - Processing file /home/airflow/.local/lib/python3.12/site-packages/airflow/example_dags/example_dag_decorator.py for tasks to queue
[2025-01-08T10:35:54.018+0000] {logging_mixin.py:190} INFO - [2025-01-08T10:35:54.018+0000] {dagbag.py:588} INFO - Filling up the DagBag from /home/airflow/.local/lib/python3.12/site-packages/airflow/example_dags/example_dag_decorator.py
[2025-01-08T10:35:54.055+0000] {processor.py:925} INFO - DAG(s) 'example_dag_decorator' retrieved from /home/airflow/.local/lib/python3.12/site-packages/airflow/example_dags/example_dag_decorator.py
[2025-01-08T10:35:54.380+0000] {logging_mixin.py:190} INFO - [2025-01-08T10:35:54.379+0000] {dag.py:3239} INFO - Sync 1 DAGs
[2025-01-08T10:35:54.423+0000] {logging_mixin.py:190} INFO - [2025-01-08T10:35:54.423+0000] {dag.py:4180} INFO - Setting next_dagrun for example_dag_decorator to None, run_after=None
[2025-01-08T10:35:54.475+0000] {processor.py:208} INFO - Processing /home/airflow/.local/lib/python3.12/site-packages/airflow/example_dags/example_dag_decorator.py took 0.488 seconds
[2025-01-08T10:36:28.572+0000] {processor.py:186} INFO - Started process (PID=1075) to work on /home/airflow/.local/lib/python3.12/site-packages/airflow/example_dags/example_dag_decorator.py
[2025-01-08T10:36:28.573+0000] {processor.py:914} INFO - Processing file /home/airflow/.local/lib/python3.12/site-packages/airflow/example_dags/example_dag_decorator.py for tasks to queue
[2025-01-08T10:36:28.576+0000] {logging_mixin.py:190} INFO - [2025-01-08T10:36:28.576+0000] {dagbag.py:588} INFO - Filling up the DagBag from /home/airflow/.local/lib/python3.12/site-packages/airflow/example_dags/example_dag_decorator.py
[2025-01-08T10:36:28.590+0000] {processor.py:925} INFO - DAG(s) 'example_dag_decorator' retrieved from /home/airflow/.local/lib/python3.12/site-packages/airflow/example_dags/example_dag_decorator.py
[2025-01-08T10:36:28.738+0000] {logging_mixin.py:190} INFO - [2025-01-08T10:36:28.738+0000] {dag.py:3239} INFO - Sync 1 DAGs
[2025-01-08T10:36:28.754+0000] {logging_mixin.py:190} INFO - [2025-01-08T10:36:28.754+0000] {dag.py:4180} INFO - Setting next_dagrun for example_dag_decorator to None, run_after=None
[2025-01-08T10:36:28.781+0000] {processor.py:208} INFO - Processing /home/airflow/.local/lib/python3.12/site-packages/airflow/example_dags/example_dag_decorator.py took 0.216 seconds
[2025-01-08T10:36:59.953+0000] {processor.py:186} INFO - Started process (PID=1376) to work on /home/airflow/.local/lib/python3.12/site-packages/airflow/example_dags/example_dag_decorator.py
[2025-01-08T10:36:59.955+0000] {processor.py:914} INFO - Processing file /home/airflow/.local/lib/python3.12/site-packages/airflow/example_dags/example_dag_decorator.py for tasks to queue
[2025-01-08T10:36:59.964+0000] {logging_mixin.py:190} INFO - [2025-01-08T10:36:59.963+0000] {dagbag.py:588} INFO - Filling up the DagBag from /home/airflow/.local/lib/python3.12/site-packages/airflow/example_dags/example_dag_decorator.py
[2025-01-08T10:37:00.007+0000] {processor.py:925} INFO - DAG(s) 'example_dag_decorator' retrieved from /home/airflow/.local/lib/python3.12/site-packages/airflow/example_dags/example_dag_decorator.py
[2025-01-08T10:37:00.384+0000] {logging_mixin.py:190} INFO - [2025-01-08T10:37:00.384+0000] {dag.py:3239} INFO - Sync 1 DAGs
[2025-01-08T10:37:00.422+0000] {logging_mixin.py:190} INFO - [2025-01-08T10:37:00.422+0000] {dag.py:4180} INFO - Setting next_dagrun for example_dag_decorator to None, run_after=None
[2025-01-08T10:37:00.500+0000] {processor.py:208} INFO - Processing /home/airflow/.local/lib/python3.12/site-packages/airflow/example_dags/example_dag_decorator.py took 0.565 seconds
[2025-01-08T10:37:31.370+0000] {processor.py:186} INFO - Started process (PID=1674) to work on /home/airflow/.local/lib/python3.12/site-packages/airflow/example_dags/example_dag_decorator.py
[2025-01-08T10:37:31.371+0000] {processor.py:914} INFO - Processing file /home/airflow/.local/lib/python3.12/site-packages/airflow/example_dags/example_dag_decorator.py for tasks to queue
[2025-01-08T10:37:31.373+0000] {logging_mixin.py:190} INFO - [2025-01-08T10:37:31.373+0000] {dagbag.py:588} INFO - Filling up the DagBag from /home/airflow/.local/lib/python3.12/site-packages/airflow/example_dags/example_dag_decorator.py
[2025-01-08T10:37:31.386+0000] {processor.py:925} INFO - DAG(s) 'example_dag_decorator' retrieved from /home/airflow/.local/lib/python3.12/site-packages/airflow/example_dags/example_dag_decorator.py
[2025-01-08T10:37:31.517+0000] {logging_mixin.py:190} INFO - [2025-01-08T10:37:31.516+0000] {dag.py:3239} INFO - Sync 1 DAGs
[2025-01-08T10:37:31.536+0000] {logging_mixin.py:190} INFO - [2025-01-08T10:37:31.536+0000] {dag.py:4180} INFO - Setting next_dagrun for example_dag_decorator to None, run_after=None
[2025-01-08T10:37:31.612+0000] {processor.py:208} INFO - Processing /home/airflow/.local/lib/python3.12/site-packages/airflow/example_dags/example_dag_decorator.py took 0.250 seconds
[2025-01-08T10:38:03.205+0000] {processor.py:186} INFO - Started process (PID=1973) to work on /home/airflow/.local/lib/python3.12/site-packages/airflow/example_dags/example_dag_decorator.py
[2025-01-08T10:38:03.209+0000] {processor.py:914} INFO - Processing file /home/airflow/.local/lib/python3.12/site-packages/airflow/example_dags/example_dag_decorator.py for tasks to queue
[2025-01-08T10:38:03.213+0000] {logging_mixin.py:190} INFO - [2025-01-08T10:38:03.212+0000] {dagbag.py:588} INFO - Filling up the DagBag from /home/airflow/.local/lib/python3.12/site-packages/airflow/example_dags/example_dag_decorator.py
[2025-01-08T10:38:03.249+0000] {processor.py:925} INFO - DAG(s) 'example_dag_decorator' retrieved from /home/airflow/.local/lib/python3.12/site-packages/airflow/example_dags/example_dag_decorator.py
[2025-01-08T10:38:03.570+0000] {logging_mixin.py:190} INFO - [2025-01-08T10:38:03.570+0000] {dag.py:3239} INFO - Sync 1 DAGs
[2025-01-08T10:38:03.608+0000] {logging_mixin.py:190} INFO - [2025-01-08T10:38:03.608+0000] {dag.py:4180} INFO - Setting next_dagrun for example_dag_decorator to None, run_after=None
[2025-01-08T10:38:03.762+0000] {processor.py:208} INFO - Processing /home/airflow/.local/lib/python3.12/site-packages/airflow/example_dags/example_dag_decorator.py took 0.573 seconds
[2025-01-08T10:38:36.025+0000] {processor.py:186} INFO - Started process (PID=2273) to work on /home/airflow/.local/lib/python3.12/site-packages/airflow/example_dags/example_dag_decorator.py
[2025-01-08T10:38:36.028+0000] {processor.py:914} INFO - Processing file /home/airflow/.local/lib/python3.12/site-packages/airflow/example_dags/example_dag_decorator.py for tasks to queue
[2025-01-08T10:38:36.035+0000] {logging_mixin.py:190} INFO - [2025-01-08T10:38:36.034+0000] {dagbag.py:588} INFO - Filling up the DagBag from /home/airflow/.local/lib/python3.12/site-packages/airflow/example_dags/example_dag_decorator.py
[2025-01-08T10:38:36.068+0000] {processor.py:925} INFO - DAG(s) 'example_dag_decorator' retrieved from /home/airflow/.local/lib/python3.12/site-packages/airflow/example_dags/example_dag_decorator.py
[2025-01-08T10:38:36.400+0000] {logging_mixin.py:190} INFO - [2025-01-08T10:38:36.400+0000] {dag.py:3239} INFO - Sync 1 DAGs
[2025-01-08T10:38:36.439+0000] {logging_mixin.py:190} INFO - [2025-01-08T10:38:36.438+0000] {dag.py:4180} INFO - Setting next_dagrun for example_dag_decorator to None, run_after=None
[2025-01-08T10:38:36.489+0000] {processor.py:208} INFO - Processing /home/airflow/.local/lib/python3.12/site-packages/airflow/example_dags/example_dag_decorator.py took 0.482 seconds
[2025-01-08T10:39:06.685+0000] {processor.py:186} INFO - Started process (PID=2576) to work on /home/airflow/.local/lib/python3.12/site-packages/airflow/example_dags/example_dag_decorator.py
[2025-01-08T10:39:06.686+0000] {processor.py:914} INFO - Processing file /home/airflow/.local/lib/python3.12/site-packages/airflow/example_dags/example_dag_decorator.py for tasks to queue
[2025-01-08T10:39:06.689+0000] {logging_mixin.py:190} INFO - [2025-01-08T10:39:06.689+0000] {dagbag.py:588} INFO - Filling up the DagBag from /home/airflow/.local/lib/python3.12/site-packages/airflow/example_dags/example_dag_decorator.py
[2025-01-08T10:39:06.707+0000] {processor.py:925} INFO - DAG(s) 'example_dag_decorator' retrieved from /home/airflow/.local/lib/python3.12/site-packages/airflow/example_dags/example_dag_decorator.py
[2025-01-08T10:39:06.867+0000] {logging_mixin.py:190} INFO - [2025-01-08T10:39:06.867+0000] {dag.py:3239} INFO - Sync 1 DAGs
[2025-01-08T10:39:06.887+0000] {logging_mixin.py:190} INFO - [2025-01-08T10:39:06.887+0000] {dag.py:4180} INFO - Setting next_dagrun for example_dag_decorator to None, run_after=None
[2025-01-08T10:39:06.951+0000] {processor.py:208} INFO - Processing /home/airflow/.local/lib/python3.12/site-packages/airflow/example_dags/example_dag_decorator.py took 0.273 seconds
[2025-01-08T10:39:42.385+0000] {processor.py:186} INFO - Started process (PID=2885) to work on /home/airflow/.local/lib/python3.12/site-packages/airflow/example_dags/example_dag_decorator.py
[2025-01-08T10:39:42.389+0000] {processor.py:914} INFO - Processing file /home/airflow/.local/lib/python3.12/site-packages/airflow/example_dags/example_dag_decorator.py for tasks to queue
[2025-01-08T10:39:42.393+0000] {logging_mixin.py:190} INFO - [2025-01-08T10:39:42.393+0000] {dagbag.py:588} INFO - Filling up the DagBag from /home/airflow/.local/lib/python3.12/site-packages/airflow/example_dags/example_dag_decorator.py
[2025-01-08T10:39:42.431+0000] {processor.py:925} INFO - DAG(s) 'example_dag_decorator' retrieved from /home/airflow/.local/lib/python3.12/site-packages/airflow/example_dags/example_dag_decorator.py
[2025-01-08T10:39:42.815+0000] {logging_mixin.py:190} INFO - [2025-01-08T10:39:42.813+0000] {dag.py:3239} INFO - Sync 1 DAGs
[2025-01-08T10:39:42.858+0000] {logging_mixin.py:190} INFO - [2025-01-08T10:39:42.857+0000] {dag.py:4180} INFO - Setting next_dagrun for example_dag_decorator to None, run_after=None
[2025-01-08T10:39:42.924+0000] {processor.py:208} INFO - Processing /home/airflow/.local/lib/python3.12/site-packages/airflow/example_dags/example_dag_decorator.py took 0.556 seconds
[2025-01-08T10:40:17.877+0000] {processor.py:186} INFO - Started process (PID=3186) to work on /home/airflow/.local/lib/python3.12/site-packages/airflow/example_dags/example_dag_decorator.py
[2025-01-08T10:40:17.882+0000] {processor.py:914} INFO - Processing file /home/airflow/.local/lib/python3.12/site-packages/airflow/example_dags/example_dag_decorator.py for tasks to queue
[2025-01-08T10:40:17.887+0000] {logging_mixin.py:190} INFO - [2025-01-08T10:40:17.886+0000] {dagbag.py:588} INFO - Filling up the DagBag from /home/airflow/.local/lib/python3.12/site-packages/airflow/example_dags/example_dag_decorator.py
[2025-01-08T10:40:17.917+0000] {processor.py:925} INFO - DAG(s) 'example_dag_decorator' retrieved from /home/airflow/.local/lib/python3.12/site-packages/airflow/example_dags/example_dag_decorator.py
[2025-01-08T10:40:18.254+0000] {logging_mixin.py:190} INFO - [2025-01-08T10:40:18.253+0000] {dag.py:3239} INFO - Sync 1 DAGs
[2025-01-08T10:40:18.291+0000] {logging_mixin.py:190} INFO - [2025-01-08T10:40:18.290+0000] {dag.py:4180} INFO - Setting next_dagrun for example_dag_decorator to None, run_after=None
[2025-01-08T10:40:18.342+0000] {processor.py:208} INFO - Processing /home/airflow/.local/lib/python3.12/site-packages/airflow/example_dags/example_dag_decorator.py took 0.481 seconds
[2025-01-08T10:43:22.632+0000] {processor.py:186} INFO - Started process (PID=468) to work on /home/airflow/.local/lib/python3.12/site-packages/airflow/example_dags/example_dag_decorator.py
[2025-01-08T10:43:22.634+0000] {processor.py:914} INFO - Processing file /home/airflow/.local/lib/python3.12/site-packages/airflow/example_dags/example_dag_decorator.py for tasks to queue
[2025-01-08T10:43:22.636+0000] {logging_mixin.py:190} INFO - [2025-01-08T10:43:22.636+0000] {dagbag.py:588} INFO - Filling up the DagBag from /home/airflow/.local/lib/python3.12/site-packages/airflow/example_dags/example_dag_decorator.py
[2025-01-08T10:43:22.651+0000] {processor.py:925} INFO - DAG(s) 'example_dag_decorator' retrieved from /home/airflow/.local/lib/python3.12/site-packages/airflow/example_dags/example_dag_decorator.py
[2025-01-08T10:43:22.806+0000] {logging_mixin.py:190} INFO - [2025-01-08T10:43:22.805+0000] {dag.py:3239} INFO - Sync 1 DAGs
[2025-01-08T10:43:22.829+0000] {logging_mixin.py:190} INFO - [2025-01-08T10:43:22.829+0000] {dag.py:4180} INFO - Setting next_dagrun for example_dag_decorator to None, run_after=None
[2025-01-08T10:43:22.878+0000] {processor.py:208} INFO - Processing /home/airflow/.local/lib/python3.12/site-packages/airflow/example_dags/example_dag_decorator.py took 0.254 seconds
[2025-01-08T10:43:53.566+0000] {processor.py:186} INFO - Started process (PID=769) to work on /home/airflow/.local/lib/python3.12/site-packages/airflow/example_dags/example_dag_decorator.py
[2025-01-08T10:43:53.567+0000] {processor.py:914} INFO - Processing file /home/airflow/.local/lib/python3.12/site-packages/airflow/example_dags/example_dag_decorator.py for tasks to queue
[2025-01-08T10:43:53.570+0000] {logging_mixin.py:190} INFO - [2025-01-08T10:43:53.570+0000] {dagbag.py:588} INFO - Filling up the DagBag from /home/airflow/.local/lib/python3.12/site-packages/airflow/example_dags/example_dag_decorator.py
[2025-01-08T10:43:53.587+0000] {processor.py:925} INFO - DAG(s) 'example_dag_decorator' retrieved from /home/airflow/.local/lib/python3.12/site-packages/airflow/example_dags/example_dag_decorator.py
[2025-01-08T10:43:53.730+0000] {logging_mixin.py:190} INFO - [2025-01-08T10:43:53.730+0000] {dag.py:3239} INFO - Sync 1 DAGs
[2025-01-08T10:43:53.745+0000] {logging_mixin.py:190} INFO - [2025-01-08T10:43:53.745+0000] {dag.py:4180} INFO - Setting next_dagrun for example_dag_decorator to None, run_after=None
[2025-01-08T10:43:53.770+0000] {processor.py:208} INFO - Processing /home/airflow/.local/lib/python3.12/site-packages/airflow/example_dags/example_dag_decorator.py took 0.212 seconds
[2025-01-08T10:44:24.303+0000] {processor.py:186} INFO - Started process (PID=1069) to work on /home/airflow/.local/lib/python3.12/site-packages/airflow/example_dags/example_dag_decorator.py
[2025-01-08T10:44:24.304+0000] {processor.py:914} INFO - Processing file /home/airflow/.local/lib/python3.12/site-packages/airflow/example_dags/example_dag_decorator.py for tasks to queue
[2025-01-08T10:44:24.307+0000] {logging_mixin.py:190} INFO - [2025-01-08T10:44:24.306+0000] {dagbag.py:588} INFO - Filling up the DagBag from /home/airflow/.local/lib/python3.12/site-packages/airflow/example_dags/example_dag_decorator.py
[2025-01-08T10:44:24.320+0000] {processor.py:925} INFO - DAG(s) 'example_dag_decorator' retrieved from /home/airflow/.local/lib/python3.12/site-packages/airflow/example_dags/example_dag_decorator.py
[2025-01-08T10:44:24.432+0000] {logging_mixin.py:190} INFO - [2025-01-08T10:44:24.431+0000] {dag.py:3239} INFO - Sync 1 DAGs
[2025-01-08T10:44:24.446+0000] {logging_mixin.py:190} INFO - [2025-01-08T10:44:24.445+0000] {dag.py:4180} INFO - Setting next_dagrun for example_dag_decorator to None, run_after=None
[2025-01-08T10:44:24.467+0000] {processor.py:208} INFO - Processing /home/airflow/.local/lib/python3.12/site-packages/airflow/example_dags/example_dag_decorator.py took 0.170 seconds
[2025-01-08T10:44:54.846+0000] {processor.py:186} INFO - Started process (PID=1365) to work on /home/airflow/.local/lib/python3.12/site-packages/airflow/example_dags/example_dag_decorator.py
[2025-01-08T10:44:54.848+0000] {processor.py:914} INFO - Processing file /home/airflow/.local/lib/python3.12/site-packages/airflow/example_dags/example_dag_decorator.py for tasks to queue
[2025-01-08T10:44:54.850+0000] {logging_mixin.py:190} INFO - [2025-01-08T10:44:54.849+0000] {dagbag.py:588} INFO - Filling up the DagBag from /home/airflow/.local/lib/python3.12/site-packages/airflow/example_dags/example_dag_decorator.py
[2025-01-08T10:44:54.862+0000] {processor.py:925} INFO - DAG(s) 'example_dag_decorator' retrieved from /home/airflow/.local/lib/python3.12/site-packages/airflow/example_dags/example_dag_decorator.py
[2025-01-08T10:44:54.983+0000] {logging_mixin.py:190} INFO - [2025-01-08T10:44:54.983+0000] {dag.py:3239} INFO - Sync 1 DAGs
[2025-01-08T10:44:54.996+0000] {logging_mixin.py:190} INFO - [2025-01-08T10:44:54.996+0000] {dag.py:4180} INFO - Setting next_dagrun for example_dag_decorator to None, run_after=None
[2025-01-08T10:44:55.021+0000] {processor.py:208} INFO - Processing /home/airflow/.local/lib/python3.12/site-packages/airflow/example_dags/example_dag_decorator.py took 0.180 seconds
[2025-01-08T10:45:25.898+0000] {processor.py:186} INFO - Started process (PID=1671) to work on /home/airflow/.local/lib/python3.12/site-packages/airflow/example_dags/example_dag_decorator.py
[2025-01-08T10:45:25.899+0000] {processor.py:914} INFO - Processing file /home/airflow/.local/lib/python3.12/site-packages/airflow/example_dags/example_dag_decorator.py for tasks to queue
[2025-01-08T10:45:25.901+0000] {logging_mixin.py:190} INFO - [2025-01-08T10:45:25.901+0000] {dagbag.py:588} INFO - Filling up the DagBag from /home/airflow/.local/lib/python3.12/site-packages/airflow/example_dags/example_dag_decorator.py
[2025-01-08T10:45:25.913+0000] {processor.py:925} INFO - DAG(s) 'example_dag_decorator' retrieved from /home/airflow/.local/lib/python3.12/site-packages/airflow/example_dags/example_dag_decorator.py
[2025-01-08T10:45:26.035+0000] {logging_mixin.py:190} INFO - [2025-01-08T10:45:26.035+0000] {dag.py:3239} INFO - Sync 1 DAGs
[2025-01-08T10:45:26.049+0000] {logging_mixin.py:190} INFO - [2025-01-08T10:45:26.049+0000] {dag.py:4180} INFO - Setting next_dagrun for example_dag_decorator to None, run_after=None
[2025-01-08T10:45:26.075+0000] {processor.py:208} INFO - Processing /home/airflow/.local/lib/python3.12/site-packages/airflow/example_dags/example_dag_decorator.py took 0.182 seconds
[2025-01-08T10:45:56.564+0000] {processor.py:186} INFO - Started process (PID=1972) to work on /home/airflow/.local/lib/python3.12/site-packages/airflow/example_dags/example_dag_decorator.py
[2025-01-08T10:45:56.565+0000] {processor.py:914} INFO - Processing file /home/airflow/.local/lib/python3.12/site-packages/airflow/example_dags/example_dag_decorator.py for tasks to queue
[2025-01-08T10:45:56.567+0000] {logging_mixin.py:190} INFO - [2025-01-08T10:45:56.567+0000] {dagbag.py:588} INFO - Filling up the DagBag from /home/airflow/.local/lib/python3.12/site-packages/airflow/example_dags/example_dag_decorator.py
[2025-01-08T10:45:56.579+0000] {processor.py:925} INFO - DAG(s) 'example_dag_decorator' retrieved from /home/airflow/.local/lib/python3.12/site-packages/airflow/example_dags/example_dag_decorator.py
[2025-01-08T10:45:56.701+0000] {logging_mixin.py:190} INFO - [2025-01-08T10:45:56.701+0000] {dag.py:3239} INFO - Sync 1 DAGs
[2025-01-08T10:45:56.717+0000] {logging_mixin.py:190} INFO - [2025-01-08T10:45:56.717+0000] {dag.py:4180} INFO - Setting next_dagrun for example_dag_decorator to None, run_after=None
[2025-01-08T10:45:56.739+0000] {processor.py:208} INFO - Processing /home/airflow/.local/lib/python3.12/site-packages/airflow/example_dags/example_dag_decorator.py took 0.181 seconds
[2025-01-08T10:46:27.486+0000] {processor.py:186} INFO - Started process (PID=2268) to work on /home/airflow/.local/lib/python3.12/site-packages/airflow/example_dags/example_dag_decorator.py
[2025-01-08T10:46:27.487+0000] {processor.py:914} INFO - Processing file /home/airflow/.local/lib/python3.12/site-packages/airflow/example_dags/example_dag_decorator.py for tasks to queue
[2025-01-08T10:46:27.489+0000] {logging_mixin.py:190} INFO - [2025-01-08T10:46:27.489+0000] {dagbag.py:588} INFO - Filling up the DagBag from /home/airflow/.local/lib/python3.12/site-packages/airflow/example_dags/example_dag_decorator.py
[2025-01-08T10:46:27.500+0000] {processor.py:925} INFO - DAG(s) 'example_dag_decorator' retrieved from /home/airflow/.local/lib/python3.12/site-packages/airflow/example_dags/example_dag_decorator.py
[2025-01-08T10:46:27.614+0000] {logging_mixin.py:190} INFO - [2025-01-08T10:46:27.614+0000] {dag.py:3239} INFO - Sync 1 DAGs
[2025-01-08T10:46:27.627+0000] {logging_mixin.py:190} INFO - [2025-01-08T10:46:27.627+0000] {dag.py:4180} INFO - Setting next_dagrun for example_dag_decorator to None, run_after=None
[2025-01-08T10:46:27.648+0000] {processor.py:208} INFO - Processing /home/airflow/.local/lib/python3.12/site-packages/airflow/example_dags/example_dag_decorator.py took 0.167 seconds
[2025-01-08T10:46:58.112+0000] {processor.py:186} INFO - Started process (PID=2581) to work on /home/airflow/.local/lib/python3.12/site-packages/airflow/example_dags/example_dag_decorator.py
[2025-01-08T10:46:58.113+0000] {processor.py:914} INFO - Processing file /home/airflow/.local/lib/python3.12/site-packages/airflow/example_dags/example_dag_decorator.py for tasks to queue
[2025-01-08T10:46:58.115+0000] {logging_mixin.py:190} INFO - [2025-01-08T10:46:58.115+0000] {dagbag.py:588} INFO - Filling up the DagBag from /home/airflow/.local/lib/python3.12/site-packages/airflow/example_dags/example_dag_decorator.py
[2025-01-08T10:46:58.125+0000] {processor.py:925} INFO - DAG(s) 'example_dag_decorator' retrieved from /home/airflow/.local/lib/python3.12/site-packages/airflow/example_dags/example_dag_decorator.py
[2025-01-08T10:46:58.230+0000] {logging_mixin.py:190} INFO - [2025-01-08T10:46:58.229+0000] {dag.py:3239} INFO - Sync 1 DAGs
[2025-01-08T10:46:58.240+0000] {logging_mixin.py:190} INFO - [2025-01-08T10:46:58.240+0000] {dag.py:4180} INFO - Setting next_dagrun for example_dag_decorator to None, run_after=None
[2025-01-08T10:46:58.258+0000] {processor.py:208} INFO - Processing /home/airflow/.local/lib/python3.12/site-packages/airflow/example_dags/example_dag_decorator.py took 0.151 seconds
[2025-01-08T10:47:29.233+0000] {processor.py:186} INFO - Started process (PID=2870) to work on /home/airflow/.local/lib/python3.12/site-packages/airflow/example_dags/example_dag_decorator.py
[2025-01-08T10:47:29.234+0000] {processor.py:914} INFO - Processing file /home/airflow/.local/lib/python3.12/site-packages/airflow/example_dags/example_dag_decorator.py for tasks to queue
[2025-01-08T10:47:29.236+0000] {logging_mixin.py:190} INFO - [2025-01-08T10:47:29.235+0000] {dagbag.py:588} INFO - Filling up the DagBag from /home/airflow/.local/lib/python3.12/site-packages/airflow/example_dags/example_dag_decorator.py
[2025-01-08T10:47:29.249+0000] {processor.py:925} INFO - DAG(s) 'example_dag_decorator' retrieved from /home/airflow/.local/lib/python3.12/site-packages/airflow/example_dags/example_dag_decorator.py
[2025-01-08T10:47:29.383+0000] {logging_mixin.py:190} INFO - [2025-01-08T10:47:29.383+0000] {dag.py:3239} INFO - Sync 1 DAGs
[2025-01-08T10:47:29.394+0000] {logging_mixin.py:190} INFO - [2025-01-08T10:47:29.394+0000] {dag.py:4180} INFO - Setting next_dagrun for example_dag_decorator to None, run_after=None
[2025-01-08T10:47:29.412+0000] {processor.py:208} INFO - Processing /home/airflow/.local/lib/python3.12/site-packages/airflow/example_dags/example_dag_decorator.py took 0.185 seconds
[2025-01-08T10:48:00.254+0000] {processor.py:186} INFO - Started process (PID=3171) to work on /home/airflow/.local/lib/python3.12/site-packages/airflow/example_dags/example_dag_decorator.py
[2025-01-08T10:48:00.255+0000] {processor.py:914} INFO - Processing file /home/airflow/.local/lib/python3.12/site-packages/airflow/example_dags/example_dag_decorator.py for tasks to queue
[2025-01-08T10:48:00.257+0000] {logging_mixin.py:190} INFO - [2025-01-08T10:48:00.257+0000] {dagbag.py:588} INFO - Filling up the DagBag from /home/airflow/.local/lib/python3.12/site-packages/airflow/example_dags/example_dag_decorator.py
[2025-01-08T10:48:00.270+0000] {processor.py:925} INFO - DAG(s) 'example_dag_decorator' retrieved from /home/airflow/.local/lib/python3.12/site-packages/airflow/example_dags/example_dag_decorator.py
[2025-01-08T10:48:00.473+0000] {logging_mixin.py:190} INFO - [2025-01-08T10:48:00.472+0000] {dag.py:3239} INFO - Sync 1 DAGs
[2025-01-08T10:48:00.494+0000] {logging_mixin.py:190} INFO - [2025-01-08T10:48:00.493+0000] {dag.py:4180} INFO - Setting next_dagrun for example_dag_decorator to None, run_after=None
[2025-01-08T10:48:00.536+0000] {processor.py:208} INFO - Processing /home/airflow/.local/lib/python3.12/site-packages/airflow/example_dags/example_dag_decorator.py took 0.289 seconds
