[2025-01-08T10:35:17.258+0000] {processor.py:186} INFO - Started process (PID=407) to work on /home/airflow/.local/lib/python3.12/site-packages/airflow/example_dags/example_branch_operator.py
[2025-01-08T10:35:17.259+0000] {processor.py:914} INFO - Processing file /home/airflow/.local/lib/python3.12/site-packages/airflow/example_dags/example_branch_operator.py for tasks to queue
[2025-01-08T10:35:17.262+0000] {logging_mixin.py:190} INFO - [2025-01-08T10:35:17.261+0000] {dagbag.py:588} INFO - Filling up the DagBag from /home/airflow/.local/lib/python3.12/site-packages/airflow/example_dags/example_branch_operator.py
[2025-01-08T10:35:17.307+0000] {processor.py:925} INFO - DAG(s) 'example_branch_operator' retrieved from /home/airflow/.local/lib/python3.12/site-packages/airflow/example_dags/example_branch_operator.py
[2025-01-08T10:35:17.539+0000] {logging_mixin.py:190} INFO - [2025-01-08T10:35:17.538+0000] {override.py:1911} INFO - Created Permission View: can delete on DAG:example_branch_operator
[2025-01-08T10:35:17.555+0000] {logging_mixin.py:190} INFO - [2025-01-08T10:35:17.555+0000] {override.py:1911} INFO - Created Permission View: can read on DAG:example_branch_operator
[2025-01-08T10:35:17.566+0000] {logging_mixin.py:190} INFO - [2025-01-08T10:35:17.565+0000] {override.py:1911} INFO - Created Permission View: can edit on DAG:example_branch_operator
[2025-01-08T10:35:17.580+0000] {logging_mixin.py:190} INFO - [2025-01-08T10:35:17.579+0000] {override.py:1911} INFO - Created Permission View: menu access on DAG Run:example_branch_operator
[2025-01-08T10:35:17.591+0000] {logging_mixin.py:190} INFO - [2025-01-08T10:35:17.591+0000] {override.py:1911} INFO - Created Permission View: can create on DAG Run:example_branch_operator
[2025-01-08T10:35:17.604+0000] {logging_mixin.py:190} INFO - [2025-01-08T10:35:17.604+0000] {override.py:1911} INFO - Created Permission View: can read on DAG Run:example_branch_operator
[2025-01-08T10:35:17.615+0000] {logging_mixin.py:190} INFO - [2025-01-08T10:35:17.614+0000] {override.py:1911} INFO - Created Permission View: can delete on DAG Run:example_branch_operator
[2025-01-08T10:35:17.616+0000] {logging_mixin.py:190} INFO - [2025-01-08T10:35:17.615+0000] {dag.py:3239} INFO - Sync 1 DAGs
[2025-01-08T10:35:17.633+0000] {logging_mixin.py:190} INFO - [2025-01-08T10:35:17.633+0000] {dag.py:3262} INFO - Creating ORM DAG for example_branch_operator
[2025-01-08T10:35:17.649+0000] {logging_mixin.py:190} INFO - [2025-01-08T10:35:17.649+0000] {dag.py:4180} INFO - Setting next_dagrun for example_branch_operator to 2025-01-07 00:00:00+00:00, run_after=2025-01-08 00:00:00+00:00
[2025-01-08T10:35:17.675+0000] {processor.py:208} INFO - Processing /home/airflow/.local/lib/python3.12/site-packages/airflow/example_dags/example_branch_operator.py took 0.425 seconds
[2025-01-08T10:35:51.299+0000] {processor.py:186} INFO - Started process (PID=710) to work on /home/airflow/.local/lib/python3.12/site-packages/airflow/example_dags/example_branch_operator.py
[2025-01-08T10:35:51.305+0000] {processor.py:914} INFO - Processing file /home/airflow/.local/lib/python3.12/site-packages/airflow/example_dags/example_branch_operator.py for tasks to queue
[2025-01-08T10:35:51.311+0000] {logging_mixin.py:190} INFO - [2025-01-08T10:35:51.310+0000] {dagbag.py:588} INFO - Filling up the DagBag from /home/airflow/.local/lib/python3.12/site-packages/airflow/example_dags/example_branch_operator.py
[2025-01-08T10:35:51.359+0000] {processor.py:925} INFO - DAG(s) 'example_branch_operator' retrieved from /home/airflow/.local/lib/python3.12/site-packages/airflow/example_dags/example_branch_operator.py
[2025-01-08T10:35:51.435+0000] {logging_mixin.py:190} INFO - [2025-01-08T10:35:51.434+0000] {dag.py:3239} INFO - Sync 1 DAGs
[2025-01-08T10:35:51.498+0000] {logging_mixin.py:190} INFO - [2025-01-08T10:35:51.497+0000] {dag.py:4180} INFO - Setting next_dagrun for example_branch_operator to 2025-01-07 00:00:00+00:00, run_after=2025-01-08 00:00:00+00:00
[2025-01-08T10:35:51.585+0000] {processor.py:208} INFO - Processing /home/airflow/.local/lib/python3.12/site-packages/airflow/example_dags/example_branch_operator.py took 0.304 seconds
[2025-01-08T10:36:26.187+0000] {processor.py:186} INFO - Started process (PID=1017) to work on /home/airflow/.local/lib/python3.12/site-packages/airflow/example_dags/example_branch_operator.py
[2025-01-08T10:36:26.190+0000] {processor.py:914} INFO - Processing file /home/airflow/.local/lib/python3.12/site-packages/airflow/example_dags/example_branch_operator.py for tasks to queue
[2025-01-08T10:36:26.201+0000] {logging_mixin.py:190} INFO - [2025-01-08T10:36:26.200+0000] {dagbag.py:588} INFO - Filling up the DagBag from /home/airflow/.local/lib/python3.12/site-packages/airflow/example_dags/example_branch_operator.py
[2025-01-08T10:36:26.250+0000] {processor.py:925} INFO - DAG(s) 'example_branch_operator' retrieved from /home/airflow/.local/lib/python3.12/site-packages/airflow/example_dags/example_branch_operator.py
[2025-01-08T10:36:26.328+0000] {logging_mixin.py:190} INFO - [2025-01-08T10:36:26.328+0000] {dag.py:3239} INFO - Sync 1 DAGs
[2025-01-08T10:36:26.402+0000] {logging_mixin.py:190} INFO - [2025-01-08T10:36:26.402+0000] {dag.py:4180} INFO - Setting next_dagrun for example_branch_operator to 2025-01-07 00:00:00+00:00, run_after=2025-01-08 00:00:00+00:00
[2025-01-08T10:36:26.474+0000] {processor.py:208} INFO - Processing /home/airflow/.local/lib/python3.12/site-packages/airflow/example_dags/example_branch_operator.py took 0.303 seconds
[2025-01-08T10:36:57.022+0000] {processor.py:186} INFO - Started process (PID=1316) to work on /home/airflow/.local/lib/python3.12/site-packages/airflow/example_dags/example_branch_operator.py
[2025-01-08T10:36:57.023+0000] {processor.py:914} INFO - Processing file /home/airflow/.local/lib/python3.12/site-packages/airflow/example_dags/example_branch_operator.py for tasks to queue
[2025-01-08T10:36:57.026+0000] {logging_mixin.py:190} INFO - [2025-01-08T10:36:57.025+0000] {dagbag.py:588} INFO - Filling up the DagBag from /home/airflow/.local/lib/python3.12/site-packages/airflow/example_dags/example_branch_operator.py
[2025-01-08T10:36:57.049+0000] {processor.py:925} INFO - DAG(s) 'example_branch_operator' retrieved from /home/airflow/.local/lib/python3.12/site-packages/airflow/example_dags/example_branch_operator.py
[2025-01-08T10:36:57.094+0000] {logging_mixin.py:190} INFO - [2025-01-08T10:36:57.094+0000] {dag.py:3239} INFO - Sync 1 DAGs
[2025-01-08T10:36:57.148+0000] {logging_mixin.py:190} INFO - [2025-01-08T10:36:57.147+0000] {dag.py:4180} INFO - Setting next_dagrun for example_branch_operator to 2025-01-07 00:00:00+00:00, run_after=2025-01-08 00:00:00+00:00
[2025-01-08T10:36:57.197+0000] {processor.py:208} INFO - Processing /home/airflow/.local/lib/python3.12/site-packages/airflow/example_dags/example_branch_operator.py took 0.181 seconds
[2025-01-08T10:37:28.422+0000] {processor.py:186} INFO - Started process (PID=1619) to work on /home/airflow/.local/lib/python3.12/site-packages/airflow/example_dags/example_branch_operator.py
[2025-01-08T10:37:28.424+0000] {processor.py:914} INFO - Processing file /home/airflow/.local/lib/python3.12/site-packages/airflow/example_dags/example_branch_operator.py for tasks to queue
[2025-01-08T10:37:28.426+0000] {logging_mixin.py:190} INFO - [2025-01-08T10:37:28.426+0000] {dagbag.py:588} INFO - Filling up the DagBag from /home/airflow/.local/lib/python3.12/site-packages/airflow/example_dags/example_branch_operator.py
[2025-01-08T10:37:28.451+0000] {processor.py:925} INFO - DAG(s) 'example_branch_operator' retrieved from /home/airflow/.local/lib/python3.12/site-packages/airflow/example_dags/example_branch_operator.py
[2025-01-08T10:37:28.495+0000] {logging_mixin.py:190} INFO - [2025-01-08T10:37:28.495+0000] {dag.py:3239} INFO - Sync 1 DAGs
[2025-01-08T10:37:28.529+0000] {logging_mixin.py:190} INFO - [2025-01-08T10:37:28.528+0000] {dag.py:4180} INFO - Setting next_dagrun for example_branch_operator to 2025-01-07 00:00:00+00:00, run_after=2025-01-08 00:00:00+00:00
[2025-01-08T10:37:28.559+0000] {processor.py:208} INFO - Processing /home/airflow/.local/lib/python3.12/site-packages/airflow/example_dags/example_branch_operator.py took 0.146 seconds
[2025-01-08T10:38:01.466+0000] {processor.py:186} INFO - Started process (PID=1918) to work on /home/airflow/.local/lib/python3.12/site-packages/airflow/example_dags/example_branch_operator.py
[2025-01-08T10:38:01.468+0000] {processor.py:914} INFO - Processing file /home/airflow/.local/lib/python3.12/site-packages/airflow/example_dags/example_branch_operator.py for tasks to queue
[2025-01-08T10:38:01.471+0000] {logging_mixin.py:190} INFO - [2025-01-08T10:38:01.471+0000] {dagbag.py:588} INFO - Filling up the DagBag from /home/airflow/.local/lib/python3.12/site-packages/airflow/example_dags/example_branch_operator.py
[2025-01-08T10:38:01.522+0000] {processor.py:925} INFO - DAG(s) 'example_branch_operator' retrieved from /home/airflow/.local/lib/python3.12/site-packages/airflow/example_dags/example_branch_operator.py
[2025-01-08T10:38:01.606+0000] {logging_mixin.py:190} INFO - [2025-01-08T10:38:01.605+0000] {dag.py:3239} INFO - Sync 1 DAGs
[2025-01-08T10:38:01.672+0000] {logging_mixin.py:190} INFO - [2025-01-08T10:38:01.670+0000] {dag.py:4180} INFO - Setting next_dagrun for example_branch_operator to 2025-01-07 00:00:00+00:00, run_after=2025-01-08 00:00:00+00:00
[2025-01-08T10:38:01.735+0000] {processor.py:208} INFO - Processing /home/airflow/.local/lib/python3.12/site-packages/airflow/example_dags/example_branch_operator.py took 0.284 seconds
[2025-01-08T10:38:33.977+0000] {processor.py:186} INFO - Started process (PID=2218) to work on /home/airflow/.local/lib/python3.12/site-packages/airflow/example_dags/example_branch_operator.py
[2025-01-08T10:38:33.980+0000] {processor.py:914} INFO - Processing file /home/airflow/.local/lib/python3.12/site-packages/airflow/example_dags/example_branch_operator.py for tasks to queue
[2025-01-08T10:38:33.992+0000] {logging_mixin.py:190} INFO - [2025-01-08T10:38:33.986+0000] {dagbag.py:588} INFO - Filling up the DagBag from /home/airflow/.local/lib/python3.12/site-packages/airflow/example_dags/example_branch_operator.py
[2025-01-08T10:38:34.065+0000] {processor.py:925} INFO - DAG(s) 'example_branch_operator' retrieved from /home/airflow/.local/lib/python3.12/site-packages/airflow/example_dags/example_branch_operator.py
[2025-01-08T10:38:34.146+0000] {logging_mixin.py:190} INFO - [2025-01-08T10:38:34.146+0000] {dag.py:3239} INFO - Sync 1 DAGs
[2025-01-08T10:38:34.225+0000] {logging_mixin.py:190} INFO - [2025-01-08T10:38:34.224+0000] {dag.py:4180} INFO - Setting next_dagrun for example_branch_operator to 2025-01-07 00:00:00+00:00, run_after=2025-01-08 00:00:00+00:00
[2025-01-08T10:38:34.297+0000] {processor.py:208} INFO - Processing /home/airflow/.local/lib/python3.12/site-packages/airflow/example_dags/example_branch_operator.py took 0.339 seconds
[2025-01-08T10:39:05.149+0000] {processor.py:186} INFO - Started process (PID=2521) to work on /home/airflow/.local/lib/python3.12/site-packages/airflow/example_dags/example_branch_operator.py
[2025-01-08T10:39:05.151+0000] {processor.py:914} INFO - Processing file /home/airflow/.local/lib/python3.12/site-packages/airflow/example_dags/example_branch_operator.py for tasks to queue
[2025-01-08T10:39:05.155+0000] {logging_mixin.py:190} INFO - [2025-01-08T10:39:05.154+0000] {dagbag.py:588} INFO - Filling up the DagBag from /home/airflow/.local/lib/python3.12/site-packages/airflow/example_dags/example_branch_operator.py
[2025-01-08T10:39:05.182+0000] {processor.py:925} INFO - DAG(s) 'example_branch_operator' retrieved from /home/airflow/.local/lib/python3.12/site-packages/airflow/example_dags/example_branch_operator.py
[2025-01-08T10:39:05.244+0000] {logging_mixin.py:190} INFO - [2025-01-08T10:39:05.243+0000] {dag.py:3239} INFO - Sync 1 DAGs
[2025-01-08T10:39:05.287+0000] {logging_mixin.py:190} INFO - [2025-01-08T10:39:05.286+0000] {dag.py:4180} INFO - Setting next_dagrun for example_branch_operator to 2025-01-07 00:00:00+00:00, run_after=2025-01-08 00:00:00+00:00
[2025-01-08T10:39:05.325+0000] {processor.py:208} INFO - Processing /home/airflow/.local/lib/python3.12/site-packages/airflow/example_dags/example_branch_operator.py took 0.185 seconds
[2025-01-08T10:39:40.279+0000] {processor.py:186} INFO - Started process (PID=2830) to work on /home/airflow/.local/lib/python3.12/site-packages/airflow/example_dags/example_branch_operator.py
[2025-01-08T10:39:40.282+0000] {processor.py:914} INFO - Processing file /home/airflow/.local/lib/python3.12/site-packages/airflow/example_dags/example_branch_operator.py for tasks to queue
[2025-01-08T10:39:40.292+0000] {logging_mixin.py:190} INFO - [2025-01-08T10:39:40.291+0000] {dagbag.py:588} INFO - Filling up the DagBag from /home/airflow/.local/lib/python3.12/site-packages/airflow/example_dags/example_branch_operator.py
[2025-01-08T10:39:40.351+0000] {processor.py:925} INFO - DAG(s) 'example_branch_operator' retrieved from /home/airflow/.local/lib/python3.12/site-packages/airflow/example_dags/example_branch_operator.py
[2025-01-08T10:39:40.453+0000] {logging_mixin.py:190} INFO - [2025-01-08T10:39:40.452+0000] {dag.py:3239} INFO - Sync 1 DAGs
[2025-01-08T10:39:40.570+0000] {logging_mixin.py:190} INFO - [2025-01-08T10:39:40.570+0000] {dag.py:4180} INFO - Setting next_dagrun for example_branch_operator to 2025-01-07 00:00:00+00:00, run_after=2025-01-08 00:00:00+00:00
[2025-01-08T10:39:40.700+0000] {processor.py:208} INFO - Processing /home/airflow/.local/lib/python3.12/site-packages/airflow/example_dags/example_branch_operator.py took 0.433 seconds
[2025-01-08T10:40:14.447+0000] {processor.py:186} INFO - Started process (PID=3131) to work on /home/airflow/.local/lib/python3.12/site-packages/airflow/example_dags/example_branch_operator.py
[2025-01-08T10:40:14.449+0000] {processor.py:914} INFO - Processing file /home/airflow/.local/lib/python3.12/site-packages/airflow/example_dags/example_branch_operator.py for tasks to queue
[2025-01-08T10:40:14.462+0000] {logging_mixin.py:190} INFO - [2025-01-08T10:40:14.461+0000] {dagbag.py:588} INFO - Filling up the DagBag from /home/airflow/.local/lib/python3.12/site-packages/airflow/example_dags/example_branch_operator.py
[2025-01-08T10:40:14.531+0000] {processor.py:925} INFO - DAG(s) 'example_branch_operator' retrieved from /home/airflow/.local/lib/python3.12/site-packages/airflow/example_dags/example_branch_operator.py
[2025-01-08T10:40:14.635+0000] {logging_mixin.py:190} INFO - [2025-01-08T10:40:14.634+0000] {dag.py:3239} INFO - Sync 1 DAGs
[2025-01-08T10:40:14.716+0000] {logging_mixin.py:190} INFO - [2025-01-08T10:40:14.716+0000] {dag.py:4180} INFO - Setting next_dagrun for example_branch_operator to 2025-01-07 00:00:00+00:00, run_after=2025-01-08 00:00:00+00:00
[2025-01-08T10:40:16.040+0000] {processor.py:208} INFO - Processing /home/airflow/.local/lib/python3.12/site-packages/airflow/example_dags/example_branch_operator.py took 1.613 seconds
[2025-01-08T10:43:21.060+0000] {processor.py:186} INFO - Started process (PID=408) to work on /home/airflow/.local/lib/python3.12/site-packages/airflow/example_dags/example_branch_operator.py
[2025-01-08T10:43:21.061+0000] {processor.py:914} INFO - Processing file /home/airflow/.local/lib/python3.12/site-packages/airflow/example_dags/example_branch_operator.py for tasks to queue
[2025-01-08T10:43:21.065+0000] {logging_mixin.py:190} INFO - [2025-01-08T10:43:21.065+0000] {dagbag.py:588} INFO - Filling up the DagBag from /home/airflow/.local/lib/python3.12/site-packages/airflow/example_dags/example_branch_operator.py
[2025-01-08T10:43:21.103+0000] {processor.py:925} INFO - DAG(s) 'example_branch_operator' retrieved from /home/airflow/.local/lib/python3.12/site-packages/airflow/example_dags/example_branch_operator.py
[2025-01-08T10:43:21.327+0000] {logging_mixin.py:190} INFO - [2025-01-08T10:43:21.327+0000] {dag.py:3239} INFO - Sync 1 DAGs
[2025-01-08T10:43:21.366+0000] {logging_mixin.py:190} INFO - [2025-01-08T10:43:21.365+0000] {dag.py:4180} INFO - Setting next_dagrun for example_branch_operator to 2025-01-07 00:00:00+00:00, run_after=2025-01-08 00:00:00+00:00
[2025-01-08T10:43:21.399+0000] {processor.py:208} INFO - Processing /home/airflow/.local/lib/python3.12/site-packages/airflow/example_dags/example_branch_operator.py took 0.354 seconds
[2025-01-08T10:43:52.341+0000] {processor.py:186} INFO - Started process (PID=709) to work on /home/airflow/.local/lib/python3.12/site-packages/airflow/example_dags/example_branch_operator.py
[2025-01-08T10:43:52.342+0000] {processor.py:914} INFO - Processing file /home/airflow/.local/lib/python3.12/site-packages/airflow/example_dags/example_branch_operator.py for tasks to queue
[2025-01-08T10:43:52.344+0000] {logging_mixin.py:190} INFO - [2025-01-08T10:43:52.344+0000] {dagbag.py:588} INFO - Filling up the DagBag from /home/airflow/.local/lib/python3.12/site-packages/airflow/example_dags/example_branch_operator.py
[2025-01-08T10:43:52.368+0000] {processor.py:925} INFO - DAG(s) 'example_branch_operator' retrieved from /home/airflow/.local/lib/python3.12/site-packages/airflow/example_dags/example_branch_operator.py
[2025-01-08T10:43:52.396+0000] {logging_mixin.py:190} INFO - [2025-01-08T10:43:52.396+0000] {dag.py:3239} INFO - Sync 1 DAGs
[2025-01-08T10:43:52.423+0000] {logging_mixin.py:190} INFO - [2025-01-08T10:43:52.423+0000] {dag.py:4180} INFO - Setting next_dagrun for example_branch_operator to 2025-01-07 00:00:00+00:00, run_after=2025-01-08 00:00:00+00:00
[2025-01-08T10:43:52.448+0000] {processor.py:208} INFO - Processing /home/airflow/.local/lib/python3.12/site-packages/airflow/example_dags/example_branch_operator.py took 0.113 seconds
[2025-01-08T10:44:23.419+0000] {processor.py:186} INFO - Started process (PID=1011) to work on /home/airflow/.local/lib/python3.12/site-packages/airflow/example_dags/example_branch_operator.py
[2025-01-08T10:44:23.420+0000] {processor.py:914} INFO - Processing file /home/airflow/.local/lib/python3.12/site-packages/airflow/example_dags/example_branch_operator.py for tasks to queue
[2025-01-08T10:44:23.423+0000] {logging_mixin.py:190} INFO - [2025-01-08T10:44:23.422+0000] {dagbag.py:588} INFO - Filling up the DagBag from /home/airflow/.local/lib/python3.12/site-packages/airflow/example_dags/example_branch_operator.py
[2025-01-08T10:44:23.442+0000] {processor.py:925} INFO - DAG(s) 'example_branch_operator' retrieved from /home/airflow/.local/lib/python3.12/site-packages/airflow/example_dags/example_branch_operator.py
[2025-01-08T10:44:23.472+0000] {logging_mixin.py:190} INFO - [2025-01-08T10:44:23.472+0000] {dag.py:3239} INFO - Sync 1 DAGs
[2025-01-08T10:44:23.504+0000] {logging_mixin.py:190} INFO - [2025-01-08T10:44:23.503+0000] {dag.py:4180} INFO - Setting next_dagrun for example_branch_operator to 2025-01-07 00:00:00+00:00, run_after=2025-01-08 00:00:00+00:00
[2025-01-08T10:44:23.524+0000] {processor.py:208} INFO - Processing /home/airflow/.local/lib/python3.12/site-packages/airflow/example_dags/example_branch_operator.py took 0.111 seconds
[2025-01-08T10:44:54.163+0000] {processor.py:186} INFO - Started process (PID=1312) to work on /home/airflow/.local/lib/python3.12/site-packages/airflow/example_dags/example_branch_operator.py
[2025-01-08T10:44:54.165+0000] {processor.py:914} INFO - Processing file /home/airflow/.local/lib/python3.12/site-packages/airflow/example_dags/example_branch_operator.py for tasks to queue
[2025-01-08T10:44:54.167+0000] {logging_mixin.py:190} INFO - [2025-01-08T10:44:54.167+0000] {dagbag.py:588} INFO - Filling up the DagBag from /home/airflow/.local/lib/python3.12/site-packages/airflow/example_dags/example_branch_operator.py
[2025-01-08T10:44:54.187+0000] {processor.py:925} INFO - DAG(s) 'example_branch_operator' retrieved from /home/airflow/.local/lib/python3.12/site-packages/airflow/example_dags/example_branch_operator.py
[2025-01-08T10:44:54.217+0000] {logging_mixin.py:190} INFO - [2025-01-08T10:44:54.217+0000] {dag.py:3239} INFO - Sync 1 DAGs
[2025-01-08T10:44:54.244+0000] {logging_mixin.py:190} INFO - [2025-01-08T10:44:54.243+0000] {dag.py:4180} INFO - Setting next_dagrun for example_branch_operator to 2025-01-07 00:00:00+00:00, run_after=2025-01-08 00:00:00+00:00
[2025-01-08T10:44:54.268+0000] {processor.py:208} INFO - Processing /home/airflow/.local/lib/python3.12/site-packages/airflow/example_dags/example_branch_operator.py took 0.111 seconds
[2025-01-08T10:45:25.058+0000] {processor.py:186} INFO - Started process (PID=1611) to work on /home/airflow/.local/lib/python3.12/site-packages/airflow/example_dags/example_branch_operator.py
[2025-01-08T10:45:25.059+0000] {processor.py:914} INFO - Processing file /home/airflow/.local/lib/python3.12/site-packages/airflow/example_dags/example_branch_operator.py for tasks to queue
[2025-01-08T10:45:25.063+0000] {logging_mixin.py:190} INFO - [2025-01-08T10:45:25.062+0000] {dagbag.py:588} INFO - Filling up the DagBag from /home/airflow/.local/lib/python3.12/site-packages/airflow/example_dags/example_branch_operator.py
[2025-01-08T10:45:25.091+0000] {processor.py:925} INFO - DAG(s) 'example_branch_operator' retrieved from /home/airflow/.local/lib/python3.12/site-packages/airflow/example_dags/example_branch_operator.py
[2025-01-08T10:45:25.135+0000] {logging_mixin.py:190} INFO - [2025-01-08T10:45:25.135+0000] {dag.py:3239} INFO - Sync 1 DAGs
[2025-01-08T10:45:25.168+0000] {logging_mixin.py:190} INFO - [2025-01-08T10:45:25.167+0000] {dag.py:4180} INFO - Setting next_dagrun for example_branch_operator to 2025-01-07 00:00:00+00:00, run_after=2025-01-08 00:00:00+00:00
[2025-01-08T10:45:25.193+0000] {processor.py:208} INFO - Processing /home/airflow/.local/lib/python3.12/site-packages/airflow/example_dags/example_branch_operator.py took 0.142 seconds
[2025-01-08T10:45:55.724+0000] {processor.py:186} INFO - Started process (PID=1912) to work on /home/airflow/.local/lib/python3.12/site-packages/airflow/example_dags/example_branch_operator.py
[2025-01-08T10:45:55.725+0000] {processor.py:914} INFO - Processing file /home/airflow/.local/lib/python3.12/site-packages/airflow/example_dags/example_branch_operator.py for tasks to queue
[2025-01-08T10:45:55.727+0000] {logging_mixin.py:190} INFO - [2025-01-08T10:45:55.727+0000] {dagbag.py:588} INFO - Filling up the DagBag from /home/airflow/.local/lib/python3.12/site-packages/airflow/example_dags/example_branch_operator.py
[2025-01-08T10:45:55.745+0000] {processor.py:925} INFO - DAG(s) 'example_branch_operator' retrieved from /home/airflow/.local/lib/python3.12/site-packages/airflow/example_dags/example_branch_operator.py
[2025-01-08T10:45:55.773+0000] {logging_mixin.py:190} INFO - [2025-01-08T10:45:55.773+0000] {dag.py:3239} INFO - Sync 1 DAGs
[2025-01-08T10:45:55.799+0000] {logging_mixin.py:190} INFO - [2025-01-08T10:45:55.798+0000] {dag.py:4180} INFO - Setting next_dagrun for example_branch_operator to 2025-01-07 00:00:00+00:00, run_after=2025-01-08 00:00:00+00:00
[2025-01-08T10:45:55.822+0000] {processor.py:208} INFO - Processing /home/airflow/.local/lib/python3.12/site-packages/airflow/example_dags/example_branch_operator.py took 0.104 seconds
[2025-01-08T10:46:26.654+0000] {processor.py:186} INFO - Started process (PID=2213) to work on /home/airflow/.local/lib/python3.12/site-packages/airflow/example_dags/example_branch_operator.py
[2025-01-08T10:46:26.655+0000] {processor.py:914} INFO - Processing file /home/airflow/.local/lib/python3.12/site-packages/airflow/example_dags/example_branch_operator.py for tasks to queue
[2025-01-08T10:46:26.658+0000] {logging_mixin.py:190} INFO - [2025-01-08T10:46:26.657+0000] {dagbag.py:588} INFO - Filling up the DagBag from /home/airflow/.local/lib/python3.12/site-packages/airflow/example_dags/example_branch_operator.py
[2025-01-08T10:46:26.696+0000] {processor.py:925} INFO - DAG(s) 'example_branch_operator' retrieved from /home/airflow/.local/lib/python3.12/site-packages/airflow/example_dags/example_branch_operator.py
[2025-01-08T10:46:26.729+0000] {logging_mixin.py:190} INFO - [2025-01-08T10:46:26.729+0000] {dag.py:3239} INFO - Sync 1 DAGs
[2025-01-08T10:46:26.754+0000] {logging_mixin.py:190} INFO - [2025-01-08T10:46:26.754+0000] {dag.py:4180} INFO - Setting next_dagrun for example_branch_operator to 2025-01-07 00:00:00+00:00, run_after=2025-01-08 00:00:00+00:00
[2025-01-08T10:46:26.777+0000] {processor.py:208} INFO - Processing /home/airflow/.local/lib/python3.12/site-packages/airflow/example_dags/example_branch_operator.py took 0.129 seconds
[2025-01-08T10:46:57.379+0000] {processor.py:186} INFO - Started process (PID=2515) to work on /home/airflow/.local/lib/python3.12/site-packages/airflow/example_dags/example_branch_operator.py
[2025-01-08T10:46:57.380+0000] {processor.py:914} INFO - Processing file /home/airflow/.local/lib/python3.12/site-packages/airflow/example_dags/example_branch_operator.py for tasks to queue
[2025-01-08T10:46:57.381+0000] {logging_mixin.py:190} INFO - [2025-01-08T10:46:57.381+0000] {dagbag.py:588} INFO - Filling up the DagBag from /home/airflow/.local/lib/python3.12/site-packages/airflow/example_dags/example_branch_operator.py
[2025-01-08T10:46:57.397+0000] {processor.py:925} INFO - DAG(s) 'example_branch_operator' retrieved from /home/airflow/.local/lib/python3.12/site-packages/airflow/example_dags/example_branch_operator.py
[2025-01-08T10:46:57.422+0000] {logging_mixin.py:190} INFO - [2025-01-08T10:46:57.422+0000] {dag.py:3239} INFO - Sync 1 DAGs
[2025-01-08T10:46:57.446+0000] {logging_mixin.py:190} INFO - [2025-01-08T10:46:57.446+0000] {dag.py:4180} INFO - Setting next_dagrun for example_branch_operator to 2025-01-07 00:00:00+00:00, run_after=2025-01-08 00:00:00+00:00
[2025-01-08T10:46:57.467+0000] {processor.py:208} INFO - Processing /home/airflow/.local/lib/python3.12/site-packages/airflow/example_dags/example_branch_operator.py took 0.093 seconds
[2025-01-08T10:47:28.605+0000] {processor.py:186} INFO - Started process (PID=2815) to work on /home/airflow/.local/lib/python3.12/site-packages/airflow/example_dags/example_branch_operator.py
[2025-01-08T10:47:28.606+0000] {processor.py:914} INFO - Processing file /home/airflow/.local/lib/python3.12/site-packages/airflow/example_dags/example_branch_operator.py for tasks to queue
[2025-01-08T10:47:28.608+0000] {logging_mixin.py:190} INFO - [2025-01-08T10:47:28.608+0000] {dagbag.py:588} INFO - Filling up the DagBag from /home/airflow/.local/lib/python3.12/site-packages/airflow/example_dags/example_branch_operator.py
[2025-01-08T10:47:28.627+0000] {processor.py:925} INFO - DAG(s) 'example_branch_operator' retrieved from /home/airflow/.local/lib/python3.12/site-packages/airflow/example_dags/example_branch_operator.py
[2025-01-08T10:47:28.655+0000] {logging_mixin.py:190} INFO - [2025-01-08T10:47:28.654+0000] {dag.py:3239} INFO - Sync 1 DAGs
[2025-01-08T10:47:28.679+0000] {logging_mixin.py:190} INFO - [2025-01-08T10:47:28.679+0000] {dag.py:4180} INFO - Setting next_dagrun for example_branch_operator to 2025-01-07 00:00:00+00:00, run_after=2025-01-08 00:00:00+00:00
[2025-01-08T10:47:28.698+0000] {processor.py:208} INFO - Processing /home/airflow/.local/lib/python3.12/site-packages/airflow/example_dags/example_branch_operator.py took 0.099 seconds
[2025-01-08T10:47:59.576+0000] {processor.py:186} INFO - Started process (PID=3118) to work on /home/airflow/.local/lib/python3.12/site-packages/airflow/example_dags/example_branch_operator.py
[2025-01-08T10:47:59.577+0000] {processor.py:914} INFO - Processing file /home/airflow/.local/lib/python3.12/site-packages/airflow/example_dags/example_branch_operator.py for tasks to queue
[2025-01-08T10:47:59.579+0000] {logging_mixin.py:190} INFO - [2025-01-08T10:47:59.579+0000] {dagbag.py:588} INFO - Filling up the DagBag from /home/airflow/.local/lib/python3.12/site-packages/airflow/example_dags/example_branch_operator.py
[2025-01-08T10:47:59.599+0000] {processor.py:925} INFO - DAG(s) 'example_branch_operator' retrieved from /home/airflow/.local/lib/python3.12/site-packages/airflow/example_dags/example_branch_operator.py
[2025-01-08T10:47:59.627+0000] {logging_mixin.py:190} INFO - [2025-01-08T10:47:59.626+0000] {dag.py:3239} INFO - Sync 1 DAGs
[2025-01-08T10:47:59.650+0000] {logging_mixin.py:190} INFO - [2025-01-08T10:47:59.650+0000] {dag.py:4180} INFO - Setting next_dagrun for example_branch_operator to 2025-01-07 00:00:00+00:00, run_after=2025-01-08 00:00:00+00:00
[2025-01-08T10:47:59.669+0000] {processor.py:208} INFO - Processing /home/airflow/.local/lib/python3.12/site-packages/airflow/example_dags/example_branch_operator.py took 0.099 seconds
