[2025-01-08T10:35:04.272+0000] {processor.py:186} INFO - Started process (PID=232) to work on /home/airflow/.local/lib/python3.12/site-packages/airflow/example_dags/example_latest_only.py
[2025-01-08T10:35:04.273+0000] {processor.py:914} INFO - Processing file /home/airflow/.local/lib/python3.12/site-packages/airflow/example_dags/example_latest_only.py for tasks to queue
[2025-01-08T10:35:04.275+0000] {logging_mixin.py:190} INFO - [2025-01-08T10:35:04.275+0000] {dagbag.py:588} INFO - Filling up the DagBag from /home/airflow/.local/lib/python3.12/site-packages/airflow/example_dags/example_latest_only.py
[2025-01-08T10:35:04.283+0000] {processor.py:925} INFO - DAG(s) 'latest_only' retrieved from /home/airflow/.local/lib/python3.12/site-packages/airflow/example_dags/example_latest_only.py
[2025-01-08T10:35:04.546+0000] {logging_mixin.py:190} INFO - [2025-01-08T10:35:04.546+0000] {override.py:1911} INFO - Created Permission View: can delete on DAG:latest_only
[2025-01-08T10:35:04.619+0000] {logging_mixin.py:190} INFO - [2025-01-08T10:35:04.619+0000] {override.py:1911} INFO - Created Permission View: can read on DAG:latest_only
[2025-01-08T10:35:04.687+0000] {logging_mixin.py:190} INFO - [2025-01-08T10:35:04.687+0000] {override.py:1911} INFO - Created Permission View: can edit on DAG:latest_only
[2025-01-08T10:35:04.768+0000] {logging_mixin.py:190} INFO - [2025-01-08T10:35:04.767+0000] {override.py:1911} INFO - Created Permission View: menu access on DAG Run:latest_only
[2025-01-08T10:35:04.822+0000] {logging_mixin.py:190} INFO - [2025-01-08T10:35:04.822+0000] {override.py:1911} INFO - Created Permission View: can create on DAG Run:latest_only
[2025-01-08T10:35:04.866+0000] {logging_mixin.py:190} INFO - [2025-01-08T10:35:04.865+0000] {override.py:1911} INFO - Created Permission View: can read on DAG Run:latest_only
[2025-01-08T10:35:04.945+0000] {logging_mixin.py:190} INFO - [2025-01-08T10:35:04.945+0000] {override.py:1911} INFO - Created Permission View: can delete on DAG Run:latest_only
[2025-01-08T10:35:04.946+0000] {logging_mixin.py:190} INFO - [2025-01-08T10:35:04.946+0000] {dag.py:3239} INFO - Sync 1 DAGs
[2025-01-08T10:35:04.960+0000] {logging_mixin.py:190} INFO - [2025-01-08T10:35:04.960+0000] {dag.py:3262} INFO - Creating ORM DAG for latest_only
[2025-01-08T10:35:04.972+0000] {logging_mixin.py:190} INFO - [2025-01-08T10:35:04.972+0000] {dag.py:4180} INFO - Setting next_dagrun for latest_only to 2025-01-08 04:00:00+00:00, run_after=2025-01-08 08:00:00+00:00
[2025-01-08T10:35:05.027+0000] {processor.py:208} INFO - Processing /home/airflow/.local/lib/python3.12/site-packages/airflow/example_dags/example_latest_only.py took 0.761 seconds
[2025-01-08T10:35:35.828+0000] {processor.py:186} INFO - Started process (PID=533) to work on /home/airflow/.local/lib/python3.12/site-packages/airflow/example_dags/example_latest_only.py
[2025-01-08T10:35:35.829+0000] {processor.py:914} INFO - Processing file /home/airflow/.local/lib/python3.12/site-packages/airflow/example_dags/example_latest_only.py for tasks to queue
[2025-01-08T10:35:35.832+0000] {logging_mixin.py:190} INFO - [2025-01-08T10:35:35.832+0000] {dagbag.py:588} INFO - Filling up the DagBag from /home/airflow/.local/lib/python3.12/site-packages/airflow/example_dags/example_latest_only.py
[2025-01-08T10:35:35.840+0000] {processor.py:925} INFO - DAG(s) 'latest_only' retrieved from /home/airflow/.local/lib/python3.12/site-packages/airflow/example_dags/example_latest_only.py
[2025-01-08T10:35:35.865+0000] {logging_mixin.py:190} INFO - [2025-01-08T10:35:35.865+0000] {dag.py:3239} INFO - Sync 1 DAGs
[2025-01-08T10:35:35.896+0000] {logging_mixin.py:190} INFO - [2025-01-08T10:35:35.895+0000] {dag.py:4180} INFO - Setting next_dagrun for latest_only to 2025-01-08 04:00:00+00:00, run_after=2025-01-08 08:00:00+00:00
[2025-01-08T10:35:35.922+0000] {processor.py:208} INFO - Processing /home/airflow/.local/lib/python3.12/site-packages/airflow/example_dags/example_latest_only.py took 0.102 seconds
[2025-01-08T10:36:06.542+0000] {processor.py:186} INFO - Started process (PID=834) to work on /home/airflow/.local/lib/python3.12/site-packages/airflow/example_dags/example_latest_only.py
[2025-01-08T10:36:06.545+0000] {processor.py:914} INFO - Processing file /home/airflow/.local/lib/python3.12/site-packages/airflow/example_dags/example_latest_only.py for tasks to queue
[2025-01-08T10:36:06.550+0000] {logging_mixin.py:190} INFO - [2025-01-08T10:36:06.549+0000] {dagbag.py:588} INFO - Filling up the DagBag from /home/airflow/.local/lib/python3.12/site-packages/airflow/example_dags/example_latest_only.py
[2025-01-08T10:36:06.564+0000] {processor.py:925} INFO - DAG(s) 'latest_only' retrieved from /home/airflow/.local/lib/python3.12/site-packages/airflow/example_dags/example_latest_only.py
[2025-01-08T10:36:06.611+0000] {logging_mixin.py:190} INFO - [2025-01-08T10:36:06.611+0000] {dag.py:3239} INFO - Sync 1 DAGs
[2025-01-08T10:36:06.689+0000] {logging_mixin.py:190} INFO - [2025-01-08T10:36:06.689+0000] {dag.py:4180} INFO - Setting next_dagrun for latest_only to 2025-01-08 04:00:00+00:00, run_after=2025-01-08 08:00:00+00:00
[2025-01-08T10:36:06.733+0000] {processor.py:208} INFO - Processing /home/airflow/.local/lib/python3.12/site-packages/airflow/example_dags/example_latest_only.py took 0.203 seconds
[2025-01-08T10:36:37.737+0000] {processor.py:186} INFO - Started process (PID=1135) to work on /home/airflow/.local/lib/python3.12/site-packages/airflow/example_dags/example_latest_only.py
[2025-01-08T10:36:37.738+0000] {processor.py:914} INFO - Processing file /home/airflow/.local/lib/python3.12/site-packages/airflow/example_dags/example_latest_only.py for tasks to queue
[2025-01-08T10:36:37.742+0000] {logging_mixin.py:190} INFO - [2025-01-08T10:36:37.741+0000] {dagbag.py:588} INFO - Filling up the DagBag from /home/airflow/.local/lib/python3.12/site-packages/airflow/example_dags/example_latest_only.py
[2025-01-08T10:36:37.762+0000] {processor.py:925} INFO - DAG(s) 'latest_only' retrieved from /home/airflow/.local/lib/python3.12/site-packages/airflow/example_dags/example_latest_only.py
[2025-01-08T10:36:37.795+0000] {logging_mixin.py:190} INFO - [2025-01-08T10:36:37.795+0000] {dag.py:3239} INFO - Sync 1 DAGs
[2025-01-08T10:36:37.840+0000] {logging_mixin.py:190} INFO - [2025-01-08T10:36:37.840+0000] {dag.py:4180} INFO - Setting next_dagrun for latest_only to 2025-01-08 04:00:00+00:00, run_after=2025-01-08 08:00:00+00:00
[2025-01-08T10:36:37.876+0000] {processor.py:208} INFO - Processing /home/airflow/.local/lib/python3.12/site-packages/airflow/example_dags/example_latest_only.py took 0.148 seconds
[2025-01-08T10:37:08.133+0000] {processor.py:186} INFO - Started process (PID=1436) to work on /home/airflow/.local/lib/python3.12/site-packages/airflow/example_dags/example_latest_only.py
[2025-01-08T10:37:08.134+0000] {processor.py:914} INFO - Processing file /home/airflow/.local/lib/python3.12/site-packages/airflow/example_dags/example_latest_only.py for tasks to queue
[2025-01-08T10:37:08.137+0000] {logging_mixin.py:190} INFO - [2025-01-08T10:37:08.136+0000] {dagbag.py:588} INFO - Filling up the DagBag from /home/airflow/.local/lib/python3.12/site-packages/airflow/example_dags/example_latest_only.py
[2025-01-08T10:37:08.148+0000] {processor.py:925} INFO - DAG(s) 'latest_only' retrieved from /home/airflow/.local/lib/python3.12/site-packages/airflow/example_dags/example_latest_only.py
[2025-01-08T10:37:08.169+0000] {logging_mixin.py:190} INFO - [2025-01-08T10:37:08.169+0000] {dag.py:3239} INFO - Sync 1 DAGs
[2025-01-08T10:37:08.213+0000] {logging_mixin.py:190} INFO - [2025-01-08T10:37:08.212+0000] {dag.py:4180} INFO - Setting next_dagrun for latest_only to 2025-01-08 04:00:00+00:00, run_after=2025-01-08 08:00:00+00:00
[2025-01-08T10:37:08.242+0000] {processor.py:208} INFO - Processing /home/airflow/.local/lib/python3.12/site-packages/airflow/example_dags/example_latest_only.py took 0.116 seconds
[2025-01-08T10:37:38.810+0000] {processor.py:186} INFO - Started process (PID=1737) to work on /home/airflow/.local/lib/python3.12/site-packages/airflow/example_dags/example_latest_only.py
[2025-01-08T10:37:38.811+0000] {processor.py:914} INFO - Processing file /home/airflow/.local/lib/python3.12/site-packages/airflow/example_dags/example_latest_only.py for tasks to queue
[2025-01-08T10:37:38.815+0000] {logging_mixin.py:190} INFO - [2025-01-08T10:37:38.815+0000] {dagbag.py:588} INFO - Filling up the DagBag from /home/airflow/.local/lib/python3.12/site-packages/airflow/example_dags/example_latest_only.py
[2025-01-08T10:37:38.827+0000] {processor.py:925} INFO - DAG(s) 'latest_only' retrieved from /home/airflow/.local/lib/python3.12/site-packages/airflow/example_dags/example_latest_only.py
[2025-01-08T10:37:38.856+0000] {logging_mixin.py:190} INFO - [2025-01-08T10:37:38.855+0000] {dag.py:3239} INFO - Sync 1 DAGs
[2025-01-08T10:37:38.896+0000] {logging_mixin.py:190} INFO - [2025-01-08T10:37:38.896+0000] {dag.py:4180} INFO - Setting next_dagrun for latest_only to 2025-01-08 04:00:00+00:00, run_after=2025-01-08 08:00:00+00:00
[2025-01-08T10:37:38.930+0000] {processor.py:208} INFO - Processing /home/airflow/.local/lib/python3.12/site-packages/airflow/example_dags/example_latest_only.py took 0.130 seconds
[2025-01-08T10:38:09.544+0000] {processor.py:186} INFO - Started process (PID=2038) to work on /home/airflow/.local/lib/python3.12/site-packages/airflow/example_dags/example_latest_only.py
[2025-01-08T10:38:09.546+0000] {processor.py:914} INFO - Processing file /home/airflow/.local/lib/python3.12/site-packages/airflow/example_dags/example_latest_only.py for tasks to queue
[2025-01-08T10:38:09.550+0000] {logging_mixin.py:190} INFO - [2025-01-08T10:38:09.549+0000] {dagbag.py:588} INFO - Filling up the DagBag from /home/airflow/.local/lib/python3.12/site-packages/airflow/example_dags/example_latest_only.py
[2025-01-08T10:38:09.567+0000] {processor.py:925} INFO - DAG(s) 'latest_only' retrieved from /home/airflow/.local/lib/python3.12/site-packages/airflow/example_dags/example_latest_only.py
[2025-01-08T10:38:09.614+0000] {logging_mixin.py:190} INFO - [2025-01-08T10:38:09.614+0000] {dag.py:3239} INFO - Sync 1 DAGs
[2025-01-08T10:38:09.680+0000] {logging_mixin.py:190} INFO - [2025-01-08T10:38:09.679+0000] {dag.py:4180} INFO - Setting next_dagrun for latest_only to 2025-01-08 04:00:00+00:00, run_after=2025-01-08 08:00:00+00:00
[2025-01-08T10:38:09.729+0000] {processor.py:208} INFO - Processing /home/airflow/.local/lib/python3.12/site-packages/airflow/example_dags/example_latest_only.py took 0.196 seconds
[2025-01-08T10:38:39.892+0000] {processor.py:186} INFO - Started process (PID=2338) to work on /home/airflow/.local/lib/python3.12/site-packages/airflow/example_dags/example_latest_only.py
[2025-01-08T10:38:39.896+0000] {processor.py:914} INFO - Processing file /home/airflow/.local/lib/python3.12/site-packages/airflow/example_dags/example_latest_only.py for tasks to queue
[2025-01-08T10:38:39.904+0000] {logging_mixin.py:190} INFO - [2025-01-08T10:38:39.902+0000] {dagbag.py:588} INFO - Filling up the DagBag from /home/airflow/.local/lib/python3.12/site-packages/airflow/example_dags/example_latest_only.py
[2025-01-08T10:38:39.929+0000] {processor.py:925} INFO - DAG(s) 'latest_only' retrieved from /home/airflow/.local/lib/python3.12/site-packages/airflow/example_dags/example_latest_only.py
[2025-01-08T10:38:39.989+0000] {logging_mixin.py:190} INFO - [2025-01-08T10:38:39.988+0000] {dag.py:3239} INFO - Sync 1 DAGs
[2025-01-08T10:38:40.071+0000] {logging_mixin.py:190} INFO - [2025-01-08T10:38:40.071+0000] {dag.py:4180} INFO - Setting next_dagrun for latest_only to 2025-01-08 04:00:00+00:00, run_after=2025-01-08 08:00:00+00:00
[2025-01-08T10:38:40.128+0000] {processor.py:208} INFO - Processing /home/airflow/.local/lib/python3.12/site-packages/airflow/example_dags/example_latest_only.py took 0.252 seconds
[2025-01-08T10:39:11.045+0000] {processor.py:186} INFO - Started process (PID=2634) to work on /home/airflow/.local/lib/python3.12/site-packages/airflow/example_dags/example_latest_only.py
[2025-01-08T10:39:11.050+0000] {processor.py:914} INFO - Processing file /home/airflow/.local/lib/python3.12/site-packages/airflow/example_dags/example_latest_only.py for tasks to queue
[2025-01-08T10:39:11.061+0000] {logging_mixin.py:190} INFO - [2025-01-08T10:39:11.060+0000] {dagbag.py:588} INFO - Filling up the DagBag from /home/airflow/.local/lib/python3.12/site-packages/airflow/example_dags/example_latest_only.py
[2025-01-08T10:39:11.079+0000] {processor.py:925} INFO - DAG(s) 'latest_only' retrieved from /home/airflow/.local/lib/python3.12/site-packages/airflow/example_dags/example_latest_only.py
[2025-01-08T10:39:11.142+0000] {logging_mixin.py:190} INFO - [2025-01-08T10:39:11.141+0000] {dag.py:3239} INFO - Sync 1 DAGs
[2025-01-08T10:39:11.215+0000] {logging_mixin.py:190} INFO - [2025-01-08T10:39:11.214+0000] {dag.py:4180} INFO - Setting next_dagrun for latest_only to 2025-01-08 04:00:00+00:00, run_after=2025-01-08 08:00:00+00:00
[2025-01-08T10:39:11.312+0000] {processor.py:208} INFO - Processing /home/airflow/.local/lib/python3.12/site-packages/airflow/example_dags/example_latest_only.py took 0.284 seconds
[2025-01-08T10:39:43.669+0000] {processor.py:186} INFO - Started process (PID=2935) to work on /home/airflow/.local/lib/python3.12/site-packages/airflow/example_dags/example_latest_only.py
[2025-01-08T10:39:43.671+0000] {processor.py:914} INFO - Processing file /home/airflow/.local/lib/python3.12/site-packages/airflow/example_dags/example_latest_only.py for tasks to queue
[2025-01-08T10:39:43.679+0000] {logging_mixin.py:190} INFO - [2025-01-08T10:39:43.677+0000] {dagbag.py:588} INFO - Filling up the DagBag from /home/airflow/.local/lib/python3.12/site-packages/airflow/example_dags/example_latest_only.py
[2025-01-08T10:39:43.700+0000] {processor.py:925} INFO - DAG(s) 'latest_only' retrieved from /home/airflow/.local/lib/python3.12/site-packages/airflow/example_dags/example_latest_only.py
[2025-01-08T10:39:43.754+0000] {logging_mixin.py:190} INFO - [2025-01-08T10:39:43.754+0000] {dag.py:3239} INFO - Sync 1 DAGs
[2025-01-08T10:39:43.830+0000] {logging_mixin.py:190} INFO - [2025-01-08T10:39:43.829+0000] {dag.py:4180} INFO - Setting next_dagrun for latest_only to 2025-01-08 04:00:00+00:00, run_after=2025-01-08 08:00:00+00:00
[2025-01-08T10:39:43.891+0000] {processor.py:208} INFO - Processing /home/airflow/.local/lib/python3.12/site-packages/airflow/example_dags/example_latest_only.py took 0.242 seconds
[2025-01-08T10:40:19.036+0000] {processor.py:186} INFO - Started process (PID=3236) to work on /home/airflow/.local/lib/python3.12/site-packages/airflow/example_dags/example_latest_only.py
[2025-01-08T10:40:19.039+0000] {processor.py:914} INFO - Processing file /home/airflow/.local/lib/python3.12/site-packages/airflow/example_dags/example_latest_only.py for tasks to queue
[2025-01-08T10:40:19.047+0000] {logging_mixin.py:190} INFO - [2025-01-08T10:40:19.044+0000] {dagbag.py:588} INFO - Filling up the DagBag from /home/airflow/.local/lib/python3.12/site-packages/airflow/example_dags/example_latest_only.py
[2025-01-08T10:40:19.066+0000] {processor.py:925} INFO - DAG(s) 'latest_only' retrieved from /home/airflow/.local/lib/python3.12/site-packages/airflow/example_dags/example_latest_only.py
[2025-01-08T10:40:19.107+0000] {logging_mixin.py:190} INFO - [2025-01-08T10:40:19.106+0000] {dag.py:3239} INFO - Sync 1 DAGs
[2025-01-08T10:40:19.170+0000] {logging_mixin.py:190} INFO - [2025-01-08T10:40:19.170+0000] {dag.py:4180} INFO - Setting next_dagrun for latest_only to 2025-01-08 04:00:00+00:00, run_after=2025-01-08 08:00:00+00:00
[2025-01-08T10:40:19.217+0000] {processor.py:208} INFO - Processing /home/airflow/.local/lib/python3.12/site-packages/airflow/example_dags/example_latest_only.py took 0.197 seconds
[2025-01-08T10:43:15.437+0000] {processor.py:186} INFO - Started process (PID=227) to work on /home/airflow/.local/lib/python3.12/site-packages/airflow/example_dags/example_latest_only.py
[2025-01-08T10:43:15.438+0000] {processor.py:914} INFO - Processing file /home/airflow/.local/lib/python3.12/site-packages/airflow/example_dags/example_latest_only.py for tasks to queue
[2025-01-08T10:43:15.441+0000] {logging_mixin.py:190} INFO - [2025-01-08T10:43:15.441+0000] {dagbag.py:588} INFO - Filling up the DagBag from /home/airflow/.local/lib/python3.12/site-packages/airflow/example_dags/example_latest_only.py
[2025-01-08T10:43:15.448+0000] {processor.py:925} INFO - DAG(s) 'latest_only' retrieved from /home/airflow/.local/lib/python3.12/site-packages/airflow/example_dags/example_latest_only.py
[2025-01-08T10:43:15.474+0000] {logging_mixin.py:190} INFO - [2025-01-08T10:43:15.473+0000] {dag.py:3239} INFO - Sync 1 DAGs
[2025-01-08T10:43:15.500+0000] {logging_mixin.py:190} INFO - [2025-01-08T10:43:15.500+0000] {dag.py:4180} INFO - Setting next_dagrun for latest_only to 2025-01-08 04:00:00+00:00, run_after=2025-01-08 08:00:00+00:00
[2025-01-08T10:43:15.524+0000] {processor.py:208} INFO - Processing /home/airflow/.local/lib/python3.12/site-packages/airflow/example_dags/example_latest_only.py took 0.093 seconds
[2025-01-08T10:43:45.631+0000] {processor.py:186} INFO - Started process (PID=530) to work on /home/airflow/.local/lib/python3.12/site-packages/airflow/example_dags/example_latest_only.py
[2025-01-08T10:43:45.632+0000] {processor.py:914} INFO - Processing file /home/airflow/.local/lib/python3.12/site-packages/airflow/example_dags/example_latest_only.py for tasks to queue
[2025-01-08T10:43:45.635+0000] {logging_mixin.py:190} INFO - [2025-01-08T10:43:45.634+0000] {dagbag.py:588} INFO - Filling up the DagBag from /home/airflow/.local/lib/python3.12/site-packages/airflow/example_dags/example_latest_only.py
[2025-01-08T10:43:45.646+0000] {processor.py:925} INFO - DAG(s) 'latest_only' retrieved from /home/airflow/.local/lib/python3.12/site-packages/airflow/example_dags/example_latest_only.py
[2025-01-08T10:43:45.670+0000] {logging_mixin.py:190} INFO - [2025-01-08T10:43:45.669+0000] {dag.py:3239} INFO - Sync 1 DAGs
[2025-01-08T10:43:45.699+0000] {logging_mixin.py:190} INFO - [2025-01-08T10:43:45.699+0000] {dag.py:4180} INFO - Setting next_dagrun for latest_only to 2025-01-08 04:00:00+00:00, run_after=2025-01-08 08:00:00+00:00
[2025-01-08T10:43:45.729+0000] {processor.py:208} INFO - Processing /home/airflow/.local/lib/python3.12/site-packages/airflow/example_dags/example_latest_only.py took 0.105 seconds
[2025-01-08T10:44:16.615+0000] {processor.py:186} INFO - Started process (PID=831) to work on /home/airflow/.local/lib/python3.12/site-packages/airflow/example_dags/example_latest_only.py
[2025-01-08T10:44:16.616+0000] {processor.py:914} INFO - Processing file /home/airflow/.local/lib/python3.12/site-packages/airflow/example_dags/example_latest_only.py for tasks to queue
[2025-01-08T10:44:16.619+0000] {logging_mixin.py:190} INFO - [2025-01-08T10:44:16.618+0000] {dagbag.py:588} INFO - Filling up the DagBag from /home/airflow/.local/lib/python3.12/site-packages/airflow/example_dags/example_latest_only.py
[2025-01-08T10:44:16.627+0000] {processor.py:925} INFO - DAG(s) 'latest_only' retrieved from /home/airflow/.local/lib/python3.12/site-packages/airflow/example_dags/example_latest_only.py
[2025-01-08T10:44:16.650+0000] {logging_mixin.py:190} INFO - [2025-01-08T10:44:16.650+0000] {dag.py:3239} INFO - Sync 1 DAGs
[2025-01-08T10:44:16.682+0000] {logging_mixin.py:190} INFO - [2025-01-08T10:44:16.682+0000] {dag.py:4180} INFO - Setting next_dagrun for latest_only to 2025-01-08 04:00:00+00:00, run_after=2025-01-08 08:00:00+00:00
[2025-01-08T10:44:16.706+0000] {processor.py:208} INFO - Processing /home/airflow/.local/lib/python3.12/site-packages/airflow/example_dags/example_latest_only.py took 0.101 seconds
[2025-01-08T10:44:47.306+0000] {processor.py:186} INFO - Started process (PID=1131) to work on /home/airflow/.local/lib/python3.12/site-packages/airflow/example_dags/example_latest_only.py
[2025-01-08T10:44:47.307+0000] {processor.py:914} INFO - Processing file /home/airflow/.local/lib/python3.12/site-packages/airflow/example_dags/example_latest_only.py for tasks to queue
[2025-01-08T10:44:47.310+0000] {logging_mixin.py:190} INFO - [2025-01-08T10:44:47.309+0000] {dagbag.py:588} INFO - Filling up the DagBag from /home/airflow/.local/lib/python3.12/site-packages/airflow/example_dags/example_latest_only.py
[2025-01-08T10:44:47.317+0000] {processor.py:925} INFO - DAG(s) 'latest_only' retrieved from /home/airflow/.local/lib/python3.12/site-packages/airflow/example_dags/example_latest_only.py
[2025-01-08T10:44:47.339+0000] {logging_mixin.py:190} INFO - [2025-01-08T10:44:47.339+0000] {dag.py:3239} INFO - Sync 1 DAGs
[2025-01-08T10:44:47.375+0000] {logging_mixin.py:190} INFO - [2025-01-08T10:44:47.374+0000] {dag.py:4180} INFO - Setting next_dagrun for latest_only to 2025-01-08 04:00:00+00:00, run_after=2025-01-08 08:00:00+00:00
[2025-01-08T10:44:47.398+0000] {processor.py:208} INFO - Processing /home/airflow/.local/lib/python3.12/site-packages/airflow/example_dags/example_latest_only.py took 0.098 seconds
[2025-01-08T10:45:17.925+0000] {processor.py:186} INFO - Started process (PID=1432) to work on /home/airflow/.local/lib/python3.12/site-packages/airflow/example_dags/example_latest_only.py
[2025-01-08T10:45:17.926+0000] {processor.py:914} INFO - Processing file /home/airflow/.local/lib/python3.12/site-packages/airflow/example_dags/example_latest_only.py for tasks to queue
[2025-01-08T10:45:17.929+0000] {logging_mixin.py:190} INFO - [2025-01-08T10:45:17.929+0000] {dagbag.py:588} INFO - Filling up the DagBag from /home/airflow/.local/lib/python3.12/site-packages/airflow/example_dags/example_latest_only.py
[2025-01-08T10:45:17.938+0000] {processor.py:925} INFO - DAG(s) 'latest_only' retrieved from /home/airflow/.local/lib/python3.12/site-packages/airflow/example_dags/example_latest_only.py
[2025-01-08T10:45:17.956+0000] {logging_mixin.py:190} INFO - [2025-01-08T10:45:17.956+0000] {dag.py:3239} INFO - Sync 1 DAGs
[2025-01-08T10:45:17.980+0000] {logging_mixin.py:190} INFO - [2025-01-08T10:45:17.979+0000] {dag.py:4180} INFO - Setting next_dagrun for latest_only to 2025-01-08 04:00:00+00:00, run_after=2025-01-08 08:00:00+00:00
[2025-01-08T10:45:18.001+0000] {processor.py:208} INFO - Processing /home/airflow/.local/lib/python3.12/site-packages/airflow/example_dags/example_latest_only.py took 0.083 seconds
[2025-01-08T10:45:48.924+0000] {processor.py:186} INFO - Started process (PID=1739) to work on /home/airflow/.local/lib/python3.12/site-packages/airflow/example_dags/example_latest_only.py
[2025-01-08T10:45:48.926+0000] {processor.py:914} INFO - Processing file /home/airflow/.local/lib/python3.12/site-packages/airflow/example_dags/example_latest_only.py for tasks to queue
[2025-01-08T10:45:48.929+0000] {logging_mixin.py:190} INFO - [2025-01-08T10:45:48.929+0000] {dagbag.py:588} INFO - Filling up the DagBag from /home/airflow/.local/lib/python3.12/site-packages/airflow/example_dags/example_latest_only.py
[2025-01-08T10:45:48.939+0000] {processor.py:925} INFO - DAG(s) 'latest_only' retrieved from /home/airflow/.local/lib/python3.12/site-packages/airflow/example_dags/example_latest_only.py
[2025-01-08T10:45:48.961+0000] {logging_mixin.py:190} INFO - [2025-01-08T10:45:48.961+0000] {dag.py:3239} INFO - Sync 1 DAGs
[2025-01-08T10:45:48.988+0000] {logging_mixin.py:190} INFO - [2025-01-08T10:45:48.987+0000] {dag.py:4180} INFO - Setting next_dagrun for latest_only to 2025-01-08 04:00:00+00:00, run_after=2025-01-08 08:00:00+00:00
[2025-01-08T10:45:49.008+0000] {processor.py:208} INFO - Processing /home/airflow/.local/lib/python3.12/site-packages/airflow/example_dags/example_latest_only.py took 0.094 seconds
[2025-01-08T10:46:19.492+0000] {processor.py:186} INFO - Started process (PID=2040) to work on /home/airflow/.local/lib/python3.12/site-packages/airflow/example_dags/example_latest_only.py
[2025-01-08T10:46:19.493+0000] {processor.py:914} INFO - Processing file /home/airflow/.local/lib/python3.12/site-packages/airflow/example_dags/example_latest_only.py for tasks to queue
[2025-01-08T10:46:19.495+0000] {logging_mixin.py:190} INFO - [2025-01-08T10:46:19.495+0000] {dagbag.py:588} INFO - Filling up the DagBag from /home/airflow/.local/lib/python3.12/site-packages/airflow/example_dags/example_latest_only.py
[2025-01-08T10:46:19.501+0000] {processor.py:925} INFO - DAG(s) 'latest_only' retrieved from /home/airflow/.local/lib/python3.12/site-packages/airflow/example_dags/example_latest_only.py
[2025-01-08T10:46:19.517+0000] {logging_mixin.py:190} INFO - [2025-01-08T10:46:19.517+0000] {dag.py:3239} INFO - Sync 1 DAGs
[2025-01-08T10:46:19.540+0000] {logging_mixin.py:190} INFO - [2025-01-08T10:46:19.540+0000] {dag.py:4180} INFO - Setting next_dagrun for latest_only to 2025-01-08 04:00:00+00:00, run_after=2025-01-08 08:00:00+00:00
[2025-01-08T10:46:19.561+0000] {processor.py:208} INFO - Processing /home/airflow/.local/lib/python3.12/site-packages/airflow/example_dags/example_latest_only.py took 0.074 seconds
[2025-01-08T10:46:49.857+0000] {processor.py:186} INFO - Started process (PID=2341) to work on /home/airflow/.local/lib/python3.12/site-packages/airflow/example_dags/example_latest_only.py
[2025-01-08T10:46:49.858+0000] {processor.py:914} INFO - Processing file /home/airflow/.local/lib/python3.12/site-packages/airflow/example_dags/example_latest_only.py for tasks to queue
[2025-01-08T10:46:49.860+0000] {logging_mixin.py:190} INFO - [2025-01-08T10:46:49.860+0000] {dagbag.py:588} INFO - Filling up the DagBag from /home/airflow/.local/lib/python3.12/site-packages/airflow/example_dags/example_latest_only.py
[2025-01-08T10:46:49.866+0000] {processor.py:925} INFO - DAG(s) 'latest_only' retrieved from /home/airflow/.local/lib/python3.12/site-packages/airflow/example_dags/example_latest_only.py
[2025-01-08T10:46:49.881+0000] {logging_mixin.py:190} INFO - [2025-01-08T10:46:49.881+0000] {dag.py:3239} INFO - Sync 1 DAGs
[2025-01-08T10:46:49.903+0000] {logging_mixin.py:190} INFO - [2025-01-08T10:46:49.902+0000] {dag.py:4180} INFO - Setting next_dagrun for latest_only to 2025-01-08 04:00:00+00:00, run_after=2025-01-08 08:00:00+00:00
[2025-01-08T10:46:49.922+0000] {processor.py:208} INFO - Processing /home/airflow/.local/lib/python3.12/site-packages/airflow/example_dags/example_latest_only.py took 0.070 seconds
[2025-01-08T10:47:20.322+0000] {processor.py:186} INFO - Started process (PID=2640) to work on /home/airflow/.local/lib/python3.12/site-packages/airflow/example_dags/example_latest_only.py
[2025-01-08T10:47:20.323+0000] {processor.py:914} INFO - Processing file /home/airflow/.local/lib/python3.12/site-packages/airflow/example_dags/example_latest_only.py for tasks to queue
[2025-01-08T10:47:20.324+0000] {logging_mixin.py:190} INFO - [2025-01-08T10:47:20.324+0000] {dagbag.py:588} INFO - Filling up the DagBag from /home/airflow/.local/lib/python3.12/site-packages/airflow/example_dags/example_latest_only.py
[2025-01-08T10:47:20.330+0000] {processor.py:925} INFO - DAG(s) 'latest_only' retrieved from /home/airflow/.local/lib/python3.12/site-packages/airflow/example_dags/example_latest_only.py
[2025-01-08T10:47:20.346+0000] {logging_mixin.py:190} INFO - [2025-01-08T10:47:20.345+0000] {dag.py:3239} INFO - Sync 1 DAGs
[2025-01-08T10:47:20.366+0000] {logging_mixin.py:190} INFO - [2025-01-08T10:47:20.366+0000] {dag.py:4180} INFO - Setting next_dagrun for latest_only to 2025-01-08 04:00:00+00:00, run_after=2025-01-08 08:00:00+00:00
[2025-01-08T10:47:20.387+0000] {processor.py:208} INFO - Processing /home/airflow/.local/lib/python3.12/site-packages/airflow/example_dags/example_latest_only.py took 0.070 seconds
[2025-01-08T10:47:50.626+0000] {processor.py:186} INFO - Started process (PID=2943) to work on /home/airflow/.local/lib/python3.12/site-packages/airflow/example_dags/example_latest_only.py
[2025-01-08T10:47:50.627+0000] {processor.py:914} INFO - Processing file /home/airflow/.local/lib/python3.12/site-packages/airflow/example_dags/example_latest_only.py for tasks to queue
[2025-01-08T10:47:50.629+0000] {logging_mixin.py:190} INFO - [2025-01-08T10:47:50.629+0000] {dagbag.py:588} INFO - Filling up the DagBag from /home/airflow/.local/lib/python3.12/site-packages/airflow/example_dags/example_latest_only.py
[2025-01-08T10:47:50.635+0000] {processor.py:925} INFO - DAG(s) 'latest_only' retrieved from /home/airflow/.local/lib/python3.12/site-packages/airflow/example_dags/example_latest_only.py
[2025-01-08T10:47:50.653+0000] {logging_mixin.py:190} INFO - [2025-01-08T10:47:50.652+0000] {dag.py:3239} INFO - Sync 1 DAGs
[2025-01-08T10:47:50.675+0000] {logging_mixin.py:190} INFO - [2025-01-08T10:47:50.675+0000] {dag.py:4180} INFO - Setting next_dagrun for latest_only to 2025-01-08 04:00:00+00:00, run_after=2025-01-08 08:00:00+00:00
[2025-01-08T10:47:50.695+0000] {processor.py:208} INFO - Processing /home/airflow/.local/lib/python3.12/site-packages/airflow/example_dags/example_latest_only.py took 0.074 seconds
