[2025-01-08T10:35:20.114+0000] {processor.py:186} INFO - Started process (PID=454) to work on /home/airflow/.local/lib/python3.12/site-packages/airflow/example_dags/example_display_name.py
[2025-01-08T10:35:20.115+0000] {processor.py:914} INFO - Processing file /home/airflow/.local/lib/python3.12/site-packages/airflow/example_dags/example_display_name.py for tasks to queue
[2025-01-08T10:35:20.118+0000] {logging_mixin.py:190} INFO - [2025-01-08T10:35:20.118+0000] {dagbag.py:588} INFO - Filling up the DagBag from /home/airflow/.local/lib/python3.12/site-packages/airflow/example_dags/example_display_name.py
[2025-01-08T10:35:20.129+0000] {processor.py:925} INFO - DAG(s) 'example_display_name' retrieved from /home/airflow/.local/lib/python3.12/site-packages/airflow/example_dags/example_display_name.py
[2025-01-08T10:35:20.297+0000] {logging_mixin.py:190} INFO - [2025-01-08T10:35:20.296+0000] {override.py:1911} INFO - Created Permission View: can delete on DAG:example_display_name
[2025-01-08T10:35:20.315+0000] {logging_mixin.py:190} INFO - [2025-01-08T10:35:20.315+0000] {override.py:1911} INFO - Created Permission View: can read on DAG:example_display_name
[2025-01-08T10:35:20.333+0000] {logging_mixin.py:190} INFO - [2025-01-08T10:35:20.331+0000] {override.py:1911} INFO - Created Permission View: can edit on DAG:example_display_name
[2025-01-08T10:35:20.363+0000] {logging_mixin.py:190} INFO - [2025-01-08T10:35:20.363+0000] {override.py:1911} INFO - Created Permission View: menu access on DAG Run:example_display_name
[2025-01-08T10:35:20.377+0000] {logging_mixin.py:190} INFO - [2025-01-08T10:35:20.376+0000] {override.py:1911} INFO - Created Permission View: can create on DAG Run:example_display_name
[2025-01-08T10:35:20.389+0000] {logging_mixin.py:190} INFO - [2025-01-08T10:35:20.388+0000] {override.py:1911} INFO - Created Permission View: can read on DAG Run:example_display_name
[2025-01-08T10:35:20.401+0000] {logging_mixin.py:190} INFO - [2025-01-08T10:35:20.401+0000] {override.py:1911} INFO - Created Permission View: can delete on DAG Run:example_display_name
[2025-01-08T10:35:20.402+0000] {logging_mixin.py:190} INFO - [2025-01-08T10:35:20.402+0000] {dag.py:3239} INFO - Sync 1 DAGs
[2025-01-08T10:35:20.427+0000] {logging_mixin.py:190} INFO - [2025-01-08T10:35:20.426+0000] {dag.py:3262} INFO - Creating ORM DAG for example_display_name
[2025-01-08T10:35:20.428+0000] {logging_mixin.py:190} INFO - [2025-01-08T10:35:20.427+0000] {dag.py:4180} INFO - Setting next_dagrun for example_display_name to None, run_after=None
[2025-01-08T10:35:20.452+0000] {processor.py:208} INFO - Processing /home/airflow/.local/lib/python3.12/site-packages/airflow/example_dags/example_display_name.py took 0.345 seconds
[2025-01-08T10:35:53.384+0000] {processor.py:186} INFO - Started process (PID=759) to work on /home/airflow/.local/lib/python3.12/site-packages/airflow/example_dags/example_display_name.py
[2025-01-08T10:35:53.389+0000] {processor.py:914} INFO - Processing file /home/airflow/.local/lib/python3.12/site-packages/airflow/example_dags/example_display_name.py for tasks to queue
[2025-01-08T10:35:53.392+0000] {logging_mixin.py:190} INFO - [2025-01-08T10:35:53.392+0000] {dagbag.py:588} INFO - Filling up the DagBag from /home/airflow/.local/lib/python3.12/site-packages/airflow/example_dags/example_display_name.py
[2025-01-08T10:35:53.411+0000] {processor.py:925} INFO - DAG(s) 'example_display_name' retrieved from /home/airflow/.local/lib/python3.12/site-packages/airflow/example_dags/example_display_name.py
[2025-01-08T10:35:53.467+0000] {logging_mixin.py:190} INFO - [2025-01-08T10:35:53.466+0000] {dag.py:3239} INFO - Sync 1 DAGs
[2025-01-08T10:35:53.522+0000] {logging_mixin.py:190} INFO - [2025-01-08T10:35:53.522+0000] {dag.py:4180} INFO - Setting next_dagrun for example_display_name to None, run_after=None
[2025-01-08T10:35:53.603+0000] {processor.py:208} INFO - Processing /home/airflow/.local/lib/python3.12/site-packages/airflow/example_dags/example_display_name.py took 0.231 seconds
[2025-01-08T10:36:27.785+0000] {processor.py:186} INFO - Started process (PID=1060) to work on /home/airflow/.local/lib/python3.12/site-packages/airflow/example_dags/example_display_name.py
[2025-01-08T10:36:27.790+0000] {processor.py:914} INFO - Processing file /home/airflow/.local/lib/python3.12/site-packages/airflow/example_dags/example_display_name.py for tasks to queue
[2025-01-08T10:36:27.794+0000] {logging_mixin.py:190} INFO - [2025-01-08T10:36:27.794+0000] {dagbag.py:588} INFO - Filling up the DagBag from /home/airflow/.local/lib/python3.12/site-packages/airflow/example_dags/example_display_name.py
[2025-01-08T10:36:27.819+0000] {processor.py:925} INFO - DAG(s) 'example_display_name' retrieved from /home/airflow/.local/lib/python3.12/site-packages/airflow/example_dags/example_display_name.py
[2025-01-08T10:36:27.868+0000] {logging_mixin.py:190} INFO - [2025-01-08T10:36:27.868+0000] {dag.py:3239} INFO - Sync 1 DAGs
[2025-01-08T10:36:27.909+0000] {logging_mixin.py:190} INFO - [2025-01-08T10:36:27.908+0000] {dag.py:4180} INFO - Setting next_dagrun for example_display_name to None, run_after=None
[2025-01-08T10:36:27.962+0000] {processor.py:208} INFO - Processing /home/airflow/.local/lib/python3.12/site-packages/airflow/example_dags/example_display_name.py took 0.190 seconds
[2025-01-08T10:36:58.604+0000] {processor.py:186} INFO - Started process (PID=1356) to work on /home/airflow/.local/lib/python3.12/site-packages/airflow/example_dags/example_display_name.py
[2025-01-08T10:36:58.605+0000] {processor.py:914} INFO - Processing file /home/airflow/.local/lib/python3.12/site-packages/airflow/example_dags/example_display_name.py for tasks to queue
[2025-01-08T10:36:58.612+0000] {logging_mixin.py:190} INFO - [2025-01-08T10:36:58.611+0000] {dagbag.py:588} INFO - Filling up the DagBag from /home/airflow/.local/lib/python3.12/site-packages/airflow/example_dags/example_display_name.py
[2025-01-08T10:36:58.639+0000] {processor.py:925} INFO - DAG(s) 'example_display_name' retrieved from /home/airflow/.local/lib/python3.12/site-packages/airflow/example_dags/example_display_name.py
[2025-01-08T10:36:58.680+0000] {logging_mixin.py:190} INFO - [2025-01-08T10:36:58.680+0000] {dag.py:3239} INFO - Sync 1 DAGs
[2025-01-08T10:36:58.723+0000] {logging_mixin.py:190} INFO - [2025-01-08T10:36:58.722+0000] {dag.py:4180} INFO - Setting next_dagrun for example_display_name to None, run_after=None
[2025-01-08T10:36:59.219+0000] {processor.py:208} INFO - Processing /home/airflow/.local/lib/python3.12/site-packages/airflow/example_dags/example_display_name.py took 0.630 seconds
[2025-01-08T10:37:30.044+0000] {processor.py:186} INFO - Started process (PID=1657) to work on /home/airflow/.local/lib/python3.12/site-packages/airflow/example_dags/example_display_name.py
[2025-01-08T10:37:30.045+0000] {processor.py:914} INFO - Processing file /home/airflow/.local/lib/python3.12/site-packages/airflow/example_dags/example_display_name.py for tasks to queue
[2025-01-08T10:37:30.048+0000] {logging_mixin.py:190} INFO - [2025-01-08T10:37:30.048+0000] {dagbag.py:588} INFO - Filling up the DagBag from /home/airflow/.local/lib/python3.12/site-packages/airflow/example_dags/example_display_name.py
[2025-01-08T10:37:30.059+0000] {processor.py:925} INFO - DAG(s) 'example_display_name' retrieved from /home/airflow/.local/lib/python3.12/site-packages/airflow/example_dags/example_display_name.py
[2025-01-08T10:37:30.080+0000] {logging_mixin.py:190} INFO - [2025-01-08T10:37:30.080+0000] {dag.py:3239} INFO - Sync 1 DAGs
[2025-01-08T10:37:30.098+0000] {logging_mixin.py:190} INFO - [2025-01-08T10:37:30.098+0000] {dag.py:4180} INFO - Setting next_dagrun for example_display_name to None, run_after=None
[2025-01-08T10:37:30.135+0000] {processor.py:208} INFO - Processing /home/airflow/.local/lib/python3.12/site-packages/airflow/example_dags/example_display_name.py took 0.100 seconds
[2025-01-08T10:38:02.763+0000] {processor.py:186} INFO - Started process (PID=1958) to work on /home/airflow/.local/lib/python3.12/site-packages/airflow/example_dags/example_display_name.py
[2025-01-08T10:38:02.768+0000] {processor.py:914} INFO - Processing file /home/airflow/.local/lib/python3.12/site-packages/airflow/example_dags/example_display_name.py for tasks to queue
[2025-01-08T10:38:02.774+0000] {logging_mixin.py:190} INFO - [2025-01-08T10:38:02.773+0000] {dagbag.py:588} INFO - Filling up the DagBag from /home/airflow/.local/lib/python3.12/site-packages/airflow/example_dags/example_display_name.py
[2025-01-08T10:38:02.800+0000] {processor.py:925} INFO - DAG(s) 'example_display_name' retrieved from /home/airflow/.local/lib/python3.12/site-packages/airflow/example_dags/example_display_name.py
[2025-01-08T10:38:02.867+0000] {logging_mixin.py:190} INFO - [2025-01-08T10:38:02.866+0000] {dag.py:3239} INFO - Sync 1 DAGs
[2025-01-08T10:38:02.913+0000] {logging_mixin.py:190} INFO - [2025-01-08T10:38:02.912+0000] {dag.py:4180} INFO - Setting next_dagrun for example_display_name to None, run_after=None
[2025-01-08T10:38:02.972+0000] {processor.py:208} INFO - Processing /home/airflow/.local/lib/python3.12/site-packages/airflow/example_dags/example_display_name.py took 0.222 seconds
[2025-01-08T10:38:35.571+0000] {processor.py:186} INFO - Started process (PID=2258) to work on /home/airflow/.local/lib/python3.12/site-packages/airflow/example_dags/example_display_name.py
[2025-01-08T10:38:35.574+0000] {processor.py:914} INFO - Processing file /home/airflow/.local/lib/python3.12/site-packages/airflow/example_dags/example_display_name.py for tasks to queue
[2025-01-08T10:38:35.578+0000] {logging_mixin.py:190} INFO - [2025-01-08T10:38:35.578+0000] {dagbag.py:588} INFO - Filling up the DagBag from /home/airflow/.local/lib/python3.12/site-packages/airflow/example_dags/example_display_name.py
[2025-01-08T10:38:35.598+0000] {processor.py:925} INFO - DAG(s) 'example_display_name' retrieved from /home/airflow/.local/lib/python3.12/site-packages/airflow/example_dags/example_display_name.py
[2025-01-08T10:38:35.658+0000] {logging_mixin.py:190} INFO - [2025-01-08T10:38:35.658+0000] {dag.py:3239} INFO - Sync 1 DAGs
[2025-01-08T10:38:35.718+0000] {logging_mixin.py:190} INFO - [2025-01-08T10:38:35.718+0000] {dag.py:4180} INFO - Setting next_dagrun for example_display_name to None, run_after=None
[2025-01-08T10:38:35.772+0000] {processor.py:208} INFO - Processing /home/airflow/.local/lib/python3.12/site-packages/airflow/example_dags/example_display_name.py took 0.217 seconds
[2025-01-08T10:39:06.358+0000] {processor.py:186} INFO - Started process (PID=2561) to work on /home/airflow/.local/lib/python3.12/site-packages/airflow/example_dags/example_display_name.py
[2025-01-08T10:39:06.365+0000] {processor.py:914} INFO - Processing file /home/airflow/.local/lib/python3.12/site-packages/airflow/example_dags/example_display_name.py for tasks to queue
[2025-01-08T10:39:06.369+0000] {logging_mixin.py:190} INFO - [2025-01-08T10:39:06.368+0000] {dagbag.py:588} INFO - Filling up the DagBag from /home/airflow/.local/lib/python3.12/site-packages/airflow/example_dags/example_display_name.py
[2025-01-08T10:39:06.380+0000] {processor.py:925} INFO - DAG(s) 'example_display_name' retrieved from /home/airflow/.local/lib/python3.12/site-packages/airflow/example_dags/example_display_name.py
[2025-01-08T10:39:06.407+0000] {logging_mixin.py:190} INFO - [2025-01-08T10:39:06.406+0000] {dag.py:3239} INFO - Sync 1 DAGs
[2025-01-08T10:39:06.429+0000] {logging_mixin.py:190} INFO - [2025-01-08T10:39:06.429+0000] {dag.py:4180} INFO - Setting next_dagrun for example_display_name to None, run_after=None
[2025-01-08T10:39:06.461+0000] {processor.py:208} INFO - Processing /home/airflow/.local/lib/python3.12/site-packages/airflow/example_dags/example_display_name.py took 0.118 seconds
[2025-01-08T10:39:41.885+0000] {processor.py:186} INFO - Started process (PID=2870) to work on /home/airflow/.local/lib/python3.12/site-packages/airflow/example_dags/example_display_name.py
[2025-01-08T10:39:41.888+0000] {processor.py:914} INFO - Processing file /home/airflow/.local/lib/python3.12/site-packages/airflow/example_dags/example_display_name.py for tasks to queue
[2025-01-08T10:39:41.892+0000] {logging_mixin.py:190} INFO - [2025-01-08T10:39:41.892+0000] {dagbag.py:588} INFO - Filling up the DagBag from /home/airflow/.local/lib/python3.12/site-packages/airflow/example_dags/example_display_name.py
[2025-01-08T10:39:41.924+0000] {processor.py:925} INFO - DAG(s) 'example_display_name' retrieved from /home/airflow/.local/lib/python3.12/site-packages/airflow/example_dags/example_display_name.py
[2025-01-08T10:39:41.979+0000] {logging_mixin.py:190} INFO - [2025-01-08T10:39:41.979+0000] {dag.py:3239} INFO - Sync 1 DAGs
[2025-01-08T10:39:42.029+0000] {logging_mixin.py:190} INFO - [2025-01-08T10:39:42.029+0000] {dag.py:4180} INFO - Setting next_dagrun for example_display_name to None, run_after=None
[2025-01-08T10:39:42.100+0000] {processor.py:208} INFO - Processing /home/airflow/.local/lib/python3.12/site-packages/airflow/example_dags/example_display_name.py took 0.229 seconds
[2025-01-08T10:40:17.386+0000] {processor.py:186} INFO - Started process (PID=3171) to work on /home/airflow/.local/lib/python3.12/site-packages/airflow/example_dags/example_display_name.py
[2025-01-08T10:40:17.389+0000] {processor.py:914} INFO - Processing file /home/airflow/.local/lib/python3.12/site-packages/airflow/example_dags/example_display_name.py for tasks to queue
[2025-01-08T10:40:17.392+0000] {logging_mixin.py:190} INFO - [2025-01-08T10:40:17.392+0000] {dagbag.py:588} INFO - Filling up the DagBag from /home/airflow/.local/lib/python3.12/site-packages/airflow/example_dags/example_display_name.py
[2025-01-08T10:40:17.417+0000] {processor.py:925} INFO - DAG(s) 'example_display_name' retrieved from /home/airflow/.local/lib/python3.12/site-packages/airflow/example_dags/example_display_name.py
[2025-01-08T10:40:17.471+0000] {logging_mixin.py:190} INFO - [2025-01-08T10:40:17.470+0000] {dag.py:3239} INFO - Sync 1 DAGs
[2025-01-08T10:40:17.518+0000] {logging_mixin.py:190} INFO - [2025-01-08T10:40:17.518+0000] {dag.py:4180} INFO - Setting next_dagrun for example_display_name to None, run_after=None
[2025-01-08T10:40:17.577+0000] {processor.py:208} INFO - Processing /home/airflow/.local/lib/python3.12/site-packages/airflow/example_dags/example_display_name.py took 0.208 seconds
[2025-01-08T10:43:22.400+0000] {processor.py:186} INFO - Started process (PID=453) to work on /home/airflow/.local/lib/python3.12/site-packages/airflow/example_dags/example_display_name.py
[2025-01-08T10:43:22.401+0000] {processor.py:914} INFO - Processing file /home/airflow/.local/lib/python3.12/site-packages/airflow/example_dags/example_display_name.py for tasks to queue
[2025-01-08T10:43:22.404+0000] {logging_mixin.py:190} INFO - [2025-01-08T10:43:22.403+0000] {dagbag.py:588} INFO - Filling up the DagBag from /home/airflow/.local/lib/python3.12/site-packages/airflow/example_dags/example_display_name.py
[2025-01-08T10:43:22.413+0000] {processor.py:925} INFO - DAG(s) 'example_display_name' retrieved from /home/airflow/.local/lib/python3.12/site-packages/airflow/example_dags/example_display_name.py
[2025-01-08T10:43:22.435+0000] {logging_mixin.py:190} INFO - [2025-01-08T10:43:22.435+0000] {dag.py:3239} INFO - Sync 1 DAGs
[2025-01-08T10:43:22.453+0000] {logging_mixin.py:190} INFO - [2025-01-08T10:43:22.453+0000] {dag.py:4180} INFO - Setting next_dagrun for example_display_name to None, run_after=None
[2025-01-08T10:43:22.483+0000] {processor.py:208} INFO - Processing /home/airflow/.local/lib/python3.12/site-packages/airflow/example_dags/example_display_name.py took 0.091 seconds
[2025-01-08T10:43:53.171+0000] {processor.py:186} INFO - Started process (PID=754) to work on /home/airflow/.local/lib/python3.12/site-packages/airflow/example_dags/example_display_name.py
[2025-01-08T10:43:53.172+0000] {processor.py:914} INFO - Processing file /home/airflow/.local/lib/python3.12/site-packages/airflow/example_dags/example_display_name.py for tasks to queue
[2025-01-08T10:43:53.174+0000] {logging_mixin.py:190} INFO - [2025-01-08T10:43:53.173+0000] {dagbag.py:588} INFO - Filling up the DagBag from /home/airflow/.local/lib/python3.12/site-packages/airflow/example_dags/example_display_name.py
[2025-01-08T10:43:53.181+0000] {processor.py:925} INFO - DAG(s) 'example_display_name' retrieved from /home/airflow/.local/lib/python3.12/site-packages/airflow/example_dags/example_display_name.py
[2025-01-08T10:43:53.200+0000] {logging_mixin.py:190} INFO - [2025-01-08T10:43:53.199+0000] {dag.py:3239} INFO - Sync 1 DAGs
[2025-01-08T10:43:53.215+0000] {logging_mixin.py:190} INFO - [2025-01-08T10:43:53.215+0000] {dag.py:4180} INFO - Setting next_dagrun for example_display_name to None, run_after=None
[2025-01-08T10:43:53.238+0000] {processor.py:208} INFO - Processing /home/airflow/.local/lib/python3.12/site-packages/airflow/example_dags/example_display_name.py took 0.074 seconds
[2025-01-08T10:44:23.927+0000] {processor.py:186} INFO - Started process (PID=1049) to work on /home/airflow/.local/lib/python3.12/site-packages/airflow/example_dags/example_display_name.py
[2025-01-08T10:44:23.928+0000] {processor.py:914} INFO - Processing file /home/airflow/.local/lib/python3.12/site-packages/airflow/example_dags/example_display_name.py for tasks to queue
[2025-01-08T10:44:23.931+0000] {logging_mixin.py:190} INFO - [2025-01-08T10:44:23.930+0000] {dagbag.py:588} INFO - Filling up the DagBag from /home/airflow/.local/lib/python3.12/site-packages/airflow/example_dags/example_display_name.py
[2025-01-08T10:44:23.940+0000] {processor.py:925} INFO - DAG(s) 'example_display_name' retrieved from /home/airflow/.local/lib/python3.12/site-packages/airflow/example_dags/example_display_name.py
[2025-01-08T10:44:23.961+0000] {logging_mixin.py:190} INFO - [2025-01-08T10:44:23.960+0000] {dag.py:3239} INFO - Sync 1 DAGs
[2025-01-08T10:44:23.980+0000] {logging_mixin.py:190} INFO - [2025-01-08T10:44:23.979+0000] {dag.py:4180} INFO - Setting next_dagrun for example_display_name to None, run_after=None
[2025-01-08T10:44:24.021+0000] {processor.py:208} INFO - Processing /home/airflow/.local/lib/python3.12/site-packages/airflow/example_dags/example_display_name.py took 0.100 seconds
[2025-01-08T10:44:54.654+0000] {processor.py:186} INFO - Started process (PID=1350) to work on /home/airflow/.local/lib/python3.12/site-packages/airflow/example_dags/example_display_name.py
[2025-01-08T10:44:54.655+0000] {processor.py:914} INFO - Processing file /home/airflow/.local/lib/python3.12/site-packages/airflow/example_dags/example_display_name.py for tasks to queue
[2025-01-08T10:44:54.657+0000] {logging_mixin.py:190} INFO - [2025-01-08T10:44:54.657+0000] {dagbag.py:588} INFO - Filling up the DagBag from /home/airflow/.local/lib/python3.12/site-packages/airflow/example_dags/example_display_name.py
[2025-01-08T10:44:54.668+0000] {processor.py:925} INFO - DAG(s) 'example_display_name' retrieved from /home/airflow/.local/lib/python3.12/site-packages/airflow/example_dags/example_display_name.py
[2025-01-08T10:44:54.691+0000] {logging_mixin.py:190} INFO - [2025-01-08T10:44:54.691+0000] {dag.py:3239} INFO - Sync 1 DAGs
[2025-01-08T10:44:54.708+0000] {logging_mixin.py:190} INFO - [2025-01-08T10:44:54.708+0000] {dag.py:4180} INFO - Setting next_dagrun for example_display_name to None, run_after=None
[2025-01-08T10:44:54.730+0000] {processor.py:208} INFO - Processing /home/airflow/.local/lib/python3.12/site-packages/airflow/example_dags/example_display_name.py took 0.082 seconds
[2025-01-08T10:45:25.640+0000] {processor.py:186} INFO - Started process (PID=1651) to work on /home/airflow/.local/lib/python3.12/site-packages/airflow/example_dags/example_display_name.py
[2025-01-08T10:45:25.641+0000] {processor.py:914} INFO - Processing file /home/airflow/.local/lib/python3.12/site-packages/airflow/example_dags/example_display_name.py for tasks to queue
[2025-01-08T10:45:25.643+0000] {logging_mixin.py:190} INFO - [2025-01-08T10:45:25.643+0000] {dagbag.py:588} INFO - Filling up the DagBag from /home/airflow/.local/lib/python3.12/site-packages/airflow/example_dags/example_display_name.py
[2025-01-08T10:45:25.651+0000] {processor.py:925} INFO - DAG(s) 'example_display_name' retrieved from /home/airflow/.local/lib/python3.12/site-packages/airflow/example_dags/example_display_name.py
[2025-01-08T10:45:25.669+0000] {logging_mixin.py:190} INFO - [2025-01-08T10:45:25.669+0000] {dag.py:3239} INFO - Sync 1 DAGs
[2025-01-08T10:45:25.684+0000] {logging_mixin.py:190} INFO - [2025-01-08T10:45:25.684+0000] {dag.py:4180} INFO - Setting next_dagrun for example_display_name to None, run_after=None
[2025-01-08T10:45:25.705+0000] {processor.py:208} INFO - Processing /home/airflow/.local/lib/python3.12/site-packages/airflow/example_dags/example_display_name.py took 0.073 seconds
[2025-01-08T10:45:56.297+0000] {processor.py:186} INFO - Started process (PID=1952) to work on /home/airflow/.local/lib/python3.12/site-packages/airflow/example_dags/example_display_name.py
[2025-01-08T10:45:56.298+0000] {processor.py:914} INFO - Processing file /home/airflow/.local/lib/python3.12/site-packages/airflow/example_dags/example_display_name.py for tasks to queue
[2025-01-08T10:45:56.300+0000] {logging_mixin.py:190} INFO - [2025-01-08T10:45:56.300+0000] {dagbag.py:588} INFO - Filling up the DagBag from /home/airflow/.local/lib/python3.12/site-packages/airflow/example_dags/example_display_name.py
[2025-01-08T10:45:56.308+0000] {processor.py:925} INFO - DAG(s) 'example_display_name' retrieved from /home/airflow/.local/lib/python3.12/site-packages/airflow/example_dags/example_display_name.py
[2025-01-08T10:45:56.327+0000] {logging_mixin.py:190} INFO - [2025-01-08T10:45:56.327+0000] {dag.py:3239} INFO - Sync 1 DAGs
[2025-01-08T10:45:56.344+0000] {logging_mixin.py:190} INFO - [2025-01-08T10:45:56.344+0000] {dag.py:4180} INFO - Setting next_dagrun for example_display_name to None, run_after=None
[2025-01-08T10:45:56.367+0000] {processor.py:208} INFO - Processing /home/airflow/.local/lib/python3.12/site-packages/airflow/example_dags/example_display_name.py took 0.077 seconds
[2025-01-08T10:46:27.302+0000] {processor.py:186} INFO - Started process (PID=2255) to work on /home/airflow/.local/lib/python3.12/site-packages/airflow/example_dags/example_display_name.py
[2025-01-08T10:46:27.303+0000] {processor.py:914} INFO - Processing file /home/airflow/.local/lib/python3.12/site-packages/airflow/example_dags/example_display_name.py for tasks to queue
[2025-01-08T10:46:27.305+0000] {logging_mixin.py:190} INFO - [2025-01-08T10:46:27.305+0000] {dagbag.py:588} INFO - Filling up the DagBag from /home/airflow/.local/lib/python3.12/site-packages/airflow/example_dags/example_display_name.py
[2025-01-08T10:46:27.312+0000] {processor.py:925} INFO - DAG(s) 'example_display_name' retrieved from /home/airflow/.local/lib/python3.12/site-packages/airflow/example_dags/example_display_name.py
[2025-01-08T10:46:27.331+0000] {logging_mixin.py:190} INFO - [2025-01-08T10:46:27.330+0000] {dag.py:3239} INFO - Sync 1 DAGs
[2025-01-08T10:46:27.346+0000] {logging_mixin.py:190} INFO - [2025-01-08T10:46:27.346+0000] {dag.py:4180} INFO - Setting next_dagrun for example_display_name to None, run_after=None
[2025-01-08T10:46:27.368+0000] {processor.py:208} INFO - Processing /home/airflow/.local/lib/python3.12/site-packages/airflow/example_dags/example_display_name.py took 0.071 seconds
[2025-01-08T10:46:57.810+0000] {processor.py:186} INFO - Started process (PID=2554) to work on /home/airflow/.local/lib/python3.12/site-packages/airflow/example_dags/example_display_name.py
[2025-01-08T10:46:57.812+0000] {processor.py:914} INFO - Processing file /home/airflow/.local/lib/python3.12/site-packages/airflow/example_dags/example_display_name.py for tasks to queue
[2025-01-08T10:46:57.814+0000] {logging_mixin.py:190} INFO - [2025-01-08T10:46:57.814+0000] {dagbag.py:588} INFO - Filling up the DagBag from /home/airflow/.local/lib/python3.12/site-packages/airflow/example_dags/example_display_name.py
[2025-01-08T10:46:57.824+0000] {processor.py:925} INFO - DAG(s) 'example_display_name' retrieved from /home/airflow/.local/lib/python3.12/site-packages/airflow/example_dags/example_display_name.py
[2025-01-08T10:46:57.848+0000] {logging_mixin.py:190} INFO - [2025-01-08T10:46:57.847+0000] {dag.py:3239} INFO - Sync 1 DAGs
[2025-01-08T10:46:57.867+0000] {logging_mixin.py:190} INFO - [2025-01-08T10:46:57.867+0000] {dag.py:4180} INFO - Setting next_dagrun for example_display_name to None, run_after=None
[2025-01-08T10:46:57.891+0000] {processor.py:208} INFO - Processing /home/airflow/.local/lib/python3.12/site-packages/airflow/example_dags/example_display_name.py took 0.088 seconds
[2025-01-08T10:47:29.121+0000] {processor.py:186} INFO - Started process (PID=2855) to work on /home/airflow/.local/lib/python3.12/site-packages/airflow/example_dags/example_display_name.py
[2025-01-08T10:47:29.122+0000] {processor.py:914} INFO - Processing file /home/airflow/.local/lib/python3.12/site-packages/airflow/example_dags/example_display_name.py for tasks to queue
[2025-01-08T10:47:29.124+0000] {logging_mixin.py:190} INFO - [2025-01-08T10:47:29.123+0000] {dagbag.py:588} INFO - Filling up the DagBag from /home/airflow/.local/lib/python3.12/site-packages/airflow/example_dags/example_display_name.py
[2025-01-08T10:47:29.131+0000] {processor.py:925} INFO - DAG(s) 'example_display_name' retrieved from /home/airflow/.local/lib/python3.12/site-packages/airflow/example_dags/example_display_name.py
[2025-01-08T10:47:29.146+0000] {logging_mixin.py:190} INFO - [2025-01-08T10:47:29.145+0000] {dag.py:3239} INFO - Sync 1 DAGs
[2025-01-08T10:47:29.160+0000] {logging_mixin.py:190} INFO - [2025-01-08T10:47:29.160+0000] {dag.py:4180} INFO - Setting next_dagrun for example_display_name to None, run_after=None
[2025-01-08T10:47:29.180+0000] {processor.py:208} INFO - Processing /home/airflow/.local/lib/python3.12/site-packages/airflow/example_dags/example_display_name.py took 0.065 seconds
[2025-01-08T10:48:00.058+0000] {processor.py:186} INFO - Started process (PID=3156) to work on /home/airflow/.local/lib/python3.12/site-packages/airflow/example_dags/example_display_name.py
[2025-01-08T10:48:00.059+0000] {processor.py:914} INFO - Processing file /home/airflow/.local/lib/python3.12/site-packages/airflow/example_dags/example_display_name.py for tasks to queue
[2025-01-08T10:48:00.062+0000] {logging_mixin.py:190} INFO - [2025-01-08T10:48:00.061+0000] {dagbag.py:588} INFO - Filling up the DagBag from /home/airflow/.local/lib/python3.12/site-packages/airflow/example_dags/example_display_name.py
[2025-01-08T10:48:00.070+0000] {processor.py:925} INFO - DAG(s) 'example_display_name' retrieved from /home/airflow/.local/lib/python3.12/site-packages/airflow/example_dags/example_display_name.py
[2025-01-08T10:48:00.088+0000] {logging_mixin.py:190} INFO - [2025-01-08T10:48:00.088+0000] {dag.py:3239} INFO - Sync 1 DAGs
[2025-01-08T10:48:00.106+0000] {logging_mixin.py:190} INFO - [2025-01-08T10:48:00.106+0000] {dag.py:4180} INFO - Setting next_dagrun for example_display_name to None, run_after=None
[2025-01-08T10:48:00.134+0000] {processor.py:208} INFO - Processing /home/airflow/.local/lib/python3.12/site-packages/airflow/example_dags/example_display_name.py took 0.083 seconds
