[2025-01-08T10:35:09.513+0000] {processor.py:186} INFO - Started process (PID=272) to work on /home/airflow/.local/lib/python3.12/site-packages/airflow/example_dags/example_xcomargs.py
[2025-01-08T10:35:09.514+0000] {processor.py:914} INFO - Processing file /home/airflow/.local/lib/python3.12/site-packages/airflow/example_dags/example_xcomargs.py for tasks to queue
[2025-01-08T10:35:09.516+0000] {logging_mixin.py:190} INFO - [2025-01-08T10:35:09.516+0000] {dagbag.py:588} INFO - Filling up the DagBag from /home/airflow/.local/lib/python3.12/site-packages/airflow/example_dags/example_xcomargs.py
[2025-01-08T10:35:09.531+0000] {processor.py:925} INFO - DAG(s) 'example_xcom_args_with_operators', 'example_xcom_args' retrieved from /home/airflow/.local/lib/python3.12/site-packages/airflow/example_dags/example_xcomargs.py
[2025-01-08T10:35:09.704+0000] {logging_mixin.py:190} INFO - [2025-01-08T10:35:09.704+0000] {override.py:1911} INFO - Created Permission View: can delete on DAG:example_xcom_args_with_operators
[2025-01-08T10:35:09.718+0000] {logging_mixin.py:190} INFO - [2025-01-08T10:35:09.718+0000] {override.py:1911} INFO - Created Permission View: can read on DAG:example_xcom_args_with_operators
[2025-01-08T10:35:09.728+0000] {logging_mixin.py:190} INFO - [2025-01-08T10:35:09.728+0000] {override.py:1911} INFO - Created Permission View: can edit on DAG:example_xcom_args_with_operators
[2025-01-08T10:35:09.741+0000] {logging_mixin.py:190} INFO - [2025-01-08T10:35:09.741+0000] {override.py:1911} INFO - Created Permission View: menu access on DAG Run:example_xcom_args_with_operators
[2025-01-08T10:35:09.753+0000] {logging_mixin.py:190} INFO - [2025-01-08T10:35:09.752+0000] {override.py:1911} INFO - Created Permission View: can create on DAG Run:example_xcom_args_with_operators
[2025-01-08T10:35:09.762+0000] {logging_mixin.py:190} INFO - [2025-01-08T10:35:09.762+0000] {override.py:1911} INFO - Created Permission View: can read on DAG Run:example_xcom_args_with_operators
[2025-01-08T10:35:09.773+0000] {logging_mixin.py:190} INFO - [2025-01-08T10:35:09.772+0000] {override.py:1911} INFO - Created Permission View: can delete on DAG Run:example_xcom_args_with_operators
[2025-01-08T10:35:09.792+0000] {logging_mixin.py:190} INFO - [2025-01-08T10:35:09.791+0000] {override.py:1911} INFO - Created Permission View: can delete on DAG:example_xcom_args
[2025-01-08T10:35:09.802+0000] {logging_mixin.py:190} INFO - [2025-01-08T10:35:09.801+0000] {override.py:1911} INFO - Created Permission View: can read on DAG:example_xcom_args
[2025-01-08T10:35:09.812+0000] {logging_mixin.py:190} INFO - [2025-01-08T10:35:09.812+0000] {override.py:1911} INFO - Created Permission View: can edit on DAG:example_xcom_args
[2025-01-08T10:35:09.825+0000] {logging_mixin.py:190} INFO - [2025-01-08T10:35:09.825+0000] {override.py:1911} INFO - Created Permission View: menu access on DAG Run:example_xcom_args
[2025-01-08T10:35:09.835+0000] {logging_mixin.py:190} INFO - [2025-01-08T10:35:09.835+0000] {override.py:1911} INFO - Created Permission View: can create on DAG Run:example_xcom_args
[2025-01-08T10:35:09.845+0000] {logging_mixin.py:190} INFO - [2025-01-08T10:35:09.844+0000] {override.py:1911} INFO - Created Permission View: can read on DAG Run:example_xcom_args
[2025-01-08T10:35:09.855+0000] {logging_mixin.py:190} INFO - [2025-01-08T10:35:09.855+0000] {override.py:1911} INFO - Created Permission View: can delete on DAG Run:example_xcom_args
[2025-01-08T10:35:09.856+0000] {logging_mixin.py:190} INFO - [2025-01-08T10:35:09.856+0000] {dag.py:3239} INFO - Sync 2 DAGs
[2025-01-08T10:35:09.870+0000] {logging_mixin.py:190} INFO - [2025-01-08T10:35:09.869+0000] {dag.py:3262} INFO - Creating ORM DAG for example_xcom_args_with_operators
[2025-01-08T10:35:09.870+0000] {logging_mixin.py:190} INFO - [2025-01-08T10:35:09.870+0000] {dag.py:3262} INFO - Creating ORM DAG for example_xcom_args
[2025-01-08T10:35:09.871+0000] {logging_mixin.py:190} INFO - [2025-01-08T10:35:09.871+0000] {dag.py:4180} INFO - Setting next_dagrun for example_xcom_args to None, run_after=None
[2025-01-08T10:35:09.872+0000] {logging_mixin.py:190} INFO - [2025-01-08T10:35:09.872+0000] {dag.py:4180} INFO - Setting next_dagrun for example_xcom_args_with_operators to None, run_after=None
[2025-01-08T10:35:09.898+0000] {processor.py:208} INFO - Processing /home/airflow/.local/lib/python3.12/site-packages/airflow/example_dags/example_xcomargs.py took 0.391 seconds
[2025-01-08T10:35:40.261+0000] {processor.py:186} INFO - Started process (PID=573) to work on /home/airflow/.local/lib/python3.12/site-packages/airflow/example_dags/example_xcomargs.py
[2025-01-08T10:35:40.267+0000] {processor.py:914} INFO - Processing file /home/airflow/.local/lib/python3.12/site-packages/airflow/example_dags/example_xcomargs.py for tasks to queue
[2025-01-08T10:35:40.270+0000] {logging_mixin.py:190} INFO - [2025-01-08T10:35:40.270+0000] {dagbag.py:588} INFO - Filling up the DagBag from /home/airflow/.local/lib/python3.12/site-packages/airflow/example_dags/example_xcomargs.py
[2025-01-08T10:35:40.287+0000] {processor.py:925} INFO - DAG(s) 'example_xcom_args', 'example_xcom_args_with_operators' retrieved from /home/airflow/.local/lib/python3.12/site-packages/airflow/example_dags/example_xcomargs.py
[2025-01-08T10:35:40.321+0000] {logging_mixin.py:190} INFO - [2025-01-08T10:35:40.321+0000] {dag.py:3239} INFO - Sync 2 DAGs
[2025-01-08T10:35:40.349+0000] {logging_mixin.py:190} INFO - [2025-01-08T10:35:40.348+0000] {dag.py:4180} INFO - Setting next_dagrun for example_xcom_args to None, run_after=None
[2025-01-08T10:35:40.354+0000] {logging_mixin.py:190} INFO - [2025-01-08T10:35:40.354+0000] {dag.py:4180} INFO - Setting next_dagrun for example_xcom_args_with_operators to None, run_after=None
[2025-01-08T10:35:40.435+0000] {processor.py:208} INFO - Processing /home/airflow/.local/lib/python3.12/site-packages/airflow/example_dags/example_xcomargs.py took 0.183 seconds
[2025-01-08T10:36:10.679+0000] {processor.py:186} INFO - Started process (PID=874) to work on /home/airflow/.local/lib/python3.12/site-packages/airflow/example_dags/example_xcomargs.py
[2025-01-08T10:36:10.682+0000] {processor.py:914} INFO - Processing file /home/airflow/.local/lib/python3.12/site-packages/airflow/example_dags/example_xcomargs.py for tasks to queue
[2025-01-08T10:36:10.686+0000] {logging_mixin.py:190} INFO - [2025-01-08T10:36:10.686+0000] {dagbag.py:588} INFO - Filling up the DagBag from /home/airflow/.local/lib/python3.12/site-packages/airflow/example_dags/example_xcomargs.py
[2025-01-08T10:36:10.706+0000] {processor.py:925} INFO - DAG(s) 'example_xcom_args', 'example_xcom_args_with_operators' retrieved from /home/airflow/.local/lib/python3.12/site-packages/airflow/example_dags/example_xcomargs.py
[2025-01-08T10:36:10.752+0000] {logging_mixin.py:190} INFO - [2025-01-08T10:36:10.751+0000] {dag.py:3239} INFO - Sync 2 DAGs
[2025-01-08T10:36:10.783+0000] {logging_mixin.py:190} INFO - [2025-01-08T10:36:10.782+0000] {dag.py:4180} INFO - Setting next_dagrun for example_xcom_args to None, run_after=None
[2025-01-08T10:36:10.791+0000] {logging_mixin.py:190} INFO - [2025-01-08T10:36:10.790+0000] {dag.py:4180} INFO - Setting next_dagrun for example_xcom_args_with_operators to None, run_after=None
[2025-01-08T10:36:10.822+0000] {processor.py:208} INFO - Processing /home/airflow/.local/lib/python3.12/site-packages/airflow/example_dags/example_xcomargs.py took 0.152 seconds
[2025-01-08T10:36:41.453+0000] {processor.py:186} INFO - Started process (PID=1171) to work on /home/airflow/.local/lib/python3.12/site-packages/airflow/example_dags/example_xcomargs.py
[2025-01-08T10:36:41.454+0000] {processor.py:914} INFO - Processing file /home/airflow/.local/lib/python3.12/site-packages/airflow/example_dags/example_xcomargs.py for tasks to queue
[2025-01-08T10:36:41.457+0000] {logging_mixin.py:190} INFO - [2025-01-08T10:36:41.456+0000] {dagbag.py:588} INFO - Filling up the DagBag from /home/airflow/.local/lib/python3.12/site-packages/airflow/example_dags/example_xcomargs.py
[2025-01-08T10:36:41.470+0000] {processor.py:925} INFO - DAG(s) 'example_xcom_args_with_operators', 'example_xcom_args' retrieved from /home/airflow/.local/lib/python3.12/site-packages/airflow/example_dags/example_xcomargs.py
[2025-01-08T10:36:41.506+0000] {logging_mixin.py:190} INFO - [2025-01-08T10:36:41.506+0000] {dag.py:3239} INFO - Sync 2 DAGs
[2025-01-08T10:36:41.534+0000] {logging_mixin.py:190} INFO - [2025-01-08T10:36:41.534+0000] {dag.py:4180} INFO - Setting next_dagrun for example_xcom_args to None, run_after=None
[2025-01-08T10:36:41.542+0000] {logging_mixin.py:190} INFO - [2025-01-08T10:36:41.541+0000] {dag.py:4180} INFO - Setting next_dagrun for example_xcom_args_with_operators to None, run_after=None
[2025-01-08T10:36:41.571+0000] {processor.py:208} INFO - Processing /home/airflow/.local/lib/python3.12/site-packages/airflow/example_dags/example_xcomargs.py took 0.127 seconds
[2025-01-08T10:37:11.622+0000] {processor.py:186} INFO - Started process (PID=1473) to work on /home/airflow/.local/lib/python3.12/site-packages/airflow/example_dags/example_xcomargs.py
[2025-01-08T10:37:11.624+0000] {processor.py:914} INFO - Processing file /home/airflow/.local/lib/python3.12/site-packages/airflow/example_dags/example_xcomargs.py for tasks to queue
[2025-01-08T10:37:11.627+0000] {logging_mixin.py:190} INFO - [2025-01-08T10:37:11.626+0000] {dagbag.py:588} INFO - Filling up the DagBag from /home/airflow/.local/lib/python3.12/site-packages/airflow/example_dags/example_xcomargs.py
[2025-01-08T10:37:11.639+0000] {processor.py:925} INFO - DAG(s) 'example_xcom_args_with_operators', 'example_xcom_args' retrieved from /home/airflow/.local/lib/python3.12/site-packages/airflow/example_dags/example_xcomargs.py
[2025-01-08T10:37:11.666+0000] {logging_mixin.py:190} INFO - [2025-01-08T10:37:11.665+0000] {dag.py:3239} INFO - Sync 2 DAGs
[2025-01-08T10:37:11.686+0000] {logging_mixin.py:190} INFO - [2025-01-08T10:37:11.686+0000] {dag.py:4180} INFO - Setting next_dagrun for example_xcom_args to None, run_after=None
[2025-01-08T10:37:11.691+0000] {logging_mixin.py:190} INFO - [2025-01-08T10:37:11.691+0000] {dag.py:4180} INFO - Setting next_dagrun for example_xcom_args_with_operators to None, run_after=None
[2025-01-08T10:37:11.713+0000] {processor.py:208} INFO - Processing /home/airflow/.local/lib/python3.12/site-packages/airflow/example_dags/example_xcomargs.py took 0.098 seconds
[2025-01-08T10:37:42.464+0000] {processor.py:186} INFO - Started process (PID=1772) to work on /home/airflow/.local/lib/python3.12/site-packages/airflow/example_dags/example_xcomargs.py
[2025-01-08T10:37:42.465+0000] {processor.py:914} INFO - Processing file /home/airflow/.local/lib/python3.12/site-packages/airflow/example_dags/example_xcomargs.py for tasks to queue
[2025-01-08T10:37:42.469+0000] {logging_mixin.py:190} INFO - [2025-01-08T10:37:42.469+0000] {dagbag.py:588} INFO - Filling up the DagBag from /home/airflow/.local/lib/python3.12/site-packages/airflow/example_dags/example_xcomargs.py
[2025-01-08T10:37:42.485+0000] {processor.py:925} INFO - DAG(s) 'example_xcom_args_with_operators', 'example_xcom_args' retrieved from /home/airflow/.local/lib/python3.12/site-packages/airflow/example_dags/example_xcomargs.py
[2025-01-08T10:37:42.518+0000] {logging_mixin.py:190} INFO - [2025-01-08T10:37:42.517+0000] {dag.py:3239} INFO - Sync 2 DAGs
[2025-01-08T10:37:42.560+0000] {logging_mixin.py:190} INFO - [2025-01-08T10:37:42.560+0000] {dag.py:4180} INFO - Setting next_dagrun for example_xcom_args to None, run_after=None
[2025-01-08T10:37:42.570+0000] {logging_mixin.py:190} INFO - [2025-01-08T10:37:42.569+0000] {dag.py:4180} INFO - Setting next_dagrun for example_xcom_args_with_operators to None, run_after=None
[2025-01-08T10:37:42.643+0000] {processor.py:208} INFO - Processing /home/airflow/.local/lib/python3.12/site-packages/airflow/example_dags/example_xcomargs.py took 0.188 seconds
[2025-01-08T10:38:13.377+0000] {processor.py:186} INFO - Started process (PID=2075) to work on /home/airflow/.local/lib/python3.12/site-packages/airflow/example_dags/example_xcomargs.py
[2025-01-08T10:38:13.380+0000] {processor.py:914} INFO - Processing file /home/airflow/.local/lib/python3.12/site-packages/airflow/example_dags/example_xcomargs.py for tasks to queue
[2025-01-08T10:38:13.387+0000] {logging_mixin.py:190} INFO - [2025-01-08T10:38:13.385+0000] {dagbag.py:588} INFO - Filling up the DagBag from /home/airflow/.local/lib/python3.12/site-packages/airflow/example_dags/example_xcomargs.py
[2025-01-08T10:38:13.415+0000] {processor.py:925} INFO - DAG(s) 'example_xcom_args_with_operators', 'example_xcom_args' retrieved from /home/airflow/.local/lib/python3.12/site-packages/airflow/example_dags/example_xcomargs.py
[2025-01-08T10:38:13.491+0000] {logging_mixin.py:190} INFO - [2025-01-08T10:38:13.490+0000] {dag.py:3239} INFO - Sync 2 DAGs
[2025-01-08T10:38:13.544+0000] {logging_mixin.py:190} INFO - [2025-01-08T10:38:13.544+0000] {dag.py:4180} INFO - Setting next_dagrun for example_xcom_args to None, run_after=None
[2025-01-08T10:38:13.551+0000] {logging_mixin.py:190} INFO - [2025-01-08T10:38:13.551+0000] {dag.py:4180} INFO - Setting next_dagrun for example_xcom_args_with_operators to None, run_after=None
[2025-01-08T10:38:13.597+0000] {processor.py:208} INFO - Processing /home/airflow/.local/lib/python3.12/site-packages/airflow/example_dags/example_xcomargs.py took 0.238 seconds
[2025-01-08T10:38:43.814+0000] {processor.py:186} INFO - Started process (PID=2373) to work on /home/airflow/.local/lib/python3.12/site-packages/airflow/example_dags/example_xcomargs.py
[2025-01-08T10:38:43.816+0000] {processor.py:914} INFO - Processing file /home/airflow/.local/lib/python3.12/site-packages/airflow/example_dags/example_xcomargs.py for tasks to queue
[2025-01-08T10:38:43.820+0000] {logging_mixin.py:190} INFO - [2025-01-08T10:38:43.819+0000] {dagbag.py:588} INFO - Filling up the DagBag from /home/airflow/.local/lib/python3.12/site-packages/airflow/example_dags/example_xcomargs.py
[2025-01-08T10:38:43.848+0000] {processor.py:925} INFO - DAG(s) 'example_xcom_args_with_operators', 'example_xcom_args' retrieved from /home/airflow/.local/lib/python3.12/site-packages/airflow/example_dags/example_xcomargs.py
[2025-01-08T10:38:43.900+0000] {logging_mixin.py:190} INFO - [2025-01-08T10:38:43.899+0000] {dag.py:3239} INFO - Sync 2 DAGs
[2025-01-08T10:38:43.947+0000] {logging_mixin.py:190} INFO - [2025-01-08T10:38:43.947+0000] {dag.py:4180} INFO - Setting next_dagrun for example_xcom_args to None, run_after=None
[2025-01-08T10:38:43.962+0000] {logging_mixin.py:190} INFO - [2025-01-08T10:38:43.962+0000] {dag.py:4180} INFO - Setting next_dagrun for example_xcom_args_with_operators to None, run_after=None
[2025-01-08T10:38:44.003+0000] {processor.py:208} INFO - Processing /home/airflow/.local/lib/python3.12/site-packages/airflow/example_dags/example_xcomargs.py took 0.204 seconds
[2025-01-08T10:39:14.500+0000] {processor.py:186} INFO - Started process (PID=2676) to work on /home/airflow/.local/lib/python3.12/site-packages/airflow/example_dags/example_xcomargs.py
[2025-01-08T10:39:14.505+0000] {processor.py:914} INFO - Processing file /home/airflow/.local/lib/python3.12/site-packages/airflow/example_dags/example_xcomargs.py for tasks to queue
[2025-01-08T10:39:14.509+0000] {logging_mixin.py:190} INFO - [2025-01-08T10:39:14.508+0000] {dagbag.py:588} INFO - Filling up the DagBag from /home/airflow/.local/lib/python3.12/site-packages/airflow/example_dags/example_xcomargs.py
[2025-01-08T10:39:14.533+0000] {processor.py:925} INFO - DAG(s) 'example_xcom_args', 'example_xcom_args_with_operators' retrieved from /home/airflow/.local/lib/python3.12/site-packages/airflow/example_dags/example_xcomargs.py
[2025-01-08T10:39:14.605+0000] {logging_mixin.py:190} INFO - [2025-01-08T10:39:14.604+0000] {dag.py:3239} INFO - Sync 2 DAGs
[2025-01-08T10:39:14.653+0000] {logging_mixin.py:190} INFO - [2025-01-08T10:39:14.652+0000] {dag.py:4180} INFO - Setting next_dagrun for example_xcom_args to None, run_after=None
[2025-01-08T10:39:14.662+0000] {logging_mixin.py:190} INFO - [2025-01-08T10:39:14.662+0000] {dag.py:4180} INFO - Setting next_dagrun for example_xcom_args_with_operators to None, run_after=None
[2025-01-08T10:39:14.897+0000] {processor.py:208} INFO - Processing /home/airflow/.local/lib/python3.12/site-packages/airflow/example_dags/example_xcomargs.py took 0.413 seconds
[2025-01-08T10:39:45.724+0000] {processor.py:186} INFO - Started process (PID=2975) to work on /home/airflow/.local/lib/python3.12/site-packages/airflow/example_dags/example_xcomargs.py
[2025-01-08T10:39:45.729+0000] {processor.py:914} INFO - Processing file /home/airflow/.local/lib/python3.12/site-packages/airflow/example_dags/example_xcomargs.py for tasks to queue
[2025-01-08T10:39:45.733+0000] {logging_mixin.py:190} INFO - [2025-01-08T10:39:45.733+0000] {dagbag.py:588} INFO - Filling up the DagBag from /home/airflow/.local/lib/python3.12/site-packages/airflow/example_dags/example_xcomargs.py
[2025-01-08T10:39:45.768+0000] {processor.py:925} INFO - DAG(s) 'example_xcom_args', 'example_xcom_args_with_operators' retrieved from /home/airflow/.local/lib/python3.12/site-packages/airflow/example_dags/example_xcomargs.py
[2025-01-08T10:39:45.830+0000] {logging_mixin.py:190} INFO - [2025-01-08T10:39:45.830+0000] {dag.py:3239} INFO - Sync 2 DAGs
[2025-01-08T10:39:45.879+0000] {logging_mixin.py:190} INFO - [2025-01-08T10:39:45.879+0000] {dag.py:4180} INFO - Setting next_dagrun for example_xcom_args to None, run_after=None
[2025-01-08T10:39:45.896+0000] {logging_mixin.py:190} INFO - [2025-01-08T10:39:45.896+0000] {dag.py:4180} INFO - Setting next_dagrun for example_xcom_args_with_operators to None, run_after=None
[2025-01-08T10:39:46.004+0000] {processor.py:208} INFO - Processing /home/airflow/.local/lib/python3.12/site-packages/airflow/example_dags/example_xcomargs.py took 0.296 seconds
[2025-01-08T10:40:19.809+0000] {processor.py:186} INFO - Started process (PID=3273) to work on /home/airflow/.local/lib/python3.12/site-packages/airflow/example_dags/example_xcomargs.py
[2025-01-08T10:40:19.810+0000] {processor.py:914} INFO - Processing file /home/airflow/.local/lib/python3.12/site-packages/airflow/example_dags/example_xcomargs.py for tasks to queue
[2025-01-08T10:40:19.814+0000] {logging_mixin.py:190} INFO - [2025-01-08T10:40:19.814+0000] {dagbag.py:588} INFO - Filling up the DagBag from /home/airflow/.local/lib/python3.12/site-packages/airflow/example_dags/example_xcomargs.py
[2025-01-08T10:40:19.831+0000] {processor.py:925} INFO - DAG(s) 'example_xcom_args', 'example_xcom_args_with_operators' retrieved from /home/airflow/.local/lib/python3.12/site-packages/airflow/example_dags/example_xcomargs.py
[2025-01-08T10:40:19.865+0000] {logging_mixin.py:190} INFO - [2025-01-08T10:40:19.864+0000] {dag.py:3239} INFO - Sync 2 DAGs
[2025-01-08T10:40:19.891+0000] {logging_mixin.py:190} INFO - [2025-01-08T10:40:19.890+0000] {dag.py:4180} INFO - Setting next_dagrun for example_xcom_args to None, run_after=None
[2025-01-08T10:40:19.897+0000] {logging_mixin.py:190} INFO - [2025-01-08T10:40:19.896+0000] {dag.py:4180} INFO - Setting next_dagrun for example_xcom_args_with_operators to None, run_after=None
[2025-01-08T10:40:19.930+0000] {processor.py:208} INFO - Processing /home/airflow/.local/lib/python3.12/site-packages/airflow/example_dags/example_xcomargs.py took 0.130 seconds
[2025-01-08T10:43:16.481+0000] {processor.py:186} INFO - Started process (PID=267) to work on /home/airflow/.local/lib/python3.12/site-packages/airflow/example_dags/example_xcomargs.py
[2025-01-08T10:43:16.483+0000] {processor.py:914} INFO - Processing file /home/airflow/.local/lib/python3.12/site-packages/airflow/example_dags/example_xcomargs.py for tasks to queue
[2025-01-08T10:43:16.485+0000] {logging_mixin.py:190} INFO - [2025-01-08T10:43:16.485+0000] {dagbag.py:588} INFO - Filling up the DagBag from /home/airflow/.local/lib/python3.12/site-packages/airflow/example_dags/example_xcomargs.py
[2025-01-08T10:43:16.500+0000] {processor.py:925} INFO - DAG(s) 'example_xcom_args', 'example_xcom_args_with_operators' retrieved from /home/airflow/.local/lib/python3.12/site-packages/airflow/example_dags/example_xcomargs.py
[2025-01-08T10:43:16.535+0000] {logging_mixin.py:190} INFO - [2025-01-08T10:43:16.534+0000] {dag.py:3239} INFO - Sync 2 DAGs
[2025-01-08T10:43:16.554+0000] {logging_mixin.py:190} INFO - [2025-01-08T10:43:16.554+0000] {dag.py:4180} INFO - Setting next_dagrun for example_xcom_args to None, run_after=None
[2025-01-08T10:43:16.559+0000] {logging_mixin.py:190} INFO - [2025-01-08T10:43:16.558+0000] {dag.py:4180} INFO - Setting next_dagrun for example_xcom_args_with_operators to None, run_after=None
[2025-01-08T10:43:16.580+0000] {processor.py:208} INFO - Processing /home/airflow/.local/lib/python3.12/site-packages/airflow/example_dags/example_xcomargs.py took 0.105 seconds
[2025-01-08T10:43:47.151+0000] {processor.py:186} INFO - Started process (PID=563) to work on /home/airflow/.local/lib/python3.12/site-packages/airflow/example_dags/example_xcomargs.py
[2025-01-08T10:43:47.152+0000] {processor.py:914} INFO - Processing file /home/airflow/.local/lib/python3.12/site-packages/airflow/example_dags/example_xcomargs.py for tasks to queue
[2025-01-08T10:43:47.155+0000] {logging_mixin.py:190} INFO - [2025-01-08T10:43:47.155+0000] {dagbag.py:588} INFO - Filling up the DagBag from /home/airflow/.local/lib/python3.12/site-packages/airflow/example_dags/example_xcomargs.py
[2025-01-08T10:43:47.176+0000] {processor.py:925} INFO - DAG(s) 'example_xcom_args_with_operators', 'example_xcom_args' retrieved from /home/airflow/.local/lib/python3.12/site-packages/airflow/example_dags/example_xcomargs.py
[2025-01-08T10:43:47.216+0000] {logging_mixin.py:190} INFO - [2025-01-08T10:43:47.215+0000] {dag.py:3239} INFO - Sync 2 DAGs
[2025-01-08T10:43:47.243+0000] {logging_mixin.py:190} INFO - [2025-01-08T10:43:47.242+0000] {dag.py:4180} INFO - Setting next_dagrun for example_xcom_args to None, run_after=None
[2025-01-08T10:43:47.251+0000] {logging_mixin.py:190} INFO - [2025-01-08T10:43:47.250+0000] {dag.py:4180} INFO - Setting next_dagrun for example_xcom_args_with_operators to None, run_after=None
[2025-01-08T10:43:47.278+0000] {processor.py:208} INFO - Processing /home/airflow/.local/lib/python3.12/site-packages/airflow/example_dags/example_xcomargs.py took 0.134 seconds
[2025-01-08T10:44:18.074+0000] {processor.py:186} INFO - Started process (PID=864) to work on /home/airflow/.local/lib/python3.12/site-packages/airflow/example_dags/example_xcomargs.py
[2025-01-08T10:44:18.075+0000] {processor.py:914} INFO - Processing file /home/airflow/.local/lib/python3.12/site-packages/airflow/example_dags/example_xcomargs.py for tasks to queue
[2025-01-08T10:44:18.078+0000] {logging_mixin.py:190} INFO - [2025-01-08T10:44:18.077+0000] {dagbag.py:588} INFO - Filling up the DagBag from /home/airflow/.local/lib/python3.12/site-packages/airflow/example_dags/example_xcomargs.py
[2025-01-08T10:44:18.088+0000] {processor.py:925} INFO - DAG(s) 'example_xcom_args_with_operators', 'example_xcom_args' retrieved from /home/airflow/.local/lib/python3.12/site-packages/airflow/example_dags/example_xcomargs.py
[2025-01-08T10:44:18.110+0000] {logging_mixin.py:190} INFO - [2025-01-08T10:44:18.110+0000] {dag.py:3239} INFO - Sync 2 DAGs
[2025-01-08T10:44:18.126+0000] {logging_mixin.py:190} INFO - [2025-01-08T10:44:18.126+0000] {dag.py:4180} INFO - Setting next_dagrun for example_xcom_args to None, run_after=None
[2025-01-08T10:44:18.130+0000] {logging_mixin.py:190} INFO - [2025-01-08T10:44:18.130+0000] {dag.py:4180} INFO - Setting next_dagrun for example_xcom_args_with_operators to None, run_after=None
[2025-01-08T10:44:18.148+0000] {processor.py:208} INFO - Processing /home/airflow/.local/lib/python3.12/site-packages/airflow/example_dags/example_xcomargs.py took 0.079 seconds
[2025-01-08T10:44:48.756+0000] {processor.py:186} INFO - Started process (PID=1170) to work on /home/airflow/.local/lib/python3.12/site-packages/airflow/example_dags/example_xcomargs.py
[2025-01-08T10:44:48.758+0000] {processor.py:914} INFO - Processing file /home/airflow/.local/lib/python3.12/site-packages/airflow/example_dags/example_xcomargs.py for tasks to queue
[2025-01-08T10:44:48.760+0000] {logging_mixin.py:190} INFO - [2025-01-08T10:44:48.760+0000] {dagbag.py:588} INFO - Filling up the DagBag from /home/airflow/.local/lib/python3.12/site-packages/airflow/example_dags/example_xcomargs.py
[2025-01-08T10:44:48.774+0000] {processor.py:925} INFO - DAG(s) 'example_xcom_args_with_operators', 'example_xcom_args' retrieved from /home/airflow/.local/lib/python3.12/site-packages/airflow/example_dags/example_xcomargs.py
[2025-01-08T10:44:48.805+0000] {logging_mixin.py:190} INFO - [2025-01-08T10:44:48.804+0000] {dag.py:3239} INFO - Sync 2 DAGs
[2025-01-08T10:44:48.830+0000] {logging_mixin.py:190} INFO - [2025-01-08T10:44:48.830+0000] {dag.py:4180} INFO - Setting next_dagrun for example_xcom_args to None, run_after=None
[2025-01-08T10:44:48.838+0000] {logging_mixin.py:190} INFO - [2025-01-08T10:44:48.838+0000] {dag.py:4180} INFO - Setting next_dagrun for example_xcom_args_with_operators to None, run_after=None
[2025-01-08T10:44:48.860+0000] {processor.py:208} INFO - Processing /home/airflow/.local/lib/python3.12/site-packages/airflow/example_dags/example_xcomargs.py took 0.113 seconds
[2025-01-08T10:45:19.297+0000] {processor.py:186} INFO - Started process (PID=1471) to work on /home/airflow/.local/lib/python3.12/site-packages/airflow/example_dags/example_xcomargs.py
[2025-01-08T10:45:19.299+0000] {processor.py:914} INFO - Processing file /home/airflow/.local/lib/python3.12/site-packages/airflow/example_dags/example_xcomargs.py for tasks to queue
[2025-01-08T10:45:19.300+0000] {logging_mixin.py:190} INFO - [2025-01-08T10:45:19.300+0000] {dagbag.py:588} INFO - Filling up the DagBag from /home/airflow/.local/lib/python3.12/site-packages/airflow/example_dags/example_xcomargs.py
[2025-01-08T10:45:19.310+0000] {processor.py:925} INFO - DAG(s) 'example_xcom_args', 'example_xcom_args_with_operators' retrieved from /home/airflow/.local/lib/python3.12/site-packages/airflow/example_dags/example_xcomargs.py
[2025-01-08T10:45:19.333+0000] {logging_mixin.py:190} INFO - [2025-01-08T10:45:19.332+0000] {dag.py:3239} INFO - Sync 2 DAGs
[2025-01-08T10:45:19.353+0000] {logging_mixin.py:190} INFO - [2025-01-08T10:45:19.353+0000] {dag.py:4180} INFO - Setting next_dagrun for example_xcom_args to None, run_after=None
[2025-01-08T10:45:19.358+0000] {logging_mixin.py:190} INFO - [2025-01-08T10:45:19.358+0000] {dag.py:4180} INFO - Setting next_dagrun for example_xcom_args_with_operators to None, run_after=None
[2025-01-08T10:45:19.378+0000] {processor.py:208} INFO - Processing /home/airflow/.local/lib/python3.12/site-packages/airflow/example_dags/example_xcomargs.py took 0.086 seconds
[2025-01-08T10:45:50.278+0000] {processor.py:186} INFO - Started process (PID=1772) to work on /home/airflow/.local/lib/python3.12/site-packages/airflow/example_dags/example_xcomargs.py
[2025-01-08T10:45:50.278+0000] {processor.py:914} INFO - Processing file /home/airflow/.local/lib/python3.12/site-packages/airflow/example_dags/example_xcomargs.py for tasks to queue
[2025-01-08T10:45:50.280+0000] {logging_mixin.py:190} INFO - [2025-01-08T10:45:50.280+0000] {dagbag.py:588} INFO - Filling up the DagBag from /home/airflow/.local/lib/python3.12/site-packages/airflow/example_dags/example_xcomargs.py
[2025-01-08T10:45:50.289+0000] {processor.py:925} INFO - DAG(s) 'example_xcom_args', 'example_xcom_args_with_operators' retrieved from /home/airflow/.local/lib/python3.12/site-packages/airflow/example_dags/example_xcomargs.py
[2025-01-08T10:45:50.308+0000] {logging_mixin.py:190} INFO - [2025-01-08T10:45:50.308+0000] {dag.py:3239} INFO - Sync 2 DAGs
[2025-01-08T10:45:50.322+0000] {logging_mixin.py:190} INFO - [2025-01-08T10:45:50.321+0000] {dag.py:4180} INFO - Setting next_dagrun for example_xcom_args to None, run_after=None
[2025-01-08T10:45:50.325+0000] {logging_mixin.py:190} INFO - [2025-01-08T10:45:50.325+0000] {dag.py:4180} INFO - Setting next_dagrun for example_xcom_args_with_operators to None, run_after=None
[2025-01-08T10:45:50.341+0000] {processor.py:208} INFO - Processing /home/airflow/.local/lib/python3.12/site-packages/airflow/example_dags/example_xcomargs.py took 0.068 seconds
[2025-01-08T10:46:20.793+0000] {processor.py:186} INFO - Started process (PID=2073) to work on /home/airflow/.local/lib/python3.12/site-packages/airflow/example_dags/example_xcomargs.py
[2025-01-08T10:46:20.794+0000] {processor.py:914} INFO - Processing file /home/airflow/.local/lib/python3.12/site-packages/airflow/example_dags/example_xcomargs.py for tasks to queue
[2025-01-08T10:46:20.796+0000] {logging_mixin.py:190} INFO - [2025-01-08T10:46:20.796+0000] {dagbag.py:588} INFO - Filling up the DagBag from /home/airflow/.local/lib/python3.12/site-packages/airflow/example_dags/example_xcomargs.py
[2025-01-08T10:46:20.807+0000] {processor.py:925} INFO - DAG(s) 'example_xcom_args', 'example_xcom_args_with_operators' retrieved from /home/airflow/.local/lib/python3.12/site-packages/airflow/example_dags/example_xcomargs.py
[2025-01-08T10:46:20.830+0000] {logging_mixin.py:190} INFO - [2025-01-08T10:46:20.830+0000] {dag.py:3239} INFO - Sync 2 DAGs
[2025-01-08T10:46:20.845+0000] {logging_mixin.py:190} INFO - [2025-01-08T10:46:20.844+0000] {dag.py:4180} INFO - Setting next_dagrun for example_xcom_args to None, run_after=None
[2025-01-08T10:46:20.849+0000] {logging_mixin.py:190} INFO - [2025-01-08T10:46:20.849+0000] {dag.py:4180} INFO - Setting next_dagrun for example_xcom_args_with_operators to None, run_after=None
[2025-01-08T10:46:20.866+0000] {processor.py:208} INFO - Processing /home/airflow/.local/lib/python3.12/site-packages/airflow/example_dags/example_xcomargs.py took 0.078 seconds
[2025-01-08T10:46:51.168+0000] {processor.py:186} INFO - Started process (PID=2374) to work on /home/airflow/.local/lib/python3.12/site-packages/airflow/example_dags/example_xcomargs.py
[2025-01-08T10:46:51.170+0000] {processor.py:914} INFO - Processing file /home/airflow/.local/lib/python3.12/site-packages/airflow/example_dags/example_xcomargs.py for tasks to queue
[2025-01-08T10:46:51.172+0000] {logging_mixin.py:190} INFO - [2025-01-08T10:46:51.171+0000] {dagbag.py:588} INFO - Filling up the DagBag from /home/airflow/.local/lib/python3.12/site-packages/airflow/example_dags/example_xcomargs.py
[2025-01-08T10:46:51.181+0000] {processor.py:925} INFO - DAG(s) 'example_xcom_args_with_operators', 'example_xcom_args' retrieved from /home/airflow/.local/lib/python3.12/site-packages/airflow/example_dags/example_xcomargs.py
[2025-01-08T10:46:51.202+0000] {logging_mixin.py:190} INFO - [2025-01-08T10:46:51.202+0000] {dag.py:3239} INFO - Sync 2 DAGs
[2025-01-08T10:46:51.216+0000] {logging_mixin.py:190} INFO - [2025-01-08T10:46:51.216+0000] {dag.py:4180} INFO - Setting next_dagrun for example_xcom_args to None, run_after=None
[2025-01-08T10:46:51.220+0000] {logging_mixin.py:190} INFO - [2025-01-08T10:46:51.220+0000] {dag.py:4180} INFO - Setting next_dagrun for example_xcom_args_with_operators to None, run_after=None
[2025-01-08T10:46:51.237+0000] {processor.py:208} INFO - Processing /home/airflow/.local/lib/python3.12/site-packages/airflow/example_dags/example_xcomargs.py took 0.074 seconds
[2025-01-08T10:47:21.618+0000] {processor.py:186} INFO - Started process (PID=2675) to work on /home/airflow/.local/lib/python3.12/site-packages/airflow/example_dags/example_xcomargs.py
[2025-01-08T10:47:21.619+0000] {processor.py:914} INFO - Processing file /home/airflow/.local/lib/python3.12/site-packages/airflow/example_dags/example_xcomargs.py for tasks to queue
[2025-01-08T10:47:21.621+0000] {logging_mixin.py:190} INFO - [2025-01-08T10:47:21.620+0000] {dagbag.py:588} INFO - Filling up the DagBag from /home/airflow/.local/lib/python3.12/site-packages/airflow/example_dags/example_xcomargs.py
[2025-01-08T10:47:21.630+0000] {processor.py:925} INFO - DAG(s) 'example_xcom_args_with_operators', 'example_xcom_args' retrieved from /home/airflow/.local/lib/python3.12/site-packages/airflow/example_dags/example_xcomargs.py
[2025-01-08T10:47:21.651+0000] {logging_mixin.py:190} INFO - [2025-01-08T10:47:21.650+0000] {dag.py:3239} INFO - Sync 2 DAGs
[2025-01-08T10:47:21.666+0000] {logging_mixin.py:190} INFO - [2025-01-08T10:47:21.666+0000] {dag.py:4180} INFO - Setting next_dagrun for example_xcom_args to None, run_after=None
[2025-01-08T10:47:21.670+0000] {logging_mixin.py:190} INFO - [2025-01-08T10:47:21.669+0000] {dag.py:4180} INFO - Setting next_dagrun for example_xcom_args_with_operators to None, run_after=None
[2025-01-08T10:47:21.688+0000] {processor.py:208} INFO - Processing /home/airflow/.local/lib/python3.12/site-packages/airflow/example_dags/example_xcomargs.py took 0.075 seconds
[2025-01-08T10:47:51.971+0000] {processor.py:186} INFO - Started process (PID=2976) to work on /home/airflow/.local/lib/python3.12/site-packages/airflow/example_dags/example_xcomargs.py
[2025-01-08T10:47:51.972+0000] {processor.py:914} INFO - Processing file /home/airflow/.local/lib/python3.12/site-packages/airflow/example_dags/example_xcomargs.py for tasks to queue
[2025-01-08T10:47:51.974+0000] {logging_mixin.py:190} INFO - [2025-01-08T10:47:51.974+0000] {dagbag.py:588} INFO - Filling up the DagBag from /home/airflow/.local/lib/python3.12/site-packages/airflow/example_dags/example_xcomargs.py
[2025-01-08T10:47:51.985+0000] {processor.py:925} INFO - DAG(s) 'example_xcom_args', 'example_xcom_args_with_operators' retrieved from /home/airflow/.local/lib/python3.12/site-packages/airflow/example_dags/example_xcomargs.py
[2025-01-08T10:47:52.009+0000] {logging_mixin.py:190} INFO - [2025-01-08T10:47:52.009+0000] {dag.py:3239} INFO - Sync 2 DAGs
[2025-01-08T10:47:52.026+0000] {logging_mixin.py:190} INFO - [2025-01-08T10:47:52.026+0000] {dag.py:4180} INFO - Setting next_dagrun for example_xcom_args to None, run_after=None
[2025-01-08T10:47:52.030+0000] {logging_mixin.py:190} INFO - [2025-01-08T10:47:52.030+0000] {dag.py:4180} INFO - Setting next_dagrun for example_xcom_args_with_operators to None, run_after=None
[2025-01-08T10:47:52.052+0000] {processor.py:208} INFO - Processing /home/airflow/.local/lib/python3.12/site-packages/airflow/example_dags/example_xcomargs.py took 0.087 seconds
