[2025-01-08T10:35:11.629+0000] {processor.py:186} INFO - Started process (PID=307) to work on /home/airflow/.local/lib/python3.12/site-packages/airflow/example_dags/example_branch_python_dop_operator_3.py
[2025-01-08T10:35:11.630+0000] {processor.py:914} INFO - Processing file /home/airflow/.local/lib/python3.12/site-packages/airflow/example_dags/example_branch_python_dop_operator_3.py for tasks to queue
[2025-01-08T10:35:11.633+0000] {logging_mixin.py:190} INFO - [2025-01-08T10:35:11.632+0000] {dagbag.py:588} INFO - Filling up the DagBag from /home/airflow/.local/lib/python3.12/site-packages/airflow/example_dags/example_branch_python_dop_operator_3.py
[2025-01-08T10:35:11.645+0000] {processor.py:925} INFO - DAG(s) 'example_branch_dop_operator_v3' retrieved from /home/airflow/.local/lib/python3.12/site-packages/airflow/example_dags/example_branch_python_dop_operator_3.py
[2025-01-08T10:35:11.838+0000] {logging_mixin.py:190} INFO - [2025-01-08T10:35:11.837+0000] {override.py:1911} INFO - Created Permission View: can delete on DAG:example_branch_dop_operator_v3
[2025-01-08T10:35:11.853+0000] {logging_mixin.py:190} INFO - [2025-01-08T10:35:11.853+0000] {override.py:1911} INFO - Created Permission View: can read on DAG:example_branch_dop_operator_v3
[2025-01-08T10:35:11.866+0000] {logging_mixin.py:190} INFO - [2025-01-08T10:35:11.866+0000] {override.py:1911} INFO - Created Permission View: can edit on DAG:example_branch_dop_operator_v3
[2025-01-08T10:35:11.882+0000] {logging_mixin.py:190} INFO - [2025-01-08T10:35:11.881+0000] {override.py:1911} INFO - Created Permission View: menu access on DAG Run:example_branch_dop_operator_v3
[2025-01-08T10:35:11.894+0000] {logging_mixin.py:190} INFO - [2025-01-08T10:35:11.894+0000] {override.py:1911} INFO - Created Permission View: can create on DAG Run:example_branch_dop_operator_v3
[2025-01-08T10:35:11.906+0000] {logging_mixin.py:190} INFO - [2025-01-08T10:35:11.905+0000] {override.py:1911} INFO - Created Permission View: can read on DAG Run:example_branch_dop_operator_v3
[2025-01-08T10:35:11.918+0000] {logging_mixin.py:190} INFO - [2025-01-08T10:35:11.918+0000] {override.py:1911} INFO - Created Permission View: can delete on DAG Run:example_branch_dop_operator_v3
[2025-01-08T10:35:11.919+0000] {logging_mixin.py:190} INFO - [2025-01-08T10:35:11.919+0000] {dag.py:3239} INFO - Sync 1 DAGs
[2025-01-08T10:35:11.944+0000] {logging_mixin.py:190} INFO - [2025-01-08T10:35:11.943+0000] {dag.py:3262} INFO - Creating ORM DAG for example_branch_dop_operator_v3
[2025-01-08T10:35:11.967+0000] {logging_mixin.py:190} INFO - [2025-01-08T10:35:11.967+0000] {dag.py:4180} INFO - Setting next_dagrun for example_branch_dop_operator_v3 to 2025-01-08 10:34:00+00:00, run_after=2025-01-08 10:35:00+00:00
[2025-01-08T10:35:11.993+0000] {processor.py:208} INFO - Processing /home/airflow/.local/lib/python3.12/site-packages/airflow/example_dags/example_branch_python_dop_operator_3.py took 0.372 seconds
[2025-01-08T10:35:45.870+0000] {processor.py:186} INFO - Started process (PID=608) to work on /home/airflow/.local/lib/python3.12/site-packages/airflow/example_dags/example_branch_python_dop_operator_3.py
[2025-01-08T10:35:45.881+0000] {processor.py:914} INFO - Processing file /home/airflow/.local/lib/python3.12/site-packages/airflow/example_dags/example_branch_python_dop_operator_3.py for tasks to queue
[2025-01-08T10:35:45.888+0000] {logging_mixin.py:190} INFO - [2025-01-08T10:35:45.887+0000] {dagbag.py:588} INFO - Filling up the DagBag from /home/airflow/.local/lib/python3.12/site-packages/airflow/example_dags/example_branch_python_dop_operator_3.py
[2025-01-08T10:35:45.910+0000] {processor.py:925} INFO - DAG(s) 'example_branch_dop_operator_v3' retrieved from /home/airflow/.local/lib/python3.12/site-packages/airflow/example_dags/example_branch_python_dop_operator_3.py
[2025-01-08T10:35:45.955+0000] {logging_mixin.py:190} INFO - [2025-01-08T10:35:45.954+0000] {dag.py:3239} INFO - Sync 1 DAGs
[2025-01-08T10:35:46.015+0000] {logging_mixin.py:190} INFO - [2025-01-08T10:35:46.015+0000] {dag.py:4180} INFO - Setting next_dagrun for example_branch_dop_operator_v3 to 2025-01-08 10:34:00+00:00, run_after=2025-01-08 10:35:00+00:00
[2025-01-08T10:35:46.140+0000] {processor.py:208} INFO - Processing /home/airflow/.local/lib/python3.12/site-packages/airflow/example_dags/example_branch_python_dop_operator_3.py took 0.281 seconds
[2025-01-08T10:36:16.825+0000] {processor.py:186} INFO - Started process (PID=906) to work on /home/airflow/.local/lib/python3.12/site-packages/airflow/example_dags/example_branch_python_dop_operator_3.py
[2025-01-08T10:36:16.829+0000] {processor.py:914} INFO - Processing file /home/airflow/.local/lib/python3.12/site-packages/airflow/example_dags/example_branch_python_dop_operator_3.py for tasks to queue
[2025-01-08T10:36:16.836+0000] {logging_mixin.py:190} INFO - [2025-01-08T10:36:16.835+0000] {dagbag.py:588} INFO - Filling up the DagBag from /home/airflow/.local/lib/python3.12/site-packages/airflow/example_dags/example_branch_python_dop_operator_3.py
[2025-01-08T10:36:16.861+0000] {processor.py:925} INFO - DAG(s) 'example_branch_dop_operator_v3' retrieved from /home/airflow/.local/lib/python3.12/site-packages/airflow/example_dags/example_branch_python_dop_operator_3.py
[2025-01-08T10:36:16.899+0000] {logging_mixin.py:190} INFO - [2025-01-08T10:36:16.899+0000] {dag.py:3239} INFO - Sync 1 DAGs
[2025-01-08T10:36:16.957+0000] {logging_mixin.py:190} INFO - [2025-01-08T10:36:16.956+0000] {dag.py:4180} INFO - Setting next_dagrun for example_branch_dop_operator_v3 to 2025-01-08 10:35:00+00:00, run_after=2025-01-08 10:36:00+00:00
[2025-01-08T10:36:17.021+0000] {processor.py:208} INFO - Processing /home/airflow/.local/lib/python3.12/site-packages/airflow/example_dags/example_branch_python_dop_operator_3.py took 0.212 seconds
[2025-01-08T10:36:47.159+0000] {processor.py:186} INFO - Started process (PID=1207) to work on /home/airflow/.local/lib/python3.12/site-packages/airflow/example_dags/example_branch_python_dop_operator_3.py
[2025-01-08T10:36:47.160+0000] {processor.py:914} INFO - Processing file /home/airflow/.local/lib/python3.12/site-packages/airflow/example_dags/example_branch_python_dop_operator_3.py for tasks to queue
[2025-01-08T10:36:47.162+0000] {logging_mixin.py:190} INFO - [2025-01-08T10:36:47.162+0000] {dagbag.py:588} INFO - Filling up the DagBag from /home/airflow/.local/lib/python3.12/site-packages/airflow/example_dags/example_branch_python_dop_operator_3.py
[2025-01-08T10:36:47.176+0000] {processor.py:925} INFO - DAG(s) 'example_branch_dop_operator_v3' retrieved from /home/airflow/.local/lib/python3.12/site-packages/airflow/example_dags/example_branch_python_dop_operator_3.py
[2025-01-08T10:36:47.206+0000] {logging_mixin.py:190} INFO - [2025-01-08T10:36:47.206+0000] {dag.py:3239} INFO - Sync 1 DAGs
[2025-01-08T10:36:47.254+0000] {logging_mixin.py:190} INFO - [2025-01-08T10:36:47.254+0000] {dag.py:4180} INFO - Setting next_dagrun for example_branch_dop_operator_v3 to 2025-01-08 10:35:00+00:00, run_after=2025-01-08 10:36:00+00:00
[2025-01-08T10:36:47.281+0000] {processor.py:208} INFO - Processing /home/airflow/.local/lib/python3.12/site-packages/airflow/example_dags/example_branch_python_dop_operator_3.py took 0.129 seconds
[2025-01-08T10:37:17.409+0000] {processor.py:186} INFO - Started process (PID=1508) to work on /home/airflow/.local/lib/python3.12/site-packages/airflow/example_dags/example_branch_python_dop_operator_3.py
[2025-01-08T10:37:17.412+0000] {processor.py:914} INFO - Processing file /home/airflow/.local/lib/python3.12/site-packages/airflow/example_dags/example_branch_python_dop_operator_3.py for tasks to queue
[2025-01-08T10:37:17.417+0000] {logging_mixin.py:190} INFO - [2025-01-08T10:37:17.416+0000] {dagbag.py:588} INFO - Filling up the DagBag from /home/airflow/.local/lib/python3.12/site-packages/airflow/example_dags/example_branch_python_dop_operator_3.py
[2025-01-08T10:37:17.440+0000] {processor.py:925} INFO - DAG(s) 'example_branch_dop_operator_v3' retrieved from /home/airflow/.local/lib/python3.12/site-packages/airflow/example_dags/example_branch_python_dop_operator_3.py
[2025-01-08T10:37:17.468+0000] {logging_mixin.py:190} INFO - [2025-01-08T10:37:17.467+0000] {dag.py:3239} INFO - Sync 1 DAGs
[2025-01-08T10:37:17.510+0000] {logging_mixin.py:190} INFO - [2025-01-08T10:37:17.510+0000] {dag.py:4180} INFO - Setting next_dagrun for example_branch_dop_operator_v3 to 2025-01-08 10:36:00+00:00, run_after=2025-01-08 10:37:00+00:00
[2025-01-08T10:37:17.545+0000] {processor.py:208} INFO - Processing /home/airflow/.local/lib/python3.12/site-packages/airflow/example_dags/example_branch_python_dop_operator_3.py took 0.147 seconds
[2025-01-08T10:37:48.044+0000] {processor.py:186} INFO - Started process (PID=1809) to work on /home/airflow/.local/lib/python3.12/site-packages/airflow/example_dags/example_branch_python_dop_operator_3.py
[2025-01-08T10:37:48.045+0000] {processor.py:914} INFO - Processing file /home/airflow/.local/lib/python3.12/site-packages/airflow/example_dags/example_branch_python_dop_operator_3.py for tasks to queue
[2025-01-08T10:37:48.047+0000] {logging_mixin.py:190} INFO - [2025-01-08T10:37:48.046+0000] {dagbag.py:588} INFO - Filling up the DagBag from /home/airflow/.local/lib/python3.12/site-packages/airflow/example_dags/example_branch_python_dop_operator_3.py
[2025-01-08T10:37:48.060+0000] {processor.py:925} INFO - DAG(s) 'example_branch_dop_operator_v3' retrieved from /home/airflow/.local/lib/python3.12/site-packages/airflow/example_dags/example_branch_python_dop_operator_3.py
[2025-01-08T10:37:48.086+0000] {logging_mixin.py:190} INFO - [2025-01-08T10:37:48.086+0000] {dag.py:3239} INFO - Sync 1 DAGs
[2025-01-08T10:37:48.123+0000] {logging_mixin.py:190} INFO - [2025-01-08T10:37:48.122+0000] {dag.py:4180} INFO - Setting next_dagrun for example_branch_dop_operator_v3 to 2025-01-08 10:36:00+00:00, run_after=2025-01-08 10:37:00+00:00
[2025-01-08T10:37:48.252+0000] {processor.py:208} INFO - Processing /home/airflow/.local/lib/python3.12/site-packages/airflow/example_dags/example_branch_python_dop_operator_3.py took 0.215 seconds
[2025-01-08T10:38:18.705+0000] {processor.py:186} INFO - Started process (PID=2110) to work on /home/airflow/.local/lib/python3.12/site-packages/airflow/example_dags/example_branch_python_dop_operator_3.py
[2025-01-08T10:38:18.709+0000] {processor.py:914} INFO - Processing file /home/airflow/.local/lib/python3.12/site-packages/airflow/example_dags/example_branch_python_dop_operator_3.py for tasks to queue
[2025-01-08T10:38:18.713+0000] {logging_mixin.py:190} INFO - [2025-01-08T10:38:18.713+0000] {dagbag.py:588} INFO - Filling up the DagBag from /home/airflow/.local/lib/python3.12/site-packages/airflow/example_dags/example_branch_python_dop_operator_3.py
[2025-01-08T10:38:18.746+0000] {processor.py:925} INFO - DAG(s) 'example_branch_dop_operator_v3' retrieved from /home/airflow/.local/lib/python3.12/site-packages/airflow/example_dags/example_branch_python_dop_operator_3.py
[2025-01-08T10:38:18.788+0000] {logging_mixin.py:190} INFO - [2025-01-08T10:38:18.786+0000] {dag.py:3239} INFO - Sync 1 DAGs
[2025-01-08T10:38:18.860+0000] {logging_mixin.py:190} INFO - [2025-01-08T10:38:18.860+0000] {dag.py:4180} INFO - Setting next_dagrun for example_branch_dop_operator_v3 to 2025-01-08 10:37:00+00:00, run_after=2025-01-08 10:38:00+00:00
[2025-01-08T10:38:18.913+0000] {processor.py:208} INFO - Processing /home/airflow/.local/lib/python3.12/site-packages/airflow/example_dags/example_branch_python_dop_operator_3.py took 0.220 seconds
[2025-01-08T10:38:49.557+0000] {processor.py:186} INFO - Started process (PID=2410) to work on /home/airflow/.local/lib/python3.12/site-packages/airflow/example_dags/example_branch_python_dop_operator_3.py
[2025-01-08T10:38:49.558+0000] {processor.py:914} INFO - Processing file /home/airflow/.local/lib/python3.12/site-packages/airflow/example_dags/example_branch_python_dop_operator_3.py for tasks to queue
[2025-01-08T10:38:49.562+0000] {logging_mixin.py:190} INFO - [2025-01-08T10:38:49.561+0000] {dagbag.py:588} INFO - Filling up the DagBag from /home/airflow/.local/lib/python3.12/site-packages/airflow/example_dags/example_branch_python_dop_operator_3.py
[2025-01-08T10:38:49.577+0000] {processor.py:925} INFO - DAG(s) 'example_branch_dop_operator_v3' retrieved from /home/airflow/.local/lib/python3.12/site-packages/airflow/example_dags/example_branch_python_dop_operator_3.py
[2025-01-08T10:38:49.602+0000] {logging_mixin.py:190} INFO - [2025-01-08T10:38:49.602+0000] {dag.py:3239} INFO - Sync 1 DAGs
[2025-01-08T10:38:49.643+0000] {logging_mixin.py:190} INFO - [2025-01-08T10:38:49.643+0000] {dag.py:4180} INFO - Setting next_dagrun for example_branch_dop_operator_v3 to 2025-01-08 10:37:00+00:00, run_after=2025-01-08 10:38:00+00:00
[2025-01-08T10:38:49.672+0000] {processor.py:208} INFO - Processing /home/airflow/.local/lib/python3.12/site-packages/airflow/example_dags/example_branch_python_dop_operator_3.py took 0.122 seconds
[2025-01-08T10:39:20.239+0000] {processor.py:186} INFO - Started process (PID=2709) to work on /home/airflow/.local/lib/python3.12/site-packages/airflow/example_dags/example_branch_python_dop_operator_3.py
[2025-01-08T10:39:20.243+0000] {processor.py:914} INFO - Processing file /home/airflow/.local/lib/python3.12/site-packages/airflow/example_dags/example_branch_python_dop_operator_3.py for tasks to queue
[2025-01-08T10:39:20.247+0000] {logging_mixin.py:190} INFO - [2025-01-08T10:39:20.247+0000] {dagbag.py:588} INFO - Filling up the DagBag from /home/airflow/.local/lib/python3.12/site-packages/airflow/example_dags/example_branch_python_dop_operator_3.py
[2025-01-08T10:39:20.279+0000] {processor.py:925} INFO - DAG(s) 'example_branch_dop_operator_v3' retrieved from /home/airflow/.local/lib/python3.12/site-packages/airflow/example_dags/example_branch_python_dop_operator_3.py
[2025-01-08T10:39:20.321+0000] {logging_mixin.py:190} INFO - [2025-01-08T10:39:20.321+0000] {dag.py:3239} INFO - Sync 1 DAGs
[2025-01-08T10:39:20.391+0000] {logging_mixin.py:190} INFO - [2025-01-08T10:39:20.390+0000] {dag.py:4180} INFO - Setting next_dagrun for example_branch_dop_operator_v3 to 2025-01-08 10:38:00+00:00, run_after=2025-01-08 10:39:00+00:00
[2025-01-08T10:39:20.445+0000] {processor.py:208} INFO - Processing /home/airflow/.local/lib/python3.12/site-packages/airflow/example_dags/example_branch_python_dop_operator_3.py took 0.223 seconds
[2025-01-08T10:39:50.879+0000] {processor.py:186} INFO - Started process (PID=3005) to work on /home/airflow/.local/lib/python3.12/site-packages/airflow/example_dags/example_branch_python_dop_operator_3.py
[2025-01-08T10:39:50.882+0000] {processor.py:914} INFO - Processing file /home/airflow/.local/lib/python3.12/site-packages/airflow/example_dags/example_branch_python_dop_operator_3.py for tasks to queue
[2025-01-08T10:39:50.892+0000] {logging_mixin.py:190} INFO - [2025-01-08T10:39:50.892+0000] {dagbag.py:588} INFO - Filling up the DagBag from /home/airflow/.local/lib/python3.12/site-packages/airflow/example_dags/example_branch_python_dop_operator_3.py
[2025-01-08T10:39:50.922+0000] {processor.py:925} INFO - DAG(s) 'example_branch_dop_operator_v3' retrieved from /home/airflow/.local/lib/python3.12/site-packages/airflow/example_dags/example_branch_python_dop_operator_3.py
[2025-01-08T10:39:50.973+0000] {logging_mixin.py:190} INFO - [2025-01-08T10:39:50.972+0000] {dag.py:3239} INFO - Sync 1 DAGs
[2025-01-08T10:39:51.063+0000] {logging_mixin.py:190} INFO - [2025-01-08T10:39:51.062+0000] {dag.py:4180} INFO - Setting next_dagrun for example_branch_dop_operator_v3 to 2025-01-08 10:38:00+00:00, run_after=2025-01-08 10:39:00+00:00
[2025-01-08T10:39:51.121+0000] {processor.py:208} INFO - Processing /home/airflow/.local/lib/python3.12/site-packages/airflow/example_dags/example_branch_python_dop_operator_3.py took 0.259 seconds
[2025-01-08T10:40:21.378+0000] {processor.py:186} INFO - Started process (PID=3306) to work on /home/airflow/.local/lib/python3.12/site-packages/airflow/example_dags/example_branch_python_dop_operator_3.py
[2025-01-08T10:40:21.382+0000] {processor.py:914} INFO - Processing file /home/airflow/.local/lib/python3.12/site-packages/airflow/example_dags/example_branch_python_dop_operator_3.py for tasks to queue
[2025-01-08T10:40:21.384+0000] {logging_mixin.py:190} INFO - [2025-01-08T10:40:21.384+0000] {dagbag.py:588} INFO - Filling up the DagBag from /home/airflow/.local/lib/python3.12/site-packages/airflow/example_dags/example_branch_python_dop_operator_3.py
[2025-01-08T10:40:21.398+0000] {processor.py:925} INFO - DAG(s) 'example_branch_dop_operator_v3' retrieved from /home/airflow/.local/lib/python3.12/site-packages/airflow/example_dags/example_branch_python_dop_operator_3.py
[2025-01-08T10:40:21.423+0000] {logging_mixin.py:190} INFO - [2025-01-08T10:40:21.422+0000] {dag.py:3239} INFO - Sync 1 DAGs
[2025-01-08T10:40:21.467+0000] {logging_mixin.py:190} INFO - [2025-01-08T10:40:21.467+0000] {dag.py:4180} INFO - Setting next_dagrun for example_branch_dop_operator_v3 to 2025-01-08 10:39:00+00:00, run_after=2025-01-08 10:40:00+00:00
[2025-01-08T10:40:21.512+0000] {processor.py:208} INFO - Processing /home/airflow/.local/lib/python3.12/site-packages/airflow/example_dags/example_branch_python_dop_operator_3.py took 0.141 seconds
[2025-01-08T10:43:18.092+0000] {processor.py:186} INFO - Started process (PID=303) to work on /home/airflow/.local/lib/python3.12/site-packages/airflow/example_dags/example_branch_python_dop_operator_3.py
[2025-01-08T10:43:18.094+0000] {processor.py:914} INFO - Processing file /home/airflow/.local/lib/python3.12/site-packages/airflow/example_dags/example_branch_python_dop_operator_3.py for tasks to queue
[2025-01-08T10:43:18.098+0000] {logging_mixin.py:190} INFO - [2025-01-08T10:43:18.097+0000] {dagbag.py:588} INFO - Filling up the DagBag from /home/airflow/.local/lib/python3.12/site-packages/airflow/example_dags/example_branch_python_dop_operator_3.py
[2025-01-08T10:43:18.119+0000] {processor.py:925} INFO - DAG(s) 'example_branch_dop_operator_v3' retrieved from /home/airflow/.local/lib/python3.12/site-packages/airflow/example_dags/example_branch_python_dop_operator_3.py
[2025-01-08T10:43:18.165+0000] {logging_mixin.py:190} INFO - [2025-01-08T10:43:18.164+0000] {dag.py:3239} INFO - Sync 1 DAGs
[2025-01-08T10:43:18.234+0000] {logging_mixin.py:190} INFO - [2025-01-08T10:43:18.233+0000] {dag.py:4180} INFO - Setting next_dagrun for example_branch_dop_operator_v3 to 2025-01-08 10:42:00+00:00, run_after=2025-01-08 10:43:00+00:00
[2025-01-08T10:43:18.297+0000] {processor.py:208} INFO - Processing /home/airflow/.local/lib/python3.12/site-packages/airflow/example_dags/example_branch_python_dop_operator_3.py took 0.217 seconds
[2025-01-08T10:43:49.459+0000] {processor.py:186} INFO - Started process (PID=609) to work on /home/airflow/.local/lib/python3.12/site-packages/airflow/example_dags/example_branch_python_dop_operator_3.py
[2025-01-08T10:43:49.460+0000] {processor.py:914} INFO - Processing file /home/airflow/.local/lib/python3.12/site-packages/airflow/example_dags/example_branch_python_dop_operator_3.py for tasks to queue
[2025-01-08T10:43:49.463+0000] {logging_mixin.py:190} INFO - [2025-01-08T10:43:49.462+0000] {dagbag.py:588} INFO - Filling up the DagBag from /home/airflow/.local/lib/python3.12/site-packages/airflow/example_dags/example_branch_python_dop_operator_3.py
[2025-01-08T10:43:49.474+0000] {processor.py:925} INFO - DAG(s) 'example_branch_dop_operator_v3' retrieved from /home/airflow/.local/lib/python3.12/site-packages/airflow/example_dags/example_branch_python_dop_operator_3.py
[2025-01-08T10:43:49.494+0000] {logging_mixin.py:190} INFO - [2025-01-08T10:43:49.494+0000] {dag.py:3239} INFO - Sync 1 DAGs
[2025-01-08T10:43:49.535+0000] {logging_mixin.py:190} INFO - [2025-01-08T10:43:49.535+0000] {dag.py:4180} INFO - Setting next_dagrun for example_branch_dop_operator_v3 to 2025-01-08 10:42:00+00:00, run_after=2025-01-08 10:43:00+00:00
[2025-01-08T10:43:49.557+0000] {processor.py:208} INFO - Processing /home/airflow/.local/lib/python3.12/site-packages/airflow/example_dags/example_branch_python_dop_operator_3.py took 0.105 seconds
[2025-01-08T10:44:20.370+0000] {processor.py:186} INFO - Started process (PID=909) to work on /home/airflow/.local/lib/python3.12/site-packages/airflow/example_dags/example_branch_python_dop_operator_3.py
[2025-01-08T10:44:20.371+0000] {processor.py:914} INFO - Processing file /home/airflow/.local/lib/python3.12/site-packages/airflow/example_dags/example_branch_python_dop_operator_3.py for tasks to queue
[2025-01-08T10:44:20.374+0000] {logging_mixin.py:190} INFO - [2025-01-08T10:44:20.373+0000] {dagbag.py:588} INFO - Filling up the DagBag from /home/airflow/.local/lib/python3.12/site-packages/airflow/example_dags/example_branch_python_dop_operator_3.py
[2025-01-08T10:44:20.386+0000] {processor.py:925} INFO - DAG(s) 'example_branch_dop_operator_v3' retrieved from /home/airflow/.local/lib/python3.12/site-packages/airflow/example_dags/example_branch_python_dop_operator_3.py
[2025-01-08T10:44:20.407+0000] {logging_mixin.py:190} INFO - [2025-01-08T10:44:20.407+0000] {dag.py:3239} INFO - Sync 1 DAGs
[2025-01-08T10:44:20.435+0000] {logging_mixin.py:190} INFO - [2025-01-08T10:44:20.435+0000] {dag.py:4180} INFO - Setting next_dagrun for example_branch_dop_operator_v3 to 2025-01-08 10:43:00+00:00, run_after=2025-01-08 10:44:00+00:00
[2025-01-08T10:44:20.460+0000] {processor.py:208} INFO - Processing /home/airflow/.local/lib/python3.12/site-packages/airflow/example_dags/example_branch_python_dop_operator_3.py took 0.098 seconds
[2025-01-08T10:44:50.949+0000] {processor.py:186} INFO - Started process (PID=1205) to work on /home/airflow/.local/lib/python3.12/site-packages/airflow/example_dags/example_branch_python_dop_operator_3.py
[2025-01-08T10:44:50.950+0000] {processor.py:914} INFO - Processing file /home/airflow/.local/lib/python3.12/site-packages/airflow/example_dags/example_branch_python_dop_operator_3.py for tasks to queue
[2025-01-08T10:44:50.953+0000] {logging_mixin.py:190} INFO - [2025-01-08T10:44:50.953+0000] {dagbag.py:588} INFO - Filling up the DagBag from /home/airflow/.local/lib/python3.12/site-packages/airflow/example_dags/example_branch_python_dop_operator_3.py
[2025-01-08T10:44:50.966+0000] {processor.py:925} INFO - DAG(s) 'example_branch_dop_operator_v3' retrieved from /home/airflow/.local/lib/python3.12/site-packages/airflow/example_dags/example_branch_python_dop_operator_3.py
[2025-01-08T10:44:50.990+0000] {logging_mixin.py:190} INFO - [2025-01-08T10:44:50.990+0000] {dag.py:3239} INFO - Sync 1 DAGs
[2025-01-08T10:44:51.028+0000] {logging_mixin.py:190} INFO - [2025-01-08T10:44:51.028+0000] {dag.py:4180} INFO - Setting next_dagrun for example_branch_dop_operator_v3 to 2025-01-08 10:43:00+00:00, run_after=2025-01-08 10:44:00+00:00
[2025-01-08T10:44:51.055+0000] {processor.py:208} INFO - Processing /home/airflow/.local/lib/python3.12/site-packages/airflow/example_dags/example_branch_python_dop_operator_3.py took 0.114 seconds
[2025-01-08T10:45:21.837+0000] {processor.py:186} INFO - Started process (PID=1506) to work on /home/airflow/.local/lib/python3.12/site-packages/airflow/example_dags/example_branch_python_dop_operator_3.py
[2025-01-08T10:45:21.838+0000] {processor.py:914} INFO - Processing file /home/airflow/.local/lib/python3.12/site-packages/airflow/example_dags/example_branch_python_dop_operator_3.py for tasks to queue
[2025-01-08T10:45:21.841+0000] {logging_mixin.py:190} INFO - [2025-01-08T10:45:21.841+0000] {dagbag.py:588} INFO - Filling up the DagBag from /home/airflow/.local/lib/python3.12/site-packages/airflow/example_dags/example_branch_python_dop_operator_3.py
[2025-01-08T10:45:21.852+0000] {processor.py:925} INFO - DAG(s) 'example_branch_dop_operator_v3' retrieved from /home/airflow/.local/lib/python3.12/site-packages/airflow/example_dags/example_branch_python_dop_operator_3.py
[2025-01-08T10:45:21.872+0000] {logging_mixin.py:190} INFO - [2025-01-08T10:45:21.872+0000] {dag.py:3239} INFO - Sync 1 DAGs
[2025-01-08T10:45:21.904+0000] {logging_mixin.py:190} INFO - [2025-01-08T10:45:21.904+0000] {dag.py:4180} INFO - Setting next_dagrun for example_branch_dop_operator_v3 to 2025-01-08 10:44:00+00:00, run_after=2025-01-08 10:45:00+00:00
[2025-01-08T10:45:21.925+0000] {processor.py:208} INFO - Processing /home/airflow/.local/lib/python3.12/site-packages/airflow/example_dags/example_branch_python_dop_operator_3.py took 0.094 seconds
[2025-01-08T10:45:52.700+0000] {processor.py:186} INFO - Started process (PID=1807) to work on /home/airflow/.local/lib/python3.12/site-packages/airflow/example_dags/example_branch_python_dop_operator_3.py
[2025-01-08T10:45:52.702+0000] {processor.py:914} INFO - Processing file /home/airflow/.local/lib/python3.12/site-packages/airflow/example_dags/example_branch_python_dop_operator_3.py for tasks to queue
[2025-01-08T10:45:52.704+0000] {logging_mixin.py:190} INFO - [2025-01-08T10:45:52.704+0000] {dagbag.py:588} INFO - Filling up the DagBag from /home/airflow/.local/lib/python3.12/site-packages/airflow/example_dags/example_branch_python_dop_operator_3.py
[2025-01-08T10:45:52.713+0000] {processor.py:925} INFO - DAG(s) 'example_branch_dop_operator_v3' retrieved from /home/airflow/.local/lib/python3.12/site-packages/airflow/example_dags/example_branch_python_dop_operator_3.py
[2025-01-08T10:45:52.732+0000] {logging_mixin.py:190} INFO - [2025-01-08T10:45:52.732+0000] {dag.py:3239} INFO - Sync 1 DAGs
[2025-01-08T10:45:52.759+0000] {logging_mixin.py:190} INFO - [2025-01-08T10:45:52.759+0000] {dag.py:4180} INFO - Setting next_dagrun for example_branch_dop_operator_v3 to 2025-01-08 10:44:00+00:00, run_after=2025-01-08 10:45:00+00:00
[2025-01-08T10:45:52.779+0000] {processor.py:208} INFO - Processing /home/airflow/.local/lib/python3.12/site-packages/airflow/example_dags/example_branch_python_dop_operator_3.py took 0.084 seconds
[2025-01-08T10:46:23.087+0000] {processor.py:186} INFO - Started process (PID=2103) to work on /home/airflow/.local/lib/python3.12/site-packages/airflow/example_dags/example_branch_python_dop_operator_3.py
[2025-01-08T10:46:23.088+0000] {processor.py:914} INFO - Processing file /home/airflow/.local/lib/python3.12/site-packages/airflow/example_dags/example_branch_python_dop_operator_3.py for tasks to queue
[2025-01-08T10:46:23.090+0000] {logging_mixin.py:190} INFO - [2025-01-08T10:46:23.090+0000] {dagbag.py:588} INFO - Filling up the DagBag from /home/airflow/.local/lib/python3.12/site-packages/airflow/example_dags/example_branch_python_dop_operator_3.py
[2025-01-08T10:46:23.098+0000] {processor.py:925} INFO - DAG(s) 'example_branch_dop_operator_v3' retrieved from /home/airflow/.local/lib/python3.12/site-packages/airflow/example_dags/example_branch_python_dop_operator_3.py
[2025-01-08T10:46:23.115+0000] {logging_mixin.py:190} INFO - [2025-01-08T10:46:23.114+0000] {dag.py:3239} INFO - Sync 1 DAGs
[2025-01-08T10:46:23.138+0000] {logging_mixin.py:190} INFO - [2025-01-08T10:46:23.138+0000] {dag.py:4180} INFO - Setting next_dagrun for example_branch_dop_operator_v3 to 2025-01-08 10:45:00+00:00, run_after=2025-01-08 10:46:00+00:00
[2025-01-08T10:46:23.157+0000] {processor.py:208} INFO - Processing /home/airflow/.local/lib/python3.12/site-packages/airflow/example_dags/example_branch_python_dop_operator_3.py took 0.075 seconds
[2025-01-08T10:46:53.467+0000] {processor.py:186} INFO - Started process (PID=2404) to work on /home/airflow/.local/lib/python3.12/site-packages/airflow/example_dags/example_branch_python_dop_operator_3.py
[2025-01-08T10:46:53.468+0000] {processor.py:914} INFO - Processing file /home/airflow/.local/lib/python3.12/site-packages/airflow/example_dags/example_branch_python_dop_operator_3.py for tasks to queue
[2025-01-08T10:46:53.470+0000] {logging_mixin.py:190} INFO - [2025-01-08T10:46:53.470+0000] {dagbag.py:588} INFO - Filling up the DagBag from /home/airflow/.local/lib/python3.12/site-packages/airflow/example_dags/example_branch_python_dop_operator_3.py
[2025-01-08T10:46:53.479+0000] {processor.py:925} INFO - DAG(s) 'example_branch_dop_operator_v3' retrieved from /home/airflow/.local/lib/python3.12/site-packages/airflow/example_dags/example_branch_python_dop_operator_3.py
[2025-01-08T10:46:53.495+0000] {logging_mixin.py:190} INFO - [2025-01-08T10:46:53.495+0000] {dag.py:3239} INFO - Sync 1 DAGs
[2025-01-08T10:46:53.520+0000] {logging_mixin.py:190} INFO - [2025-01-08T10:46:53.520+0000] {dag.py:4180} INFO - Setting next_dagrun for example_branch_dop_operator_v3 to 2025-01-08 10:45:00+00:00, run_after=2025-01-08 10:46:00+00:00
[2025-01-08T10:46:53.540+0000] {processor.py:208} INFO - Processing /home/airflow/.local/lib/python3.12/site-packages/airflow/example_dags/example_branch_python_dop_operator_3.py took 0.078 seconds
[2025-01-08T10:47:23.909+0000] {processor.py:186} INFO - Started process (PID=2705) to work on /home/airflow/.local/lib/python3.12/site-packages/airflow/example_dags/example_branch_python_dop_operator_3.py
[2025-01-08T10:47:23.910+0000] {processor.py:914} INFO - Processing file /home/airflow/.local/lib/python3.12/site-packages/airflow/example_dags/example_branch_python_dop_operator_3.py for tasks to queue
[2025-01-08T10:47:23.913+0000] {logging_mixin.py:190} INFO - [2025-01-08T10:47:23.912+0000] {dagbag.py:588} INFO - Filling up the DagBag from /home/airflow/.local/lib/python3.12/site-packages/airflow/example_dags/example_branch_python_dop_operator_3.py
[2025-01-08T10:47:23.922+0000] {processor.py:925} INFO - DAG(s) 'example_branch_dop_operator_v3' retrieved from /home/airflow/.local/lib/python3.12/site-packages/airflow/example_dags/example_branch_python_dop_operator_3.py
[2025-01-08T10:47:23.938+0000] {logging_mixin.py:190} INFO - [2025-01-08T10:47:23.937+0000] {dag.py:3239} INFO - Sync 1 DAGs
[2025-01-08T10:47:23.961+0000] {logging_mixin.py:190} INFO - [2025-01-08T10:47:23.961+0000] {dag.py:4180} INFO - Setting next_dagrun for example_branch_dop_operator_v3 to 2025-01-08 10:46:00+00:00, run_after=2025-01-08 10:47:00+00:00
[2025-01-08T10:47:23.980+0000] {processor.py:208} INFO - Processing /home/airflow/.local/lib/python3.12/site-packages/airflow/example_dags/example_branch_python_dop_operator_3.py took 0.077 seconds
[2025-01-08T10:47:54.343+0000] {processor.py:186} INFO - Started process (PID=3006) to work on /home/airflow/.local/lib/python3.12/site-packages/airflow/example_dags/example_branch_python_dop_operator_3.py
[2025-01-08T10:47:54.344+0000] {processor.py:914} INFO - Processing file /home/airflow/.local/lib/python3.12/site-packages/airflow/example_dags/example_branch_python_dop_operator_3.py for tasks to queue
[2025-01-08T10:47:54.347+0000] {logging_mixin.py:190} INFO - [2025-01-08T10:47:54.347+0000] {dagbag.py:588} INFO - Filling up the DagBag from /home/airflow/.local/lib/python3.12/site-packages/airflow/example_dags/example_branch_python_dop_operator_3.py
[2025-01-08T10:47:54.359+0000] {processor.py:925} INFO - DAG(s) 'example_branch_dop_operator_v3' retrieved from /home/airflow/.local/lib/python3.12/site-packages/airflow/example_dags/example_branch_python_dop_operator_3.py
[2025-01-08T10:47:54.379+0000] {logging_mixin.py:190} INFO - [2025-01-08T10:47:54.378+0000] {dag.py:3239} INFO - Sync 1 DAGs
[2025-01-08T10:47:54.409+0000] {logging_mixin.py:190} INFO - [2025-01-08T10:47:54.409+0000] {dag.py:4180} INFO - Setting next_dagrun for example_branch_dop_operator_v3 to 2025-01-08 10:46:00+00:00, run_after=2025-01-08 10:47:00+00:00
[2025-01-08T10:47:54.431+0000] {processor.py:208} INFO - Processing /home/airflow/.local/lib/python3.12/site-packages/airflow/example_dags/example_branch_python_dop_operator_3.py took 0.094 seconds
