[2025-01-08T10:35:16.026+0000] {processor.py:186} INFO - Started process (PID=382) to work on /home/airflow/.local/lib/python3.12/site-packages/airflow/example_dags/example_skip_dag.py
[2025-01-08T10:35:16.027+0000] {processor.py:914} INFO - Processing file /home/airflow/.local/lib/python3.12/site-packages/airflow/example_dags/example_skip_dag.py for tasks to queue
[2025-01-08T10:35:16.030+0000] {logging_mixin.py:190} INFO - [2025-01-08T10:35:16.029+0000] {dagbag.py:588} INFO - Filling up the DagBag from /home/airflow/.local/lib/python3.12/site-packages/airflow/example_dags/example_skip_dag.py
[2025-01-08T10:35:16.045+0000] {processor.py:925} INFO - DAG(s) 'example_skip_dag' retrieved from /home/airflow/.local/lib/python3.12/site-packages/airflow/example_dags/example_skip_dag.py
[2025-01-08T10:35:16.211+0000] {logging_mixin.py:190} INFO - [2025-01-08T10:35:16.210+0000] {override.py:1911} INFO - Created Permission View: can delete on DAG:example_skip_dag
[2025-01-08T10:35:16.235+0000] {logging_mixin.py:190} INFO - [2025-01-08T10:35:16.234+0000] {override.py:1911} INFO - Created Permission View: can read on DAG:example_skip_dag
[2025-01-08T10:35:16.249+0000] {logging_mixin.py:190} INFO - [2025-01-08T10:35:16.248+0000] {override.py:1911} INFO - Created Permission View: can edit on DAG:example_skip_dag
[2025-01-08T10:35:16.265+0000] {logging_mixin.py:190} INFO - [2025-01-08T10:35:16.264+0000] {override.py:1911} INFO - Created Permission View: menu access on DAG Run:example_skip_dag
[2025-01-08T10:35:16.278+0000] {logging_mixin.py:190} INFO - [2025-01-08T10:35:16.278+0000] {override.py:1911} INFO - Created Permission View: can create on DAG Run:example_skip_dag
[2025-01-08T10:35:16.290+0000] {logging_mixin.py:190} INFO - [2025-01-08T10:35:16.290+0000] {override.py:1911} INFO - Created Permission View: can read on DAG Run:example_skip_dag
[2025-01-08T10:35:16.301+0000] {logging_mixin.py:190} INFO - [2025-01-08T10:35:16.301+0000] {override.py:1911} INFO - Created Permission View: can delete on DAG Run:example_skip_dag
[2025-01-08T10:35:16.302+0000] {logging_mixin.py:190} INFO - [2025-01-08T10:35:16.302+0000] {dag.py:3239} INFO - Sync 1 DAGs
[2025-01-08T10:35:16.321+0000] {logging_mixin.py:190} INFO - [2025-01-08T10:35:16.320+0000] {dag.py:3262} INFO - Creating ORM DAG for example_skip_dag
[2025-01-08T10:35:16.345+0000] {logging_mixin.py:190} INFO - [2025-01-08T10:35:16.345+0000] {dag.py:4180} INFO - Setting next_dagrun for example_skip_dag to 2025-01-07 00:00:00+00:00, run_after=2025-01-08 00:00:00+00:00
[2025-01-08T10:35:16.394+0000] {processor.py:208} INFO - Processing /home/airflow/.local/lib/python3.12/site-packages/airflow/example_dags/example_skip_dag.py took 0.375 seconds
[2025-01-08T10:35:50.557+0000] {processor.py:186} INFO - Started process (PID=683) to work on /home/airflow/.local/lib/python3.12/site-packages/airflow/example_dags/example_skip_dag.py
[2025-01-08T10:35:50.562+0000] {processor.py:914} INFO - Processing file /home/airflow/.local/lib/python3.12/site-packages/airflow/example_dags/example_skip_dag.py for tasks to queue
[2025-01-08T10:35:50.572+0000] {logging_mixin.py:190} INFO - [2025-01-08T10:35:50.571+0000] {dagbag.py:588} INFO - Filling up the DagBag from /home/airflow/.local/lib/python3.12/site-packages/airflow/example_dags/example_skip_dag.py
[2025-01-08T10:35:50.594+0000] {processor.py:925} INFO - DAG(s) 'example_skip_dag' retrieved from /home/airflow/.local/lib/python3.12/site-packages/airflow/example_dags/example_skip_dag.py
[2025-01-08T10:35:50.649+0000] {logging_mixin.py:190} INFO - [2025-01-08T10:35:50.648+0000] {dag.py:3239} INFO - Sync 1 DAGs
[2025-01-08T10:35:50.710+0000] {logging_mixin.py:190} INFO - [2025-01-08T10:35:50.709+0000] {dag.py:4180} INFO - Setting next_dagrun for example_skip_dag to 2025-01-07 00:00:00+00:00, run_after=2025-01-08 00:00:00+00:00
[2025-01-08T10:35:50.814+0000] {processor.py:208} INFO - Processing /home/airflow/.local/lib/python3.12/site-packages/airflow/example_dags/example_skip_dag.py took 0.270 seconds
[2025-01-08T10:36:25.174+0000] {processor.py:186} INFO - Started process (PID=990) to work on /home/airflow/.local/lib/python3.12/site-packages/airflow/example_dags/example_skip_dag.py
[2025-01-08T10:36:25.176+0000] {processor.py:914} INFO - Processing file /home/airflow/.local/lib/python3.12/site-packages/airflow/example_dags/example_skip_dag.py for tasks to queue
[2025-01-08T10:36:25.188+0000] {logging_mixin.py:190} INFO - [2025-01-08T10:36:25.188+0000] {dagbag.py:588} INFO - Filling up the DagBag from /home/airflow/.local/lib/python3.12/site-packages/airflow/example_dags/example_skip_dag.py
[2025-01-08T10:36:25.213+0000] {processor.py:925} INFO - DAG(s) 'example_skip_dag' retrieved from /home/airflow/.local/lib/python3.12/site-packages/airflow/example_dags/example_skip_dag.py
[2025-01-08T10:36:25.276+0000] {logging_mixin.py:190} INFO - [2025-01-08T10:36:25.275+0000] {dag.py:3239} INFO - Sync 1 DAGs
[2025-01-08T10:36:25.365+0000] {logging_mixin.py:190} INFO - [2025-01-08T10:36:25.364+0000] {dag.py:4180} INFO - Setting next_dagrun for example_skip_dag to 2025-01-07 00:00:00+00:00, run_after=2025-01-08 00:00:00+00:00
[2025-01-08T10:36:25.418+0000] {processor.py:208} INFO - Processing /home/airflow/.local/lib/python3.12/site-packages/airflow/example_dags/example_skip_dag.py took 0.274 seconds
[2025-01-08T10:36:56.654+0000] {processor.py:186} INFO - Started process (PID=1293) to work on /home/airflow/.local/lib/python3.12/site-packages/airflow/example_dags/example_skip_dag.py
[2025-01-08T10:36:56.655+0000] {processor.py:914} INFO - Processing file /home/airflow/.local/lib/python3.12/site-packages/airflow/example_dags/example_skip_dag.py for tasks to queue
[2025-01-08T10:36:56.658+0000] {logging_mixin.py:190} INFO - [2025-01-08T10:36:56.658+0000] {dagbag.py:588} INFO - Filling up the DagBag from /home/airflow/.local/lib/python3.12/site-packages/airflow/example_dags/example_skip_dag.py
[2025-01-08T10:36:56.670+0000] {processor.py:925} INFO - DAG(s) 'example_skip_dag' retrieved from /home/airflow/.local/lib/python3.12/site-packages/airflow/example_dags/example_skip_dag.py
[2025-01-08T10:36:56.698+0000] {logging_mixin.py:190} INFO - [2025-01-08T10:36:56.698+0000] {dag.py:3239} INFO - Sync 1 DAGs
[2025-01-08T10:36:56.736+0000] {logging_mixin.py:190} INFO - [2025-01-08T10:36:56.736+0000] {dag.py:4180} INFO - Setting next_dagrun for example_skip_dag to 2025-01-07 00:00:00+00:00, run_after=2025-01-08 00:00:00+00:00
[2025-01-08T10:36:56.767+0000] {processor.py:208} INFO - Processing /home/airflow/.local/lib/python3.12/site-packages/airflow/example_dags/example_skip_dag.py took 0.121 seconds
[2025-01-08T10:37:28.038+0000] {processor.py:186} INFO - Started process (PID=1592) to work on /home/airflow/.local/lib/python3.12/site-packages/airflow/example_dags/example_skip_dag.py
[2025-01-08T10:37:28.040+0000] {processor.py:914} INFO - Processing file /home/airflow/.local/lib/python3.12/site-packages/airflow/example_dags/example_skip_dag.py for tasks to queue
[2025-01-08T10:37:28.044+0000] {logging_mixin.py:190} INFO - [2025-01-08T10:37:28.043+0000] {dagbag.py:588} INFO - Filling up the DagBag from /home/airflow/.local/lib/python3.12/site-packages/airflow/example_dags/example_skip_dag.py
[2025-01-08T10:37:28.055+0000] {processor.py:925} INFO - DAG(s) 'example_skip_dag' retrieved from /home/airflow/.local/lib/python3.12/site-packages/airflow/example_dags/example_skip_dag.py
[2025-01-08T10:37:28.081+0000] {logging_mixin.py:190} INFO - [2025-01-08T10:37:28.081+0000] {dag.py:3239} INFO - Sync 1 DAGs
[2025-01-08T10:37:28.119+0000] {logging_mixin.py:190} INFO - [2025-01-08T10:37:28.118+0000] {dag.py:4180} INFO - Setting next_dagrun for example_skip_dag to 2025-01-07 00:00:00+00:00, run_after=2025-01-08 00:00:00+00:00
[2025-01-08T10:37:28.149+0000] {processor.py:208} INFO - Processing /home/airflow/.local/lib/python3.12/site-packages/airflow/example_dags/example_skip_dag.py took 0.118 seconds
[2025-01-08T10:38:00.611+0000] {processor.py:186} INFO - Started process (PID=1893) to work on /home/airflow/.local/lib/python3.12/site-packages/airflow/example_dags/example_skip_dag.py
[2025-01-08T10:38:00.622+0000] {processor.py:914} INFO - Processing file /home/airflow/.local/lib/python3.12/site-packages/airflow/example_dags/example_skip_dag.py for tasks to queue
[2025-01-08T10:38:00.626+0000] {logging_mixin.py:190} INFO - [2025-01-08T10:38:00.626+0000] {dagbag.py:588} INFO - Filling up the DagBag from /home/airflow/.local/lib/python3.12/site-packages/airflow/example_dags/example_skip_dag.py
[2025-01-08T10:38:00.644+0000] {processor.py:925} INFO - DAG(s) 'example_skip_dag' retrieved from /home/airflow/.local/lib/python3.12/site-packages/airflow/example_dags/example_skip_dag.py
[2025-01-08T10:38:00.713+0000] {logging_mixin.py:190} INFO - [2025-01-08T10:38:00.712+0000] {dag.py:3239} INFO - Sync 1 DAGs
[2025-01-08T10:38:00.779+0000] {logging_mixin.py:190} INFO - [2025-01-08T10:38:00.778+0000] {dag.py:4180} INFO - Setting next_dagrun for example_skip_dag to 2025-01-07 00:00:00+00:00, run_after=2025-01-08 00:00:00+00:00
[2025-01-08T10:38:00.859+0000] {processor.py:208} INFO - Processing /home/airflow/.local/lib/python3.12/site-packages/airflow/example_dags/example_skip_dag.py took 0.263 seconds
[2025-01-08T10:38:33.084+0000] {processor.py:186} INFO - Started process (PID=2193) to work on /home/airflow/.local/lib/python3.12/site-packages/airflow/example_dags/example_skip_dag.py
[2025-01-08T10:38:33.087+0000] {processor.py:914} INFO - Processing file /home/airflow/.local/lib/python3.12/site-packages/airflow/example_dags/example_skip_dag.py for tasks to queue
[2025-01-08T10:38:33.097+0000] {logging_mixin.py:190} INFO - [2025-01-08T10:38:33.096+0000] {dagbag.py:588} INFO - Filling up the DagBag from /home/airflow/.local/lib/python3.12/site-packages/airflow/example_dags/example_skip_dag.py
[2025-01-08T10:38:33.114+0000] {processor.py:925} INFO - DAG(s) 'example_skip_dag' retrieved from /home/airflow/.local/lib/python3.12/site-packages/airflow/example_dags/example_skip_dag.py
[2025-01-08T10:38:33.178+0000] {logging_mixin.py:190} INFO - [2025-01-08T10:38:33.177+0000] {dag.py:3239} INFO - Sync 1 DAGs
[2025-01-08T10:38:33.245+0000] {logging_mixin.py:190} INFO - [2025-01-08T10:38:33.244+0000] {dag.py:4180} INFO - Setting next_dagrun for example_skip_dag to 2025-01-07 00:00:00+00:00, run_after=2025-01-08 00:00:00+00:00
[2025-01-08T10:38:33.301+0000] {processor.py:208} INFO - Processing /home/airflow/.local/lib/python3.12/site-packages/airflow/example_dags/example_skip_dag.py took 0.238 seconds
[2025-01-08T10:39:04.731+0000] {processor.py:186} INFO - Started process (PID=2496) to work on /home/airflow/.local/lib/python3.12/site-packages/airflow/example_dags/example_skip_dag.py
[2025-01-08T10:39:04.733+0000] {processor.py:914} INFO - Processing file /home/airflow/.local/lib/python3.12/site-packages/airflow/example_dags/example_skip_dag.py for tasks to queue
[2025-01-08T10:39:04.736+0000] {logging_mixin.py:190} INFO - [2025-01-08T10:39:04.735+0000] {dagbag.py:588} INFO - Filling up the DagBag from /home/airflow/.local/lib/python3.12/site-packages/airflow/example_dags/example_skip_dag.py
[2025-01-08T10:39:04.747+0000] {processor.py:925} INFO - DAG(s) 'example_skip_dag' retrieved from /home/airflow/.local/lib/python3.12/site-packages/airflow/example_dags/example_skip_dag.py
[2025-01-08T10:39:04.777+0000] {logging_mixin.py:190} INFO - [2025-01-08T10:39:04.776+0000] {dag.py:3239} INFO - Sync 1 DAGs
[2025-01-08T10:39:04.812+0000] {logging_mixin.py:190} INFO - [2025-01-08T10:39:04.811+0000] {dag.py:4180} INFO - Setting next_dagrun for example_skip_dag to 2025-01-07 00:00:00+00:00, run_after=2025-01-08 00:00:00+00:00
[2025-01-08T10:39:04.839+0000] {processor.py:208} INFO - Processing /home/airflow/.local/lib/python3.12/site-packages/airflow/example_dags/example_skip_dag.py took 0.116 seconds
[2025-01-08T10:39:38.670+0000] {processor.py:186} INFO - Started process (PID=2797) to work on /home/airflow/.local/lib/python3.12/site-packages/airflow/example_dags/example_skip_dag.py
[2025-01-08T10:39:38.682+0000] {processor.py:914} INFO - Processing file /home/airflow/.local/lib/python3.12/site-packages/airflow/example_dags/example_skip_dag.py for tasks to queue
[2025-01-08T10:39:38.688+0000] {logging_mixin.py:190} INFO - [2025-01-08T10:39:38.688+0000] {dagbag.py:588} INFO - Filling up the DagBag from /home/airflow/.local/lib/python3.12/site-packages/airflow/example_dags/example_skip_dag.py
[2025-01-08T10:39:38.721+0000] {processor.py:925} INFO - DAG(s) 'example_skip_dag' retrieved from /home/airflow/.local/lib/python3.12/site-packages/airflow/example_dags/example_skip_dag.py
[2025-01-08T10:39:38.798+0000] {logging_mixin.py:190} INFO - [2025-01-08T10:39:38.797+0000] {dag.py:3239} INFO - Sync 1 DAGs
[2025-01-08T10:39:38.911+0000] {logging_mixin.py:190} INFO - [2025-01-08T10:39:38.910+0000] {dag.py:4180} INFO - Setting next_dagrun for example_skip_dag to 2025-01-07 00:00:00+00:00, run_after=2025-01-08 00:00:00+00:00
[2025-01-08T10:39:38.987+0000] {processor.py:208} INFO - Processing /home/airflow/.local/lib/python3.12/site-packages/airflow/example_dags/example_skip_dag.py took 0.339 seconds
[2025-01-08T10:40:12.807+0000] {processor.py:186} INFO - Started process (PID=3096) to work on /home/airflow/.local/lib/python3.12/site-packages/airflow/example_dags/example_skip_dag.py
[2025-01-08T10:40:12.809+0000] {processor.py:914} INFO - Processing file /home/airflow/.local/lib/python3.12/site-packages/airflow/example_dags/example_skip_dag.py for tasks to queue
[2025-01-08T10:40:12.812+0000] {logging_mixin.py:190} INFO - [2025-01-08T10:40:12.811+0000] {dagbag.py:588} INFO - Filling up the DagBag from /home/airflow/.local/lib/python3.12/site-packages/airflow/example_dags/example_skip_dag.py
[2025-01-08T10:40:12.821+0000] {processor.py:925} INFO - DAG(s) 'example_skip_dag' retrieved from /home/airflow/.local/lib/python3.12/site-packages/airflow/example_dags/example_skip_dag.py
[2025-01-08T10:40:12.848+0000] {logging_mixin.py:190} INFO - [2025-01-08T10:40:12.848+0000] {dag.py:3239} INFO - Sync 1 DAGs
[2025-01-08T10:40:12.883+0000] {logging_mixin.py:190} INFO - [2025-01-08T10:40:12.883+0000] {dag.py:4180} INFO - Setting next_dagrun for example_skip_dag to 2025-01-07 00:00:00+00:00, run_after=2025-01-08 00:00:00+00:00
[2025-01-08T10:40:12.919+0000] {processor.py:208} INFO - Processing /home/airflow/.local/lib/python3.12/site-packages/airflow/example_dags/example_skip_dag.py took 0.122 seconds
[2025-01-08T10:43:20.361+0000] {processor.py:186} INFO - Started process (PID=383) to work on /home/airflow/.local/lib/python3.12/site-packages/airflow/example_dags/example_skip_dag.py
[2025-01-08T10:43:20.362+0000] {processor.py:914} INFO - Processing file /home/airflow/.local/lib/python3.12/site-packages/airflow/example_dags/example_skip_dag.py for tasks to queue
[2025-01-08T10:43:20.365+0000] {logging_mixin.py:190} INFO - [2025-01-08T10:43:20.365+0000] {dagbag.py:588} INFO - Filling up the DagBag from /home/airflow/.local/lib/python3.12/site-packages/airflow/example_dags/example_skip_dag.py
[2025-01-08T10:43:20.378+0000] {processor.py:925} INFO - DAG(s) 'example_skip_dag' retrieved from /home/airflow/.local/lib/python3.12/site-packages/airflow/example_dags/example_skip_dag.py
[2025-01-08T10:43:20.405+0000] {logging_mixin.py:190} INFO - [2025-01-08T10:43:20.405+0000] {dag.py:3239} INFO - Sync 1 DAGs
[2025-01-08T10:43:20.447+0000] {logging_mixin.py:190} INFO - [2025-01-08T10:43:20.447+0000] {dag.py:4180} INFO - Setting next_dagrun for example_skip_dag to 2025-01-07 00:00:00+00:00, run_after=2025-01-08 00:00:00+00:00
[2025-01-08T10:43:20.478+0000] {processor.py:208} INFO - Processing /home/airflow/.local/lib/python3.12/site-packages/airflow/example_dags/example_skip_dag.py took 0.126 seconds
[2025-01-08T10:43:52.038+0000] {processor.py:186} INFO - Started process (PID=685) to work on /home/airflow/.local/lib/python3.12/site-packages/airflow/example_dags/example_skip_dag.py
[2025-01-08T10:43:52.039+0000] {processor.py:914} INFO - Processing file /home/airflow/.local/lib/python3.12/site-packages/airflow/example_dags/example_skip_dag.py for tasks to queue
[2025-01-08T10:43:52.041+0000] {logging_mixin.py:190} INFO - [2025-01-08T10:43:52.041+0000] {dagbag.py:588} INFO - Filling up the DagBag from /home/airflow/.local/lib/python3.12/site-packages/airflow/example_dags/example_skip_dag.py
[2025-01-08T10:43:52.049+0000] {processor.py:925} INFO - DAG(s) 'example_skip_dag' retrieved from /home/airflow/.local/lib/python3.12/site-packages/airflow/example_dags/example_skip_dag.py
[2025-01-08T10:43:52.070+0000] {logging_mixin.py:190} INFO - [2025-01-08T10:43:52.070+0000] {dag.py:3239} INFO - Sync 1 DAGs
[2025-01-08T10:43:52.098+0000] {logging_mixin.py:190} INFO - [2025-01-08T10:43:52.098+0000] {dag.py:4180} INFO - Setting next_dagrun for example_skip_dag to 2025-01-07 00:00:00+00:00, run_after=2025-01-08 00:00:00+00:00
[2025-01-08T10:43:52.124+0000] {processor.py:208} INFO - Processing /home/airflow/.local/lib/python3.12/site-packages/airflow/example_dags/example_skip_dag.py took 0.092 seconds
[2025-01-08T10:44:23.079+0000] {processor.py:186} INFO - Started process (PID=984) to work on /home/airflow/.local/lib/python3.12/site-packages/airflow/example_dags/example_skip_dag.py
[2025-01-08T10:44:23.080+0000] {processor.py:914} INFO - Processing file /home/airflow/.local/lib/python3.12/site-packages/airflow/example_dags/example_skip_dag.py for tasks to queue
[2025-01-08T10:44:23.082+0000] {logging_mixin.py:190} INFO - [2025-01-08T10:44:23.082+0000] {dagbag.py:588} INFO - Filling up the DagBag from /home/airflow/.local/lib/python3.12/site-packages/airflow/example_dags/example_skip_dag.py
[2025-01-08T10:44:23.090+0000] {processor.py:925} INFO - DAG(s) 'example_skip_dag' retrieved from /home/airflow/.local/lib/python3.12/site-packages/airflow/example_dags/example_skip_dag.py
[2025-01-08T10:44:23.111+0000] {logging_mixin.py:190} INFO - [2025-01-08T10:44:23.111+0000] {dag.py:3239} INFO - Sync 1 DAGs
[2025-01-08T10:44:23.138+0000] {logging_mixin.py:190} INFO - [2025-01-08T10:44:23.138+0000] {dag.py:4180} INFO - Setting next_dagrun for example_skip_dag to 2025-01-07 00:00:00+00:00, run_after=2025-01-08 00:00:00+00:00
[2025-01-08T10:44:23.162+0000] {processor.py:208} INFO - Processing /home/airflow/.local/lib/python3.12/site-packages/airflow/example_dags/example_skip_dag.py took 0.090 seconds
[2025-01-08T10:44:53.876+0000] {processor.py:186} INFO - Started process (PID=1285) to work on /home/airflow/.local/lib/python3.12/site-packages/airflow/example_dags/example_skip_dag.py
[2025-01-08T10:44:53.877+0000] {processor.py:914} INFO - Processing file /home/airflow/.local/lib/python3.12/site-packages/airflow/example_dags/example_skip_dag.py for tasks to queue
[2025-01-08T10:44:53.879+0000] {logging_mixin.py:190} INFO - [2025-01-08T10:44:53.879+0000] {dagbag.py:588} INFO - Filling up the DagBag from /home/airflow/.local/lib/python3.12/site-packages/airflow/example_dags/example_skip_dag.py
[2025-01-08T10:44:53.887+0000] {processor.py:925} INFO - DAG(s) 'example_skip_dag' retrieved from /home/airflow/.local/lib/python3.12/site-packages/airflow/example_dags/example_skip_dag.py
[2025-01-08T10:44:53.908+0000] {logging_mixin.py:190} INFO - [2025-01-08T10:44:53.908+0000] {dag.py:3239} INFO - Sync 1 DAGs
[2025-01-08T10:44:53.933+0000] {logging_mixin.py:190} INFO - [2025-01-08T10:44:53.932+0000] {dag.py:4180} INFO - Setting next_dagrun for example_skip_dag to 2025-01-07 00:00:00+00:00, run_after=2025-01-08 00:00:00+00:00
[2025-01-08T10:44:53.951+0000] {processor.py:208} INFO - Processing /home/airflow/.local/lib/python3.12/site-packages/airflow/example_dags/example_skip_dag.py took 0.081 seconds
[2025-01-08T10:45:24.642+0000] {processor.py:186} INFO - Started process (PID=1588) to work on /home/airflow/.local/lib/python3.12/site-packages/airflow/example_dags/example_skip_dag.py
[2025-01-08T10:45:24.644+0000] {processor.py:914} INFO - Processing file /home/airflow/.local/lib/python3.12/site-packages/airflow/example_dags/example_skip_dag.py for tasks to queue
[2025-01-08T10:45:24.647+0000] {logging_mixin.py:190} INFO - [2025-01-08T10:45:24.646+0000] {dagbag.py:588} INFO - Filling up the DagBag from /home/airflow/.local/lib/python3.12/site-packages/airflow/example_dags/example_skip_dag.py
[2025-01-08T10:45:24.656+0000] {processor.py:925} INFO - DAG(s) 'example_skip_dag' retrieved from /home/airflow/.local/lib/python3.12/site-packages/airflow/example_dags/example_skip_dag.py
[2025-01-08T10:45:24.679+0000] {logging_mixin.py:190} INFO - [2025-01-08T10:45:24.679+0000] {dag.py:3239} INFO - Sync 1 DAGs
[2025-01-08T10:45:24.706+0000] {logging_mixin.py:190} INFO - [2025-01-08T10:45:24.705+0000] {dag.py:4180} INFO - Setting next_dagrun for example_skip_dag to 2025-01-07 00:00:00+00:00, run_after=2025-01-08 00:00:00+00:00
[2025-01-08T10:45:24.725+0000] {processor.py:208} INFO - Processing /home/airflow/.local/lib/python3.12/site-packages/airflow/example_dags/example_skip_dag.py took 0.089 seconds
[2025-01-08T10:45:55.443+0000] {processor.py:186} INFO - Started process (PID=1887) to work on /home/airflow/.local/lib/python3.12/site-packages/airflow/example_dags/example_skip_dag.py
[2025-01-08T10:45:55.444+0000] {processor.py:914} INFO - Processing file /home/airflow/.local/lib/python3.12/site-packages/airflow/example_dags/example_skip_dag.py for tasks to queue
[2025-01-08T10:45:55.446+0000] {logging_mixin.py:190} INFO - [2025-01-08T10:45:55.446+0000] {dagbag.py:588} INFO - Filling up the DagBag from /home/airflow/.local/lib/python3.12/site-packages/airflow/example_dags/example_skip_dag.py
[2025-01-08T10:45:55.453+0000] {processor.py:925} INFO - DAG(s) 'example_skip_dag' retrieved from /home/airflow/.local/lib/python3.12/site-packages/airflow/example_dags/example_skip_dag.py
[2025-01-08T10:45:55.473+0000] {logging_mixin.py:190} INFO - [2025-01-08T10:45:55.473+0000] {dag.py:3239} INFO - Sync 1 DAGs
[2025-01-08T10:45:55.495+0000] {logging_mixin.py:190} INFO - [2025-01-08T10:45:55.495+0000] {dag.py:4180} INFO - Setting next_dagrun for example_skip_dag to 2025-01-07 00:00:00+00:00, run_after=2025-01-08 00:00:00+00:00
[2025-01-08T10:45:55.516+0000] {processor.py:208} INFO - Processing /home/airflow/.local/lib/python3.12/site-packages/airflow/example_dags/example_skip_dag.py took 0.078 seconds
[2025-01-08T10:46:26.303+0000] {processor.py:186} INFO - Started process (PID=2190) to work on /home/airflow/.local/lib/python3.12/site-packages/airflow/example_dags/example_skip_dag.py
[2025-01-08T10:46:26.304+0000] {processor.py:914} INFO - Processing file /home/airflow/.local/lib/python3.12/site-packages/airflow/example_dags/example_skip_dag.py for tasks to queue
[2025-01-08T10:46:26.307+0000] {logging_mixin.py:190} INFO - [2025-01-08T10:46:26.306+0000] {dagbag.py:588} INFO - Filling up the DagBag from /home/airflow/.local/lib/python3.12/site-packages/airflow/example_dags/example_skip_dag.py
[2025-01-08T10:46:26.314+0000] {processor.py:925} INFO - DAG(s) 'example_skip_dag' retrieved from /home/airflow/.local/lib/python3.12/site-packages/airflow/example_dags/example_skip_dag.py
[2025-01-08T10:46:26.340+0000] {logging_mixin.py:190} INFO - [2025-01-08T10:46:26.339+0000] {dag.py:3239} INFO - Sync 1 DAGs
[2025-01-08T10:46:26.382+0000] {logging_mixin.py:190} INFO - [2025-01-08T10:46:26.381+0000] {dag.py:4180} INFO - Setting next_dagrun for example_skip_dag to 2025-01-07 00:00:00+00:00, run_after=2025-01-08 00:00:00+00:00
[2025-01-08T10:46:26.408+0000] {processor.py:208} INFO - Processing /home/airflow/.local/lib/python3.12/site-packages/airflow/example_dags/example_skip_dag.py took 0.111 seconds
[2025-01-08T10:46:57.086+0000] {processor.py:186} INFO - Started process (PID=2491) to work on /home/airflow/.local/lib/python3.12/site-packages/airflow/example_dags/example_skip_dag.py
[2025-01-08T10:46:57.087+0000] {processor.py:914} INFO - Processing file /home/airflow/.local/lib/python3.12/site-packages/airflow/example_dags/example_skip_dag.py for tasks to queue
[2025-01-08T10:46:57.089+0000] {logging_mixin.py:190} INFO - [2025-01-08T10:46:57.089+0000] {dagbag.py:588} INFO - Filling up the DagBag from /home/airflow/.local/lib/python3.12/site-packages/airflow/example_dags/example_skip_dag.py
[2025-01-08T10:46:57.097+0000] {processor.py:925} INFO - DAG(s) 'example_skip_dag' retrieved from /home/airflow/.local/lib/python3.12/site-packages/airflow/example_dags/example_skip_dag.py
[2025-01-08T10:46:57.119+0000] {logging_mixin.py:190} INFO - [2025-01-08T10:46:57.118+0000] {dag.py:3239} INFO - Sync 1 DAGs
[2025-01-08T10:46:57.141+0000] {logging_mixin.py:190} INFO - [2025-01-08T10:46:57.141+0000] {dag.py:4180} INFO - Setting next_dagrun for example_skip_dag to 2025-01-07 00:00:00+00:00, run_after=2025-01-08 00:00:00+00:00
[2025-01-08T10:46:57.159+0000] {processor.py:208} INFO - Processing /home/airflow/.local/lib/python3.12/site-packages/airflow/example_dags/example_skip_dag.py took 0.077 seconds
[2025-01-08T10:47:28.295+0000] {processor.py:186} INFO - Started process (PID=2792) to work on /home/airflow/.local/lib/python3.12/site-packages/airflow/example_dags/example_skip_dag.py
[2025-01-08T10:47:28.296+0000] {processor.py:914} INFO - Processing file /home/airflow/.local/lib/python3.12/site-packages/airflow/example_dags/example_skip_dag.py for tasks to queue
[2025-01-08T10:47:28.298+0000] {logging_mixin.py:190} INFO - [2025-01-08T10:47:28.298+0000] {dagbag.py:588} INFO - Filling up the DagBag from /home/airflow/.local/lib/python3.12/site-packages/airflow/example_dags/example_skip_dag.py
[2025-01-08T10:47:28.304+0000] {processor.py:925} INFO - DAG(s) 'example_skip_dag' retrieved from /home/airflow/.local/lib/python3.12/site-packages/airflow/example_dags/example_skip_dag.py
[2025-01-08T10:47:28.322+0000] {logging_mixin.py:190} INFO - [2025-01-08T10:47:28.321+0000] {dag.py:3239} INFO - Sync 1 DAGs
[2025-01-08T10:47:28.345+0000] {logging_mixin.py:190} INFO - [2025-01-08T10:47:28.345+0000] {dag.py:4180} INFO - Setting next_dagrun for example_skip_dag to 2025-01-07 00:00:00+00:00, run_after=2025-01-08 00:00:00+00:00
[2025-01-08T10:47:28.366+0000] {processor.py:208} INFO - Processing /home/airflow/.local/lib/python3.12/site-packages/airflow/example_dags/example_skip_dag.py took 0.077 seconds
[2025-01-08T10:47:59.258+0000] {processor.py:186} INFO - Started process (PID=3093) to work on /home/airflow/.local/lib/python3.12/site-packages/airflow/example_dags/example_skip_dag.py
[2025-01-08T10:47:59.259+0000] {processor.py:914} INFO - Processing file /home/airflow/.local/lib/python3.12/site-packages/airflow/example_dags/example_skip_dag.py for tasks to queue
[2025-01-08T10:47:59.262+0000] {logging_mixin.py:190} INFO - [2025-01-08T10:47:59.261+0000] {dagbag.py:588} INFO - Filling up the DagBag from /home/airflow/.local/lib/python3.12/site-packages/airflow/example_dags/example_skip_dag.py
[2025-01-08T10:47:59.268+0000] {processor.py:925} INFO - DAG(s) 'example_skip_dag' retrieved from /home/airflow/.local/lib/python3.12/site-packages/airflow/example_dags/example_skip_dag.py
[2025-01-08T10:47:59.292+0000] {logging_mixin.py:190} INFO - [2025-01-08T10:47:59.291+0000] {dag.py:3239} INFO - Sync 1 DAGs
[2025-01-08T10:47:59.316+0000] {logging_mixin.py:190} INFO - [2025-01-08T10:47:59.315+0000] {dag.py:4180} INFO - Setting next_dagrun for example_skip_dag to 2025-01-07 00:00:00+00:00, run_after=2025-01-08 00:00:00+00:00
[2025-01-08T10:47:59.336+0000] {processor.py:208} INFO - Processing /home/airflow/.local/lib/python3.12/site-packages/airflow/example_dags/example_skip_dag.py took 0.083 seconds
