[2025-01-08T10:35:12.807+0000] {processor.py:186} INFO - Started process (PID=334) to work on /home/airflow/.local/lib/python3.12/site-packages/airflow/example_dags/tutorial_dag.py
[2025-01-08T10:35:12.808+0000] {processor.py:914} INFO - Processing file /home/airflow/.local/lib/python3.12/site-packages/airflow/example_dags/tutorial_dag.py for tasks to queue
[2025-01-08T10:35:12.810+0000] {logging_mixin.py:190} INFO - [2025-01-08T10:35:12.810+0000] {dagbag.py:588} INFO - Filling up the DagBag from /home/airflow/.local/lib/python3.12/site-packages/airflow/example_dags/tutorial_dag.py
[2025-01-08T10:35:12.824+0000] {processor.py:925} INFO - DAG(s) 'tutorial_dag' retrieved from /home/airflow/.local/lib/python3.12/site-packages/airflow/example_dags/tutorial_dag.py
[2025-01-08T10:35:12.981+0000] {logging_mixin.py:190} INFO - [2025-01-08T10:35:12.981+0000] {override.py:1911} INFO - Created Permission View: can delete on DAG:tutorial_dag
[2025-01-08T10:35:13.018+0000] {logging_mixin.py:190} INFO - [2025-01-08T10:35:13.017+0000] {override.py:1911} INFO - Created Permission View: can read on DAG:tutorial_dag
[2025-01-08T10:35:13.030+0000] {logging_mixin.py:190} INFO - [2025-01-08T10:35:13.029+0000] {override.py:1911} INFO - Created Permission View: can edit on DAG:tutorial_dag
[2025-01-08T10:35:13.045+0000] {logging_mixin.py:190} INFO - [2025-01-08T10:35:13.045+0000] {override.py:1911} INFO - Created Permission View: menu access on DAG Run:tutorial_dag
[2025-01-08T10:35:13.054+0000] {logging_mixin.py:190} INFO - [2025-01-08T10:35:13.053+0000] {override.py:1911} INFO - Created Permission View: can create on DAG Run:tutorial_dag
[2025-01-08T10:35:13.063+0000] {logging_mixin.py:190} INFO - [2025-01-08T10:35:13.062+0000] {override.py:1911} INFO - Created Permission View: can read on DAG Run:tutorial_dag
[2025-01-08T10:35:13.072+0000] {logging_mixin.py:190} INFO - [2025-01-08T10:35:13.072+0000] {override.py:1911} INFO - Created Permission View: can delete on DAG Run:tutorial_dag
[2025-01-08T10:35:13.073+0000] {logging_mixin.py:190} INFO - [2025-01-08T10:35:13.073+0000] {dag.py:3239} INFO - Sync 1 DAGs
[2025-01-08T10:35:13.089+0000] {logging_mixin.py:190} INFO - [2025-01-08T10:35:13.089+0000] {dag.py:3262} INFO - Creating ORM DAG for tutorial_dag
[2025-01-08T10:35:13.090+0000] {logging_mixin.py:190} INFO - [2025-01-08T10:35:13.090+0000] {dag.py:4180} INFO - Setting next_dagrun for tutorial_dag to None, run_after=None
[2025-01-08T10:35:13.114+0000] {processor.py:208} INFO - Processing /home/airflow/.local/lib/python3.12/site-packages/airflow/example_dags/tutorial_dag.py took 0.314 seconds
[2025-01-08T10:35:47.118+0000] {processor.py:186} INFO - Started process (PID=633) to work on /home/airflow/.local/lib/python3.12/site-packages/airflow/example_dags/tutorial_dag.py
[2025-01-08T10:35:47.125+0000] {processor.py:914} INFO - Processing file /home/airflow/.local/lib/python3.12/site-packages/airflow/example_dags/tutorial_dag.py for tasks to queue
[2025-01-08T10:35:47.128+0000] {logging_mixin.py:190} INFO - [2025-01-08T10:35:47.128+0000] {dagbag.py:588} INFO - Filling up the DagBag from /home/airflow/.local/lib/python3.12/site-packages/airflow/example_dags/tutorial_dag.py
[2025-01-08T10:35:47.150+0000] {processor.py:925} INFO - DAG(s) 'tutorial_dag' retrieved from /home/airflow/.local/lib/python3.12/site-packages/airflow/example_dags/tutorial_dag.py
[2025-01-08T10:35:47.218+0000] {logging_mixin.py:190} INFO - [2025-01-08T10:35:47.217+0000] {dag.py:3239} INFO - Sync 1 DAGs
[2025-01-08T10:35:47.280+0000] {logging_mixin.py:190} INFO - [2025-01-08T10:35:47.280+0000] {dag.py:4180} INFO - Setting next_dagrun for tutorial_dag to None, run_after=None
[2025-01-08T10:35:47.366+0000] {processor.py:208} INFO - Processing /home/airflow/.local/lib/python3.12/site-packages/airflow/example_dags/tutorial_dag.py took 0.261 seconds
[2025-01-08T10:36:17.951+0000] {processor.py:186} INFO - Started process (PID=934) to work on /home/airflow/.local/lib/python3.12/site-packages/airflow/example_dags/tutorial_dag.py
[2025-01-08T10:36:17.954+0000] {processor.py:914} INFO - Processing file /home/airflow/.local/lib/python3.12/site-packages/airflow/example_dags/tutorial_dag.py for tasks to queue
[2025-01-08T10:36:17.961+0000] {logging_mixin.py:190} INFO - [2025-01-08T10:36:17.961+0000] {dagbag.py:588} INFO - Filling up the DagBag from /home/airflow/.local/lib/python3.12/site-packages/airflow/example_dags/tutorial_dag.py
[2025-01-08T10:36:17.984+0000] {processor.py:925} INFO - DAG(s) 'tutorial_dag' retrieved from /home/airflow/.local/lib/python3.12/site-packages/airflow/example_dags/tutorial_dag.py
[2025-01-08T10:36:18.029+0000] {logging_mixin.py:190} INFO - [2025-01-08T10:36:18.028+0000] {dag.py:3239} INFO - Sync 1 DAGs
[2025-01-08T10:36:18.066+0000] {logging_mixin.py:190} INFO - [2025-01-08T10:36:18.066+0000] {dag.py:4180} INFO - Setting next_dagrun for tutorial_dag to None, run_after=None
[2025-01-08T10:36:18.117+0000] {processor.py:208} INFO - Processing /home/airflow/.local/lib/python3.12/site-packages/airflow/example_dags/tutorial_dag.py took 0.181 seconds
[2025-01-08T10:36:48.667+0000] {processor.py:186} INFO - Started process (PID=1232) to work on /home/airflow/.local/lib/python3.12/site-packages/airflow/example_dags/tutorial_dag.py
[2025-01-08T10:36:48.668+0000] {processor.py:914} INFO - Processing file /home/airflow/.local/lib/python3.12/site-packages/airflow/example_dags/tutorial_dag.py for tasks to queue
[2025-01-08T10:36:48.672+0000] {logging_mixin.py:190} INFO - [2025-01-08T10:36:48.671+0000] {dagbag.py:588} INFO - Filling up the DagBag from /home/airflow/.local/lib/python3.12/site-packages/airflow/example_dags/tutorial_dag.py
[2025-01-08T10:36:48.684+0000] {processor.py:925} INFO - DAG(s) 'tutorial_dag' retrieved from /home/airflow/.local/lib/python3.12/site-packages/airflow/example_dags/tutorial_dag.py
[2025-01-08T10:36:48.713+0000] {logging_mixin.py:190} INFO - [2025-01-08T10:36:48.713+0000] {dag.py:3239} INFO - Sync 1 DAGs
[2025-01-08T10:36:48.735+0000] {logging_mixin.py:190} INFO - [2025-01-08T10:36:48.735+0000] {dag.py:4180} INFO - Setting next_dagrun for tutorial_dag to None, run_after=None
[2025-01-08T10:36:48.764+0000] {processor.py:208} INFO - Processing /home/airflow/.local/lib/python3.12/site-packages/airflow/example_dags/tutorial_dag.py took 0.105 seconds
[2025-01-08T10:37:18.844+0000] {processor.py:186} INFO - Started process (PID=1533) to work on /home/airflow/.local/lib/python3.12/site-packages/airflow/example_dags/tutorial_dag.py
[2025-01-08T10:37:18.845+0000] {processor.py:914} INFO - Processing file /home/airflow/.local/lib/python3.12/site-packages/airflow/example_dags/tutorial_dag.py for tasks to queue
[2025-01-08T10:37:18.848+0000] {logging_mixin.py:190} INFO - [2025-01-08T10:37:18.848+0000] {dagbag.py:588} INFO - Filling up the DagBag from /home/airflow/.local/lib/python3.12/site-packages/airflow/example_dags/tutorial_dag.py
[2025-01-08T10:37:18.858+0000] {processor.py:925} INFO - DAG(s) 'tutorial_dag' retrieved from /home/airflow/.local/lib/python3.12/site-packages/airflow/example_dags/tutorial_dag.py
[2025-01-08T10:37:18.881+0000] {logging_mixin.py:190} INFO - [2025-01-08T10:37:18.880+0000] {dag.py:3239} INFO - Sync 1 DAGs
[2025-01-08T10:37:18.897+0000] {logging_mixin.py:190} INFO - [2025-01-08T10:37:18.897+0000] {dag.py:4180} INFO - Setting next_dagrun for tutorial_dag to None, run_after=None
[2025-01-08T10:37:18.935+0000] {processor.py:208} INFO - Processing /home/airflow/.local/lib/python3.12/site-packages/airflow/example_dags/tutorial_dag.py took 0.097 seconds
[2025-01-08T10:37:49.967+0000] {processor.py:186} INFO - Started process (PID=1834) to work on /home/airflow/.local/lib/python3.12/site-packages/airflow/example_dags/tutorial_dag.py
[2025-01-08T10:37:49.971+0000] {processor.py:914} INFO - Processing file /home/airflow/.local/lib/python3.12/site-packages/airflow/example_dags/tutorial_dag.py for tasks to queue
[2025-01-08T10:37:49.974+0000] {logging_mixin.py:190} INFO - [2025-01-08T10:37:49.974+0000] {dagbag.py:588} INFO - Filling up the DagBag from /home/airflow/.local/lib/python3.12/site-packages/airflow/example_dags/tutorial_dag.py
[2025-01-08T10:37:49.989+0000] {processor.py:925} INFO - DAG(s) 'tutorial_dag' retrieved from /home/airflow/.local/lib/python3.12/site-packages/airflow/example_dags/tutorial_dag.py
[2025-01-08T10:37:50.016+0000] {logging_mixin.py:190} INFO - [2025-01-08T10:37:50.016+0000] {dag.py:3239} INFO - Sync 1 DAGs
[2025-01-08T10:37:50.042+0000] {logging_mixin.py:190} INFO - [2025-01-08T10:37:50.041+0000] {dag.py:4180} INFO - Setting next_dagrun for tutorial_dag to None, run_after=None
[2025-01-08T10:37:50.112+0000] {processor.py:208} INFO - Processing /home/airflow/.local/lib/python3.12/site-packages/airflow/example_dags/tutorial_dag.py took 0.156 seconds
[2025-01-08T10:38:20.303+0000] {processor.py:186} INFO - Started process (PID=2135) to work on /home/airflow/.local/lib/python3.12/site-packages/airflow/example_dags/tutorial_dag.py
[2025-01-08T10:38:20.307+0000] {processor.py:914} INFO - Processing file /home/airflow/.local/lib/python3.12/site-packages/airflow/example_dags/tutorial_dag.py for tasks to queue
[2025-01-08T10:38:20.310+0000] {logging_mixin.py:190} INFO - [2025-01-08T10:38:20.310+0000] {dagbag.py:588} INFO - Filling up the DagBag from /home/airflow/.local/lib/python3.12/site-packages/airflow/example_dags/tutorial_dag.py
[2025-01-08T10:38:20.331+0000] {processor.py:925} INFO - DAG(s) 'tutorial_dag' retrieved from /home/airflow/.local/lib/python3.12/site-packages/airflow/example_dags/tutorial_dag.py
[2025-01-08T10:38:20.381+0000] {logging_mixin.py:190} INFO - [2025-01-08T10:38:20.381+0000] {dag.py:3239} INFO - Sync 1 DAGs
[2025-01-08T10:38:20.422+0000] {logging_mixin.py:190} INFO - [2025-01-08T10:38:20.422+0000] {dag.py:4180} INFO - Setting next_dagrun for tutorial_dag to None, run_after=None
[2025-01-08T10:38:20.481+0000] {processor.py:208} INFO - Processing /home/airflow/.local/lib/python3.12/site-packages/airflow/example_dags/tutorial_dag.py took 0.189 seconds
[2025-01-08T10:38:51.047+0000] {processor.py:186} INFO - Started process (PID=2435) to work on /home/airflow/.local/lib/python3.12/site-packages/airflow/example_dags/tutorial_dag.py
[2025-01-08T10:38:51.049+0000] {processor.py:914} INFO - Processing file /home/airflow/.local/lib/python3.12/site-packages/airflow/example_dags/tutorial_dag.py for tasks to queue
[2025-01-08T10:38:51.052+0000] {logging_mixin.py:190} INFO - [2025-01-08T10:38:51.051+0000] {dagbag.py:588} INFO - Filling up the DagBag from /home/airflow/.local/lib/python3.12/site-packages/airflow/example_dags/tutorial_dag.py
[2025-01-08T10:38:51.063+0000] {processor.py:925} INFO - DAG(s) 'tutorial_dag' retrieved from /home/airflow/.local/lib/python3.12/site-packages/airflow/example_dags/tutorial_dag.py
[2025-01-08T10:38:51.092+0000] {logging_mixin.py:190} INFO - [2025-01-08T10:38:51.091+0000] {dag.py:3239} INFO - Sync 1 DAGs
[2025-01-08T10:38:51.117+0000] {logging_mixin.py:190} INFO - [2025-01-08T10:38:51.117+0000] {dag.py:4180} INFO - Setting next_dagrun for tutorial_dag to None, run_after=None
[2025-01-08T10:38:51.151+0000] {processor.py:208} INFO - Processing /home/airflow/.local/lib/python3.12/site-packages/airflow/example_dags/tutorial_dag.py took 0.114 seconds
[2025-01-08T10:39:21.748+0000] {processor.py:186} INFO - Started process (PID=2736) to work on /home/airflow/.local/lib/python3.12/site-packages/airflow/example_dags/tutorial_dag.py
[2025-01-08T10:39:21.751+0000] {processor.py:914} INFO - Processing file /home/airflow/.local/lib/python3.12/site-packages/airflow/example_dags/tutorial_dag.py for tasks to queue
[2025-01-08T10:39:21.756+0000] {logging_mixin.py:190} INFO - [2025-01-08T10:39:21.755+0000] {dagbag.py:588} INFO - Filling up the DagBag from /home/airflow/.local/lib/python3.12/site-packages/airflow/example_dags/tutorial_dag.py
[2025-01-08T10:39:21.774+0000] {processor.py:925} INFO - DAG(s) 'tutorial_dag' retrieved from /home/airflow/.local/lib/python3.12/site-packages/airflow/example_dags/tutorial_dag.py
[2025-01-08T10:39:21.830+0000] {logging_mixin.py:190} INFO - [2025-01-08T10:39:21.829+0000] {dag.py:3239} INFO - Sync 1 DAGs
[2025-01-08T10:39:21.880+0000] {logging_mixin.py:190} INFO - [2025-01-08T10:39:21.879+0000] {dag.py:4180} INFO - Setting next_dagrun for tutorial_dag to None, run_after=None
[2025-01-08T10:39:22.029+0000] {processor.py:208} INFO - Processing /home/airflow/.local/lib/python3.12/site-packages/airflow/example_dags/tutorial_dag.py took 0.298 seconds
[2025-01-08T10:39:52.301+0000] {processor.py:186} INFO - Started process (PID=3035) to work on /home/airflow/.local/lib/python3.12/site-packages/airflow/example_dags/tutorial_dag.py
[2025-01-08T10:39:52.303+0000] {processor.py:914} INFO - Processing file /home/airflow/.local/lib/python3.12/site-packages/airflow/example_dags/tutorial_dag.py for tasks to queue
[2025-01-08T10:39:52.307+0000] {logging_mixin.py:190} INFO - [2025-01-08T10:39:52.306+0000] {dagbag.py:588} INFO - Filling up the DagBag from /home/airflow/.local/lib/python3.12/site-packages/airflow/example_dags/tutorial_dag.py
[2025-01-08T10:39:52.325+0000] {processor.py:925} INFO - DAG(s) 'tutorial_dag' retrieved from /home/airflow/.local/lib/python3.12/site-packages/airflow/example_dags/tutorial_dag.py
[2025-01-08T10:39:52.379+0000] {logging_mixin.py:190} INFO - [2025-01-08T10:39:52.378+0000] {dag.py:3239} INFO - Sync 1 DAGs
[2025-01-08T10:39:52.412+0000] {logging_mixin.py:190} INFO - [2025-01-08T10:39:52.410+0000] {dag.py:4180} INFO - Setting next_dagrun for tutorial_dag to None, run_after=None
[2025-01-08T10:39:52.468+0000] {processor.py:208} INFO - Processing /home/airflow/.local/lib/python3.12/site-packages/airflow/example_dags/tutorial_dag.py took 0.185 seconds
[2025-01-08T10:40:22.759+0000] {processor.py:186} INFO - Started process (PID=3331) to work on /home/airflow/.local/lib/python3.12/site-packages/airflow/example_dags/tutorial_dag.py
[2025-01-08T10:40:22.761+0000] {processor.py:914} INFO - Processing file /home/airflow/.local/lib/python3.12/site-packages/airflow/example_dags/tutorial_dag.py for tasks to queue
[2025-01-08T10:40:22.764+0000] {logging_mixin.py:190} INFO - [2025-01-08T10:40:22.764+0000] {dagbag.py:588} INFO - Filling up the DagBag from /home/airflow/.local/lib/python3.12/site-packages/airflow/example_dags/tutorial_dag.py
[2025-01-08T10:40:22.774+0000] {processor.py:925} INFO - DAG(s) 'tutorial_dag' retrieved from /home/airflow/.local/lib/python3.12/site-packages/airflow/example_dags/tutorial_dag.py
[2025-01-08T10:40:22.800+0000] {logging_mixin.py:190} INFO - [2025-01-08T10:40:22.800+0000] {dag.py:3239} INFO - Sync 1 DAGs
[2025-01-08T10:40:22.834+0000] {logging_mixin.py:190} INFO - [2025-01-08T10:40:22.834+0000] {dag.py:4180} INFO - Setting next_dagrun for tutorial_dag to None, run_after=None
[2025-01-08T10:40:22.879+0000] {processor.py:208} INFO - Processing /home/airflow/.local/lib/python3.12/site-packages/airflow/example_dags/tutorial_dag.py took 0.127 seconds
[2025-01-08T10:43:18.815+0000] {processor.py:186} INFO - Started process (PID=333) to work on /home/airflow/.local/lib/python3.12/site-packages/airflow/example_dags/tutorial_dag.py
[2025-01-08T10:43:18.817+0000] {processor.py:914} INFO - Processing file /home/airflow/.local/lib/python3.12/site-packages/airflow/example_dags/tutorial_dag.py for tasks to queue
[2025-01-08T10:43:18.819+0000] {logging_mixin.py:190} INFO - [2025-01-08T10:43:18.819+0000] {dagbag.py:588} INFO - Filling up the DagBag from /home/airflow/.local/lib/python3.12/site-packages/airflow/example_dags/tutorial_dag.py
[2025-01-08T10:43:18.834+0000] {processor.py:925} INFO - DAG(s) 'tutorial_dag' retrieved from /home/airflow/.local/lib/python3.12/site-packages/airflow/example_dags/tutorial_dag.py
[2025-01-08T10:43:18.876+0000] {logging_mixin.py:190} INFO - [2025-01-08T10:43:18.876+0000] {dag.py:3239} INFO - Sync 1 DAGs
[2025-01-08T10:43:18.896+0000] {logging_mixin.py:190} INFO - [2025-01-08T10:43:18.896+0000] {dag.py:4180} INFO - Setting next_dagrun for tutorial_dag to None, run_after=None
[2025-01-08T10:43:18.946+0000] {processor.py:208} INFO - Processing /home/airflow/.local/lib/python3.12/site-packages/airflow/example_dags/tutorial_dag.py took 0.142 seconds
[2025-01-08T10:43:49.779+0000] {processor.py:186} INFO - Started process (PID=634) to work on /home/airflow/.local/lib/python3.12/site-packages/airflow/example_dags/tutorial_dag.py
[2025-01-08T10:43:49.780+0000] {processor.py:914} INFO - Processing file /home/airflow/.local/lib/python3.12/site-packages/airflow/example_dags/tutorial_dag.py for tasks to queue
[2025-01-08T10:43:49.783+0000] {logging_mixin.py:190} INFO - [2025-01-08T10:43:49.783+0000] {dagbag.py:588} INFO - Filling up the DagBag from /home/airflow/.local/lib/python3.12/site-packages/airflow/example_dags/tutorial_dag.py
[2025-01-08T10:43:49.791+0000] {processor.py:925} INFO - DAG(s) 'tutorial_dag' retrieved from /home/airflow/.local/lib/python3.12/site-packages/airflow/example_dags/tutorial_dag.py
[2025-01-08T10:43:49.811+0000] {logging_mixin.py:190} INFO - [2025-01-08T10:43:49.810+0000] {dag.py:3239} INFO - Sync 1 DAGs
[2025-01-08T10:43:49.827+0000] {logging_mixin.py:190} INFO - [2025-01-08T10:43:49.827+0000] {dag.py:4180} INFO - Setting next_dagrun for tutorial_dag to None, run_after=None
[2025-01-08T10:43:49.849+0000] {processor.py:208} INFO - Processing /home/airflow/.local/lib/python3.12/site-packages/airflow/example_dags/tutorial_dag.py took 0.076 seconds
[2025-01-08T10:44:20.944+0000] {processor.py:186} INFO - Started process (PID=936) to work on /home/airflow/.local/lib/python3.12/site-packages/airflow/example_dags/tutorial_dag.py
[2025-01-08T10:44:20.945+0000] {processor.py:914} INFO - Processing file /home/airflow/.local/lib/python3.12/site-packages/airflow/example_dags/tutorial_dag.py for tasks to queue
[2025-01-08T10:44:20.948+0000] {logging_mixin.py:190} INFO - [2025-01-08T10:44:20.947+0000] {dagbag.py:588} INFO - Filling up the DagBag from /home/airflow/.local/lib/python3.12/site-packages/airflow/example_dags/tutorial_dag.py
[2025-01-08T10:44:20.954+0000] {processor.py:925} INFO - DAG(s) 'tutorial_dag' retrieved from /home/airflow/.local/lib/python3.12/site-packages/airflow/example_dags/tutorial_dag.py
[2025-01-08T10:44:20.973+0000] {logging_mixin.py:190} INFO - [2025-01-08T10:44:20.973+0000] {dag.py:3239} INFO - Sync 1 DAGs
[2025-01-08T10:44:20.988+0000] {logging_mixin.py:190} INFO - [2025-01-08T10:44:20.987+0000] {dag.py:4180} INFO - Setting next_dagrun for tutorial_dag to None, run_after=None
[2025-01-08T10:44:21.009+0000] {processor.py:208} INFO - Processing /home/airflow/.local/lib/python3.12/site-packages/airflow/example_dags/tutorial_dag.py took 0.070 seconds
[2025-01-08T10:44:51.508+0000] {processor.py:186} INFO - Started process (PID=1235) to work on /home/airflow/.local/lib/python3.12/site-packages/airflow/example_dags/tutorial_dag.py
[2025-01-08T10:44:51.509+0000] {processor.py:914} INFO - Processing file /home/airflow/.local/lib/python3.12/site-packages/airflow/example_dags/tutorial_dag.py for tasks to queue
[2025-01-08T10:44:51.511+0000] {logging_mixin.py:190} INFO - [2025-01-08T10:44:51.511+0000] {dagbag.py:588} INFO - Filling up the DagBag from /home/airflow/.local/lib/python3.12/site-packages/airflow/example_dags/tutorial_dag.py
[2025-01-08T10:44:51.519+0000] {processor.py:925} INFO - DAG(s) 'tutorial_dag' retrieved from /home/airflow/.local/lib/python3.12/site-packages/airflow/example_dags/tutorial_dag.py
[2025-01-08T10:44:51.544+0000] {logging_mixin.py:190} INFO - [2025-01-08T10:44:51.544+0000] {dag.py:3239} INFO - Sync 1 DAGs
[2025-01-08T10:44:51.562+0000] {logging_mixin.py:190} INFO - [2025-01-08T10:44:51.561+0000] {dag.py:4180} INFO - Setting next_dagrun for tutorial_dag to None, run_after=None
[2025-01-08T10:44:51.588+0000] {processor.py:208} INFO - Processing /home/airflow/.local/lib/python3.12/site-packages/airflow/example_dags/tutorial_dag.py took 0.086 seconds
[2025-01-08T10:45:22.341+0000] {processor.py:186} INFO - Started process (PID=1536) to work on /home/airflow/.local/lib/python3.12/site-packages/airflow/example_dags/tutorial_dag.py
[2025-01-08T10:45:22.342+0000] {processor.py:914} INFO - Processing file /home/airflow/.local/lib/python3.12/site-packages/airflow/example_dags/tutorial_dag.py for tasks to queue
[2025-01-08T10:45:22.344+0000] {logging_mixin.py:190} INFO - [2025-01-08T10:45:22.344+0000] {dagbag.py:588} INFO - Filling up the DagBag from /home/airflow/.local/lib/python3.12/site-packages/airflow/example_dags/tutorial_dag.py
[2025-01-08T10:45:22.351+0000] {processor.py:925} INFO - DAG(s) 'tutorial_dag' retrieved from /home/airflow/.local/lib/python3.12/site-packages/airflow/example_dags/tutorial_dag.py
[2025-01-08T10:45:22.370+0000] {logging_mixin.py:190} INFO - [2025-01-08T10:45:22.370+0000] {dag.py:3239} INFO - Sync 1 DAGs
[2025-01-08T10:45:22.386+0000] {logging_mixin.py:190} INFO - [2025-01-08T10:45:22.386+0000] {dag.py:4180} INFO - Setting next_dagrun for tutorial_dag to None, run_after=None
[2025-01-08T10:45:22.409+0000] {processor.py:208} INFO - Processing /home/airflow/.local/lib/python3.12/site-packages/airflow/example_dags/tutorial_dag.py took 0.075 seconds
[2025-01-08T10:45:53.091+0000] {processor.py:186} INFO - Started process (PID=1832) to work on /home/airflow/.local/lib/python3.12/site-packages/airflow/example_dags/tutorial_dag.py
[2025-01-08T10:45:53.092+0000] {processor.py:914} INFO - Processing file /home/airflow/.local/lib/python3.12/site-packages/airflow/example_dags/tutorial_dag.py for tasks to queue
[2025-01-08T10:45:53.094+0000] {logging_mixin.py:190} INFO - [2025-01-08T10:45:53.093+0000] {dagbag.py:588} INFO - Filling up the DagBag from /home/airflow/.local/lib/python3.12/site-packages/airflow/example_dags/tutorial_dag.py
[2025-01-08T10:45:53.100+0000] {processor.py:925} INFO - DAG(s) 'tutorial_dag' retrieved from /home/airflow/.local/lib/python3.12/site-packages/airflow/example_dags/tutorial_dag.py
[2025-01-08T10:45:53.117+0000] {logging_mixin.py:190} INFO - [2025-01-08T10:45:53.117+0000] {dag.py:3239} INFO - Sync 1 DAGs
[2025-01-08T10:45:53.130+0000] {logging_mixin.py:190} INFO - [2025-01-08T10:45:53.129+0000] {dag.py:4180} INFO - Setting next_dagrun for tutorial_dag to None, run_after=None
[2025-01-08T10:45:53.147+0000] {processor.py:208} INFO - Processing /home/airflow/.local/lib/python3.12/site-packages/airflow/example_dags/tutorial_dag.py took 0.062 seconds
[2025-01-08T10:46:23.524+0000] {processor.py:186} INFO - Started process (PID=2133) to work on /home/airflow/.local/lib/python3.12/site-packages/airflow/example_dags/tutorial_dag.py
[2025-01-08T10:46:23.525+0000] {processor.py:914} INFO - Processing file /home/airflow/.local/lib/python3.12/site-packages/airflow/example_dags/tutorial_dag.py for tasks to queue
[2025-01-08T10:46:23.527+0000] {logging_mixin.py:190} INFO - [2025-01-08T10:46:23.526+0000] {dagbag.py:588} INFO - Filling up the DagBag from /home/airflow/.local/lib/python3.12/site-packages/airflow/example_dags/tutorial_dag.py
[2025-01-08T10:46:23.533+0000] {processor.py:925} INFO - DAG(s) 'tutorial_dag' retrieved from /home/airflow/.local/lib/python3.12/site-packages/airflow/example_dags/tutorial_dag.py
[2025-01-08T10:46:23.551+0000] {logging_mixin.py:190} INFO - [2025-01-08T10:46:23.551+0000] {dag.py:3239} INFO - Sync 1 DAGs
[2025-01-08T10:46:23.565+0000] {logging_mixin.py:190} INFO - [2025-01-08T10:46:23.565+0000] {dag.py:4180} INFO - Setting next_dagrun for tutorial_dag to None, run_after=None
[2025-01-08T10:46:23.586+0000] {processor.py:208} INFO - Processing /home/airflow/.local/lib/python3.12/site-packages/airflow/example_dags/tutorial_dag.py took 0.068 seconds
[2025-01-08T10:46:53.677+0000] {processor.py:186} INFO - Started process (PID=2429) to work on /home/airflow/.local/lib/python3.12/site-packages/airflow/example_dags/tutorial_dag.py
[2025-01-08T10:46:53.678+0000] {processor.py:914} INFO - Processing file /home/airflow/.local/lib/python3.12/site-packages/airflow/example_dags/tutorial_dag.py for tasks to queue
[2025-01-08T10:46:53.680+0000] {logging_mixin.py:190} INFO - [2025-01-08T10:46:53.680+0000] {dagbag.py:588} INFO - Filling up the DagBag from /home/airflow/.local/lib/python3.12/site-packages/airflow/example_dags/tutorial_dag.py
[2025-01-08T10:46:53.687+0000] {processor.py:925} INFO - DAG(s) 'tutorial_dag' retrieved from /home/airflow/.local/lib/python3.12/site-packages/airflow/example_dags/tutorial_dag.py
[2025-01-08T10:46:53.705+0000] {logging_mixin.py:190} INFO - [2025-01-08T10:46:53.705+0000] {dag.py:3239} INFO - Sync 1 DAGs
[2025-01-08T10:46:53.719+0000] {logging_mixin.py:190} INFO - [2025-01-08T10:46:53.719+0000] {dag.py:4180} INFO - Setting next_dagrun for tutorial_dag to None, run_after=None
[2025-01-08T10:46:53.739+0000] {processor.py:208} INFO - Processing /home/airflow/.local/lib/python3.12/site-packages/airflow/example_dags/tutorial_dag.py took 0.067 seconds
[2025-01-08T10:47:24.121+0000] {processor.py:186} INFO - Started process (PID=2730) to work on /home/airflow/.local/lib/python3.12/site-packages/airflow/example_dags/tutorial_dag.py
[2025-01-08T10:47:24.122+0000] {processor.py:914} INFO - Processing file /home/airflow/.local/lib/python3.12/site-packages/airflow/example_dags/tutorial_dag.py for tasks to queue
[2025-01-08T10:47:24.124+0000] {logging_mixin.py:190} INFO - [2025-01-08T10:47:24.123+0000] {dagbag.py:588} INFO - Filling up the DagBag from /home/airflow/.local/lib/python3.12/site-packages/airflow/example_dags/tutorial_dag.py
[2025-01-08T10:47:24.130+0000] {processor.py:925} INFO - DAG(s) 'tutorial_dag' retrieved from /home/airflow/.local/lib/python3.12/site-packages/airflow/example_dags/tutorial_dag.py
[2025-01-08T10:47:24.147+0000] {logging_mixin.py:190} INFO - [2025-01-08T10:47:24.147+0000] {dag.py:3239} INFO - Sync 1 DAGs
[2025-01-08T10:47:24.164+0000] {logging_mixin.py:190} INFO - [2025-01-08T10:47:24.164+0000] {dag.py:4180} INFO - Setting next_dagrun for tutorial_dag to None, run_after=None
[2025-01-08T10:47:24.187+0000] {processor.py:208} INFO - Processing /home/airflow/.local/lib/python3.12/site-packages/airflow/example_dags/tutorial_dag.py took 0.071 seconds
[2025-01-08T10:47:54.701+0000] {processor.py:186} INFO - Started process (PID=3031) to work on /home/airflow/.local/lib/python3.12/site-packages/airflow/example_dags/tutorial_dag.py
[2025-01-08T10:47:54.702+0000] {processor.py:914} INFO - Processing file /home/airflow/.local/lib/python3.12/site-packages/airflow/example_dags/tutorial_dag.py for tasks to queue
[2025-01-08T10:47:54.704+0000] {logging_mixin.py:190} INFO - [2025-01-08T10:47:54.704+0000] {dagbag.py:588} INFO - Filling up the DagBag from /home/airflow/.local/lib/python3.12/site-packages/airflow/example_dags/tutorial_dag.py
[2025-01-08T10:47:54.711+0000] {processor.py:925} INFO - DAG(s) 'tutorial_dag' retrieved from /home/airflow/.local/lib/python3.12/site-packages/airflow/example_dags/tutorial_dag.py
[2025-01-08T10:47:54.730+0000] {logging_mixin.py:190} INFO - [2025-01-08T10:47:54.730+0000] {dag.py:3239} INFO - Sync 1 DAGs
[2025-01-08T10:47:54.746+0000] {logging_mixin.py:190} INFO - [2025-01-08T10:47:54.745+0000] {dag.py:4180} INFO - Setting next_dagrun for tutorial_dag to None, run_after=None
[2025-01-08T10:47:54.768+0000] {processor.py:208} INFO - Processing /home/airflow/.local/lib/python3.12/site-packages/airflow/example_dags/tutorial_dag.py took 0.074 seconds
