[2025-01-08T10:35:09.935+0000] {processor.py:186} INFO - Started process (PID=282) to work on /home/airflow/.local/lib/python3.12/site-packages/airflow/example_dags/tutorial_objectstorage.py
[2025-01-08T10:35:09.936+0000] {processor.py:914} INFO - Processing file /home/airflow/.local/lib/python3.12/site-packages/airflow/example_dags/tutorial_objectstorage.py for tasks to queue
[2025-01-08T10:35:09.938+0000] {logging_mixin.py:190} INFO - [2025-01-08T10:35:09.938+0000] {dagbag.py:588} INFO - Filling up the DagBag from /home/airflow/.local/lib/python3.12/site-packages/airflow/example_dags/tutorial_objectstorage.py
[2025-01-08T10:35:09.949+0000] {processor.py:925} INFO - DAG(s) 'tutorial_objectstorage' retrieved from /home/airflow/.local/lib/python3.12/site-packages/airflow/example_dags/tutorial_objectstorage.py
[2025-01-08T10:35:10.097+0000] {logging_mixin.py:190} INFO - [2025-01-08T10:35:10.096+0000] {override.py:1911} INFO - Created Permission View: can delete on DAG:tutorial_objectstorage
[2025-01-08T10:35:10.114+0000] {logging_mixin.py:190} INFO - [2025-01-08T10:35:10.113+0000] {override.py:1911} INFO - Created Permission View: can read on DAG:tutorial_objectstorage
[2025-01-08T10:35:10.127+0000] {logging_mixin.py:190} INFO - [2025-01-08T10:35:10.126+0000] {override.py:1911} INFO - Created Permission View: can edit on DAG:tutorial_objectstorage
[2025-01-08T10:35:10.142+0000] {logging_mixin.py:190} INFO - [2025-01-08T10:35:10.141+0000] {override.py:1911} INFO - Created Permission View: menu access on DAG Run:tutorial_objectstorage
[2025-01-08T10:35:10.153+0000] {logging_mixin.py:190} INFO - [2025-01-08T10:35:10.153+0000] {override.py:1911} INFO - Created Permission View: can create on DAG Run:tutorial_objectstorage
[2025-01-08T10:35:10.166+0000] {logging_mixin.py:190} INFO - [2025-01-08T10:35:10.165+0000] {override.py:1911} INFO - Created Permission View: can read on DAG Run:tutorial_objectstorage
[2025-01-08T10:35:10.178+0000] {logging_mixin.py:190} INFO - [2025-01-08T10:35:10.177+0000] {override.py:1911} INFO - Created Permission View: can delete on DAG Run:tutorial_objectstorage
[2025-01-08T10:35:10.179+0000] {logging_mixin.py:190} INFO - [2025-01-08T10:35:10.178+0000] {dag.py:3239} INFO - Sync 1 DAGs
[2025-01-08T10:35:10.202+0000] {logging_mixin.py:190} INFO - [2025-01-08T10:35:10.202+0000] {dag.py:3262} INFO - Creating ORM DAG for tutorial_objectstorage
[2025-01-08T10:35:10.203+0000] {logging_mixin.py:190} INFO - [2025-01-08T10:35:10.203+0000] {dag.py:4180} INFO - Setting next_dagrun for tutorial_objectstorage to None, run_after=None
[2025-01-08T10:35:10.230+0000] {processor.py:208} INFO - Processing /home/airflow/.local/lib/python3.12/site-packages/airflow/example_dags/tutorial_objectstorage.py took 0.302 seconds
[2025-01-08T10:35:40.477+0000] {processor.py:186} INFO - Started process (PID=583) to work on /home/airflow/.local/lib/python3.12/site-packages/airflow/example_dags/tutorial_objectstorage.py
[2025-01-08T10:35:40.485+0000] {processor.py:914} INFO - Processing file /home/airflow/.local/lib/python3.12/site-packages/airflow/example_dags/tutorial_objectstorage.py for tasks to queue
[2025-01-08T10:35:40.489+0000] {logging_mixin.py:190} INFO - [2025-01-08T10:35:40.489+0000] {dagbag.py:588} INFO - Filling up the DagBag from /home/airflow/.local/lib/python3.12/site-packages/airflow/example_dags/tutorial_objectstorage.py
[2025-01-08T10:35:40.506+0000] {processor.py:925} INFO - DAG(s) 'tutorial_objectstorage' retrieved from /home/airflow/.local/lib/python3.12/site-packages/airflow/example_dags/tutorial_objectstorage.py
[2025-01-08T10:35:40.538+0000] {logging_mixin.py:190} INFO - [2025-01-08T10:35:40.538+0000] {dag.py:3239} INFO - Sync 1 DAGs
[2025-01-08T10:35:40.562+0000] {logging_mixin.py:190} INFO - [2025-01-08T10:35:40.561+0000] {dag.py:4180} INFO - Setting next_dagrun for tutorial_objectstorage to None, run_after=None
[2025-01-08T10:35:40.653+0000] {processor.py:208} INFO - Processing /home/airflow/.local/lib/python3.12/site-packages/airflow/example_dags/tutorial_objectstorage.py took 0.184 seconds
[2025-01-08T10:36:11.050+0000] {processor.py:186} INFO - Started process (PID=884) to work on /home/airflow/.local/lib/python3.12/site-packages/airflow/example_dags/tutorial_objectstorage.py
[2025-01-08T10:36:11.051+0000] {processor.py:914} INFO - Processing file /home/airflow/.local/lib/python3.12/site-packages/airflow/example_dags/tutorial_objectstorage.py for tasks to queue
[2025-01-08T10:36:11.054+0000] {logging_mixin.py:190} INFO - [2025-01-08T10:36:11.054+0000] {dagbag.py:588} INFO - Filling up the DagBag from /home/airflow/.local/lib/python3.12/site-packages/airflow/example_dags/tutorial_objectstorage.py
[2025-01-08T10:36:11.068+0000] {processor.py:925} INFO - DAG(s) 'tutorial_objectstorage' retrieved from /home/airflow/.local/lib/python3.12/site-packages/airflow/example_dags/tutorial_objectstorage.py
[2025-01-08T10:36:11.100+0000] {logging_mixin.py:190} INFO - [2025-01-08T10:36:11.099+0000] {dag.py:3239} INFO - Sync 1 DAGs
[2025-01-08T10:36:11.139+0000] {logging_mixin.py:190} INFO - [2025-01-08T10:36:11.138+0000] {dag.py:4180} INFO - Setting next_dagrun for tutorial_objectstorage to None, run_after=None
[2025-01-08T10:36:11.186+0000] {processor.py:208} INFO - Processing /home/airflow/.local/lib/python3.12/site-packages/airflow/example_dags/tutorial_objectstorage.py took 0.149 seconds
[2025-01-08T10:36:41.622+0000] {processor.py:186} INFO - Started process (PID=1180) to work on /home/airflow/.local/lib/python3.12/site-packages/airflow/example_dags/tutorial_objectstorage.py
[2025-01-08T10:36:41.624+0000] {processor.py:914} INFO - Processing file /home/airflow/.local/lib/python3.12/site-packages/airflow/example_dags/tutorial_objectstorage.py for tasks to queue
[2025-01-08T10:36:41.628+0000] {logging_mixin.py:190} INFO - [2025-01-08T10:36:41.628+0000] {dagbag.py:588} INFO - Filling up the DagBag from /home/airflow/.local/lib/python3.12/site-packages/airflow/example_dags/tutorial_objectstorage.py
[2025-01-08T10:36:41.640+0000] {processor.py:925} INFO - DAG(s) 'tutorial_objectstorage' retrieved from /home/airflow/.local/lib/python3.12/site-packages/airflow/example_dags/tutorial_objectstorage.py
[2025-01-08T10:36:41.675+0000] {logging_mixin.py:190} INFO - [2025-01-08T10:36:41.674+0000] {dag.py:3239} INFO - Sync 1 DAGs
[2025-01-08T10:36:41.730+0000] {logging_mixin.py:190} INFO - [2025-01-08T10:36:41.729+0000] {dag.py:4180} INFO - Setting next_dagrun for tutorial_objectstorage to None, run_after=None
[2025-01-08T10:36:41.767+0000] {processor.py:208} INFO - Processing /home/airflow/.local/lib/python3.12/site-packages/airflow/example_dags/tutorial_objectstorage.py took 0.155 seconds
[2025-01-08T10:37:11.872+0000] {processor.py:186} INFO - Started process (PID=1483) to work on /home/airflow/.local/lib/python3.12/site-packages/airflow/example_dags/tutorial_objectstorage.py
[2025-01-08T10:37:11.873+0000] {processor.py:914} INFO - Processing file /home/airflow/.local/lib/python3.12/site-packages/airflow/example_dags/tutorial_objectstorage.py for tasks to queue
[2025-01-08T10:37:11.876+0000] {logging_mixin.py:190} INFO - [2025-01-08T10:37:11.875+0000] {dagbag.py:588} INFO - Filling up the DagBag from /home/airflow/.local/lib/python3.12/site-packages/airflow/example_dags/tutorial_objectstorage.py
[2025-01-08T10:37:11.886+0000] {processor.py:925} INFO - DAG(s) 'tutorial_objectstorage' retrieved from /home/airflow/.local/lib/python3.12/site-packages/airflow/example_dags/tutorial_objectstorage.py
[2025-01-08T10:37:11.911+0000] {logging_mixin.py:190} INFO - [2025-01-08T10:37:11.911+0000] {dag.py:3239} INFO - Sync 1 DAGs
[2025-01-08T10:37:11.931+0000] {logging_mixin.py:190} INFO - [2025-01-08T10:37:11.931+0000] {dag.py:4180} INFO - Setting next_dagrun for tutorial_objectstorage to None, run_after=None
[2025-01-08T10:37:11.959+0000] {processor.py:208} INFO - Processing /home/airflow/.local/lib/python3.12/site-packages/airflow/example_dags/tutorial_objectstorage.py took 0.095 seconds
[2025-01-08T10:37:42.693+0000] {processor.py:186} INFO - Started process (PID=1782) to work on /home/airflow/.local/lib/python3.12/site-packages/airflow/example_dags/tutorial_objectstorage.py
[2025-01-08T10:37:42.694+0000] {processor.py:914} INFO - Processing file /home/airflow/.local/lib/python3.12/site-packages/airflow/example_dags/tutorial_objectstorage.py for tasks to queue
[2025-01-08T10:37:42.697+0000] {logging_mixin.py:190} INFO - [2025-01-08T10:37:42.697+0000] {dagbag.py:588} INFO - Filling up the DagBag from /home/airflow/.local/lib/python3.12/site-packages/airflow/example_dags/tutorial_objectstorage.py
[2025-01-08T10:37:42.711+0000] {processor.py:925} INFO - DAG(s) 'tutorial_objectstorage' retrieved from /home/airflow/.local/lib/python3.12/site-packages/airflow/example_dags/tutorial_objectstorage.py
[2025-01-08T10:37:42.744+0000] {logging_mixin.py:190} INFO - [2025-01-08T10:37:42.744+0000] {dag.py:3239} INFO - Sync 1 DAGs
[2025-01-08T10:37:42.772+0000] {logging_mixin.py:190} INFO - [2025-01-08T10:37:42.772+0000] {dag.py:4180} INFO - Setting next_dagrun for tutorial_objectstorage to None, run_after=None
[2025-01-08T10:37:42.843+0000] {processor.py:208} INFO - Processing /home/airflow/.local/lib/python3.12/site-packages/airflow/example_dags/tutorial_objectstorage.py took 0.161 seconds
[2025-01-08T10:38:13.682+0000] {processor.py:186} INFO - Started process (PID=2085) to work on /home/airflow/.local/lib/python3.12/site-packages/airflow/example_dags/tutorial_objectstorage.py
[2025-01-08T10:38:13.685+0000] {processor.py:914} INFO - Processing file /home/airflow/.local/lib/python3.12/site-packages/airflow/example_dags/tutorial_objectstorage.py for tasks to queue
[2025-01-08T10:38:13.696+0000] {logging_mixin.py:190} INFO - [2025-01-08T10:38:13.694+0000] {dagbag.py:588} INFO - Filling up the DagBag from /home/airflow/.local/lib/python3.12/site-packages/airflow/example_dags/tutorial_objectstorage.py
[2025-01-08T10:38:13.721+0000] {processor.py:925} INFO - DAG(s) 'tutorial_objectstorage' retrieved from /home/airflow/.local/lib/python3.12/site-packages/airflow/example_dags/tutorial_objectstorage.py
[2025-01-08T10:38:13.775+0000] {logging_mixin.py:190} INFO - [2025-01-08T10:38:13.775+0000] {dag.py:3239} INFO - Sync 1 DAGs
[2025-01-08T10:38:13.817+0000] {logging_mixin.py:190} INFO - [2025-01-08T10:38:13.817+0000] {dag.py:4180} INFO - Setting next_dagrun for tutorial_objectstorage to None, run_after=None
[2025-01-08T10:38:13.870+0000] {processor.py:208} INFO - Processing /home/airflow/.local/lib/python3.12/site-packages/airflow/example_dags/tutorial_objectstorage.py took 0.208 seconds
[2025-01-08T10:38:44.099+0000] {processor.py:186} INFO - Started process (PID=2383) to work on /home/airflow/.local/lib/python3.12/site-packages/airflow/example_dags/tutorial_objectstorage.py
[2025-01-08T10:38:44.102+0000] {processor.py:914} INFO - Processing file /home/airflow/.local/lib/python3.12/site-packages/airflow/example_dags/tutorial_objectstorage.py for tasks to queue
[2025-01-08T10:38:44.105+0000] {logging_mixin.py:190} INFO - [2025-01-08T10:38:44.105+0000] {dagbag.py:588} INFO - Filling up the DagBag from /home/airflow/.local/lib/python3.12/site-packages/airflow/example_dags/tutorial_objectstorage.py
[2025-01-08T10:38:44.125+0000] {processor.py:925} INFO - DAG(s) 'tutorial_objectstorage' retrieved from /home/airflow/.local/lib/python3.12/site-packages/airflow/example_dags/tutorial_objectstorage.py
[2025-01-08T10:38:44.166+0000] {logging_mixin.py:190} INFO - [2025-01-08T10:38:44.165+0000] {dag.py:3239} INFO - Sync 1 DAGs
[2025-01-08T10:38:44.213+0000] {logging_mixin.py:190} INFO - [2025-01-08T10:38:44.213+0000] {dag.py:4180} INFO - Setting next_dagrun for tutorial_objectstorage to None, run_after=None
[2025-01-08T10:38:44.257+0000] {processor.py:208} INFO - Processing /home/airflow/.local/lib/python3.12/site-packages/airflow/example_dags/tutorial_objectstorage.py took 0.181 seconds
[2025-01-08T10:39:14.922+0000] {processor.py:186} INFO - Started process (PID=2684) to work on /home/airflow/.local/lib/python3.12/site-packages/airflow/example_dags/tutorial_objectstorage.py
[2025-01-08T10:39:14.924+0000] {processor.py:914} INFO - Processing file /home/airflow/.local/lib/python3.12/site-packages/airflow/example_dags/tutorial_objectstorage.py for tasks to queue
[2025-01-08T10:39:14.930+0000] {logging_mixin.py:190} INFO - [2025-01-08T10:39:14.929+0000] {dagbag.py:588} INFO - Filling up the DagBag from /home/airflow/.local/lib/python3.12/site-packages/airflow/example_dags/tutorial_objectstorage.py
[2025-01-08T10:39:14.954+0000] {processor.py:925} INFO - DAG(s) 'tutorial_objectstorage' retrieved from /home/airflow/.local/lib/python3.12/site-packages/airflow/example_dags/tutorial_objectstorage.py
[2025-01-08T10:39:15.000+0000] {logging_mixin.py:190} INFO - [2025-01-08T10:39:15.000+0000] {dag.py:3239} INFO - Sync 1 DAGs
[2025-01-08T10:39:15.048+0000] {logging_mixin.py:190} INFO - [2025-01-08T10:39:15.048+0000] {dag.py:4180} INFO - Setting next_dagrun for tutorial_objectstorage to None, run_after=None
[2025-01-08T10:39:15.168+0000] {processor.py:208} INFO - Processing /home/airflow/.local/lib/python3.12/site-packages/airflow/example_dags/tutorial_objectstorage.py took 0.265 seconds
[2025-01-08T10:39:46.423+0000] {processor.py:186} INFO - Started process (PID=2985) to work on /home/airflow/.local/lib/python3.12/site-packages/airflow/example_dags/tutorial_objectstorage.py
[2025-01-08T10:39:46.430+0000] {processor.py:914} INFO - Processing file /home/airflow/.local/lib/python3.12/site-packages/airflow/example_dags/tutorial_objectstorage.py for tasks to queue
[2025-01-08T10:39:46.438+0000] {logging_mixin.py:190} INFO - [2025-01-08T10:39:46.437+0000] {dagbag.py:588} INFO - Filling up the DagBag from /home/airflow/.local/lib/python3.12/site-packages/airflow/example_dags/tutorial_objectstorage.py
[2025-01-08T10:39:46.467+0000] {processor.py:925} INFO - DAG(s) 'tutorial_objectstorage' retrieved from /home/airflow/.local/lib/python3.12/site-packages/airflow/example_dags/tutorial_objectstorage.py
[2025-01-08T10:39:46.514+0000] {logging_mixin.py:190} INFO - [2025-01-08T10:39:46.514+0000] {dag.py:3239} INFO - Sync 1 DAGs
[2025-01-08T10:39:46.568+0000] {logging_mixin.py:190} INFO - [2025-01-08T10:39:46.567+0000] {dag.py:4180} INFO - Setting next_dagrun for tutorial_objectstorage to None, run_after=None
[2025-01-08T10:39:46.649+0000] {processor.py:208} INFO - Processing /home/airflow/.local/lib/python3.12/site-packages/airflow/example_dags/tutorial_objectstorage.py took 0.243 seconds
[2025-01-08T10:40:19.990+0000] {processor.py:186} INFO - Started process (PID=3281) to work on /home/airflow/.local/lib/python3.12/site-packages/airflow/example_dags/tutorial_objectstorage.py
[2025-01-08T10:40:19.991+0000] {processor.py:914} INFO - Processing file /home/airflow/.local/lib/python3.12/site-packages/airflow/example_dags/tutorial_objectstorage.py for tasks to queue
[2025-01-08T10:40:19.995+0000] {logging_mixin.py:190} INFO - [2025-01-08T10:40:19.994+0000] {dagbag.py:588} INFO - Filling up the DagBag from /home/airflow/.local/lib/python3.12/site-packages/airflow/example_dags/tutorial_objectstorage.py
[2025-01-08T10:40:20.012+0000] {processor.py:925} INFO - DAG(s) 'tutorial_objectstorage' retrieved from /home/airflow/.local/lib/python3.12/site-packages/airflow/example_dags/tutorial_objectstorage.py
[2025-01-08T10:40:20.043+0000] {logging_mixin.py:190} INFO - [2025-01-08T10:40:20.043+0000] {dag.py:3239} INFO - Sync 1 DAGs
[2025-01-08T10:40:20.070+0000] {logging_mixin.py:190} INFO - [2025-01-08T10:40:20.069+0000] {dag.py:4180} INFO - Setting next_dagrun for tutorial_objectstorage to None, run_after=None
[2025-01-08T10:40:20.106+0000] {processor.py:208} INFO - Processing /home/airflow/.local/lib/python3.12/site-packages/airflow/example_dags/tutorial_objectstorage.py took 0.123 seconds
[2025-01-08T10:43:16.871+0000] {processor.py:186} INFO - Started process (PID=277) to work on /home/airflow/.local/lib/python3.12/site-packages/airflow/example_dags/tutorial_objectstorage.py
[2025-01-08T10:43:16.872+0000] {processor.py:914} INFO - Processing file /home/airflow/.local/lib/python3.12/site-packages/airflow/example_dags/tutorial_objectstorage.py for tasks to queue
[2025-01-08T10:43:16.875+0000] {logging_mixin.py:190} INFO - [2025-01-08T10:43:16.875+0000] {dagbag.py:588} INFO - Filling up the DagBag from /home/airflow/.local/lib/python3.12/site-packages/airflow/example_dags/tutorial_objectstorage.py
[2025-01-08T10:43:16.888+0000] {processor.py:925} INFO - DAG(s) 'tutorial_objectstorage' retrieved from /home/airflow/.local/lib/python3.12/site-packages/airflow/example_dags/tutorial_objectstorage.py
[2025-01-08T10:43:16.918+0000] {logging_mixin.py:190} INFO - [2025-01-08T10:43:16.917+0000] {dag.py:3239} INFO - Sync 1 DAGs
[2025-01-08T10:43:16.935+0000] {logging_mixin.py:190} INFO - [2025-01-08T10:43:16.935+0000] {dag.py:4180} INFO - Setting next_dagrun for tutorial_objectstorage to None, run_after=None
[2025-01-08T10:43:16.966+0000] {processor.py:208} INFO - Processing /home/airflow/.local/lib/python3.12/site-packages/airflow/example_dags/tutorial_objectstorage.py took 0.101 seconds
[2025-01-08T10:43:47.327+0000] {processor.py:186} INFO - Started process (PID=573) to work on /home/airflow/.local/lib/python3.12/site-packages/airflow/example_dags/tutorial_objectstorage.py
[2025-01-08T10:43:47.331+0000] {processor.py:914} INFO - Processing file /home/airflow/.local/lib/python3.12/site-packages/airflow/example_dags/tutorial_objectstorage.py for tasks to queue
[2025-01-08T10:43:47.334+0000] {logging_mixin.py:190} INFO - [2025-01-08T10:43:47.334+0000] {dagbag.py:588} INFO - Filling up the DagBag from /home/airflow/.local/lib/python3.12/site-packages/airflow/example_dags/tutorial_objectstorage.py
[2025-01-08T10:43:47.349+0000] {processor.py:925} INFO - DAG(s) 'tutorial_objectstorage' retrieved from /home/airflow/.local/lib/python3.12/site-packages/airflow/example_dags/tutorial_objectstorage.py
[2025-01-08T10:43:47.375+0000] {logging_mixin.py:190} INFO - [2025-01-08T10:43:47.375+0000] {dag.py:3239} INFO - Sync 1 DAGs
[2025-01-08T10:43:47.394+0000] {logging_mixin.py:190} INFO - [2025-01-08T10:43:47.393+0000] {dag.py:4180} INFO - Setting next_dagrun for tutorial_objectstorage to None, run_after=None
[2025-01-08T10:43:47.425+0000] {processor.py:208} INFO - Processing /home/airflow/.local/lib/python3.12/site-packages/airflow/example_dags/tutorial_objectstorage.py took 0.108 seconds
[2025-01-08T10:44:18.178+0000] {processor.py:186} INFO - Started process (PID=874) to work on /home/airflow/.local/lib/python3.12/site-packages/airflow/example_dags/tutorial_objectstorage.py
[2025-01-08T10:44:18.179+0000] {processor.py:914} INFO - Processing file /home/airflow/.local/lib/python3.12/site-packages/airflow/example_dags/tutorial_objectstorage.py for tasks to queue
[2025-01-08T10:44:18.182+0000] {logging_mixin.py:190} INFO - [2025-01-08T10:44:18.181+0000] {dagbag.py:588} INFO - Filling up the DagBag from /home/airflow/.local/lib/python3.12/site-packages/airflow/example_dags/tutorial_objectstorage.py
[2025-01-08T10:44:18.193+0000] {processor.py:925} INFO - DAG(s) 'tutorial_objectstorage' retrieved from /home/airflow/.local/lib/python3.12/site-packages/airflow/example_dags/tutorial_objectstorage.py
[2025-01-08T10:44:18.220+0000] {logging_mixin.py:190} INFO - [2025-01-08T10:44:18.219+0000] {dag.py:3239} INFO - Sync 1 DAGs
[2025-01-08T10:44:18.245+0000] {logging_mixin.py:190} INFO - [2025-01-08T10:44:18.245+0000] {dag.py:4180} INFO - Setting next_dagrun for tutorial_objectstorage to None, run_after=None
[2025-01-08T10:44:18.266+0000] {processor.py:208} INFO - Processing /home/airflow/.local/lib/python3.12/site-packages/airflow/example_dags/tutorial_objectstorage.py took 0.095 seconds
[2025-01-08T10:44:48.894+0000] {processor.py:186} INFO - Started process (PID=1180) to work on /home/airflow/.local/lib/python3.12/site-packages/airflow/example_dags/tutorial_objectstorage.py
[2025-01-08T10:44:48.895+0000] {processor.py:914} INFO - Processing file /home/airflow/.local/lib/python3.12/site-packages/airflow/example_dags/tutorial_objectstorage.py for tasks to queue
[2025-01-08T10:44:48.898+0000] {logging_mixin.py:190} INFO - [2025-01-08T10:44:48.898+0000] {dagbag.py:588} INFO - Filling up the DagBag from /home/airflow/.local/lib/python3.12/site-packages/airflow/example_dags/tutorial_objectstorage.py
[2025-01-08T10:44:48.911+0000] {processor.py:925} INFO - DAG(s) 'tutorial_objectstorage' retrieved from /home/airflow/.local/lib/python3.12/site-packages/airflow/example_dags/tutorial_objectstorage.py
[2025-01-08T10:44:48.935+0000] {logging_mixin.py:190} INFO - [2025-01-08T10:44:48.935+0000] {dag.py:3239} INFO - Sync 1 DAGs
[2025-01-08T10:44:48.950+0000] {logging_mixin.py:190} INFO - [2025-01-08T10:44:48.950+0000] {dag.py:4180} INFO - Setting next_dagrun for tutorial_objectstorage to None, run_after=None
[2025-01-08T10:44:48.971+0000] {processor.py:208} INFO - Processing /home/airflow/.local/lib/python3.12/site-packages/airflow/example_dags/tutorial_objectstorage.py took 0.085 seconds
[2025-01-08T10:45:19.414+0000] {processor.py:186} INFO - Started process (PID=1481) to work on /home/airflow/.local/lib/python3.12/site-packages/airflow/example_dags/tutorial_objectstorage.py
[2025-01-08T10:45:19.415+0000] {processor.py:914} INFO - Processing file /home/airflow/.local/lib/python3.12/site-packages/airflow/example_dags/tutorial_objectstorage.py for tasks to queue
[2025-01-08T10:45:19.417+0000] {logging_mixin.py:190} INFO - [2025-01-08T10:45:19.416+0000] {dagbag.py:588} INFO - Filling up the DagBag from /home/airflow/.local/lib/python3.12/site-packages/airflow/example_dags/tutorial_objectstorage.py
[2025-01-08T10:45:19.425+0000] {processor.py:925} INFO - DAG(s) 'tutorial_objectstorage' retrieved from /home/airflow/.local/lib/python3.12/site-packages/airflow/example_dags/tutorial_objectstorage.py
[2025-01-08T10:45:19.443+0000] {logging_mixin.py:190} INFO - [2025-01-08T10:45:19.443+0000] {dag.py:3239} INFO - Sync 1 DAGs
[2025-01-08T10:45:19.458+0000] {logging_mixin.py:190} INFO - [2025-01-08T10:45:19.458+0000] {dag.py:4180} INFO - Setting next_dagrun for tutorial_objectstorage to None, run_after=None
[2025-01-08T10:45:19.479+0000] {processor.py:208} INFO - Processing /home/airflow/.local/lib/python3.12/site-packages/airflow/example_dags/tutorial_objectstorage.py took 0.071 seconds
[2025-01-08T10:45:50.367+0000] {processor.py:186} INFO - Started process (PID=1782) to work on /home/airflow/.local/lib/python3.12/site-packages/airflow/example_dags/tutorial_objectstorage.py
[2025-01-08T10:45:50.368+0000] {processor.py:914} INFO - Processing file /home/airflow/.local/lib/python3.12/site-packages/airflow/example_dags/tutorial_objectstorage.py for tasks to queue
[2025-01-08T10:45:50.369+0000] {logging_mixin.py:190} INFO - [2025-01-08T10:45:50.369+0000] {dagbag.py:588} INFO - Filling up the DagBag from /home/airflow/.local/lib/python3.12/site-packages/airflow/example_dags/tutorial_objectstorage.py
[2025-01-08T10:45:50.378+0000] {processor.py:925} INFO - DAG(s) 'tutorial_objectstorage' retrieved from /home/airflow/.local/lib/python3.12/site-packages/airflow/example_dags/tutorial_objectstorage.py
[2025-01-08T10:45:50.393+0000] {logging_mixin.py:190} INFO - [2025-01-08T10:45:50.393+0000] {dag.py:3239} INFO - Sync 1 DAGs
[2025-01-08T10:45:50.405+0000] {logging_mixin.py:190} INFO - [2025-01-08T10:45:50.405+0000] {dag.py:4180} INFO - Setting next_dagrun for tutorial_objectstorage to None, run_after=None
[2025-01-08T10:45:50.422+0000] {processor.py:208} INFO - Processing /home/airflow/.local/lib/python3.12/site-packages/airflow/example_dags/tutorial_objectstorage.py took 0.061 seconds
[2025-01-08T10:46:20.892+0000] {processor.py:186} INFO - Started process (PID=2083) to work on /home/airflow/.local/lib/python3.12/site-packages/airflow/example_dags/tutorial_objectstorage.py
[2025-01-08T10:46:20.893+0000] {processor.py:914} INFO - Processing file /home/airflow/.local/lib/python3.12/site-packages/airflow/example_dags/tutorial_objectstorage.py for tasks to queue
[2025-01-08T10:46:20.894+0000] {logging_mixin.py:190} INFO - [2025-01-08T10:46:20.894+0000] {dagbag.py:588} INFO - Filling up the DagBag from /home/airflow/.local/lib/python3.12/site-packages/airflow/example_dags/tutorial_objectstorage.py
[2025-01-08T10:46:20.902+0000] {processor.py:925} INFO - DAG(s) 'tutorial_objectstorage' retrieved from /home/airflow/.local/lib/python3.12/site-packages/airflow/example_dags/tutorial_objectstorage.py
[2025-01-08T10:46:20.919+0000] {logging_mixin.py:190} INFO - [2025-01-08T10:46:20.918+0000] {dag.py:3239} INFO - Sync 1 DAGs
[2025-01-08T10:46:20.932+0000] {logging_mixin.py:190} INFO - [2025-01-08T10:46:20.932+0000] {dag.py:4180} INFO - Setting next_dagrun for tutorial_objectstorage to None, run_after=None
[2025-01-08T10:46:20.951+0000] {processor.py:208} INFO - Processing /home/airflow/.local/lib/python3.12/site-packages/airflow/example_dags/tutorial_objectstorage.py took 0.064 seconds
[2025-01-08T10:46:51.263+0000] {processor.py:186} INFO - Started process (PID=2384) to work on /home/airflow/.local/lib/python3.12/site-packages/airflow/example_dags/tutorial_objectstorage.py
[2025-01-08T10:46:51.264+0000] {processor.py:914} INFO - Processing file /home/airflow/.local/lib/python3.12/site-packages/airflow/example_dags/tutorial_objectstorage.py for tasks to queue
[2025-01-08T10:46:51.266+0000] {logging_mixin.py:190} INFO - [2025-01-08T10:46:51.265+0000] {dagbag.py:588} INFO - Filling up the DagBag from /home/airflow/.local/lib/python3.12/site-packages/airflow/example_dags/tutorial_objectstorage.py
[2025-01-08T10:46:51.274+0000] {processor.py:925} INFO - DAG(s) 'tutorial_objectstorage' retrieved from /home/airflow/.local/lib/python3.12/site-packages/airflow/example_dags/tutorial_objectstorage.py
[2025-01-08T10:46:51.290+0000] {logging_mixin.py:190} INFO - [2025-01-08T10:46:51.290+0000] {dag.py:3239} INFO - Sync 1 DAGs
[2025-01-08T10:46:51.306+0000] {logging_mixin.py:190} INFO - [2025-01-08T10:46:51.306+0000] {dag.py:4180} INFO - Setting next_dagrun for tutorial_objectstorage to None, run_after=None
[2025-01-08T10:46:51.326+0000] {processor.py:208} INFO - Processing /home/airflow/.local/lib/python3.12/site-packages/airflow/example_dags/tutorial_objectstorage.py took 0.068 seconds
[2025-01-08T10:47:21.715+0000] {processor.py:186} INFO - Started process (PID=2685) to work on /home/airflow/.local/lib/python3.12/site-packages/airflow/example_dags/tutorial_objectstorage.py
[2025-01-08T10:47:21.716+0000] {processor.py:914} INFO - Processing file /home/airflow/.local/lib/python3.12/site-packages/airflow/example_dags/tutorial_objectstorage.py for tasks to queue
[2025-01-08T10:47:21.717+0000] {logging_mixin.py:190} INFO - [2025-01-08T10:47:21.717+0000] {dagbag.py:588} INFO - Filling up the DagBag from /home/airflow/.local/lib/python3.12/site-packages/airflow/example_dags/tutorial_objectstorage.py
[2025-01-08T10:47:21.724+0000] {processor.py:925} INFO - DAG(s) 'tutorial_objectstorage' retrieved from /home/airflow/.local/lib/python3.12/site-packages/airflow/example_dags/tutorial_objectstorage.py
[2025-01-08T10:47:21.739+0000] {logging_mixin.py:190} INFO - [2025-01-08T10:47:21.738+0000] {dag.py:3239} INFO - Sync 1 DAGs
[2025-01-08T10:47:21.751+0000] {logging_mixin.py:190} INFO - [2025-01-08T10:47:21.751+0000] {dag.py:4180} INFO - Setting next_dagrun for tutorial_objectstorage to None, run_after=None
[2025-01-08T10:47:21.769+0000] {processor.py:208} INFO - Processing /home/airflow/.local/lib/python3.12/site-packages/airflow/example_dags/tutorial_objectstorage.py took 0.059 seconds
[2025-01-08T10:47:52.081+0000] {processor.py:186} INFO - Started process (PID=2986) to work on /home/airflow/.local/lib/python3.12/site-packages/airflow/example_dags/tutorial_objectstorage.py
[2025-01-08T10:47:52.082+0000] {processor.py:914} INFO - Processing file /home/airflow/.local/lib/python3.12/site-packages/airflow/example_dags/tutorial_objectstorage.py for tasks to queue
[2025-01-08T10:47:52.084+0000] {logging_mixin.py:190} INFO - [2025-01-08T10:47:52.084+0000] {dagbag.py:588} INFO - Filling up the DagBag from /home/airflow/.local/lib/python3.12/site-packages/airflow/example_dags/tutorial_objectstorage.py
[2025-01-08T10:47:52.093+0000] {processor.py:925} INFO - DAG(s) 'tutorial_objectstorage' retrieved from /home/airflow/.local/lib/python3.12/site-packages/airflow/example_dags/tutorial_objectstorage.py
[2025-01-08T10:47:52.111+0000] {logging_mixin.py:190} INFO - [2025-01-08T10:47:52.111+0000] {dag.py:3239} INFO - Sync 1 DAGs
[2025-01-08T10:47:52.126+0000] {logging_mixin.py:190} INFO - [2025-01-08T10:47:52.126+0000] {dag.py:4180} INFO - Setting next_dagrun for tutorial_objectstorage to None, run_after=None
[2025-01-08T10:47:52.147+0000] {processor.py:208} INFO - Processing /home/airflow/.local/lib/python3.12/site-packages/airflow/example_dags/tutorial_objectstorage.py took 0.071 seconds
