[2025-01-08T10:35:13.694+0000] {processor.py:186} INFO - Started process (PID=357) to work on /home/airflow/.local/lib/python3.12/site-packages/airflow/example_dags/tutorial.py
[2025-01-08T10:35:13.695+0000] {processor.py:914} INFO - Processing file /home/airflow/.local/lib/python3.12/site-packages/airflow/example_dags/tutorial.py for tasks to queue
[2025-01-08T10:35:13.699+0000] {logging_mixin.py:190} INFO - [2025-01-08T10:35:13.698+0000] {dagbag.py:588} INFO - Filling up the DagBag from /home/airflow/.local/lib/python3.12/site-packages/airflow/example_dags/tutorial.py
[2025-01-08T10:35:13.718+0000] {processor.py:925} INFO - DAG(s) 'tutorial' retrieved from /home/airflow/.local/lib/python3.12/site-packages/airflow/example_dags/tutorial.py
[2025-01-08T10:35:13.934+0000] {logging_mixin.py:190} INFO - [2025-01-08T10:35:13.933+0000] {override.py:1911} INFO - Created Permission View: can delete on DAG:tutorial
[2025-01-08T10:35:13.958+0000] {logging_mixin.py:190} INFO - [2025-01-08T10:35:13.957+0000] {override.py:1911} INFO - Created Permission View: can read on DAG:tutorial
[2025-01-08T10:35:13.971+0000] {logging_mixin.py:190} INFO - [2025-01-08T10:35:13.970+0000] {override.py:1911} INFO - Created Permission View: can edit on DAG:tutorial
[2025-01-08T10:35:13.987+0000] {logging_mixin.py:190} INFO - [2025-01-08T10:35:13.986+0000] {override.py:1911} INFO - Created Permission View: menu access on DAG Run:tutorial
[2025-01-08T10:35:14.005+0000] {logging_mixin.py:190} INFO - [2025-01-08T10:35:14.005+0000] {override.py:1911} INFO - Created Permission View: can create on DAG Run:tutorial
[2025-01-08T10:35:14.023+0000] {logging_mixin.py:190} INFO - [2025-01-08T10:35:14.021+0000] {override.py:1911} INFO - Created Permission View: can read on DAG Run:tutorial
[2025-01-08T10:35:14.040+0000] {logging_mixin.py:190} INFO - [2025-01-08T10:35:14.039+0000] {override.py:1911} INFO - Created Permission View: can delete on DAG Run:tutorial
[2025-01-08T10:35:14.041+0000] {logging_mixin.py:190} INFO - [2025-01-08T10:35:14.041+0000] {dag.py:3239} INFO - Sync 1 DAGs
[2025-01-08T10:35:14.071+0000] {logging_mixin.py:190} INFO - [2025-01-08T10:35:14.070+0000] {dag.py:3262} INFO - Creating ORM DAG for tutorial
[2025-01-08T10:35:14.087+0000] {logging_mixin.py:190} INFO - [2025-01-08T10:35:14.086+0000] {dag.py:4180} INFO - Setting next_dagrun for tutorial to 2025-01-07 00:00:00+00:00, run_after=2025-01-08 00:00:00+00:00
[2025-01-08T10:35:14.120+0000] {processor.py:208} INFO - Processing /home/airflow/.local/lib/python3.12/site-packages/airflow/example_dags/tutorial.py took 0.437 seconds
[2025-01-08T10:35:48.016+0000] {processor.py:186} INFO - Started process (PID=658) to work on /home/airflow/.local/lib/python3.12/site-packages/airflow/example_dags/tutorial.py
[2025-01-08T10:35:48.021+0000] {processor.py:914} INFO - Processing file /home/airflow/.local/lib/python3.12/site-packages/airflow/example_dags/tutorial.py for tasks to queue
[2025-01-08T10:35:48.031+0000] {logging_mixin.py:190} INFO - [2025-01-08T10:35:48.031+0000] {dagbag.py:588} INFO - Filling up the DagBag from /home/airflow/.local/lib/python3.12/site-packages/airflow/example_dags/tutorial.py
[2025-01-08T10:35:48.053+0000] {processor.py:925} INFO - DAG(s) 'tutorial' retrieved from /home/airflow/.local/lib/python3.12/site-packages/airflow/example_dags/tutorial.py
[2025-01-08T10:35:48.100+0000] {logging_mixin.py:190} INFO - [2025-01-08T10:35:48.100+0000] {dag.py:3239} INFO - Sync 1 DAGs
[2025-01-08T10:35:48.160+0000] {logging_mixin.py:190} INFO - [2025-01-08T10:35:48.160+0000] {dag.py:4180} INFO - Setting next_dagrun for tutorial to 2025-01-07 00:00:00+00:00, run_after=2025-01-08 00:00:00+00:00
[2025-01-08T10:35:48.237+0000] {processor.py:208} INFO - Processing /home/airflow/.local/lib/python3.12/site-packages/airflow/example_dags/tutorial.py took 0.238 seconds
[2025-01-08T10:36:19.278+0000] {processor.py:186} INFO - Started process (PID=959) to work on /home/airflow/.local/lib/python3.12/site-packages/airflow/example_dags/tutorial.py
[2025-01-08T10:36:19.289+0000] {processor.py:914} INFO - Processing file /home/airflow/.local/lib/python3.12/site-packages/airflow/example_dags/tutorial.py for tasks to queue
[2025-01-08T10:36:19.293+0000] {logging_mixin.py:190} INFO - [2025-01-08T10:36:19.292+0000] {dagbag.py:588} INFO - Filling up the DagBag from /home/airflow/.local/lib/python3.12/site-packages/airflow/example_dags/tutorial.py
[2025-01-08T10:36:19.323+0000] {processor.py:925} INFO - DAG(s) 'tutorial' retrieved from /home/airflow/.local/lib/python3.12/site-packages/airflow/example_dags/tutorial.py
[2025-01-08T10:36:19.370+0000] {logging_mixin.py:190} INFO - [2025-01-08T10:36:19.370+0000] {dag.py:3239} INFO - Sync 1 DAGs
[2025-01-08T10:36:19.445+0000] {logging_mixin.py:190} INFO - [2025-01-08T10:36:19.445+0000] {dag.py:4180} INFO - Setting next_dagrun for tutorial to 2025-01-07 00:00:00+00:00, run_after=2025-01-08 00:00:00+00:00
[2025-01-08T10:36:23.007+0000] {processor.py:208} INFO - Processing /home/airflow/.local/lib/python3.12/site-packages/airflow/example_dags/tutorial.py took 3.747 seconds
[2025-01-08T10:36:53.276+0000] {processor.py:186} INFO - Started process (PID=1268) to work on /home/airflow/.local/lib/python3.12/site-packages/airflow/example_dags/tutorial.py
[2025-01-08T10:36:53.277+0000] {processor.py:914} INFO - Processing file /home/airflow/.local/lib/python3.12/site-packages/airflow/example_dags/tutorial.py for tasks to queue
[2025-01-08T10:36:53.281+0000] {logging_mixin.py:190} INFO - [2025-01-08T10:36:53.280+0000] {dagbag.py:588} INFO - Filling up the DagBag from /home/airflow/.local/lib/python3.12/site-packages/airflow/example_dags/tutorial.py
[2025-01-08T10:36:53.291+0000] {processor.py:925} INFO - DAG(s) 'tutorial' retrieved from /home/airflow/.local/lib/python3.12/site-packages/airflow/example_dags/tutorial.py
[2025-01-08T10:36:53.316+0000] {logging_mixin.py:190} INFO - [2025-01-08T10:36:53.315+0000] {dag.py:3239} INFO - Sync 1 DAGs
[2025-01-08T10:36:53.351+0000] {logging_mixin.py:190} INFO - [2025-01-08T10:36:53.351+0000] {dag.py:4180} INFO - Setting next_dagrun for tutorial to 2025-01-07 00:00:00+00:00, run_after=2025-01-08 00:00:00+00:00
[2025-01-08T10:36:53.380+0000] {processor.py:208} INFO - Processing /home/airflow/.local/lib/python3.12/site-packages/airflow/example_dags/tutorial.py took 0.111 seconds
[2025-01-08T10:37:23.572+0000] {processor.py:186} INFO - Started process (PID=1569) to work on /home/airflow/.local/lib/python3.12/site-packages/airflow/example_dags/tutorial.py
[2025-01-08T10:37:23.574+0000] {processor.py:914} INFO - Processing file /home/airflow/.local/lib/python3.12/site-packages/airflow/example_dags/tutorial.py for tasks to queue
[2025-01-08T10:37:23.578+0000] {logging_mixin.py:190} INFO - [2025-01-08T10:37:23.578+0000] {dagbag.py:588} INFO - Filling up the DagBag from /home/airflow/.local/lib/python3.12/site-packages/airflow/example_dags/tutorial.py
[2025-01-08T10:37:23.594+0000] {processor.py:925} INFO - DAG(s) 'tutorial' retrieved from /home/airflow/.local/lib/python3.12/site-packages/airflow/example_dags/tutorial.py
[2025-01-08T10:37:23.630+0000] {logging_mixin.py:190} INFO - [2025-01-08T10:37:23.629+0000] {dag.py:3239} INFO - Sync 1 DAGs
[2025-01-08T10:37:23.678+0000] {logging_mixin.py:190} INFO - [2025-01-08T10:37:23.677+0000] {dag.py:4180} INFO - Setting next_dagrun for tutorial to 2025-01-07 00:00:00+00:00, run_after=2025-01-08 00:00:00+00:00
[2025-01-08T10:37:23.721+0000] {processor.py:208} INFO - Processing /home/airflow/.local/lib/python3.12/site-packages/airflow/example_dags/tutorial.py took 0.161 seconds
[2025-01-08T10:37:54.394+0000] {processor.py:186} INFO - Started process (PID=1870) to work on /home/airflow/.local/lib/python3.12/site-packages/airflow/example_dags/tutorial.py
[2025-01-08T10:37:54.395+0000] {processor.py:914} INFO - Processing file /home/airflow/.local/lib/python3.12/site-packages/airflow/example_dags/tutorial.py for tasks to queue
[2025-01-08T10:37:54.399+0000] {logging_mixin.py:190} INFO - [2025-01-08T10:37:54.399+0000] {dagbag.py:588} INFO - Filling up the DagBag from /home/airflow/.local/lib/python3.12/site-packages/airflow/example_dags/tutorial.py
[2025-01-08T10:37:54.409+0000] {processor.py:925} INFO - DAG(s) 'tutorial' retrieved from /home/airflow/.local/lib/python3.12/site-packages/airflow/example_dags/tutorial.py
[2025-01-08T10:37:54.437+0000] {logging_mixin.py:190} INFO - [2025-01-08T10:37:54.437+0000] {dag.py:3239} INFO - Sync 1 DAGs
[2025-01-08T10:37:54.474+0000] {logging_mixin.py:190} INFO - [2025-01-08T10:37:54.474+0000] {dag.py:4180} INFO - Setting next_dagrun for tutorial to 2025-01-07 00:00:00+00:00, run_after=2025-01-08 00:00:00+00:00
[2025-01-08T10:37:54.506+0000] {processor.py:208} INFO - Processing /home/airflow/.local/lib/python3.12/site-packages/airflow/example_dags/tutorial.py took 0.119 seconds
[2025-01-08T10:38:24.957+0000] {processor.py:186} INFO - Started process (PID=2168) to work on /home/airflow/.local/lib/python3.12/site-packages/airflow/example_dags/tutorial.py
[2025-01-08T10:38:24.969+0000] {processor.py:914} INFO - Processing file /home/airflow/.local/lib/python3.12/site-packages/airflow/example_dags/tutorial.py for tasks to queue
[2025-01-08T10:38:24.977+0000] {logging_mixin.py:190} INFO - [2025-01-08T10:38:24.975+0000] {dagbag.py:588} INFO - Filling up the DagBag from /home/airflow/.local/lib/python3.12/site-packages/airflow/example_dags/tutorial.py
[2025-01-08T10:38:24.996+0000] {processor.py:925} INFO - DAG(s) 'tutorial' retrieved from /home/airflow/.local/lib/python3.12/site-packages/airflow/example_dags/tutorial.py
[2025-01-08T10:38:25.049+0000] {logging_mixin.py:190} INFO - [2025-01-08T10:38:25.049+0000] {dag.py:3239} INFO - Sync 1 DAGs
[2025-01-08T10:38:25.136+0000] {logging_mixin.py:190} INFO - [2025-01-08T10:38:25.135+0000] {dag.py:4180} INFO - Setting next_dagrun for tutorial to 2025-01-07 00:00:00+00:00, run_after=2025-01-08 00:00:00+00:00
[2025-01-08T10:38:25.209+0000] {processor.py:208} INFO - Processing /home/airflow/.local/lib/python3.12/site-packages/airflow/example_dags/tutorial.py took 0.270 seconds
[2025-01-08T10:38:55.408+0000] {processor.py:186} INFO - Started process (PID=2466) to work on /home/airflow/.local/lib/python3.12/site-packages/airflow/example_dags/tutorial.py
[2025-01-08T10:38:55.410+0000] {processor.py:914} INFO - Processing file /home/airflow/.local/lib/python3.12/site-packages/airflow/example_dags/tutorial.py for tasks to queue
[2025-01-08T10:38:55.417+0000] {logging_mixin.py:190} INFO - [2025-01-08T10:38:55.416+0000] {dagbag.py:588} INFO - Filling up the DagBag from /home/airflow/.local/lib/python3.12/site-packages/airflow/example_dags/tutorial.py
[2025-01-08T10:38:55.431+0000] {processor.py:925} INFO - DAG(s) 'tutorial' retrieved from /home/airflow/.local/lib/python3.12/site-packages/airflow/example_dags/tutorial.py
[2025-01-08T10:38:55.467+0000] {logging_mixin.py:190} INFO - [2025-01-08T10:38:55.466+0000] {dag.py:3239} INFO - Sync 1 DAGs
[2025-01-08T10:38:55.512+0000] {logging_mixin.py:190} INFO - [2025-01-08T10:38:55.512+0000] {dag.py:4180} INFO - Setting next_dagrun for tutorial to 2025-01-07 00:00:00+00:00, run_after=2025-01-08 00:00:00+00:00
[2025-01-08T10:38:55.541+0000] {processor.py:208} INFO - Processing /home/airflow/.local/lib/python3.12/site-packages/airflow/example_dags/tutorial.py took 0.144 seconds
[2025-01-08T10:39:25.684+0000] {processor.py:186} INFO - Started process (PID=2767) to work on /home/airflow/.local/lib/python3.12/site-packages/airflow/example_dags/tutorial.py
[2025-01-08T10:39:25.696+0000] {processor.py:914} INFO - Processing file /home/airflow/.local/lib/python3.12/site-packages/airflow/example_dags/tutorial.py for tasks to queue
[2025-01-08T10:39:25.701+0000] {logging_mixin.py:190} INFO - [2025-01-08T10:39:25.701+0000] {dagbag.py:588} INFO - Filling up the DagBag from /home/airflow/.local/lib/python3.12/site-packages/airflow/example_dags/tutorial.py
[2025-01-08T10:39:25.736+0000] {processor.py:925} INFO - DAG(s) 'tutorial' retrieved from /home/airflow/.local/lib/python3.12/site-packages/airflow/example_dags/tutorial.py
[2025-01-08T10:39:25.823+0000] {logging_mixin.py:190} INFO - [2025-01-08T10:39:25.822+0000] {dag.py:3239} INFO - Sync 1 DAGs
[2025-01-08T10:39:25.949+0000] {logging_mixin.py:190} INFO - [2025-01-08T10:39:25.948+0000] {dag.py:4180} INFO - Setting next_dagrun for tutorial to 2025-01-07 00:00:00+00:00, run_after=2025-01-08 00:00:00+00:00
[2025-01-08T10:39:26.030+0000] {processor.py:208} INFO - Processing /home/airflow/.local/lib/python3.12/site-packages/airflow/example_dags/tutorial.py took 0.370 seconds
[2025-01-08T10:39:56.330+0000] {processor.py:186} INFO - Started process (PID=3068) to work on /home/airflow/.local/lib/python3.12/site-packages/airflow/example_dags/tutorial.py
[2025-01-08T10:39:56.339+0000] {processor.py:914} INFO - Processing file /home/airflow/.local/lib/python3.12/site-packages/airflow/example_dags/tutorial.py for tasks to queue
[2025-01-08T10:39:56.344+0000] {logging_mixin.py:190} INFO - [2025-01-08T10:39:56.344+0000] {dagbag.py:588} INFO - Filling up the DagBag from /home/airflow/.local/lib/python3.12/site-packages/airflow/example_dags/tutorial.py
[2025-01-08T10:39:56.365+0000] {processor.py:925} INFO - DAG(s) 'tutorial' retrieved from /home/airflow/.local/lib/python3.12/site-packages/airflow/example_dags/tutorial.py
[2025-01-08T10:39:56.412+0000] {logging_mixin.py:190} INFO - [2025-01-08T10:39:56.411+0000] {dag.py:3239} INFO - Sync 1 DAGs
[2025-01-08T10:39:56.479+0000] {logging_mixin.py:190} INFO - [2025-01-08T10:39:56.478+0000] {dag.py:4180} INFO - Setting next_dagrun for tutorial to 2025-01-07 00:00:00+00:00, run_after=2025-01-08 00:00:00+00:00
[2025-01-08T10:39:56.524+0000] {processor.py:208} INFO - Processing /home/airflow/.local/lib/python3.12/site-packages/airflow/example_dags/tutorial.py took 0.207 seconds
[2025-01-08T10:40:27.309+0000] {processor.py:186} INFO - Started process (PID=3369) to work on /home/airflow/.local/lib/python3.12/site-packages/airflow/example_dags/tutorial.py
[2025-01-08T10:40:27.314+0000] {processor.py:914} INFO - Processing file /home/airflow/.local/lib/python3.12/site-packages/airflow/example_dags/tutorial.py for tasks to queue
[2025-01-08T10:40:27.318+0000] {logging_mixin.py:190} INFO - [2025-01-08T10:40:27.318+0000] {dagbag.py:588} INFO - Filling up the DagBag from /home/airflow/.local/lib/python3.12/site-packages/airflow/example_dags/tutorial.py
[2025-01-08T10:40:27.344+0000] {processor.py:925} INFO - DAG(s) 'tutorial' retrieved from /home/airflow/.local/lib/python3.12/site-packages/airflow/example_dags/tutorial.py
[2025-01-08T10:40:27.407+0000] {logging_mixin.py:190} INFO - [2025-01-08T10:40:27.407+0000] {dag.py:3239} INFO - Sync 1 DAGs
[2025-01-08T10:40:27.484+0000] {logging_mixin.py:190} INFO - [2025-01-08T10:40:27.484+0000] {dag.py:4180} INFO - Setting next_dagrun for tutorial to 2025-01-07 00:00:00+00:00, run_after=2025-01-08 00:00:00+00:00
[2025-01-08T10:40:27.551+0000] {processor.py:208} INFO - Processing /home/airflow/.local/lib/python3.12/site-packages/airflow/example_dags/tutorial.py took 0.271 seconds
[2025-01-08T10:43:19.387+0000] {processor.py:186} INFO - Started process (PID=360) to work on /home/airflow/.local/lib/python3.12/site-packages/airflow/example_dags/tutorial.py
[2025-01-08T10:43:19.389+0000] {processor.py:914} INFO - Processing file /home/airflow/.local/lib/python3.12/site-packages/airflow/example_dags/tutorial.py for tasks to queue
[2025-01-08T10:43:19.391+0000] {logging_mixin.py:190} INFO - [2025-01-08T10:43:19.391+0000] {dagbag.py:588} INFO - Filling up the DagBag from /home/airflow/.local/lib/python3.12/site-packages/airflow/example_dags/tutorial.py
[2025-01-08T10:43:19.403+0000] {processor.py:925} INFO - DAG(s) 'tutorial' retrieved from /home/airflow/.local/lib/python3.12/site-packages/airflow/example_dags/tutorial.py
[2025-01-08T10:43:19.431+0000] {logging_mixin.py:190} INFO - [2025-01-08T10:43:19.431+0000] {dag.py:3239} INFO - Sync 1 DAGs
[2025-01-08T10:43:19.468+0000] {logging_mixin.py:190} INFO - [2025-01-08T10:43:19.467+0000] {dag.py:4180} INFO - Setting next_dagrun for tutorial to 2025-01-07 00:00:00+00:00, run_after=2025-01-08 00:00:00+00:00
[2025-01-08T10:43:19.495+0000] {processor.py:208} INFO - Processing /home/airflow/.local/lib/python3.12/site-packages/airflow/example_dags/tutorial.py took 0.114 seconds
[2025-01-08T10:43:50.040+0000] {processor.py:186} INFO - Started process (PID=659) to work on /home/airflow/.local/lib/python3.12/site-packages/airflow/example_dags/tutorial.py
[2025-01-08T10:43:50.041+0000] {processor.py:914} INFO - Processing file /home/airflow/.local/lib/python3.12/site-packages/airflow/example_dags/tutorial.py for tasks to queue
[2025-01-08T10:43:50.044+0000] {logging_mixin.py:190} INFO - [2025-01-08T10:43:50.044+0000] {dagbag.py:588} INFO - Filling up the DagBag from /home/airflow/.local/lib/python3.12/site-packages/airflow/example_dags/tutorial.py
[2025-01-08T10:43:50.054+0000] {processor.py:925} INFO - DAG(s) 'tutorial' retrieved from /home/airflow/.local/lib/python3.12/site-packages/airflow/example_dags/tutorial.py
[2025-01-08T10:43:50.075+0000] {logging_mixin.py:190} INFO - [2025-01-08T10:43:50.075+0000] {dag.py:3239} INFO - Sync 1 DAGs
[2025-01-08T10:43:50.108+0000] {logging_mixin.py:190} INFO - [2025-01-08T10:43:50.107+0000] {dag.py:4180} INFO - Setting next_dagrun for tutorial to 2025-01-07 00:00:00+00:00, run_after=2025-01-08 00:00:00+00:00
[2025-01-08T10:43:50.139+0000] {processor.py:208} INFO - Processing /home/airflow/.local/lib/python3.12/site-packages/airflow/example_dags/tutorial.py took 0.107 seconds
[2025-01-08T10:44:21.251+0000] {processor.py:186} INFO - Started process (PID=961) to work on /home/airflow/.local/lib/python3.12/site-packages/airflow/example_dags/tutorial.py
[2025-01-08T10:44:21.252+0000] {processor.py:914} INFO - Processing file /home/airflow/.local/lib/python3.12/site-packages/airflow/example_dags/tutorial.py for tasks to queue
[2025-01-08T10:44:21.254+0000] {logging_mixin.py:190} INFO - [2025-01-08T10:44:21.254+0000] {dagbag.py:588} INFO - Filling up the DagBag from /home/airflow/.local/lib/python3.12/site-packages/airflow/example_dags/tutorial.py
[2025-01-08T10:44:21.262+0000] {processor.py:925} INFO - DAG(s) 'tutorial' retrieved from /home/airflow/.local/lib/python3.12/site-packages/airflow/example_dags/tutorial.py
[2025-01-08T10:44:21.281+0000] {logging_mixin.py:190} INFO - [2025-01-08T10:44:21.281+0000] {dag.py:3239} INFO - Sync 1 DAGs
[2025-01-08T10:44:21.307+0000] {logging_mixin.py:190} INFO - [2025-01-08T10:44:21.307+0000] {dag.py:4180} INFO - Setting next_dagrun for tutorial to 2025-01-07 00:00:00+00:00, run_after=2025-01-08 00:00:00+00:00
[2025-01-08T10:44:21.334+0000] {processor.py:208} INFO - Processing /home/airflow/.local/lib/python3.12/site-packages/airflow/example_dags/tutorial.py took 0.088 seconds
[2025-01-08T10:44:52.045+0000] {processor.py:186} INFO - Started process (PID=1260) to work on /home/airflow/.local/lib/python3.12/site-packages/airflow/example_dags/tutorial.py
[2025-01-08T10:44:52.046+0000] {processor.py:914} INFO - Processing file /home/airflow/.local/lib/python3.12/site-packages/airflow/example_dags/tutorial.py for tasks to queue
[2025-01-08T10:44:52.049+0000] {logging_mixin.py:190} INFO - [2025-01-08T10:44:52.048+0000] {dagbag.py:588} INFO - Filling up the DagBag from /home/airflow/.local/lib/python3.12/site-packages/airflow/example_dags/tutorial.py
[2025-01-08T10:44:52.058+0000] {processor.py:925} INFO - DAG(s) 'tutorial' retrieved from /home/airflow/.local/lib/python3.12/site-packages/airflow/example_dags/tutorial.py
[2025-01-08T10:44:52.077+0000] {logging_mixin.py:190} INFO - [2025-01-08T10:44:52.077+0000] {dag.py:3239} INFO - Sync 1 DAGs
[2025-01-08T10:44:52.103+0000] {logging_mixin.py:190} INFO - [2025-01-08T10:44:52.103+0000] {dag.py:4180} INFO - Setting next_dagrun for tutorial to 2025-01-07 00:00:00+00:00, run_after=2025-01-08 00:00:00+00:00
[2025-01-08T10:44:52.123+0000] {processor.py:208} INFO - Processing /home/airflow/.local/lib/python3.12/site-packages/airflow/example_dags/tutorial.py took 0.084 seconds
[2025-01-08T10:45:22.855+0000] {processor.py:186} INFO - Started process (PID=1561) to work on /home/airflow/.local/lib/python3.12/site-packages/airflow/example_dags/tutorial.py
[2025-01-08T10:45:22.856+0000] {processor.py:914} INFO - Processing file /home/airflow/.local/lib/python3.12/site-packages/airflow/example_dags/tutorial.py for tasks to queue
[2025-01-08T10:45:22.858+0000] {logging_mixin.py:190} INFO - [2025-01-08T10:45:22.858+0000] {dagbag.py:588} INFO - Filling up the DagBag from /home/airflow/.local/lib/python3.12/site-packages/airflow/example_dags/tutorial.py
[2025-01-08T10:45:22.866+0000] {processor.py:925} INFO - DAG(s) 'tutorial' retrieved from /home/airflow/.local/lib/python3.12/site-packages/airflow/example_dags/tutorial.py
[2025-01-08T10:45:22.886+0000] {logging_mixin.py:190} INFO - [2025-01-08T10:45:22.885+0000] {dag.py:3239} INFO - Sync 1 DAGs
[2025-01-08T10:45:22.908+0000] {logging_mixin.py:190} INFO - [2025-01-08T10:45:22.908+0000] {dag.py:4180} INFO - Setting next_dagrun for tutorial to 2025-01-07 00:00:00+00:00, run_after=2025-01-08 00:00:00+00:00
[2025-01-08T10:45:22.930+0000] {processor.py:208} INFO - Processing /home/airflow/.local/lib/python3.12/site-packages/airflow/example_dags/tutorial.py took 0.082 seconds
[2025-01-08T10:45:53.567+0000] {processor.py:186} INFO - Started process (PID=1862) to work on /home/airflow/.local/lib/python3.12/site-packages/airflow/example_dags/tutorial.py
[2025-01-08T10:45:53.568+0000] {processor.py:914} INFO - Processing file /home/airflow/.local/lib/python3.12/site-packages/airflow/example_dags/tutorial.py for tasks to queue
[2025-01-08T10:45:53.570+0000] {logging_mixin.py:190} INFO - [2025-01-08T10:45:53.570+0000] {dagbag.py:588} INFO - Filling up the DagBag from /home/airflow/.local/lib/python3.12/site-packages/airflow/example_dags/tutorial.py
[2025-01-08T10:45:53.577+0000] {processor.py:925} INFO - DAG(s) 'tutorial' retrieved from /home/airflow/.local/lib/python3.12/site-packages/airflow/example_dags/tutorial.py
[2025-01-08T10:45:53.593+0000] {logging_mixin.py:190} INFO - [2025-01-08T10:45:53.593+0000] {dag.py:3239} INFO - Sync 1 DAGs
[2025-01-08T10:45:53.615+0000] {logging_mixin.py:190} INFO - [2025-01-08T10:45:53.615+0000] {dag.py:4180} INFO - Setting next_dagrun for tutorial to 2025-01-07 00:00:00+00:00, run_after=2025-01-08 00:00:00+00:00
[2025-01-08T10:45:53.634+0000] {processor.py:208} INFO - Processing /home/airflow/.local/lib/python3.12/site-packages/airflow/example_dags/tutorial.py took 0.072 seconds
[2025-01-08T10:46:23.923+0000] {processor.py:186} INFO - Started process (PID=2163) to work on /home/airflow/.local/lib/python3.12/site-packages/airflow/example_dags/tutorial.py
[2025-01-08T10:46:23.924+0000] {processor.py:914} INFO - Processing file /home/airflow/.local/lib/python3.12/site-packages/airflow/example_dags/tutorial.py for tasks to queue
[2025-01-08T10:46:23.926+0000] {logging_mixin.py:190} INFO - [2025-01-08T10:46:23.926+0000] {dagbag.py:588} INFO - Filling up the DagBag from /home/airflow/.local/lib/python3.12/site-packages/airflow/example_dags/tutorial.py
[2025-01-08T10:46:23.934+0000] {processor.py:925} INFO - DAG(s) 'tutorial' retrieved from /home/airflow/.local/lib/python3.12/site-packages/airflow/example_dags/tutorial.py
[2025-01-08T10:46:23.954+0000] {logging_mixin.py:190} INFO - [2025-01-08T10:46:23.954+0000] {dag.py:3239} INFO - Sync 1 DAGs
[2025-01-08T10:46:23.978+0000] {logging_mixin.py:190} INFO - [2025-01-08T10:46:23.977+0000] {dag.py:4180} INFO - Setting next_dagrun for tutorial to 2025-01-07 00:00:00+00:00, run_after=2025-01-08 00:00:00+00:00
[2025-01-08T10:46:23.998+0000] {processor.py:208} INFO - Processing /home/airflow/.local/lib/python3.12/site-packages/airflow/example_dags/tutorial.py took 0.080 seconds
[2025-01-08T10:46:54.178+0000] {processor.py:186} INFO - Started process (PID=2459) to work on /home/airflow/.local/lib/python3.12/site-packages/airflow/example_dags/tutorial.py
[2025-01-08T10:46:54.179+0000] {processor.py:914} INFO - Processing file /home/airflow/.local/lib/python3.12/site-packages/airflow/example_dags/tutorial.py for tasks to queue
[2025-01-08T10:46:54.181+0000] {logging_mixin.py:190} INFO - [2025-01-08T10:46:54.181+0000] {dagbag.py:588} INFO - Filling up the DagBag from /home/airflow/.local/lib/python3.12/site-packages/airflow/example_dags/tutorial.py
[2025-01-08T10:46:54.189+0000] {processor.py:925} INFO - DAG(s) 'tutorial' retrieved from /home/airflow/.local/lib/python3.12/site-packages/airflow/example_dags/tutorial.py
[2025-01-08T10:46:54.207+0000] {logging_mixin.py:190} INFO - [2025-01-08T10:46:54.207+0000] {dag.py:3239} INFO - Sync 1 DAGs
[2025-01-08T10:46:54.230+0000] {logging_mixin.py:190} INFO - [2025-01-08T10:46:54.229+0000] {dag.py:4180} INFO - Setting next_dagrun for tutorial to 2025-01-07 00:00:00+00:00, run_after=2025-01-08 00:00:00+00:00
[2025-01-08T10:46:54.248+0000] {processor.py:208} INFO - Processing /home/airflow/.local/lib/python3.12/site-packages/airflow/example_dags/tutorial.py took 0.075 seconds
[2025-01-08T10:47:24.497+0000] {processor.py:186} INFO - Started process (PID=2760) to work on /home/airflow/.local/lib/python3.12/site-packages/airflow/example_dags/tutorial.py
[2025-01-08T10:47:24.498+0000] {processor.py:914} INFO - Processing file /home/airflow/.local/lib/python3.12/site-packages/airflow/example_dags/tutorial.py for tasks to queue
[2025-01-08T10:47:24.500+0000] {logging_mixin.py:190} INFO - [2025-01-08T10:47:24.499+0000] {dagbag.py:588} INFO - Filling up the DagBag from /home/airflow/.local/lib/python3.12/site-packages/airflow/example_dags/tutorial.py
[2025-01-08T10:47:24.506+0000] {processor.py:925} INFO - DAG(s) 'tutorial' retrieved from /home/airflow/.local/lib/python3.12/site-packages/airflow/example_dags/tutorial.py
[2025-01-08T10:47:24.523+0000] {logging_mixin.py:190} INFO - [2025-01-08T10:47:24.523+0000] {dag.py:3239} INFO - Sync 1 DAGs
[2025-01-08T10:47:24.545+0000] {logging_mixin.py:190} INFO - [2025-01-08T10:47:24.545+0000] {dag.py:4180} INFO - Setting next_dagrun for tutorial to 2025-01-07 00:00:00+00:00, run_after=2025-01-08 00:00:00+00:00
[2025-01-08T10:47:24.563+0000] {processor.py:208} INFO - Processing /home/airflow/.local/lib/python3.12/site-packages/airflow/example_dags/tutorial.py took 0.071 seconds
[2025-01-08T10:47:55.122+0000] {processor.py:186} INFO - Started process (PID=3058) to work on /home/airflow/.local/lib/python3.12/site-packages/airflow/example_dags/tutorial.py
[2025-01-08T10:47:55.124+0000] {processor.py:914} INFO - Processing file /home/airflow/.local/lib/python3.12/site-packages/airflow/example_dags/tutorial.py for tasks to queue
[2025-01-08T10:47:55.126+0000] {logging_mixin.py:190} INFO - [2025-01-08T10:47:55.126+0000] {dagbag.py:588} INFO - Filling up the DagBag from /home/airflow/.local/lib/python3.12/site-packages/airflow/example_dags/tutorial.py
[2025-01-08T10:47:55.137+0000] {processor.py:925} INFO - DAG(s) 'tutorial' retrieved from /home/airflow/.local/lib/python3.12/site-packages/airflow/example_dags/tutorial.py
[2025-01-08T10:47:55.159+0000] {logging_mixin.py:190} INFO - [2025-01-08T10:47:55.159+0000] {dag.py:3239} INFO - Sync 1 DAGs
[2025-01-08T10:47:55.185+0000] {logging_mixin.py:190} INFO - [2025-01-08T10:47:55.185+0000] {dag.py:4180} INFO - Setting next_dagrun for tutorial to 2025-01-07 00:00:00+00:00, run_after=2025-01-08 00:00:00+00:00
[2025-01-08T10:47:55.209+0000] {processor.py:208} INFO - Processing /home/airflow/.local/lib/python3.12/site-packages/airflow/example_dags/tutorial.py took 0.094 seconds
